[2021/12/26 13:31:26.723] - Starting server with initial configuration: {"gasLimit":6721975,"gasPrice":20000000000,"hardfork":"muirGlacier","hostname":"127.0.0.1","port":8545,"network_id":5777,"default_balance_ether":100,"total_accounts":10,"unlocked_accounts":[],"locked":false,"vmErrorsOnRPCResponse":true,"verbose":false,"db_path":"C:\\Users\\wassi\\AppData\\Roaming\\Ganache\\workspaces\\agrochainbackup\\chaindata","logDirectory":"C:\\Users\\wassi\\Documents\\Blockchain\\AgroChainbackup\\Logs"}
[2021/12/26 13:31:26.940] - eth_subscribe
[2021/12/26 13:31:26.943] - eth_getLogs
[2021/12/26 13:31:26.946] - eth_subscribe
[2021/12/26 13:31:26.954] - eth_getCode
[2021/12/26 13:31:27.043] - eth_blockNumber
[2021/12/26 13:31:27.133] - eth_getBlockByNumber
[2021/12/26 13:31:27.171] - eth_getCode
[2021/12/26 13:31:27.172] - eth_getCode
[2021/12/26 13:31:27.173] - eth_subscribe
[2021/12/26 13:31:27.177] - eth_getLogs
[2021/12/26 13:31:27.178] - eth_subscribe
[2021/12/26 13:31:27.239] - eth_getCode
[2021/12/26 13:31:27.252] - eth_getCode
[2021/12/26 13:31:27.302] - eth_getCode
[2021/12/26 13:31:27.513] - eth_blockNumber
[2021/12/26 13:31:27.514] - eth_accounts
[2021/12/26 13:31:27.515] - eth_blockNumber
[2021/12/26 13:31:27.516] - eth_gasPrice
[2021/12/26 13:31:27.518] - eth_accounts
[2021/12/26 13:31:27.519] - eth_getBlockByNumber
[2021/12/26 13:31:27.520] - eth_gasPrice
[2021/12/26 13:31:27.521] - eth_subscribe
[2021/12/26 13:31:27.522] - eth_getBlockByNumber
[2021/12/26 13:31:27.523] - eth_subscribe
[2021/12/26 13:31:27.672] - eth_getBalance
[2021/12/26 13:31:27.687] - eth_getTransactionCount
[2021/12/26 13:31:27.702] - eth_getBalance
[2021/12/26 13:31:27.715] - eth_getTransactionCount
[2021/12/26 13:31:27.737] - eth_getBalance
[2021/12/26 13:31:27.754] - eth_getTransactionCount
[2021/12/26 13:31:27.764] - eth_getBalance
[2021/12/26 13:31:27.777] - eth_getTransactionCount
[2021/12/26 13:31:27.789] - eth_getBalance
[2021/12/26 13:31:27.796] - eth_getTransactionCount
[2021/12/26 13:31:27.807] - eth_getBalance
[2021/12/26 13:31:27.830] - eth_getTransactionCount
[2021/12/26 13:31:27.841] - eth_getBalance
[2021/12/26 13:31:27.853] - eth_getTransactionCount
[2021/12/26 13:31:27.860] - eth_getBalance
[2021/12/26 13:31:27.868] - eth_getTransactionCount
[2021/12/26 13:31:27.877] - eth_getBalance
[2021/12/26 13:31:27.887] - eth_getTransactionCount
[2021/12/26 13:31:27.893] - eth_getBalance
[2021/12/26 13:31:27.901] - eth_getTransactionCount
[2021/12/26 13:31:27.909] - eth_getBalance
[2021/12/26 13:31:27.921] - eth_getTransactionCount
[2021/12/26 13:31:27.927] - eth_getBalance
[2021/12/26 13:31:27.938] - eth_getTransactionCount
[2021/12/26 13:31:27.944] - eth_getBalance
[2021/12/26 13:31:27.953] - eth_getTransactionCount
[2021/12/26 13:31:27.961] - eth_getBalance
[2021/12/26 13:31:27.967] - eth_getTransactionCount
[2021/12/26 13:31:27.974] - eth_getBalance
[2021/12/26 13:31:27.985] - eth_getTransactionCount
[2021/12/26 13:31:27.993] - eth_getBalance
[2021/12/26 13:31:28.004] - eth_getTransactionCount
[2021/12/26 13:31:28.013] - eth_getBalance
[2021/12/26 13:31:28.024] - eth_getTransactionCount
[2021/12/26 13:31:28.040] - eth_getBalance
[2021/12/26 13:31:28.051] - eth_getTransactionCount
[2021/12/26 13:31:28.061] - eth_getBalance
[2021/12/26 13:31:28.067] - eth_getTransactionCount
[2021/12/26 13:31:28.073] - eth_getBalance
[2021/12/26 13:31:28.079] - eth_getTransactionCount
[2021/12/26 13:31:28.086] - eth_getBalance
[2021/12/26 13:31:28.092] - eth_getTransactionCount
[2021/12/26 13:31:28.100] - eth_getBalance
[2021/12/26 13:31:28.107] - eth_getTransactionCount
[2021/12/26 13:31:28.113] - eth_getBalance
[2021/12/26 13:31:28.121] - eth_getTransactionCount
[2021/12/26 13:31:28.127] - eth_getBalance
[2021/12/26 13:31:28.134] - eth_getTransactionCount
[2021/12/26 13:31:28.140] - eth_getBalance
[2021/12/26 13:31:28.147] - eth_getTransactionCount
[2021/12/26 13:31:28.154] - eth_getBalance
[2021/12/26 13:31:28.160] - eth_getTransactionCount
[2021/12/26 13:31:28.170] - eth_getBalance
[2021/12/26 13:31:28.176] - eth_getTransactionCount
[2021/12/26 13:31:28.188] - eth_getBalance
[2021/12/26 13:31:28.210] - eth_getTransactionCount
[2021/12/26 13:31:28.211] - eth_getBalance
[2021/12/26 13:31:28.211] - eth_getTransactionCount
[2021/12/26 13:31:28.219] - eth_getBalance
[2021/12/26 13:31:28.236] - eth_getTransactionCount
[2021/12/26 13:31:28.305] - eth_getBalance
[2021/12/26 13:31:28.323] - eth_getTransactionCount
[2021/12/26 13:31:28.323] - eth_getBalance
[2021/12/26 13:31:28.327] - eth_getTransactionCount
[2021/12/26 13:31:28.337] - eth_getBalance
[2021/12/26 13:31:28.348] - eth_getTransactionCount
[2021/12/26 13:31:28.356] - eth_getBalance
[2021/12/26 13:31:28.364] - eth_getTransactionCount
[2021/12/26 13:31:28.371] - eth_getBalance
[2021/12/26 13:31:28.377] - eth_getTransactionCount
[2021/12/26 13:31:28.384] - eth_getBalance
[2021/12/26 13:31:28.391] - eth_getTransactionCount
[2021/12/26 13:31:28.399] - eth_getBalance
[2021/12/26 13:31:28.404] - eth_getTransactionCount
[2021/12/26 13:31:28.413] - eth_getBalance
[2021/12/26 13:31:28.419] - eth_getTransactionCount
[2021/12/26 13:31:28.429] - eth_getBalance
[2021/12/26 13:31:28.438] - eth_getTransactionCount
[2021/12/26 13:31:28.445] - eth_getBalance
[2021/12/26 13:31:28.453] - eth_getTransactionCount
[2021/12/26 13:32:22.109] - eth_blockNumber
[2021/12/26 13:32:55.072] - eth_blockNumber
[2021/12/26 13:32:56.617] - eth_blockNumber
[2021/12/26 13:32:56.622] - net_version
[2021/12/26 13:32:56.630] - eth_getBlockByNumber
[2021/12/26 13:33:02.378] - eth_blockNumber
[2021/12/26 13:33:13.380] - eth_blockNumber
[2021/12/26 13:33:13.391] - eth_getBalance
[2021/12/26 13:33:13.392] - eth_getBalance
[2021/12/26 13:33:13.397] - eth_getBalance
[2021/12/26 13:33:13.398] - eth_getBalance
[2021/12/26 13:33:13.400] - eth_getBalance
[2021/12/26 13:33:13.404] - eth_getBalance
[2021/12/26 13:33:13.405] - eth_getBalance
[2021/12/26 13:33:13.407] - eth_getBalance
[2021/12/26 13:33:13.441] - eth_getBalance
[2021/12/26 13:33:13.442] - eth_getBalance
[2021/12/26 13:33:13.449] - eth_getBalance
[2021/12/26 13:33:13.456] - eth_getBalance
[2021/12/26 13:33:13.475] - eth_getBalance
[2021/12/26 13:33:13.477] - eth_getBalance
[2021/12/26 13:33:13.485] - eth_getBalance
[2021/12/26 13:33:13.486] - eth_getBalance
[2021/12/26 13:33:13.494] - eth_getBalance
[2021/12/26 13:33:13.517] - eth_getBalance
[2021/12/26 13:33:16.658] - eth_blockNumber
[2021/12/26 13:33:22.437] - eth_blockNumber
[2021/12/26 13:44:48.902] - eth_blockNumber
[2021/12/26 13:44:53.857] - eth_blockNumber
[2021/12/26 13:45:08.954] - eth_blockNumber
[2021/12/26 13:45:13.901] - eth_blockNumber
[2021/12/26 13:45:50.931] - eth_blockNumber
[2021/12/26 13:45:50.948] - eth_getCode
[2021/12/26 13:45:50.974] - eth_gasPrice
[2021/12/26 13:45:52.574] - eth_blockNumber
[2021/12/26 13:45:53.142] - eth_call
[2021/12/26 13:45:53.270] - eth_getTransactionCount
[2021/12/26 13:45:55.938] - eth_sendRawTransaction
[2021/12/26 13:45:57.041] - 
[2021/12/26 13:45:57.042] -   Transaction: 0x33391a105581ae2707344956cee18527fc56a00fe9045e2da4525204ba076b06
[2021/12/26 13:45:57.043] -   Gas usage: 318372
[2021/12/26 13:45:57.044] -   Block Number: 164
[2021/12/26 13:45:57.047] -   Block Time: Sun Dec 26 2021 13:45:55 GMT+0100 (Central European Standard Time)
[2021/12/26 13:45:57.048] - 
[2021/12/26 13:45:57.050] - eth_getBlockByNumber
[2021/12/26 13:45:57.051] - eth_blockNumber
[2021/12/26 13:45:57.070] - eth_getTransactionReceipt
[2021/12/26 13:45:57.090] - eth_getBlockByHash
[2021/12/26 13:45:57.107] - eth_getBalance
[2021/12/26 13:45:57.154] - eth_getTransactionCount
[2021/12/26 13:45:57.207] - eth_getBalance
[2021/12/26 13:45:57.220] - eth_getTransactionCount
[2021/12/26 13:45:57.235] - eth_getBalance
[2021/12/26 13:45:57.250] - eth_getTransactionCount
[2021/12/26 13:45:57.264] - eth_getBalance
[2021/12/26 13:45:57.282] - eth_getTransactionCount
[2021/12/26 13:45:57.307] - eth_getBalance
[2021/12/26 13:45:57.318] - eth_getTransactionCount
[2021/12/26 13:45:57.336] - eth_getBalance
[2021/12/26 13:45:57.347] - eth_getTransactionCount
[2021/12/26 13:45:57.359] - eth_getBalance
[2021/12/26 13:45:57.370] - eth_getTransactionCount
[2021/12/26 13:45:57.384] - eth_getBalance
[2021/12/26 13:45:57.403] - eth_getTransactionCount
[2021/12/26 13:45:57.445] - eth_getBalance
[2021/12/26 13:45:57.482] - eth_getTransactionCount
[2021/12/26 13:45:57.507] - eth_getBalance
[2021/12/26 13:45:57.534] - eth_getTransactionCount
[2021/12/26 13:46:16.716] - eth_blockNumber
[2021/12/26 13:46:16.748] - eth_getBalance
[2021/12/26 13:46:16.752] - eth_getBalance
[2021/12/26 13:46:16.753] - eth_getBalance
[2021/12/26 13:46:16.757] - eth_getBalance
[2021/12/26 13:46:16.759] - eth_getBalance
[2021/12/26 13:46:16.760] - eth_getBalance
[2021/12/26 13:46:16.761] - eth_getBalance
[2021/12/26 13:46:16.762] - eth_getBalance
[2021/12/26 13:46:16.793] - eth_getBalance
[2021/12/26 13:46:16.795] - eth_getBalance
[2021/12/26 13:46:16.797] - eth_getBalance
[2021/12/26 13:46:16.799] - eth_getBalance
[2021/12/26 13:46:16.807] - eth_getBalance
[2021/12/26 13:46:16.808] - eth_getBalance
[2021/12/26 13:46:16.820] - eth_getBalance
[2021/12/26 13:46:16.821] - eth_getBalance
[2021/12/26 13:46:16.828] - eth_getBalance
[2021/12/26 13:46:16.837] - eth_getBalance
[2021/12/26 13:46:17.109] - eth_blockNumber
[2021/12/26 13:46:27.122] - eth_call
[2021/12/26 13:46:50.206] - eth_blockNumber
[2021/12/26 13:46:50.223] - eth_getCode
[2021/12/26 13:46:50.251] - eth_gasPrice
[2021/12/26 13:46:51.825] - eth_blockNumber
[2021/12/26 13:46:52.313] - eth_call
[2021/12/26 13:46:52.490] - eth_getTransactionCount
[2021/12/26 13:46:56.091] - eth_sendRawTransaction
[2021/12/26 13:46:57.055] - 
[2021/12/26 13:46:57.055] -   Transaction: 0x1e54c196477176a08ce67046e55edf2e5825b28e9b4b2a62104d059dadbc5fd1
[2021/12/26 13:46:57.056] -   Gas usage: 240673
[2021/12/26 13:46:57.057] -   Block Number: 165
[2021/12/26 13:46:57.058] -   Block Time: Sun Dec 26 2021 13:46:56 GMT+0100 (Central European Standard Time)
[2021/12/26 13:46:57.059] - 
[2021/12/26 13:46:57.061] - eth_getBlockByNumber
[2021/12/26 13:46:57.063] - eth_blockNumber
[2021/12/26 13:46:57.079] - eth_getTransactionReceipt
[2021/12/26 13:46:57.092] - eth_getBlockByHash
[2021/12/26 13:46:57.163] - eth_getBalance
[2021/12/26 13:46:57.198] - eth_getTransactionCount
[2021/12/26 13:46:57.236] - eth_getBalance
[2021/12/26 13:46:57.260] - eth_getTransactionCount
[2021/12/26 13:46:57.276] - eth_getBalance
[2021/12/26 13:46:57.286] - eth_getTransactionCount
[2021/12/26 13:46:57.296] - eth_getBalance
[2021/12/26 13:46:57.309] - eth_getTransactionCount
[2021/12/26 13:46:57.319] - eth_getBalance
[2021/12/26 13:46:57.331] - eth_getTransactionCount
[2021/12/26 13:46:57.346] - eth_getBalance
[2021/12/26 13:46:57.364] - eth_getTransactionCount
[2021/12/26 13:46:57.374] - eth_getBalance
[2021/12/26 13:46:57.395] - eth_getTransactionCount
[2021/12/26 13:46:57.406] - eth_getBalance
[2021/12/26 13:46:57.417] - eth_getTransactionCount
[2021/12/26 13:46:57.427] - eth_getBalance
[2021/12/26 13:46:57.442] - eth_getTransactionCount
[2021/12/26 13:46:57.452] - eth_getBalance
[2021/12/26 13:46:57.462] - eth_getTransactionCount
[2021/12/26 13:47:40.962] - eth_blockNumber
[2021/12/26 13:47:41.018] - eth_getBalance
[2021/12/26 13:47:41.023] - eth_getBalance
[2021/12/26 13:47:41.025] - eth_getBalance
[2021/12/26 13:47:41.026] - eth_getBalance
[2021/12/26 13:47:41.027] - eth_getBalance
[2021/12/26 13:47:41.029] - eth_getBalance
[2021/12/26 13:47:41.031] - eth_getBalance
[2021/12/26 13:47:41.039] - eth_getBalance
[2021/12/26 13:47:41.046] - eth_getBalance
[2021/12/26 13:47:41.055] - eth_getBalance
[2021/12/26 13:47:41.056] - eth_getBalance
[2021/12/26 13:47:41.063] - eth_getBalance
[2021/12/26 13:47:41.069] - eth_getBalance
[2021/12/26 13:47:41.071] - eth_getBalance
[2021/12/26 13:47:41.078] - eth_getBalance
[2021/12/26 13:47:41.080] - eth_getBalance
[2021/12/26 13:47:41.087] - eth_getBalance
[2021/12/26 13:47:41.093] - eth_getBalance
[2021/12/26 13:47:41.095] - eth_getBlockByNumber
[2021/12/26 13:48:46.713] - eth_blockNumber
[2021/12/26 13:49:26.195] - eth_blockNumber
[2021/12/26 13:49:26.209] - eth_getCode
[2021/12/26 13:49:26.230] - eth_gasPrice
[2021/12/26 13:49:27.838] - eth_blockNumber
[2021/12/26 13:49:28.390] - eth_call
[2021/12/26 13:49:28.516] - eth_getTransactionCount
[2021/12/26 13:49:34.669] - eth_sendRawTransaction
[2021/12/26 13:49:35.522] - 
[2021/12/26 13:49:35.525] -   Transaction: 0x6f2f8d4b84dc836450771bc10a7760e798238016249f107d6e1cec6eca652bea
[2021/12/26 13:49:35.526] -   Gas usage: 197369
[2021/12/26 13:49:35.527] -   Block Number: 166
[2021/12/26 13:49:35.528] -   Block Time: Sun Dec 26 2021 13:49:34 GMT+0100 (Central European Standard Time)
[2021/12/26 13:49:35.528] - 
[2021/12/26 13:49:35.531] - eth_getBlockByNumber
[2021/12/26 13:49:35.538] - eth_blockNumber
[2021/12/26 13:49:35.554] - eth_getTransactionReceipt
[2021/12/26 13:49:35.575] - eth_getBlockByHash
[2021/12/26 13:49:35.597] - eth_getBalance
[2021/12/26 13:49:35.632] - eth_getTransactionCount
[2021/12/26 13:49:35.646] - eth_getBalance
[2021/12/26 13:49:35.656] - eth_getTransactionCount
[2021/12/26 13:49:35.670] - eth_getBalance
[2021/12/26 13:49:35.681] - eth_getTransactionCount
[2021/12/26 13:49:35.698] - eth_getBalance
[2021/12/26 13:49:35.721] - eth_getTransactionCount
[2021/12/26 13:49:35.745] - eth_getBalance
[2021/12/26 13:49:35.768] - eth_getTransactionCount
[2021/12/26 13:49:35.778] - eth_getBalance
[2021/12/26 13:49:35.790] - eth_getTransactionCount
[2021/12/26 13:49:35.806] - eth_getBalance
[2021/12/26 13:49:35.820] - eth_getTransactionCount
[2021/12/26 13:49:35.832] - eth_getBalance
[2021/12/26 13:49:35.847] - eth_getTransactionCount
[2021/12/26 13:49:35.854] - eth_getBalance
[2021/12/26 13:49:35.867] - eth_getTransactionCount
[2021/12/26 13:49:35.881] - eth_getBalance
[2021/12/26 13:49:35.898] - eth_getTransactionCount
[2021/12/26 13:49:53.152] - eth_blockNumber
[2021/12/26 13:49:53.184] - eth_getBalance
[2021/12/26 13:49:53.188] - eth_getBalance
[2021/12/26 13:49:53.192] - eth_getBalance
[2021/12/26 13:49:53.194] - eth_getBalance
[2021/12/26 13:49:53.195] - eth_getBalance
[2021/12/26 13:49:53.196] - eth_getBalance
[2021/12/26 13:49:53.197] - eth_getBalance
[2021/12/26 13:49:53.198] - eth_getBalance
[2021/12/26 13:49:53.226] - eth_getBalance
[2021/12/26 13:49:53.228] - eth_getBalance
[2021/12/26 13:49:53.230] - eth_getBalance
[2021/12/26 13:49:53.236] - eth_getBalance
[2021/12/26 13:49:53.244] - eth_getBalance
[2021/12/26 13:49:53.246] - eth_getBalance
[2021/12/26 13:49:53.256] - eth_getBalance
[2021/12/26 13:49:53.258] - eth_getBalance
[2021/12/26 13:49:53.267] - eth_getBalance
[2021/12/26 13:49:53.272] - eth_getBalance
[2021/12/26 13:49:55.555] - eth_blockNumber
[2021/12/26 13:50:08.634] - eth_call
[2021/12/26 13:50:26.033] - eth_blockNumber
[2021/12/26 13:50:26.040] - eth_getCode
[2021/12/26 13:50:26.061] - eth_gasPrice
[2021/12/26 13:50:27.760] - eth_blockNumber
[2021/12/26 13:50:28.279] - eth_call
[2021/12/26 13:50:28.397] - eth_getTransactionCount
[2021/12/26 13:50:29.785] - eth_sendRawTransaction
[2021/12/26 13:50:30.499] - 
[2021/12/26 13:50:30.500] -   Transaction: 0x72ac7d1288f403449747c73c0ac82b1c02137e4333fedf2eb57128a08684530a
[2021/12/26 13:50:30.500] -   Gas usage: 146387
[2021/12/26 13:50:30.501] -   Block Number: 167
[2021/12/26 13:50:30.502] -   Block Time: Sun Dec 26 2021 13:50:29 GMT+0100 (Central European Standard Time)
[2021/12/26 13:50:30.502] - 
[2021/12/26 13:50:30.504] - eth_getBlockByNumber
[2021/12/26 13:50:30.505] - eth_blockNumber
[2021/12/26 13:50:30.529] - eth_getTransactionReceipt
[2021/12/26 13:50:30.541] - eth_getBalance
[2021/12/26 13:50:30.549] - eth_getBlockByHash
[2021/12/26 13:50:30.584] - eth_getTransactionCount
[2021/12/26 13:50:30.604] - eth_getBalance
[2021/12/26 13:50:30.621] - eth_getTransactionCount
[2021/12/26 13:50:30.638] - eth_getBalance
[2021/12/26 13:50:30.650] - eth_getTransactionCount
[2021/12/26 13:50:30.659] - eth_getBalance
[2021/12/26 13:50:30.669] - eth_getTransactionCount
[2021/12/26 13:50:30.678] - eth_getBalance
[2021/12/26 13:50:30.686] - eth_getTransactionCount
[2021/12/26 13:50:30.699] - eth_getBalance
[2021/12/26 13:50:30.710] - eth_getTransactionCount
[2021/12/26 13:50:30.718] - eth_getBalance
[2021/12/26 13:50:30.728] - eth_getTransactionCount
[2021/12/26 13:50:30.739] - eth_getBalance
[2021/12/26 13:50:30.759] - eth_getTransactionCount
[2021/12/26 13:50:30.761] - eth_getBalance
[2021/12/26 13:50:30.773] - eth_getTransactionCount
[2021/12/26 13:50:30.783] - eth_getBalance
[2021/12/26 13:50:30.812] - eth_getTransactionCount
[2021/12/26 13:58:18.569] - eth_blockNumber
[2021/12/26 13:58:18.633] - eth_getBalance
[2021/12/26 13:58:18.642] - eth_getBalance
[2021/12/26 13:58:18.644] - eth_getBalance
[2021/12/26 13:58:18.646] - eth_getBalance
[2021/12/26 13:58:18.651] - eth_getBalance
[2021/12/26 13:58:18.652] - eth_getBalance
[2021/12/26 13:58:18.653] - eth_getBalance
[2021/12/26 13:58:18.655] - eth_getBalance
[2021/12/26 13:58:18.662] - eth_getBalance
[2021/12/26 13:58:18.664] - eth_getBalance
[2021/12/26 13:58:18.668] - eth_getBalance
[2021/12/26 13:58:18.679] - eth_getBalance
[2021/12/26 13:58:18.681] - eth_getBalance
[2021/12/26 13:58:18.687] - eth_getBalance
[2021/12/26 13:58:18.688] - eth_getBalance
[2021/12/26 13:58:18.697] - eth_getBalance
[2021/12/26 13:58:18.699] - eth_getBalance
[2021/12/26 13:58:18.706] - eth_getBalance
[2021/12/26 13:58:18.708] - eth_getBlockByNumber
[2021/12/26 14:00:13.593] - eth_blockNumber
[2021/12/26 14:00:55.518] - eth_blockNumber
[2021/12/26 14:00:55.523] - eth_getCode
[2021/12/26 14:00:55.547] - eth_gasPrice
[2021/12/26 14:00:57.146] - eth_blockNumber
[2021/12/26 14:00:57.644] - eth_call
[2021/12/26 14:00:57.753] - eth_getTransactionCount
[2021/12/26 14:01:02.008] - eth_sendRawTransaction
[2021/12/26 14:01:02.837] - 
[2021/12/26 14:01:02.838] -   Transaction: 0xa106a829bca3eb48ec6fbc9aa48d8b3f98aa4265d6a4f4ea01bf53e5a58de555
[2021/12/26 14:01:02.838] -   Gas usage: 197369
[2021/12/26 14:01:02.839] -   Block Number: 168
[2021/12/26 14:01:02.840] -   Block Time: Sun Dec 26 2021 14:01:02 GMT+0100 (Central European Standard Time)
[2021/12/26 14:01:02.840] - 
[2021/12/26 14:01:02.842] - eth_getBlockByNumber
[2021/12/26 14:01:02.843] - eth_blockNumber
[2021/12/26 14:01:02.858] - eth_getTransactionReceipt
[2021/12/26 14:01:02.872] - eth_getBlockByHash
[2021/12/26 14:01:02.887] - eth_getBalance
[2021/12/26 14:01:02.908] - eth_getTransactionCount
[2021/12/26 14:01:02.928] - eth_getBalance
[2021/12/26 14:01:02.953] - eth_getTransactionCount
[2021/12/26 14:01:02.964] - eth_getBalance
[2021/12/26 14:01:02.976] - eth_getTransactionCount
[2021/12/26 14:01:02.987] - eth_getBalance
[2021/12/26 14:01:02.994] - eth_getTransactionCount
[2021/12/26 14:01:03.002] - eth_getBalance
[2021/12/26 14:01:03.011] - eth_getTransactionCount
[2021/12/26 14:01:03.024] - eth_getBalance
[2021/12/26 14:01:03.033] - eth_getTransactionCount
[2021/12/26 14:01:03.062] - eth_getBalance
[2021/12/26 14:01:03.084] - eth_getTransactionCount
[2021/12/26 14:01:03.096] - eth_getBalance
[2021/12/26 14:01:03.144] - eth_getTransactionCount
[2021/12/26 14:01:03.158] - eth_getBalance
[2021/12/26 14:01:03.183] - eth_getTransactionCount
[2021/12/26 14:01:03.192] - eth_getBalance
[2021/12/26 14:01:03.198] - eth_getTransactionCount
[2021/12/26 14:01:24.788] - eth_blockNumber
[2021/12/26 14:01:24.852] - eth_getBalance
[2021/12/26 14:01:24.860] - eth_getBalance
[2021/12/26 14:01:24.862] - eth_getBalance
[2021/12/26 14:01:24.866] - eth_getBalance
[2021/12/26 14:01:24.868] - eth_getBalance
[2021/12/26 14:01:24.869] - eth_getBalance
[2021/12/26 14:01:24.870] - eth_getBalance
[2021/12/26 14:01:24.872] - eth_getBalance
[2021/12/26 14:01:24.880] - eth_getBalance
[2021/12/26 14:01:24.881] - eth_getBalance
[2021/12/26 14:01:24.889] - eth_getBalance
[2021/12/26 14:01:24.897] - eth_getBalance
[2021/12/26 14:01:24.900] - eth_getBalance
[2021/12/26 14:01:24.907] - eth_getBalance
[2021/12/26 14:01:24.909] - eth_getBalance
[2021/12/26 14:01:24.917] - eth_getBalance
[2021/12/26 14:01:24.918] - eth_getBalance
[2021/12/26 14:01:24.927] - eth_getBalance
[2021/12/26 14:01:24.929] - eth_getBlockByNumber
[2021/12/26 14:01:38.539] - eth_call
[2021/12/26 14:01:57.257] - eth_blockNumber
[2021/12/26 14:01:57.280] - eth_getCode
[2021/12/26 14:01:57.307] - eth_gasPrice
[2021/12/26 14:01:58.947] - eth_blockNumber
[2021/12/26 14:01:59.465] - eth_call
[2021/12/26 14:01:59.578] - eth_getTransactionCount
[2021/12/26 14:02:01.272] - eth_sendRawTransaction
[2021/12/26 14:02:02.159] - 
[2021/12/26 14:02:02.159] -   Transaction: 0x4166f249fc240179d20a1766f80bf9b4a58aa83481bd6d20718a8f36636b4b6f
[2021/12/26 14:02:02.161] -   Gas usage: 146387
[2021/12/26 14:02:02.161] -   Block Number: 169
[2021/12/26 14:02:02.162] -   Block Time: Sun Dec 26 2021 14:02:01 GMT+0100 (Central European Standard Time)
[2021/12/26 14:02:02.163] - 
[2021/12/26 14:02:02.164] - eth_getBlockByNumber
[2021/12/26 14:02:02.165] - eth_blockNumber
[2021/12/26 14:02:02.210] - eth_getTransactionReceipt
[2021/12/26 14:02:02.233] - eth_getBalance
[2021/12/26 14:02:02.246] - eth_getTransactionReceipt
[2021/12/26 14:02:02.252] - eth_getTransactionCount
[2021/12/26 14:02:02.259] - eth_getBlockByHash
[2021/12/26 14:02:02.280] - eth_getBalance
[2021/12/26 14:02:02.289] - eth_getTransactionCount
[2021/12/26 14:02:02.299] - eth_getBalance
[2021/12/26 14:02:02.309] - eth_getTransactionCount
[2021/12/26 14:02:02.320] - eth_getBalance
[2021/12/26 14:02:02.329] - eth_getTransactionCount
[2021/12/26 14:02:02.338] - eth_getBalance
[2021/12/26 14:02:02.348] - eth_getTransactionCount
[2021/12/26 14:02:02.359] - eth_getBalance
[2021/12/26 14:02:02.364] - eth_getTransactionCount
[2021/12/26 14:02:02.374] - eth_getBalance
[2021/12/26 14:02:02.383] - eth_getTransactionCount
[2021/12/26 14:02:02.391] - eth_getBalance
[2021/12/26 14:02:02.401] - eth_getTransactionCount
[2021/12/26 14:02:02.411] - eth_getBalance
[2021/12/26 14:02:02.418] - eth_getTransactionCount
[2021/12/26 14:02:02.428] - eth_getBalance
[2021/12/26 14:02:02.436] - eth_getTransactionCount
[2021/12/26 14:02:16.340] - eth_blockNumber
[2021/12/26 14:02:16.368] - eth_getBalance
[2021/12/26 14:02:16.373] - eth_getBalance
[2021/12/26 14:02:16.379] - eth_getBalance
[2021/12/26 14:02:16.380] - eth_getBalance
[2021/12/26 14:02:16.382] - eth_getBalance
[2021/12/26 14:02:16.383] - eth_getBalance
[2021/12/26 14:02:16.385] - eth_getBalance
[2021/12/26 14:02:16.408] - eth_getBalance
[2021/12/26 14:02:16.410] - eth_getBalance
[2021/12/26 14:02:16.414] - eth_getBalance
[2021/12/26 14:02:16.439] - eth_getBalance
[2021/12/26 14:02:16.440] - eth_getBalance
[2021/12/26 14:02:16.450] - eth_getBalance
[2021/12/26 14:02:16.451] - eth_getBalance
[2021/12/26 14:02:16.459] - eth_getBalance
[2021/12/26 14:02:16.460] - eth_getBalance
[2021/12/26 14:02:16.467] - eth_getBalance
[2021/12/26 14:02:16.474] - eth_getBalance
[2021/12/26 14:02:17.283] - eth_blockNumber
[2021/12/26 14:02:19.004] - eth_blockNumber
[2021/12/26 14:02:22.239] - eth_blockNumber
[2021/12/26 14:03:05.284] - eth_blockNumber
[2021/12/26 14:03:05.294] - eth_call
[2021/12/26 14:03:10.130] - eth_call
[2021/12/26 14:03:44.185] - eth_blockNumber
[2021/12/26 14:03:44.244] - eth_getBlockByNumber
[2021/12/26 14:03:56.599] - eth_getCode
[2021/12/26 14:03:56.624] - eth_gasPrice
[2021/12/26 14:03:59.368] - eth_blockNumber
[2021/12/26 14:03:59.974] - eth_getTransactionCount
[2021/12/26 14:04:04.239] - eth_blockNumber
[2021/12/26 14:04:16.598] - eth_sendRawTransaction
[2021/12/26 14:04:16.771] - 
[2021/12/26 14:04:16.774] -   Transaction: 0x33d4e353704a10dc80c3ecdb133b87cbdc826d403c5fdbd147f955cd8cff5593
[2021/12/26 14:04:16.775] -   Gas usage: 21000
[2021/12/26 14:04:16.777] -   Block Number: 170
[2021/12/26 14:04:16.779] -   Block Time: Sun Dec 26 2021 14:04:16 GMT+0100 (Central European Standard Time)
[2021/12/26 14:04:16.780] - 
[2021/12/26 14:04:16.784] - eth_getBlockByNumber
[2021/12/26 14:04:16.802] - eth_getBalance
[2021/12/26 14:04:16.815] - eth_getTransactionCount
[2021/12/26 14:04:16.827] - eth_getBalance
[2021/12/26 14:04:16.839] - eth_getTransactionCount
[2021/12/26 14:04:16.848] - eth_getBalance
[2021/12/26 14:04:16.861] - eth_getTransactionCount
[2021/12/26 14:04:16.875] - eth_getBalance
[2021/12/26 14:04:16.884] - eth_getTransactionCount
[2021/12/26 14:04:16.894] - eth_getBalance
[2021/12/26 14:04:16.903] - eth_getTransactionCount
[2021/12/26 14:04:16.911] - eth_getBalance
[2021/12/26 14:04:16.921] - eth_getTransactionCount
[2021/12/26 14:04:16.939] - eth_getBalance
[2021/12/26 14:04:16.950] - eth_getTransactionCount
[2021/12/26 14:04:16.985] - eth_getBalance
[2021/12/26 14:04:16.986] - eth_getTransactionCount
[2021/12/26 14:04:16.997] - eth_getBalance
[2021/12/26 14:04:17.006] - eth_getTransactionCount
[2021/12/26 14:04:17.014] - eth_getBalance
[2021/12/26 14:04:17.023] - eth_getTransactionCount
[2021/12/26 14:04:19.428] - eth_blockNumber
[2021/12/26 14:04:19.441] - eth_getBlockByNumber
[2021/12/26 14:04:19.447] - eth_getTransactionReceipt
[2021/12/26 14:04:19.455] - eth_getBalance
[2021/12/26 14:04:19.457] - eth_getBalance
[2021/12/26 14:04:19.461] - eth_getBalance
[2021/12/26 14:04:19.462] - eth_getBalance
[2021/12/26 14:04:19.464] - eth_getBalance
[2021/12/26 14:04:19.468] - eth_getBalance
[2021/12/26 14:04:19.469] - eth_getBalance
[2021/12/26 14:04:19.470] - eth_getBalance
[2021/12/26 14:04:19.477] - eth_getBalance
[2021/12/26 14:04:19.479] - eth_getBalance
[2021/12/26 14:04:19.488] - eth_getBalance
[2021/12/26 14:04:19.495] - eth_getBalance
[2021/12/26 14:04:19.496] - eth_getBalance
[2021/12/26 14:04:19.504] - eth_getBalance
[2021/12/26 14:04:19.505] - eth_getBalance
[2021/12/26 14:04:19.515] - eth_getBalance
[2021/12/26 14:04:19.519] - eth_getBalance
[2021/12/26 14:04:19.520] - eth_getBalance
[2021/12/26 14:04:19.527] - eth_getBlockByHash
[2021/12/26 14:04:24.275] - eth_blockNumber
[2021/12/26 14:04:27.986] - eth_gasPrice
[2021/12/26 14:04:28.345] - eth_getTransactionCount
[2021/12/26 14:04:28.574] - eth_sendRawTransaction
[2021/12/26 14:04:28.722] - 
[2021/12/26 14:04:28.723] -   Transaction: 0xb7f26226cdddfba775f0d9792dae570792bc2844d751048b20b989aea27477ee
[2021/12/26 14:04:28.724] -   Gas usage: 21000
[2021/12/26 14:04:28.725] -   Block Number: 171
[2021/12/26 14:04:28.726] -   Block Time: Sun Dec 26 2021 14:04:28 GMT+0100 (Central European Standard Time)
[2021/12/26 14:04:28.727] - 
[2021/12/26 14:04:28.729] - eth_getBlockByNumber
[2021/12/26 14:04:28.746] - eth_getBalance
[2021/12/26 14:04:28.753] - eth_getTransactionCount
[2021/12/26 14:04:28.766] - eth_getBalance
[2021/12/26 14:04:28.781] - eth_getTransactionCount
[2021/12/26 14:04:28.782] - eth_getBalance
[2021/12/26 14:04:28.789] - eth_getTransactionCount
[2021/12/26 14:04:28.796] - eth_getBalance
[2021/12/26 14:04:28.806] - eth_getTransactionCount
[2021/12/26 14:04:28.812] - eth_getBalance
[2021/12/26 14:04:28.820] - eth_getTransactionCount
[2021/12/26 14:04:28.828] - eth_getBalance
[2021/12/26 14:04:28.834] - eth_getTransactionCount
[2021/12/26 14:04:28.843] - eth_getBalance
[2021/12/26 14:04:28.850] - eth_getTransactionCount
[2021/12/26 14:04:28.856] - eth_getBalance
[2021/12/26 14:04:28.869] - eth_getTransactionCount
[2021/12/26 14:04:28.878] - eth_getBalance
[2021/12/26 14:04:28.886] - eth_getTransactionCount
[2021/12/26 14:04:28.892] - eth_getBalance
[2021/12/26 14:04:28.916] - eth_getTransactionCount
[2021/12/26 14:04:39.458] - eth_blockNumber
[2021/12/26 14:04:39.483] - eth_getTransactionReceipt
[2021/12/26 14:04:39.503] - eth_getBlockByHash
[2021/12/26 14:05:33.768] - eth_blockNumber
[2021/12/26 14:05:33.834] - eth_getBalance
[2021/12/26 14:05:33.838] - eth_getBalance
[2021/12/26 14:05:33.840] - eth_getBalance
[2021/12/26 14:05:33.842] - eth_getBalance
[2021/12/26 14:05:33.844] - eth_getBalance
[2021/12/26 14:05:33.847] - eth_getBalance
[2021/12/26 14:05:33.850] - eth_getBalance
[2021/12/26 14:05:33.851] - eth_getBalance
[2021/12/26 14:05:33.858] - eth_getBalance
[2021/12/26 14:05:33.860] - eth_getBalance
[2021/12/26 14:05:33.865] - eth_getBalance
[2021/12/26 14:05:33.866] - eth_getBalance
[2021/12/26 14:05:33.873] - eth_getBalance
[2021/12/26 14:05:33.874] - eth_getBalance
[2021/12/26 14:05:33.881] - eth_getBalance
[2021/12/26 14:05:33.883] - eth_getBalance
[2021/12/26 14:05:33.888] - eth_getBalance
[2021/12/26 14:05:33.889] - eth_getBalance
[2021/12/26 14:05:33.895] - eth_getBlockByNumber
[2021/12/26 14:07:24.967] - eth_blockNumber
[2021/12/26 14:07:24.974] - eth_getCode
[2021/12/26 14:07:24.999] - eth_gasPrice
[2021/12/26 14:07:26.555] - eth_blockNumber
[2021/12/26 14:07:27.061] - eth_call
[2021/12/26 14:07:27.185] - eth_getTransactionCount
[2021/12/26 14:07:35.374] - eth_sendRawTransaction
[2021/12/26 14:07:36.218] - 
[2021/12/26 14:07:36.218] -   Transaction: 0xd04ac019ae793d1beb58de5a00cadb8dcd7430132632fa70e9693932ea803349
[2021/12/26 14:07:36.219] -   Gas usage: 197369
[2021/12/26 14:07:36.219] -   Block Number: 172
[2021/12/26 14:07:36.220] -   Block Time: Sun Dec 26 2021 14:07:35 GMT+0100 (Central European Standard Time)
[2021/12/26 14:07:36.221] - 
[2021/12/26 14:07:36.223] - eth_getBlockByNumber
[2021/12/26 14:07:36.229] - eth_blockNumber
[2021/12/26 14:07:36.243] - eth_getTransactionReceipt
[2021/12/26 14:07:36.263] - eth_getBlockByHash
[2021/12/26 14:07:36.273] - eth_getBalance
[2021/12/26 14:07:36.297] - eth_getTransactionCount
[2021/12/26 14:07:36.334] - eth_getBalance
[2021/12/26 14:07:36.344] - eth_getTransactionCount
[2021/12/26 14:07:36.357] - eth_getBalance
[2021/12/26 14:07:36.366] - eth_getTransactionCount
[2021/12/26 14:07:36.377] - eth_getBalance
[2021/12/26 14:07:36.417] - eth_getTransactionCount
[2021/12/26 14:07:36.443] - eth_getBalance
[2021/12/26 14:07:36.453] - eth_getTransactionCount
[2021/12/26 14:07:36.465] - eth_getBalance
[2021/12/26 14:07:36.476] - eth_getTransactionCount
[2021/12/26 14:07:36.492] - eth_getBalance
[2021/12/26 14:07:36.504] - eth_getTransactionCount
[2021/12/26 14:07:36.512] - eth_getBalance
[2021/12/26 14:07:36.522] - eth_getTransactionCount
[2021/12/26 14:07:36.532] - eth_getBalance
[2021/12/26 14:07:36.546] - eth_getTransactionCount
[2021/12/26 14:07:36.552] - eth_getBalance
[2021/12/26 14:07:36.561] - eth_getTransactionCount
[2021/12/26 14:07:54.371] - eth_blockNumber
[2021/12/26 14:07:54.406] - eth_getBalance
[2021/12/26 14:07:54.410] - eth_getBalance
[2021/12/26 14:07:54.411] - eth_getBalance
[2021/12/26 14:07:54.413] - eth_getBalance
[2021/12/26 14:07:54.416] - eth_getBalance
[2021/12/26 14:07:54.417] - eth_getBalance
[2021/12/26 14:07:54.418] - eth_getBalance
[2021/12/26 14:07:54.420] - eth_getBalance
[2021/12/26 14:07:54.422] - eth_getBalance
[2021/12/26 14:07:54.427] - eth_getBalance
[2021/12/26 14:07:54.450] - eth_getBalance
[2021/12/26 14:07:54.451] - eth_getBalance
[2021/12/26 14:07:54.459] - eth_getBalance
[2021/12/26 14:07:54.462] - eth_getBalance
[2021/12/26 14:07:54.468] - eth_getBalance
[2021/12/26 14:07:54.469] - eth_getBalance
[2021/12/26 14:07:54.478] - eth_getBalance
[2021/12/26 14:07:54.481] - eth_getBalance
[2021/12/26 14:07:56.246] - eth_blockNumber
[2021/12/26 14:08:37.304] - eth_blockNumber
[2021/12/26 14:08:37.311] - eth_call
[2021/12/26 14:09:00.205] - eth_blockNumber
[2021/12/26 14:09:00.213] - eth_getCode
[2021/12/26 14:09:00.239] - eth_gasPrice
[2021/12/26 14:09:01.908] - eth_blockNumber
[2021/12/26 14:09:02.425] - eth_call
[2021/12/26 14:09:02.540] - eth_getTransactionCount
[2021/12/26 14:09:04.031] - eth_sendRawTransaction
[2021/12/26 14:09:04.851] - 
[2021/12/26 14:09:04.851] -   Transaction: 0x579e6e5d6832f7232b3c686dfd855e3f0a56203952c3a85b60084c195943228d
[2021/12/26 14:09:04.852] -   Gas usage: 146387
[2021/12/26 14:09:04.853] -   Block Number: 173
[2021/12/26 14:09:04.854] -   Block Time: Sun Dec 26 2021 14:09:04 GMT+0100 (Central European Standard Time)
[2021/12/26 14:09:04.855] - 
[2021/12/26 14:09:04.856] - eth_getBlockByNumber
[2021/12/26 14:09:04.866] - eth_blockNumber
[2021/12/26 14:09:04.878] - eth_getTransactionReceipt
[2021/12/26 14:09:04.890] - eth_getBlockByHash
[2021/12/26 14:09:04.899] - eth_getBalance
[2021/12/26 14:09:04.929] - eth_getTransactionCount
[2021/12/26 14:09:04.939] - eth_getBalance
[2021/12/26 14:09:04.952] - eth_getTransactionCount
[2021/12/26 14:09:04.962] - eth_getBalance
[2021/12/26 14:09:04.971] - eth_getTransactionCount
[2021/12/26 14:09:04.978] - eth_getBalance
[2021/12/26 14:09:04.986] - eth_getTransactionCount
[2021/12/26 14:09:04.997] - eth_getBalance
[2021/12/26 14:09:05.003] - eth_getTransactionCount
[2021/12/26 14:09:05.014] - eth_getBalance
[2021/12/26 14:09:05.020] - eth_getTransactionCount
[2021/12/26 14:09:05.031] - eth_getBalance
[2021/12/26 14:09:05.034] - eth_getTransactionCount
[2021/12/26 14:09:05.042] - eth_getBalance
[2021/12/26 14:09:05.049] - eth_getTransactionCount
[2021/12/26 14:09:05.057] - eth_getBalance
[2021/12/26 14:09:05.069] - eth_getTransactionCount
[2021/12/26 14:09:05.080] - eth_getBalance
[2021/12/26 14:09:05.089] - eth_getTransactionCount
[2021/12/26 14:09:20.901] - eth_blockNumber
[2021/12/26 14:09:20.940] - eth_getBalance
[2021/12/26 14:09:20.941] - eth_getBalance
[2021/12/26 14:09:20.946] - eth_getBalance
[2021/12/26 14:09:20.947] - eth_getBalance
[2021/12/26 14:09:20.948] - eth_getBalance
[2021/12/26 14:09:20.949] - eth_getBalance
[2021/12/26 14:09:20.950] - eth_getBalance
[2021/12/26 14:09:20.955] - eth_getBalance
[2021/12/26 14:09:20.957] - eth_getBalance
[2021/12/26 14:09:20.965] - eth_getBalance
[2021/12/26 14:09:20.966] - eth_getBalance
[2021/12/26 14:09:20.990] - eth_getBalance
[2021/12/26 14:09:20.991] - eth_getBalance
[2021/12/26 14:09:20.996] - eth_getBalance
[2021/12/26 14:09:20.998] - eth_getBalance
[2021/12/26 14:09:21.005] - eth_getBalance
[2021/12/26 14:09:21.013] - eth_getBalance
[2021/12/26 14:09:21.018] - eth_getBalance
[2021/12/26 14:09:21.021] - eth_blockNumber
[2021/12/26 14:09:22.076] - eth_blockNumber
[2021/12/26 14:09:24.884] - eth_blockNumber
[2021/12/26 14:10:25.447] - eth_blockNumber
[2021/12/26 14:10:25.461] - eth_call
[2021/12/26 14:10:33.005] - eth_call
[2021/12/26 14:10:52.178] - eth_blockNumber
[2021/12/26 14:10:52.241] - eth_getBlockByNumber
[2021/12/26 14:11:04.880] - eth_getCode
[2021/12/26 14:11:04.901] - eth_gasPrice
[2021/12/26 14:11:08.250] - eth_blockNumber
[2021/12/26 14:11:08.771] - eth_getTransactionCount
[2021/12/26 14:11:12.225] - eth_blockNumber
[2021/12/26 14:11:15.852] - eth_sendRawTransaction
[2021/12/26 14:11:15.989] - 
[2021/12/26 14:11:15.990] -   Transaction: 0xdcbb7656ff21d12c44e7fa9c8f5cbc840a56612f65b772a39d0cfbc18d61d071
[2021/12/26 14:11:15.991] -   Gas usage: 21000
[2021/12/26 14:11:15.992] -   Block Number: 174
[2021/12/26 14:11:15.993] -   Block Time: Sun Dec 26 2021 14:11:15 GMT+0100 (Central European Standard Time)
[2021/12/26 14:11:15.994] - 
[2021/12/26 14:11:15.996] - eth_getBlockByNumber
[2021/12/26 14:11:16.035] - eth_getBalance
[2021/12/26 14:11:16.057] - eth_getTransactionCount
[2021/12/26 14:11:16.068] - eth_getBalance
[2021/12/26 14:11:16.076] - eth_getTransactionCount
[2021/12/26 14:11:16.083] - eth_getBalance
[2021/12/26 14:11:16.093] - eth_getTransactionCount
[2021/12/26 14:11:16.101] - eth_getBalance
[2021/12/26 14:11:16.108] - eth_getTransactionCount
[2021/12/26 14:11:16.118] - eth_getBalance
[2021/12/26 14:11:16.125] - eth_getTransactionCount
[2021/12/26 14:11:16.137] - eth_getBalance
[2021/12/26 14:11:16.173] - eth_getTransactionCount
[2021/12/26 14:11:16.185] - eth_getBalance
[2021/12/26 14:11:16.204] - eth_getTransactionCount
[2021/12/26 14:11:16.220] - eth_getBalance
[2021/12/26 14:11:16.235] - eth_getTransactionCount
[2021/12/26 14:11:16.250] - eth_getBalance
[2021/12/26 14:11:16.260] - eth_getTransactionCount
[2021/12/26 14:11:16.274] - eth_getBalance
[2021/12/26 14:11:16.283] - eth_getTransactionCount
[2021/12/26 14:11:28.300] - eth_blockNumber
[2021/12/26 14:11:28.308] - eth_getBlockByNumber
[2021/12/26 14:11:28.315] - eth_getTransactionReceipt
[2021/12/26 14:11:28.322] - eth_getBalance
[2021/12/26 14:11:28.324] - eth_getBalance
[2021/12/26 14:11:28.326] - eth_getBalance
[2021/12/26 14:11:28.328] - eth_getBalance
[2021/12/26 14:11:28.330] - eth_getBalance
[2021/12/26 14:11:28.331] - eth_getBalance
[2021/12/26 14:11:28.335] - eth_getBalance
[2021/12/26 14:11:28.337] - eth_getBalance
[2021/12/26 14:11:28.342] - eth_getBalance
[2021/12/26 14:11:28.343] - eth_getBalance
[2021/12/26 14:11:28.345] - eth_getBalance
[2021/12/26 14:11:28.350] - eth_getBalance
[2021/12/26 14:11:28.352] - eth_getBalance
[2021/12/26 14:11:28.357] - eth_getBalance
[2021/12/26 14:11:28.358] - eth_getBalance
[2021/12/26 14:11:28.363] - eth_getBalance
[2021/12/26 14:11:28.364] - eth_getBalance
[2021/12/26 14:11:28.370] - eth_getBalance
[2021/12/26 14:11:28.372] - eth_getBlockByHash
[2021/12/26 14:11:32.248] - eth_blockNumber
[2021/12/26 14:11:40.394] - eth_blockNumber
[2021/12/26 14:11:45.196] - eth_blockNumber
[2021/12/26 14:11:46.721] - eth_blockNumber
[2021/12/26 14:11:48.310] - eth_blockNumber
[2021/12/26 14:11:52.261] - eth_blockNumber
[2021/12/26 14:12:02.401] - eth_blockNumber
[2021/12/26 14:12:05.258] - eth_blockNumber
[2021/12/26 14:12:06.754] - eth_blockNumber
[2021/12/26 14:12:08.333] - eth_blockNumber
[2021/12/26 14:12:29.048] - eth_blockNumber
[2021/12/26 14:12:29.108] - eth_blockNumber
[2021/12/26 14:19:23.011] - eth_blockNumber
[2021/12/26 14:19:23.043] - net_version
[2021/12/26 14:19:23.044] - net_version
[2021/12/26 14:19:28.363] - eth_blockNumber
[2021/12/26 14:19:47.903] - eth_blockNumber
[2021/12/26 14:19:47.907] - eth_getBalance
[2021/12/26 14:19:47.913] - eth_getBalance
[2021/12/26 14:19:47.915] - eth_getBalance
[2021/12/26 14:19:47.918] - eth_getBalance
[2021/12/26 14:19:47.920] - eth_getBalance
[2021/12/26 14:19:47.921] - eth_getBalance
[2021/12/26 14:19:47.922] - eth_getBalance
[2021/12/26 14:19:47.923] - eth_getBalance
[2021/12/26 14:19:47.937] - eth_getBalance
[2021/12/26 14:19:47.939] - eth_getBalance
[2021/12/26 14:19:47.940] - eth_getBalance
[2021/12/26 14:19:47.945] - eth_getBalance
[2021/12/26 14:19:47.946] - eth_getBalance
[2021/12/26 14:19:47.951] - eth_getBalance
[2021/12/26 14:19:47.953] - eth_getBalance
[2021/12/26 14:19:47.958] - eth_getBalance
[2021/12/26 14:19:47.964] - eth_getBalance
[2021/12/26 14:19:47.965] - eth_getBalance
[2021/12/26 14:19:47.970] - eth_blockNumber
[2021/12/26 14:19:48.408] - eth_blockNumber
[2021/12/26 14:20:44.056] - eth_blockNumber
[2021/12/26 14:20:44.074] - eth_getCode
[2021/12/26 14:20:44.100] - eth_gasPrice
[2021/12/26 14:20:45.737] - eth_blockNumber
[2021/12/26 14:20:46.282] - eth_getTransactionCount
[2021/12/26 14:20:48.402] - eth_sendRawTransaction
[2021/12/26 14:20:48.596] - 
[2021/12/26 14:20:48.597] -   Transaction: 0x85dd76c2518c50beb7942535f60add1dfc8ff313ae73a88dbb3556007026698a
[2021/12/26 14:20:48.597] -   Gas usage: 21000
[2021/12/26 14:20:48.598] -   Block Number: 175
[2021/12/26 14:20:48.599] -   Block Time: Sun Dec 26 2021 14:20:48 GMT+0100 (Central European Standard Time)
[2021/12/26 14:20:48.599] - 
[2021/12/26 14:20:48.601] - eth_getBlockByNumber
[2021/12/26 14:20:48.635] - eth_getBalance
[2021/12/26 14:20:48.646] - eth_getTransactionCount
[2021/12/26 14:20:48.664] - eth_getBalance
[2021/12/26 14:20:48.681] - eth_getTransactionCount
[2021/12/26 14:20:48.688] - eth_getBalance
[2021/12/26 14:20:48.696] - eth_getTransactionCount
[2021/12/26 14:20:48.706] - eth_getBalance
[2021/12/26 14:20:48.714] - eth_getTransactionCount
[2021/12/26 14:20:48.722] - eth_getBalance
[2021/12/26 14:20:48.729] - eth_getTransactionCount
[2021/12/26 14:20:48.737] - eth_getBalance
[2021/12/26 14:20:48.745] - eth_getTransactionCount
[2021/12/26 14:20:48.753] - eth_getBalance
[2021/12/26 14:20:48.759] - eth_getTransactionCount
[2021/12/26 14:20:48.765] - eth_getBalance
[2021/12/26 14:20:48.771] - eth_getTransactionCount
[2021/12/26 14:20:48.784] - eth_getBalance
[2021/12/26 14:20:48.791] - eth_getTransactionCount
[2021/12/26 14:20:48.799] - eth_getBalance
[2021/12/26 14:20:48.810] - eth_getTransactionCount
[2021/12/26 14:21:04.085] - eth_blockNumber
[2021/12/26 14:21:04.106] - eth_getTransactionReceipt
[2021/12/26 14:21:04.130] - eth_getBlockByHash
[2021/12/26 14:21:06.212] - eth_blockNumber
[2021/12/26 14:21:06.236] - eth_getBalance
[2021/12/26 14:21:06.239] - eth_getBalance
[2021/12/26 14:21:06.241] - eth_getBalance
[2021/12/26 14:21:06.244] - eth_getBalance
[2021/12/26 14:21:06.245] - eth_getBalance
[2021/12/26 14:21:06.246] - eth_getBalance
[2021/12/26 14:21:06.247] - eth_getBalance
[2021/12/26 14:21:06.250] - eth_getBalance
[2021/12/26 14:21:06.252] - eth_getBalance
[2021/12/26 14:21:06.278] - eth_getBalance
[2021/12/26 14:21:06.279] - eth_getBalance
[2021/12/26 14:21:06.280] - eth_getBalance
[2021/12/26 14:21:06.283] - eth_getBalance
[2021/12/26 14:21:06.310] - eth_getBalance
[2021/12/26 14:21:06.312] - eth_getBalance
[2021/12/26 14:21:06.315] - eth_getBalance
[2021/12/26 14:21:06.328] - eth_getBalance
[2021/12/26 14:21:06.329] - eth_getBalance
[2021/12/26 14:21:06.336] - eth_blockNumber
[2021/12/26 14:24:02.750] - eth_blockNumber
[2021/12/26 14:24:02.816] - eth_getBlockByNumber
[2021/12/26 14:24:04.766] - eth_blockNumber
[2021/12/26 14:24:37.949] - eth_blockNumber
[2021/12/26 14:24:37.961] - eth_getCode
[2021/12/26 14:24:37.984] - eth_gasPrice
[2021/12/26 14:24:39.592] - eth_blockNumber
[2021/12/26 14:24:40.104] - eth_call
[2021/12/26 14:24:40.249] - eth_getTransactionCount
[2021/12/26 14:24:48.690] - eth_sendRawTransaction
[2021/12/26 14:24:49.596] - 
[2021/12/26 14:24:49.597] -   Transaction: 0xc20534c4831271c81257fb949184b187368e8e3509bfd3b69b90702fbec0c105
[2021/12/26 14:24:49.598] -   Gas usage: 318348
[2021/12/26 14:24:49.599] -   Block Number: 176
[2021/12/26 14:24:49.599] -   Block Time: Sun Dec 26 2021 14:24:48 GMT+0100 (Central European Standard Time)
[2021/12/26 14:24:49.600] - 
[2021/12/26 14:24:49.602] - eth_getBlockByNumber
[2021/12/26 14:24:49.607] - eth_blockNumber
[2021/12/26 14:24:49.631] - eth_getTransactionReceipt
[2021/12/26 14:24:49.641] - eth_getBlockByHash
[2021/12/26 14:24:49.653] - eth_getBalance
[2021/12/26 14:24:49.691] - eth_getTransactionCount
[2021/12/26 14:24:49.716] - eth_getBalance
[2021/12/26 14:24:49.724] - eth_getTransactionCount
[2021/12/26 14:24:49.734] - eth_getBalance
[2021/12/26 14:24:49.744] - eth_getTransactionCount
[2021/12/26 14:24:49.753] - eth_getBalance
[2021/12/26 14:24:49.766] - eth_getTransactionCount
[2021/12/26 14:24:49.806] - eth_getBalance
[2021/12/26 14:24:49.818] - eth_getTransactionCount
[2021/12/26 14:24:49.828] - eth_getBalance
[2021/12/26 14:24:49.837] - eth_getTransactionCount
[2021/12/26 14:24:49.848] - eth_getBalance
[2021/12/26 14:24:49.857] - eth_getTransactionCount
[2021/12/26 14:24:49.870] - eth_getBalance
[2021/12/26 14:24:49.888] - eth_getTransactionCount
[2021/12/26 14:24:49.900] - eth_getBalance
[2021/12/26 14:24:49.914] - eth_getTransactionCount
[2021/12/26 14:24:49.928] - eth_getBalance
[2021/12/26 14:24:49.940] - eth_getTransactionCount
[2021/12/26 14:25:06.843] - eth_blockNumber
[2021/12/26 14:25:06.875] - eth_getBalance
[2021/12/26 14:25:06.876] - eth_getBalance
[2021/12/26 14:25:06.879] - eth_getBalance
[2021/12/26 14:25:06.881] - eth_getBalance
[2021/12/26 14:25:06.883] - eth_getBalance
[2021/12/26 14:25:06.885] - eth_getBalance
[2021/12/26 14:25:06.886] - eth_getBalance
[2021/12/26 14:25:06.888] - eth_getBalance
[2021/12/26 14:25:06.889] - eth_getBalance
[2021/12/26 14:25:06.894] - eth_getBalance
[2021/12/26 14:25:06.917] - eth_getBalance
[2021/12/26 14:25:06.918] - eth_getBalance
[2021/12/26 14:25:06.920] - eth_getBalance
[2021/12/26 14:25:06.925] - eth_getBalance
[2021/12/26 14:25:06.928] - eth_getBalance
[2021/12/26 14:25:06.933] - eth_getBalance
[2021/12/26 14:25:06.934] - eth_getBalance
[2021/12/26 14:25:06.943] - eth_getBalance
[2021/12/26 14:25:09.621] - eth_blockNumber
[2021/12/26 14:25:19.006] - eth_call
[2021/12/26 14:25:38.196] - eth_blockNumber
[2021/12/26 14:25:38.201] - eth_getCode
[2021/12/26 14:25:38.223] - eth_gasPrice
[2021/12/26 14:25:39.988] - eth_blockNumber
[2021/12/26 14:25:40.535] - eth_call
[2021/12/26 14:25:40.667] - eth_getTransactionCount
[2021/12/26 14:25:42.566] - eth_sendRawTransaction
[2021/12/26 14:25:43.316] - 
[2021/12/26 14:25:43.316] -   Transaction: 0xd2c1099aa96fd6c95f6d7d2565867d6c98ac418f1b5f9c457a68b006d0b95a21
[2021/12/26 14:25:43.317] -   Gas usage: 146387
[2021/12/26 14:25:43.318] -   Block Number: 177
[2021/12/26 14:25:43.320] -   Block Time: Sun Dec 26 2021 14:25:42 GMT+0100 (Central European Standard Time)
[2021/12/26 14:25:43.323] - 
[2021/12/26 14:25:43.326] - eth_getBlockByNumber
[2021/12/26 14:25:43.335] - eth_blockNumber
[2021/12/26 14:25:43.356] - eth_getTransactionReceipt
[2021/12/26 14:25:43.367] - eth_getBlockByHash
[2021/12/26 14:25:43.477] - eth_getBalance
[2021/12/26 14:25:43.501] - eth_getTransactionCount
[2021/12/26 14:25:43.515] - eth_getBalance
[2021/12/26 14:25:43.534] - eth_getTransactionCount
[2021/12/26 14:25:43.549] - eth_getBalance
[2021/12/26 14:25:43.564] - eth_getTransactionCount
[2021/12/26 14:25:43.575] - eth_getBalance
[2021/12/26 14:25:43.583] - eth_getTransactionCount
[2021/12/26 14:25:43.592] - eth_getBalance
[2021/12/26 14:25:43.603] - eth_getTransactionCount
[2021/12/26 14:25:43.612] - eth_getBalance
[2021/12/26 14:25:43.621] - eth_getTransactionCount
[2021/12/26 14:25:43.633] - eth_getBalance
[2021/12/26 14:25:43.642] - eth_getTransactionCount
[2021/12/26 14:25:43.652] - eth_getBalance
[2021/12/26 14:25:43.659] - eth_getTransactionCount
[2021/12/26 14:25:43.670] - eth_getBalance
[2021/12/26 14:25:43.684] - eth_getTransactionCount
[2021/12/26 14:25:43.704] - eth_getBalance
[2021/12/26 14:25:43.715] - eth_getTransactionCount
[2021/12/26 14:25:59.078] - eth_blockNumber
[2021/12/26 14:25:59.107] - eth_getBalance
[2021/12/26 14:25:59.108] - eth_getBalance
[2021/12/26 14:25:59.112] - eth_getBalance
[2021/12/26 14:25:59.113] - eth_getBalance
[2021/12/26 14:25:59.114] - eth_getBalance
[2021/12/26 14:25:59.115] - eth_getBalance
[2021/12/26 14:25:59.116] - eth_getBalance
[2021/12/26 14:25:59.117] - eth_getBalance
[2021/12/26 14:25:59.145] - eth_getBalance
[2021/12/26 14:25:59.146] - eth_getBalance
[2021/12/26 14:25:59.148] - eth_getBalance
[2021/12/26 14:25:59.149] - eth_getBalance
[2021/12/26 14:25:59.150] - eth_getBalance
[2021/12/26 14:25:59.154] - eth_getBalance
[2021/12/26 14:25:59.158] - eth_getBalance
[2021/12/26 14:25:59.160] - eth_getBalance
[2021/12/26 14:25:59.166] - eth_getBalance
[2021/12/26 14:25:59.176] - eth_getBalance
[2021/12/26 14:26:00.057] - eth_blockNumber
[2021/12/26 14:26:03.351] - eth_blockNumber
[2021/12/26 14:26:37.003] - eth_blockNumber
[2021/12/26 14:26:37.014] - eth_call
[2021/12/26 14:26:42.916] - eth_call
[2021/12/26 14:27:18.338] - eth_blockNumber
[2021/12/26 14:27:18.412] - eth_getBlockByNumber
[2021/12/26 14:27:25.594] - eth_blockNumber
[2021/12/26 14:27:38.682] - eth_getCode
[2021/12/26 14:27:38.703] - eth_gasPrice
[2021/12/26 14:27:40.804] - eth_blockNumber
[2021/12/26 14:27:41.413] - eth_getTransactionCount
[2021/12/26 14:27:45.118] - eth_sendRawTransaction
[2021/12/26 14:27:45.260] - 
[2021/12/26 14:27:45.260] -   Transaction: 0x941725b89fd65074292183aa1b0f799d6770a84b4972ed899df13e9033f2b520
[2021/12/26 14:27:45.261] -   Gas usage: 21000
[2021/12/26 14:27:45.263] -   Block Number: 178
[2021/12/26 14:27:45.263] -   Block Time: Sun Dec 26 2021 14:27:45 GMT+0100 (Central European Standard Time)
[2021/12/26 14:27:45.264] - 
[2021/12/26 14:27:45.266] - eth_getBlockByNumber
[2021/12/26 14:27:45.335] - eth_getBalance
[2021/12/26 14:27:45.350] - eth_getTransactionCount
[2021/12/26 14:27:45.359] - eth_getBalance
[2021/12/26 14:27:45.368] - eth_getTransactionCount
[2021/12/26 14:27:45.377] - eth_getBalance
[2021/12/26 14:27:45.389] - eth_getTransactionCount
[2021/12/26 14:27:45.405] - eth_getBalance
[2021/12/26 14:27:45.424] - eth_getTransactionCount
[2021/12/26 14:27:45.437] - eth_getBalance
[2021/12/26 14:27:45.443] - eth_getTransactionCount
[2021/12/26 14:27:45.452] - eth_getBalance
[2021/12/26 14:27:45.461] - eth_getTransactionCount
[2021/12/26 14:27:45.471] - eth_getBalance
[2021/12/26 14:27:45.485] - eth_getTransactionCount
[2021/12/26 14:27:45.500] - eth_getBalance
[2021/12/26 14:27:45.515] - eth_getTransactionCount
[2021/12/26 14:27:45.529] - eth_getBalance
[2021/12/26 14:27:45.541] - eth_getTransactionCount
[2021/12/26 14:27:45.551] - eth_getBalance
[2021/12/26 14:27:45.603] - eth_getTransactionCount
[2021/12/26 14:27:45.644] - eth_blockNumber
[2021/12/26 14:27:45.669] - eth_getTransactionReceipt
[2021/12/26 14:27:45.689] - eth_getBlockByHash
[2021/12/26 14:27:50.759] - eth_blockNumber
[2021/12/26 14:27:50.793] - eth_getBalance
[2021/12/26 14:27:50.794] - eth_getBalance
[2021/12/26 14:27:50.800] - eth_getBalance
[2021/12/26 14:27:50.801] - eth_getBalance
[2021/12/26 14:27:50.803] - eth_getBalance
[2021/12/26 14:27:50.804] - eth_getBalance
[2021/12/26 14:27:50.808] - eth_getBalance
[2021/12/26 14:27:50.809] - eth_getBalance
[2021/12/26 14:27:50.811] - eth_getBalance
[2021/12/26 14:27:50.839] - eth_getBalance
[2021/12/26 14:27:50.843] - eth_getBalance
[2021/12/26 14:27:50.844] - eth_getBalance
[2021/12/26 14:27:50.846] - eth_getBalance
[2021/12/26 14:27:50.852] - eth_getBalance
[2021/12/26 14:27:50.854] - eth_getBalance
[2021/12/26 14:27:50.864] - eth_getBalance
[2021/12/26 14:27:50.871] - eth_getBalance
[2021/12/26 14:27:50.874] - eth_getBalance
[2021/12/26 14:28:05.430] - eth_blockNumber
[2021/12/26 14:28:05.713] - eth_blockNumber
[2021/12/26 14:28:10.914] - eth_blockNumber
[2021/12/26 14:28:31.165] - eth_blockNumber
[2021/12/26 14:28:31.231] - eth_blockNumber
[2021/12/26 16:31:07.394] - eth_unsubscribe
[2021/12/26 16:31:07.400] - eth_unsubscribe
