[2021/12/22 13:56:09.459] - Starting server with initial configuration: {"gasLimit":6721975,"gasPrice":20000000000,"hardfork":"muirGlacier","hostname":"127.0.0.1","port":8545,"network_id":5777,"default_balance_ether":100,"total_accounts":10,"unlocked_accounts":[],"locked":false,"vmErrorsOnRPCResponse":true,"verbose":false,"db_path":"C:\\Users\\wassi\\AppData\\Roaming\\Ganache\\workspaces\\agrochainbackup\\chaindata","logDirectory":"C:\\Users\\wassi\\Documents\\Blockchain\\AgroChainbackup\\Logs"}
[2021/12/22 13:56:09.618] - eth_getCode
[2021/12/22 13:56:09.626] - eth_subscribe
[2021/12/22 13:56:09.628] - eth_getLogs
[2021/12/22 13:56:09.629] - eth_subscribe
[2021/12/22 13:56:09.693] - eth_getCode
[2021/12/22 13:56:09.759] - eth_getCode
[2021/12/22 13:56:09.760] - eth_subscribe
[2021/12/22 13:56:09.761] - eth_getLogs
[2021/12/22 13:56:09.764] - eth_subscribe
[2021/12/22 13:56:09.764] - eth_getCode
[2021/12/22 13:56:09.777] - eth_getCode
[2021/12/22 13:56:09.840] - eth_getCode
[2021/12/22 13:56:09.969] - eth_blockNumber
[2021/12/22 13:56:09.981] - eth_accounts
[2021/12/22 13:56:09.982] - eth_gasPrice
[2021/12/22 13:56:09.983] - eth_getBlockByNumber
[2021/12/22 13:56:09.984] - eth_subscribe
[2021/12/22 13:56:10.011] - eth_accounts
[2021/12/22 13:56:10.011] - eth_blockNumber
[2021/12/22 13:56:10.012] - eth_accounts
[2021/12/22 13:56:10.013] - eth_gasPrice
[2021/12/22 13:56:10.014] - eth_getBlockByNumber
[2021/12/22 13:56:10.014] - eth_subscribe
[2021/12/22 13:56:10.057] - eth_getBalance
[2021/12/22 13:56:10.066] - eth_getTransactionCount
[2021/12/22 13:56:10.071] - eth_getBalance
[2021/12/22 13:56:10.078] - eth_getTransactionCount
[2021/12/22 13:56:10.087] - eth_getBalance
[2021/12/22 13:56:10.095] - eth_getTransactionCount
[2021/12/22 13:56:10.100] - eth_getBalance
[2021/12/22 13:56:10.106] - eth_getTransactionCount
[2021/12/22 13:56:10.113] - eth_getBalance
[2021/12/22 13:56:10.119] - eth_getTransactionCount
[2021/12/22 13:56:10.125] - eth_getBalance
[2021/12/22 13:56:10.131] - eth_getTransactionCount
[2021/12/22 13:56:10.137] - eth_getBalance
[2021/12/22 13:56:10.142] - eth_getTransactionCount
[2021/12/22 13:56:10.148] - eth_getBalance
[2021/12/22 13:56:10.155] - eth_getTransactionCount
[2021/12/22 13:56:10.160] - eth_getBalance
[2021/12/22 13:56:10.164] - eth_getTransactionCount
[2021/12/22 13:56:10.172] - eth_getBalance
[2021/12/22 13:56:10.179] - eth_getTransactionCount
[2021/12/22 13:56:10.197] - eth_blockNumber
[2021/12/22 13:56:10.244] - eth_getBalance
[2021/12/22 13:56:10.250] - eth_getTransactionCount
[2021/12/22 13:56:10.256] - eth_getBalance
[2021/12/22 13:56:10.261] - eth_getTransactionCount
[2021/12/22 13:56:10.268] - eth_getBalance
[2021/12/22 13:56:10.273] - eth_getTransactionCount
[2021/12/22 13:56:10.278] - eth_getBalance
[2021/12/22 13:56:10.284] - eth_getTransactionCount
[2021/12/22 13:56:10.291] - eth_getBalance
[2021/12/22 13:56:10.297] - eth_getTransactionCount
[2021/12/22 13:56:10.302] - eth_getBalance
[2021/12/22 13:56:10.307] - eth_getTransactionCount
[2021/12/22 13:56:10.308] - eth_getBlockByNumber
[2021/12/22 13:56:10.314] - eth_getBalance
[2021/12/22 13:56:10.320] - eth_getTransactionCount
[2021/12/22 13:56:10.325] - eth_getBalance
[2021/12/22 13:56:10.331] - eth_getTransactionCount
[2021/12/22 13:56:10.336] - eth_getBalance
[2021/12/22 13:56:10.341] - eth_getTransactionCount
[2021/12/22 13:56:10.346] - eth_getBalance
[2021/12/22 13:56:10.352] - eth_getTransactionCount
[2021/12/22 13:56:10.368] - eth_getBalance
[2021/12/22 13:56:10.375] - eth_getTransactionCount
[2021/12/22 13:56:10.380] - eth_getBalance
[2021/12/22 13:56:10.387] - eth_getTransactionCount
[2021/12/22 13:56:10.393] - eth_getBalance
[2021/12/22 13:56:10.400] - eth_getTransactionCount
[2021/12/22 13:56:10.409] - eth_getBalance
[2021/12/22 13:56:10.416] - eth_getTransactionCount
[2021/12/22 13:56:10.425] - eth_getBalance
[2021/12/22 13:56:10.431] - eth_getTransactionCount
[2021/12/22 13:56:10.438] - eth_getBalance
[2021/12/22 13:56:10.443] - eth_getTransactionCount
[2021/12/22 13:56:10.450] - eth_getBalance
[2021/12/22 13:56:10.456] - eth_getTransactionCount
[2021/12/22 13:56:10.462] - eth_getBalance
[2021/12/22 13:56:10.468] - eth_getTransactionCount
[2021/12/22 13:56:10.476] - eth_getBalance
[2021/12/22 13:56:10.479] - eth_getTransactionCount
[2021/12/22 13:56:10.500] - eth_getBalance
[2021/12/22 13:56:10.500] - eth_getTransactionCount
[2021/12/22 13:56:10.555] - eth_getBalance
[2021/12/22 13:56:10.569] - eth_getTransactionCount
[2021/12/22 13:56:10.569] - eth_getBalance
[2021/12/22 13:56:10.570] - eth_getTransactionCount
[2021/12/22 13:56:10.575] - eth_getBalance
[2021/12/22 13:56:10.583] - eth_getTransactionCount
[2021/12/22 13:56:10.586] - eth_getBalance
[2021/12/22 13:56:10.593] - eth_getTransactionCount
[2021/12/22 13:56:10.602] - eth_getBalance
[2021/12/22 13:56:10.611] - eth_getTransactionCount
[2021/12/22 13:56:10.612] - eth_getBalance
[2021/12/22 13:56:10.621] - eth_getTransactionCount
[2021/12/22 13:56:10.629] - eth_getBalance
[2021/12/22 13:56:10.635] - eth_getTransactionCount
[2021/12/22 13:56:10.640] - eth_getBalance
[2021/12/22 13:56:10.645] - eth_getTransactionCount
[2021/12/22 13:56:10.651] - eth_getBalance
[2021/12/22 13:56:10.656] - eth_getTransactionCount
[2021/12/22 13:56:10.663] - eth_getBalance
[2021/12/22 13:56:10.668] - eth_getTransactionCount
[2021/12/22 13:56:30.319] - eth_blockNumber
[2021/12/22 13:56:43.405] - eth_blockNumber
[2021/12/22 13:56:43.411] - net_version
[2021/12/22 13:56:43.419] - eth_getBlockByNumber
[2021/12/22 13:56:55.288] - eth_blockNumber
[2021/12/22 13:56:55.292] - eth_getBalance
[2021/12/22 13:56:55.296] - eth_getBalance
[2021/12/22 13:56:55.297] - eth_getBalance
[2021/12/22 13:56:55.298] - eth_getBalance
[2021/12/22 13:56:55.299] - eth_getBalance
[2021/12/22 13:56:55.300] - eth_getBalance
[2021/12/22 13:56:55.300] - eth_getBalance
[2021/12/22 13:56:55.306] - eth_getBalance
[2021/12/22 13:56:55.307] - eth_getBalance
[2021/12/22 13:56:55.312] - eth_getBalance
[2021/12/22 13:56:55.313] - eth_getBalance
[2021/12/22 13:56:55.324] - eth_getBalance
[2021/12/22 13:56:55.338] - eth_getBalance
[2021/12/22 13:56:55.345] - eth_getBalance
[2021/12/22 13:56:55.346] - eth_getBalance
[2021/12/22 13:56:55.351] - eth_getBalance
[2021/12/22 13:56:55.352] - eth_getBalance
[2021/12/22 13:56:55.367] - eth_getBalance
[2021/12/22 13:57:03.432] - eth_blockNumber
[2021/12/22 13:57:05.885] - eth_blockNumber
[2021/12/22 13:57:14.702] - eth_blockNumber
[2021/12/22 13:57:33.338] - eth_blockNumber
[2021/12/22 13:57:34.755] - eth_blockNumber
[2021/12/22 13:57:57.310] - eth_blockNumber
[2021/12/22 13:57:57.328] - net_version
[2021/12/22 13:57:57.329] - net_version
[2021/12/22 13:58:47.163] - eth_call
[2021/12/22 13:58:53.554] - eth_blockNumber
[2021/12/22 13:58:53.595] - eth_getBlockByNumber
[2021/12/22 13:59:13.600] - eth_blockNumber
[2021/12/22 13:59:26.903] - eth_blockNumber
[2021/12/22 13:59:26.906] - eth_getBalance
[2021/12/22 13:59:26.907] - eth_getBalance
[2021/12/22 13:59:26.910] - eth_getBalance
[2021/12/22 13:59:26.913] - eth_getBalance
[2021/12/22 13:59:26.914] - eth_getBalance
[2021/12/22 13:59:26.915] - eth_getBalance
[2021/12/22 13:59:26.916] - eth_getBalance
[2021/12/22 13:59:26.917] - eth_getBalance
[2021/12/22 13:59:26.920] - eth_getBalance
[2021/12/22 13:59:26.924] - eth_getBalance
[2021/12/22 13:59:26.929] - eth_getBalance
[2021/12/22 13:59:26.930] - eth_getBalance
[2021/12/22 13:59:26.934] - eth_getBalance
[2021/12/22 13:59:26.938] - eth_getBalance
[2021/12/22 13:59:26.955] - eth_getBalance
[2021/12/22 13:59:26.956] - eth_getBalance
[2021/12/22 13:59:26.957] - eth_getBalance
[2021/12/22 13:59:26.963] - eth_getBalance
[2021/12/22 13:59:41.137] - eth_blockNumber
[2021/12/22 13:59:41.852] - eth_call
[2021/12/22 13:59:52.167] - eth_call
[2021/12/22 13:59:52.854] - eth_call
[2021/12/22 14:00:29.842] - eth_call
[2021/12/22 14:00:50.072] - eth_blockNumber
[2021/12/22 14:00:50.093] - eth_getCode
[2021/12/22 14:00:50.123] - eth_gasPrice
[2021/12/22 14:00:51.155] - eth_blockNumber
[2021/12/22 14:00:51.511] - eth_call
[2021/12/22 14:00:51.589] - eth_getTransactionCount
[2021/12/22 14:00:58.059] - eth_call
[2021/12/22 14:00:59.162] - eth_call
[2021/12/22 14:01:09.026] - eth_sendRawTransaction
[2021/12/22 14:01:09.748] - 
[2021/12/22 14:01:09.749] -   Transaction: 0x3e2bf0ec13ca73cf49b96e47f781c625dc5d64ae22a0c3480c3314a63f9a587b
[2021/12/22 14:01:09.750] -   Gas usage: 318264
[2021/12/22 14:01:09.751] -   Block Number: 120
[2021/12/22 14:01:09.753] -   Block Time: Wed Dec 22 2021 14:01:09 GMT+0100 (Central European Standard Time)
[2021/12/22 14:01:09.754] - 
[2021/12/22 14:01:09.755] - eth_getBlockByNumber
[2021/12/22 14:01:09.787] - eth_getBalance
[2021/12/22 14:01:09.798] - eth_getTransactionCount
[2021/12/22 14:01:09.819] - eth_getBalance
[2021/12/22 14:01:09.820] - eth_getTransactionCount
[2021/12/22 14:01:09.845] - eth_getBalance
[2021/12/22 14:01:09.846] - eth_getTransactionReceipt
[2021/12/22 14:01:09.855] - eth_getTransactionCount
[2021/12/22 14:01:09.868] - eth_getBalance
[2021/12/22 14:01:09.875] - eth_getTransactionCount
[2021/12/22 14:01:09.883] - eth_getBalance
[2021/12/22 14:01:09.891] - eth_getTransactionCount
[2021/12/22 14:01:09.901] - eth_getBalance
[2021/12/22 14:01:09.917] - eth_getTransactionCount
[2021/12/22 14:01:09.930] - eth_getBalance
[2021/12/22 14:01:09.942] - eth_getTransactionCount
[2021/12/22 14:01:09.947] - eth_getBalance
[2021/12/22 14:01:09.953] - eth_getTransactionCount
[2021/12/22 14:01:09.962] - eth_getBalance
[2021/12/22 14:01:09.969] - eth_getTransactionCount
[2021/12/22 14:01:09.977] - eth_getBalance
[2021/12/22 14:01:09.982] - eth_getTransactionCount
[2021/12/22 14:01:09.997] - eth_blockNumber
[2021/12/22 14:01:10.054] - eth_getBlockByNumber
[2021/12/22 14:01:10.064] - eth_getTransactionReceipt
[2021/12/22 14:01:10.075] - eth_getBalance
[2021/12/22 14:01:10.076] - eth_getBalance
[2021/12/22 14:01:10.078] - eth_getBalance
[2021/12/22 14:01:10.079] - eth_getBalance
[2021/12/22 14:01:10.082] - eth_getBalance
[2021/12/22 14:01:10.084] - eth_getBalance
[2021/12/22 14:01:10.085] - eth_getBalance
[2021/12/22 14:01:10.089] - eth_getBalance
[2021/12/22 14:01:10.091] - eth_getBalance
[2021/12/22 14:01:10.094] - eth_getBalance
[2021/12/22 14:01:10.098] - eth_getBalance
[2021/12/22 14:01:10.102] - eth_getBalance
[2021/12/22 14:01:10.105] - eth_getBalance
[2021/12/22 14:01:10.110] - eth_getBalance
[2021/12/22 14:01:10.114] - eth_getBalance
[2021/12/22 14:01:10.117] - eth_getBalance
[2021/12/22 14:01:10.121] - eth_getBalance
[2021/12/22 14:01:10.127] - eth_getBalance
[2021/12/22 14:01:10.128] - eth_blockNumber
[2021/12/22 14:01:10.145] - eth_getBlockByHash
[2021/12/22 14:01:11.211] - eth_blockNumber
[2021/12/22 14:01:11.515] - eth_gasPrice
[2021/12/22 14:01:21.500] - eth_blockNumber
[2021/12/22 14:01:30.208] - eth_blockNumber
[2021/12/22 14:01:31.229] - eth_blockNumber
[2021/12/22 14:01:45.306] - eth_call
[2021/12/22 14:01:45.317] - eth_call
[2021/12/22 14:02:10.577] - eth_blockNumber
[2021/12/22 14:02:10.582] - eth_getCode
[2021/12/22 14:02:11.572] - eth_blockNumber
[2021/12/22 14:02:11.893] - eth_call
[2021/12/22 14:02:11.961] - eth_getTransactionCount
[2021/12/22 14:02:14.959] - eth_sendRawTransaction
[2021/12/22 14:02:15.477] - 
[2021/12/22 14:02:15.477] -   Transaction: 0x13c12b304afb08274d8ff20f18e7dc377c272a7a3f787698800d7ea481f71db0
[2021/12/22 14:02:15.478] -   Gas usage: 240601
[2021/12/22 14:02:15.479] -   Block Number: 121
[2021/12/22 14:02:15.480] -   Block Time: Wed Dec 22 2021 14:02:14 GMT+0100 (Central European Standard Time)
[2021/12/22 14:02:15.481] - 
[2021/12/22 14:02:15.482] - eth_getBlockByNumber
[2021/12/22 14:02:15.483] - eth_blockNumber
[2021/12/22 14:02:15.493] - eth_getTransactionReceipt
[2021/12/22 14:02:15.504] - eth_getBalance
[2021/12/22 14:02:15.510] - eth_getBlockByHash
[2021/12/22 14:02:15.534] - eth_getTransactionCount
[2021/12/22 14:02:15.542] - eth_getBalance
[2021/12/22 14:02:15.557] - eth_getTransactionCount
[2021/12/22 14:02:15.558] - eth_getBalance
[2021/12/22 14:02:15.568] - eth_getTransactionCount
[2021/12/22 14:02:15.574] - eth_getBalance
[2021/12/22 14:02:15.580] - eth_getTransactionCount
[2021/12/22 14:02:15.591] - eth_getBalance
[2021/12/22 14:02:15.604] - eth_getTransactionCount
[2021/12/22 14:02:15.611] - eth_getBalance
[2021/12/22 14:02:15.616] - eth_getTransactionCount
[2021/12/22 14:02:15.622] - eth_getBalance
[2021/12/22 14:02:15.628] - eth_getTransactionCount
[2021/12/22 14:02:15.633] - eth_getBalance
[2021/12/22 14:02:15.641] - eth_getTransactionCount
[2021/12/22 14:02:15.654] - eth_getBalance
[2021/12/22 14:02:15.664] - eth_getTransactionCount
[2021/12/22 14:02:15.668] - eth_getBalance
[2021/12/22 14:02:15.674] - eth_getTransactionCount
[2021/12/22 14:02:25.640] - eth_blockNumber
[2021/12/22 14:02:25.660] - eth_getBalance
[2021/12/22 14:02:25.661] - eth_getBalance
[2021/12/22 14:02:25.664] - eth_getBalance
[2021/12/22 14:02:25.667] - eth_getBalance
[2021/12/22 14:02:25.668] - eth_getBalance
[2021/12/22 14:02:25.669] - eth_getBalance
[2021/12/22 14:02:25.681] - eth_getBalance
[2021/12/22 14:02:25.682] - eth_getBalance
[2021/12/22 14:02:25.685] - eth_getBalance
[2021/12/22 14:02:25.688] - eth_getBalance
[2021/12/22 14:02:25.689] - eth_getBalance
[2021/12/22 14:02:25.696] - eth_getBalance
[2021/12/22 14:02:25.708] - eth_getBalance
[2021/12/22 14:02:25.708] - eth_getBalance
[2021/12/22 14:02:25.712] - eth_getBalance
[2021/12/22 14:02:25.718] - eth_getBalance
[2021/12/22 14:02:25.719] - eth_getBalance
[2021/12/22 14:02:25.724] - eth_getBalance
[2021/12/22 14:02:30.583] - eth_blockNumber
[2021/12/22 14:02:31.614] - eth_blockNumber
[2021/12/22 14:03:21.294] - eth_blockNumber
[2021/12/22 14:03:21.307] - eth_call
[2021/12/22 14:03:21.308] - eth_call
[2021/12/22 14:03:21.587] - eth_call
[2021/12/22 14:03:21.588] - eth_call
[2021/12/22 14:03:33.954] - eth_call
[2021/12/22 14:03:33.961] - eth_call
[2021/12/22 14:03:34.007] - eth_call
[2021/12/22 14:17:34.287] - eth_blockNumber
[2021/12/22 14:17:34.329] - eth_getBlockByNumber
[2021/12/22 14:17:54.340] - eth_blockNumber
[2021/12/22 14:18:14.365] - eth_blockNumber
[2021/12/22 14:18:34.388] - eth_blockNumber
[2021/12/22 14:18:54.416] - eth_blockNumber
[2021/12/22 14:19:14.445] - eth_blockNumber
[2021/12/22 14:19:34.464] - eth_blockNumber
[2021/12/22 14:19:54.496] - eth_blockNumber
[2021/12/22 14:20:14.529] - eth_blockNumber
[2021/12/22 14:20:34.551] - eth_blockNumber
[2021/12/22 14:20:54.577] - eth_blockNumber
[2021/12/22 14:21:14.609] - eth_blockNumber
[2021/12/22 14:21:34.628] - eth_blockNumber
[2021/12/22 14:21:54.653] - eth_blockNumber
[2021/12/22 14:22:14.680] - eth_blockNumber
[2021/12/22 14:22:34.707] - eth_blockNumber
[2021/12/22 14:22:54.732] - eth_blockNumber
[2021/12/22 14:23:14.753] - eth_blockNumber
[2021/12/22 14:23:34.782] - eth_blockNumber
[2021/12/22 14:23:54.810] - eth_blockNumber
[2021/12/22 14:24:14.831] - eth_blockNumber
[2021/12/22 14:24:34.851] - eth_blockNumber
[2021/12/22 14:24:54.875] - eth_blockNumber
[2021/12/22 14:25:14.905] - eth_blockNumber
[2021/12/22 14:25:34.929] - eth_blockNumber
[2021/12/22 14:25:54.953] - eth_blockNumber
[2021/12/22 14:26:14.971] - eth_blockNumber
[2021/12/22 14:26:30.383] - eth_blockNumber
[2021/12/22 14:26:34.998] - eth_blockNumber
[2021/12/22 14:27:19.969] - eth_blockNumber
[2021/12/22 14:27:19.982] - eth_getCode
[2021/12/22 14:27:20.008] - eth_gasPrice
[2021/12/22 14:27:21.017] - eth_blockNumber
[2021/12/22 14:27:21.325] - eth_call
[2021/12/22 14:27:21.400] - eth_getTransactionCount
[2021/12/22 14:27:23.316] - eth_sendRawTransaction
[2021/12/22 14:27:23.858] - 
[2021/12/22 14:27:23.859] -   Transaction: 0x4d1adba329e2090b5c43153ee764a8ff0a94b72f4d01947b370cbfce3f2108de
[2021/12/22 14:27:23.859] -   Gas usage: 318312
[2021/12/22 14:27:23.860] -   Block Number: 122
[2021/12/22 14:27:23.860] -   Block Time: Wed Dec 22 2021 14:27:23 GMT+0100 (Central European Standard Time)
[2021/12/22 14:27:23.861] - 
[2021/12/22 14:27:23.862] - eth_getBlockByNumber
[2021/12/22 14:27:23.865] - eth_blockNumber
[2021/12/22 14:27:23.874] - eth_getTransactionReceipt
[2021/12/22 14:27:23.885] - eth_getBalance
[2021/12/22 14:27:23.888] - eth_getBlockByHash
[2021/12/22 14:27:23.893] - eth_getTransactionCount
[2021/12/22 14:27:23.900] - eth_getBalance
[2021/12/22 14:27:23.931] - eth_getTransactionCount
[2021/12/22 14:27:23.944] - eth_getBalance
[2021/12/22 14:27:23.953] - eth_getTransactionCount
[2021/12/22 14:27:23.958] - eth_getBalance
[2021/12/22 14:27:23.969] - eth_getTransactionCount
[2021/12/22 14:27:23.994] - eth_getBalance
[2021/12/22 14:27:24.011] - eth_getTransactionCount
[2021/12/22 14:27:24.028] - eth_getBalance
[2021/12/22 14:27:24.036] - eth_getTransactionCount
[2021/12/22 14:27:24.048] - eth_getBalance
[2021/12/22 14:27:24.067] - eth_getTransactionCount
[2021/12/22 14:27:24.086] - eth_getBalance
[2021/12/22 14:27:24.096] - eth_getTransactionCount
[2021/12/22 14:27:24.102] - eth_getBalance
[2021/12/22 14:27:24.108] - eth_getTransactionCount
[2021/12/22 14:27:24.116] - eth_getBalance
[2021/12/22 14:27:24.122] - eth_getTransactionCount
[2021/12/22 14:27:27.955] - eth_call
[2021/12/22 14:27:34.153] - eth_blockNumber
[2021/12/22 14:27:34.172] - eth_getBalance
[2021/12/22 14:27:34.175] - eth_getBalance
[2021/12/22 14:27:34.176] - eth_getBalance
[2021/12/22 14:27:34.177] - eth_getBalance
[2021/12/22 14:27:34.180] - eth_getBalance
[2021/12/22 14:27:34.202] - eth_getBalance
[2021/12/22 14:27:34.203] - eth_getBalance
[2021/12/22 14:27:34.206] - eth_getBalance
[2021/12/22 14:27:34.207] - eth_getBalance
[2021/12/22 14:27:34.209] - eth_getBalance
[2021/12/22 14:27:34.211] - eth_getBalance
[2021/12/22 14:27:34.214] - eth_getBalance
[2021/12/22 14:27:34.220] - eth_getBalance
[2021/12/22 14:27:34.226] - eth_getBalance
[2021/12/22 14:27:34.227] - eth_getBalance
[2021/12/22 14:27:34.233] - eth_getBalance
[2021/12/22 14:27:34.238] - eth_getBalance
[2021/12/22 14:27:34.243] - eth_getBalance
[2021/12/22 14:27:39.994] - eth_blockNumber
[2021/12/22 14:27:41.049] - eth_blockNumber
[2021/12/22 14:27:47.999] - eth_call
[2021/12/22 14:28:15.244] - eth_blockNumber
[2021/12/22 14:28:15.250] - eth_getCode
[2021/12/22 14:28:15.277] - eth_gasPrice
[2021/12/22 14:28:16.248] - eth_blockNumber
[2021/12/22 14:28:16.576] - eth_call
[2021/12/22 14:28:16.649] - eth_getTransactionCount
[2021/12/22 14:28:18.424] - eth_sendRawTransaction
[2021/12/22 14:28:18.982] - 
[2021/12/22 14:28:18.983] -   Transaction: 0x926095a5d89ce1ceca953333a5c2b919841a1fc58ed086832de143b39821f26b
[2021/12/22 14:28:18.983] -   Gas usage: 240661
[2021/12/22 14:28:18.983] -   Block Number: 123
[2021/12/22 14:28:18.984] -   Block Time: Wed Dec 22 2021 14:28:18 GMT+0100 (Central European Standard Time)
[2021/12/22 14:28:18.984] - 
[2021/12/22 14:28:18.985] - eth_getBlockByNumber
[2021/12/22 14:28:18.990] - eth_blockNumber
[2021/12/22 14:28:18.996] - eth_getTransactionReceipt
[2021/12/22 14:28:19.002] - eth_getBalance
[2021/12/22 14:28:19.006] - eth_getBlockByHash
[2021/12/22 14:28:19.011] - eth_getTransactionCount
[2021/12/22 14:28:19.019] - eth_getBalance
[2021/12/22 14:28:19.065] - eth_getTransactionCount
[2021/12/22 14:28:19.078] - eth_getBalance
[2021/12/22 14:28:19.084] - eth_getTransactionCount
[2021/12/22 14:28:19.088] - eth_getBalance
[2021/12/22 14:28:19.095] - eth_getTransactionCount
[2021/12/22 14:28:19.101] - eth_getBalance
[2021/12/22 14:28:19.107] - eth_getTransactionCount
[2021/12/22 14:28:19.113] - eth_getBalance
[2021/12/22 14:28:19.116] - eth_getTransactionCount
[2021/12/22 14:28:19.124] - eth_getBalance
[2021/12/22 14:28:19.127] - eth_getTransactionCount
[2021/12/22 14:28:19.136] - eth_getBalance
[2021/12/22 14:28:19.148] - eth_getTransactionCount
[2021/12/22 14:28:19.155] - eth_getBalance
[2021/12/22 14:28:19.162] - eth_getTransactionCount
[2021/12/22 14:28:19.165] - eth_getBalance
[2021/12/22 14:28:19.170] - eth_getTransactionCount
[2021/12/22 14:28:29.300] - eth_blockNumber
[2021/12/22 14:28:29.320] - eth_getBalance
[2021/12/22 14:28:29.321] - eth_getBalance
[2021/12/22 14:28:29.322] - eth_getBalance
[2021/12/22 14:28:29.325] - eth_getBalance
[2021/12/22 14:28:29.326] - eth_getBalance
[2021/12/22 14:28:29.327] - eth_getBalance
[2021/12/22 14:28:29.329] - eth_getBalance
[2021/12/22 14:28:29.345] - eth_getBalance
[2021/12/22 14:28:29.349] - eth_getBalance
[2021/12/22 14:28:29.351] - eth_getBalance
[2021/12/22 14:28:29.355] - eth_getBalance
[2021/12/22 14:28:29.364] - eth_getBalance
[2021/12/22 14:28:29.369] - eth_getBalance
[2021/12/22 14:28:29.370] - eth_getBalance
[2021/12/22 14:28:29.380] - eth_getBalance
[2021/12/22 14:28:29.381] - eth_getBalance
[2021/12/22 14:28:29.382] - eth_getBalance
[2021/12/22 14:28:29.389] - eth_getBalance
[2021/12/22 14:28:35.254] - eth_blockNumber
[2021/12/22 14:28:36.296] - eth_blockNumber
[2021/12/22 14:42:27.185] - eth_blockNumber
[2021/12/22 14:42:27.226] - eth_getBlockByNumber
[2021/12/22 14:42:45.442] - eth_call
[2021/12/22 14:48:25.791] - eth_blockNumber
[2021/12/22 14:48:42.477] - eth_getCode
[2021/12/22 14:48:42.500] - eth_gasPrice
[2021/12/22 14:48:43.509] - eth_blockNumber
[2021/12/22 14:48:43.834] - eth_call
[2021/12/22 14:48:43.906] - eth_getTransactionCount
[2021/12/22 14:48:45.016] - eth_sendRawTransaction
[2021/12/22 14:48:45.463] - 
[2021/12/22 14:48:45.464] -   Transaction: 0x6ef83608518222e6fc5686c165a12b35b8f9e19e4b6b9f70b06f9e1b7c2e078b
[2021/12/22 14:48:45.464] -   Gas usage: 240601
[2021/12/22 14:48:45.465] -   Block Number: 124
[2021/12/22 14:48:45.465] -   Block Time: Wed Dec 22 2021 14:48:45 GMT+0100 (Central European Standard Time)
[2021/12/22 14:48:45.466] - 
[2021/12/22 14:48:45.467] - eth_getBlockByNumber
[2021/12/22 14:48:45.475] - eth_blockNumber
[2021/12/22 14:48:45.481] - eth_getTransactionReceipt
[2021/12/22 14:48:45.493] - eth_getBalance
[2021/12/22 14:48:45.499] - eth_getTransactionCount
[2021/12/22 14:48:45.500] - eth_getBlockByHash
[2021/12/22 14:48:45.509] - eth_getBalance
[2021/12/22 14:48:45.560] - eth_getTransactionCount
[2021/12/22 14:48:45.582] - eth_getBalance
[2021/12/22 14:48:45.595] - eth_getTransactionCount
[2021/12/22 14:48:45.603] - eth_getBalance
[2021/12/22 14:48:45.609] - eth_getTransactionCount
[2021/12/22 14:48:45.615] - eth_getBalance
[2021/12/22 14:48:45.621] - eth_getTransactionCount
[2021/12/22 14:48:45.627] - eth_getBalance
[2021/12/22 14:48:45.636] - eth_getTransactionCount
[2021/12/22 14:48:45.646] - eth_getBalance
[2021/12/22 14:48:45.651] - eth_getTransactionCount
[2021/12/22 14:48:45.663] - eth_getBalance
[2021/12/22 14:48:45.672] - eth_getTransactionCount
[2021/12/22 14:48:45.679] - eth_getBalance
[2021/12/22 14:48:45.692] - eth_getTransactionCount
[2021/12/22 14:48:45.707] - eth_getBalance
[2021/12/22 14:48:45.715] - eth_getTransactionCount
[2021/12/22 14:49:01.157] - eth_blockNumber
[2021/12/22 14:49:01.165] - eth_getBalance
[2021/12/22 14:49:01.172] - eth_getBalance
[2021/12/22 14:49:01.174] - eth_getBalance
[2021/12/22 14:49:01.175] - eth_getBalance
[2021/12/22 14:49:01.176] - eth_getBalance
[2021/12/22 14:49:01.177] - eth_getBalance
[2021/12/22 14:49:01.177] - eth_getBalance
[2021/12/22 14:49:01.182] - eth_getBalance
[2021/12/22 14:49:01.183] - eth_getBalance
[2021/12/22 14:49:01.188] - eth_getBalance
[2021/12/22 14:49:01.191] - eth_getBalance
[2021/12/22 14:49:01.197] - eth_getBalance
[2021/12/22 14:49:01.202] - eth_getBalance
[2021/12/22 14:49:01.203] - eth_getBalance
[2021/12/22 14:49:01.211] - eth_getBalance
[2021/12/22 14:49:01.212] - eth_getBalance
[2021/12/22 14:49:01.217] - eth_getBalance
[2021/12/22 14:49:01.219] - eth_getBalance
[2021/12/22 14:49:03.531] - eth_blockNumber
[2021/12/22 14:49:05.484] - eth_blockNumber
