[2021/12/13 20:40:23.602] - Starting server with initial configuration: {"gasLimit":6721975,"gasPrice":20000000000,"hardfork":"muirGlacier","hostname":"127.0.0.1","port":8545,"network_id":5777,"default_balance_ether":100,"total_accounts":10,"unlocked_accounts":[],"locked":false,"vmErrorsOnRPCResponse":true,"verbose":false,"db_path":"C:\\Users\\wassi\\AppData\\Roaming\\Ganache\\workspaces\\agrochainbackup\\chaindata","logDirectory":"C:\\Users\\wassi\\Documents\\Blockchain\\AgroChainbackup\\Logs"}
[2021/12/13 20:40:23.763] - eth_getCode
[2021/12/13 20:40:23.774] - eth_subscribe
[2021/12/13 20:40:23.776] - eth_getLogs
[2021/12/13 20:40:23.778] - eth_subscribe
[2021/12/13 20:40:23.791] - eth_getCode
[2021/12/13 20:40:23.814] - eth_getCode
[2021/12/13 20:40:23.874] - eth_getCode
[2021/12/13 20:40:23.875] - eth_subscribe
[2021/12/13 20:40:23.876] - eth_getLogs
[2021/12/13 20:40:23.879] - eth_subscribe
[2021/12/13 20:40:23.890] - eth_getCode
[2021/12/13 20:40:23.908] - eth_getCode
[2021/12/13 20:40:24.008] - eth_accounts
[2021/12/13 20:40:24.009] - eth_gasPrice
[2021/12/13 20:40:24.010] - eth_getBlockByNumber
[2021/12/13 20:40:24.010] - eth_subscribe
[2021/12/13 20:40:24.084] - eth_getBalance
[2021/12/13 20:40:24.119] - eth_getTransactionCount
[2021/12/13 20:40:24.130] - eth_getBalance
[2021/12/13 20:40:24.142] - eth_getTransactionCount
[2021/12/13 20:40:24.156] - eth_getBalance
[2021/12/13 20:40:24.163] - eth_getTransactionCount
[2021/12/13 20:40:24.171] - eth_getBalance
[2021/12/13 20:40:24.187] - eth_getTransactionCount
[2021/12/13 20:40:24.206] - eth_getBalance
[2021/12/13 20:40:24.217] - eth_getTransactionCount
[2021/12/13 20:40:24.229] - eth_getBalance
[2021/12/13 20:40:24.241] - eth_getTransactionCount
[2021/12/13 20:40:24.252] - eth_getBalance
[2021/12/13 20:40:24.261] - eth_getTransactionCount
[2021/12/13 20:40:24.273] - eth_getBalance
[2021/12/13 20:40:24.281] - eth_getTransactionCount
[2021/12/13 20:40:24.296] - eth_getBalance
[2021/12/13 20:40:24.303] - eth_getTransactionCount
[2021/12/13 20:40:24.309] - eth_getBalance
[2021/12/13 20:40:24.313] - eth_getTransactionCount
[2021/12/13 20:40:24.325] - eth_blockNumber
[2021/12/13 20:40:24.325] - eth_accounts
[2021/12/13 20:40:24.326] - eth_blockNumber
[2021/12/13 20:40:24.326] - eth_gasPrice
[2021/12/13 20:40:24.327] - eth_getBlockByNumber
[2021/12/13 20:40:24.328] - eth_subscribe
[2021/12/13 20:40:24.431] - eth_blockNumber
[2021/12/13 20:40:24.533] - eth_getBalance
[2021/12/13 20:40:24.549] - eth_getTransactionCount
[2021/12/13 20:40:24.559] - eth_getBalance
[2021/12/13 20:40:24.569] - eth_getTransactionCount
[2021/12/13 20:40:24.580] - eth_getBalance
[2021/12/13 20:40:24.592] - eth_getTransactionCount
[2021/12/13 20:40:24.604] - eth_getBalance
[2021/12/13 20:40:24.615] - eth_getTransactionCount
[2021/12/13 20:40:24.626] - eth_getBalance
[2021/12/13 20:40:24.636] - eth_getTransactionCount
[2021/12/13 20:40:24.643] - eth_getBalance
[2021/12/13 20:40:24.654] - eth_getTransactionCount
[2021/12/13 20:40:24.665] - eth_getBalance
[2021/12/13 20:40:24.674] - eth_getTransactionCount
[2021/12/13 20:40:24.689] - eth_getBalance
[2021/12/13 20:40:24.695] - eth_getTransactionCount
[2021/12/13 20:40:24.707] - eth_getBalance
[2021/12/13 20:40:24.718] - eth_getTransactionCount
[2021/12/13 20:40:24.727] - eth_getBalance
[2021/12/13 20:40:24.735] - eth_getTransactionCount
[2021/12/13 20:40:24.751] - eth_getBalance
[2021/12/13 20:40:24.759] - eth_getTransactionCount
[2021/12/13 20:40:24.765] - eth_getBalance
[2021/12/13 20:40:24.771] - eth_getTransactionCount
[2021/12/13 20:40:24.777] - eth_getBalance
[2021/12/13 20:40:24.785] - eth_getTransactionCount
[2021/12/13 20:40:24.791] - eth_getBalance
[2021/12/13 20:40:24.802] - eth_getTransactionCount
[2021/12/13 20:40:24.809] - eth_getBalance
[2021/12/13 20:40:24.816] - eth_getTransactionCount
[2021/12/13 20:40:24.820] - eth_getBalance
[2021/12/13 20:40:24.825] - eth_getTransactionCount
[2021/12/13 20:40:24.832] - eth_getBalance
[2021/12/13 20:40:24.838] - eth_getTransactionCount
[2021/12/13 20:40:24.852] - eth_getBalance
[2021/12/13 20:40:24.853] - eth_getTransactionCount
[2021/12/13 20:40:24.853] - eth_getBalance
[2021/12/13 20:40:24.858] - eth_getTransactionCount
[2021/12/13 20:40:24.863] - eth_getBalance
[2021/12/13 20:40:24.867] - eth_getTransactionCount
[2021/12/13 20:40:25.195] - eth_getBalance
[2021/12/13 20:40:25.208] - eth_getTransactionCount
[2021/12/13 20:40:25.208] - eth_getBalance
[2021/12/13 20:40:25.210] - eth_getTransactionCount
[2021/12/13 20:40:25.218] - eth_getBalance
[2021/12/13 20:40:25.224] - eth_getTransactionCount
[2021/12/13 20:40:25.229] - eth_getBalance
[2021/12/13 20:40:25.237] - eth_getTransactionCount
[2021/12/13 20:40:25.243] - eth_getBalance
[2021/12/13 20:40:25.252] - eth_getTransactionCount
[2021/12/13 20:40:25.258] - eth_getBalance
[2021/12/13 20:40:25.264] - eth_getTransactionCount
[2021/12/13 20:40:25.269] - eth_getBalance
[2021/12/13 20:40:25.276] - eth_getTransactionCount
[2021/12/13 20:40:25.282] - eth_getBalance
[2021/12/13 20:40:25.288] - eth_getTransactionCount
[2021/12/13 20:40:25.294] - eth_getBalance
[2021/12/13 20:40:25.299] - eth_getTransactionCount
[2021/12/13 20:40:25.307] - eth_getBalance
[2021/12/13 20:40:25.312] - eth_getTransactionCount
[2021/12/13 20:40:30.966] - eth_blockNumber
[2021/12/13 20:40:32.489] - eth_blockNumber
[2021/12/13 20:40:32.493] - net_version
[2021/12/13 20:40:32.503] - eth_getBlockByNumber
[2021/12/13 20:40:44.769] - eth_blockNumber
[2021/12/13 20:40:44.774] - eth_getBalance
[2021/12/13 20:40:44.779] - eth_getBalance
[2021/12/13 20:40:44.780] - eth_getBalance
[2021/12/13 20:40:44.781] - eth_getBalance
[2021/12/13 20:40:44.783] - eth_getBalance
[2021/12/13 20:40:44.784] - eth_getBalance
[2021/12/13 20:40:44.785] - eth_getBalance
[2021/12/13 20:40:44.787] - eth_getBalance
[2021/12/13 20:40:44.788] - eth_getBalance
[2021/12/13 20:40:44.797] - eth_getBalance
[2021/12/13 20:40:44.798] - eth_getBalance
[2021/12/13 20:40:44.803] - eth_getBalance
[2021/12/13 20:40:44.807] - eth_getBalance
[2021/12/13 20:40:44.837] - eth_getBalance
[2021/12/13 20:40:44.839] - eth_getBalance
[2021/12/13 20:40:44.840] - eth_getBalance
[2021/12/13 20:40:44.846] - eth_getBalance
[2021/12/13 20:40:44.850] - eth_getBalance
[2021/12/13 20:40:46.213] - eth_blockNumber
[2021/12/13 20:40:52.503] - eth_blockNumber
[2021/12/13 20:41:34.527] - eth_blockNumber
[2021/12/13 20:42:00.086] - eth_blockNumber
[2021/12/13 20:42:35.648] - eth_blockNumber
[2021/12/13 20:43:09.337] - eth_blockNumber
[2021/12/13 20:43:09.342] - eth_getCode
[2021/12/13 20:43:09.375] - eth_gasPrice
[2021/12/13 20:43:10.248] - eth_blockNumber
[2021/12/13 20:43:10.583] - eth_call
[2021/12/13 20:43:10.666] - eth_getTransactionCount
[2021/12/13 20:43:13.321] - eth_sendRawTransaction
[2021/12/13 20:43:13.405] - 
[2021/12/13 20:43:13.406] -   Transaction: 0xd87501b3493423cb08f2c5662e410a5e6301887d3adc64bb71d1cdb920047aaa
[2021/12/13 20:43:13.407] -   Gas usage: 22408
[2021/12/13 20:43:13.407] -   Block Number: 116
[2021/12/13 20:43:13.413] -   Block Time: Mon Dec 13 2021 20:43:13 GMT+0100 (Central European Standard Time)
[2021/12/13 20:43:13.414] - 
[2021/12/13 20:43:13.417] - eth_getBlockByNumber
[2021/12/13 20:43:13.434] - eth_getBalance
[2021/12/13 20:43:13.441] - eth_getTransactionCount
[2021/12/13 20:43:13.447] - eth_getBalance
[2021/12/13 20:43:13.465] - eth_getTransactionCount
[2021/12/13 20:43:13.481] - eth_getBalance
[2021/12/13 20:43:13.491] - eth_getTransactionCount
[2021/12/13 20:43:13.498] - eth_getBalance
[2021/12/13 20:43:13.504] - eth_getTransactionCount
[2021/12/13 20:43:13.515] - eth_getBalance
[2021/12/13 20:43:13.521] - eth_getTransactionCount
[2021/12/13 20:43:13.527] - eth_getBalance
[2021/12/13 20:43:13.532] - eth_getTransactionCount
[2021/12/13 20:43:13.538] - eth_getBalance
[2021/12/13 20:43:13.544] - eth_getTransactionReceipt
[2021/12/13 20:43:13.550] - eth_getTransactionCount
[2021/12/13 20:43:13.558] - eth_getBalance
[2021/12/13 20:43:13.563] - eth_blockNumber
[2021/12/13 20:43:13.571] - eth_getTransactionCount
[2021/12/13 20:43:13.577] - eth_getBalance
[2021/12/13 20:43:13.583] - eth_getTransactionCount
[2021/12/13 20:43:13.592] - eth_getBlockByNumber
[2021/12/13 20:43:13.606] - eth_getBalance
[2021/12/13 20:43:13.619] - eth_getTransactionReceipt
[2021/12/13 20:43:13.641] - eth_getTransactionCount
[2021/12/13 20:43:13.649] - eth_getBalance
[2021/12/13 20:43:13.650] - eth_getBalance
[2021/12/13 20:43:13.659] - eth_getBalance
[2021/12/13 20:43:13.661] - eth_getBalance
[2021/12/13 20:43:13.664] - eth_getBalance
[2021/12/13 20:43:13.665] - eth_getBalance
[2021/12/13 20:43:13.668] - eth_getBalance
[2021/12/13 20:43:13.669] - eth_getBalance
[2021/12/13 20:43:13.677] - eth_getBalance
[2021/12/13 20:43:13.678] - eth_getBalance
[2021/12/13 20:43:13.685] - eth_getBalance
[2021/12/13 20:43:13.687] - eth_getBalance
[2021/12/13 20:43:13.694] - eth_getBalance
[2021/12/13 20:43:13.696] - eth_getBalance
[2021/12/13 20:43:13.703] - eth_getBalance
[2021/12/13 20:43:13.703] - eth_getBalance
[2021/12/13 20:43:13.718] - eth_getBalance
[2021/12/13 20:43:13.720] - eth_getBalance
[2021/12/13 20:43:13.736] - eth_getBlockByHash
[2021/12/13 20:43:17.313] - eth_call
[2021/12/13 20:43:21.166] - eth_blockNumber
[2021/12/13 20:43:29.351] - eth_blockNumber
[2021/12/13 20:43:30.296] - eth_blockNumber
[2021/12/13 20:43:38.755] - eth_call
[2021/12/13 20:44:36.625] - eth_blockNumber
[2021/12/13 20:45:00.312] - eth_getCode
[2021/12/13 20:45:00.339] - eth_gasPrice
[2021/12/13 20:45:01.172] - eth_blockNumber
[2021/12/13 20:45:01.514] - eth_call
[2021/12/13 20:45:01.589] - eth_getTransactionCount
[2021/12/13 20:45:03.445] - eth_sendRawTransaction
[2021/12/13 20:45:03.541] - 
[2021/12/13 20:45:03.542] -   Transaction: 0x32dd808711cfa4d4c4d9dcc050a613664a0401f2dd1fed9efa7168019c0dd249
[2021/12/13 20:45:03.543] -   Gas usage: 22432
[2021/12/13 20:45:03.544] -   Block Number: 117
[2021/12/13 20:45:03.544] -   Block Time: Mon Dec 13 2021 20:45:03 GMT+0100 (Central European Standard Time)
[2021/12/13 20:45:03.544] - 
[2021/12/13 20:45:03.547] - eth_getBlockByNumber
[2021/12/13 20:45:03.583] - eth_getBalance
[2021/12/13 20:45:03.595] - eth_getTransactionCount
[2021/12/13 20:45:03.607] - eth_getBalance
[2021/12/13 20:45:03.608] - eth_getTransactionCount
[2021/12/13 20:45:03.618] - eth_getBalance
[2021/12/13 20:45:03.622] - eth_getTransactionCount
[2021/12/13 20:45:03.632] - eth_getBalance
[2021/12/13 20:45:03.638] - eth_getTransactionCount
[2021/12/13 20:45:03.644] - eth_getBalance
[2021/12/13 20:45:03.653] - eth_getTransactionCount
[2021/12/13 20:45:03.658] - eth_getBalance
[2021/12/13 20:45:03.666] - eth_getTransactionCount
[2021/12/13 20:45:03.671] - eth_getBalance
[2021/12/13 20:45:03.679] - eth_getTransactionReceipt
[2021/12/13 20:45:03.687] - eth_getTransactionCount
[2021/12/13 20:45:03.694] - eth_getBalance
[2021/12/13 20:45:03.697] - eth_blockNumber
[2021/12/13 20:45:03.701] - eth_getTransactionCount
[2021/12/13 20:45:03.708] - eth_getBalance
[2021/12/13 20:45:03.717] - eth_getTransactionCount
[2021/12/13 20:45:03.726] - eth_getBlockByNumber
[2021/12/13 20:45:03.750] - eth_getTransactionReceipt
[2021/12/13 20:45:03.778] - eth_getBalance
[2021/12/13 20:45:03.789] - eth_getBalance
[2021/12/13 20:45:03.790] - eth_getBalance
[2021/12/13 20:45:03.794] - eth_getBalance
[2021/12/13 20:45:03.795] - eth_getBalance
[2021/12/13 20:45:03.796] - eth_getBalance
[2021/12/13 20:45:03.798] - eth_getBalance
[2021/12/13 20:45:03.804] - eth_getBalance
[2021/12/13 20:45:03.805] - eth_getBalance
[2021/12/13 20:45:03.811] - eth_getBalance
[2021/12/13 20:45:03.812] - eth_getBalance
[2021/12/13 20:45:03.819] - eth_getBalance
[2021/12/13 20:45:03.820] - eth_getBalance
[2021/12/13 20:45:03.838] - eth_getBalance
[2021/12/13 20:45:03.839] - eth_getBalance
[2021/12/13 20:45:03.848] - eth_getBalance
[2021/12/13 20:45:03.849] - eth_getBalance
[2021/12/13 20:45:03.856] - eth_getBalance
[2021/12/13 20:45:03.859] - eth_getBalance
[2021/12/13 20:45:03.875] - eth_getBlockByHash
[2021/12/13 20:45:03.888] - eth_getTransactionCount
[2021/12/13 20:45:08.308] - eth_call
[2021/12/13 20:45:16.619] - eth_blockNumber
[2021/12/13 20:45:21.229] - eth_blockNumber
[2021/12/13 20:45:27.543] - eth_call
[2021/12/13 20:50:08.228] - eth_blockNumber
[2021/12/13 20:50:09.830] - eth_blockNumber
[2021/12/13 20:50:26.932] - eth_call
[2021/12/13 20:50:26.932] - eth_call
[2021/12/13 20:50:27.245] - eth_call
[2021/12/13 20:50:27.246] - eth_call
[2021/12/13 20:53:50.866] - eth_blockNumber
[2021/12/13 20:53:50.871] - eth_call
[2021/12/13 20:53:50.875] - eth_call
[2021/12/13 20:53:51.173] - eth_call
[2021/12/13 20:53:51.173] - eth_call
[2021/12/13 20:53:54.486] - eth_call
[2021/12/13 20:53:54.495] - eth_call
[2021/12/13 20:53:54.496] - eth_call
[2021/12/13 20:54:27.328] - eth_blockNumber
[2021/12/13 20:55:10.392] - eth_blockNumber
[2021/12/13 20:55:10.402] - eth_getCode
[2021/12/13 20:55:10.430] - eth_gasPrice
[2021/12/13 20:55:11.277] - eth_blockNumber
[2021/12/13 20:55:11.647] - eth_call
[2021/12/13 20:55:11.723] - eth_getTransactionCount
[2021/12/13 20:55:13.448] - eth_sendRawTransaction
[2021/12/13 20:55:14.039] - 
[2021/12/13 20:55:14.040] -   Transaction: 0x2c085a173bfe18cab4d42dc564e415ed3a545444388a4e1747eabb08a764fd11
[2021/12/13 20:55:14.040] -   Gas usage: 279765
[2021/12/13 20:55:14.041] -   Block Number: 118
[2021/12/13 20:55:14.042] -   Block Time: Mon Dec 13 2021 20:55:13 GMT+0100 (Central European Standard Time)
[2021/12/13 20:55:14.042] - 
[2021/12/13 20:55:14.044] - eth_getBlockByNumber
[2021/12/13 20:55:14.049] - eth_blockNumber
[2021/12/13 20:55:14.058] - eth_getTransactionReceipt
[2021/12/13 20:55:14.066] - eth_getBlockByHash
[2021/12/13 20:55:14.073] - eth_getBalance
[2021/12/13 20:55:14.101] - eth_getTransactionCount
[2021/12/13 20:55:14.118] - eth_getBalance
[2021/12/13 20:55:14.126] - eth_getTransactionCount
[2021/12/13 20:55:14.134] - eth_getBalance
[2021/12/13 20:55:14.139] - eth_getTransactionCount
[2021/12/13 20:55:14.148] - eth_getBalance
[2021/12/13 20:55:14.155] - eth_getTransactionCount
[2021/12/13 20:55:14.162] - eth_getBalance
[2021/12/13 20:55:14.169] - eth_getTransactionCount
[2021/12/13 20:55:14.175] - eth_getBalance
[2021/12/13 20:55:14.182] - eth_getTransactionCount
[2021/12/13 20:55:14.190] - eth_getBalance
[2021/12/13 20:55:14.198] - eth_getTransactionCount
[2021/12/13 20:55:14.204] - eth_getBalance
[2021/12/13 20:55:14.212] - eth_getTransactionCount
[2021/12/13 20:55:14.219] - eth_getBalance
[2021/12/13 20:55:14.227] - eth_getTransactionCount
[2021/12/13 20:55:14.235] - eth_getBalance
[2021/12/13 20:55:14.243] - eth_getTransactionCount
[2021/12/13 20:55:18.596] - eth_call
[2021/12/13 20:55:18.982] - eth_blockNumber
[2021/12/13 20:55:19.005] - eth_getBalance
[2021/12/13 20:55:19.009] - eth_getBalance
[2021/12/13 20:55:19.010] - eth_getBalance
[2021/12/13 20:55:19.013] - eth_getBalance
[2021/12/13 20:55:19.014] - eth_getBalance
[2021/12/13 20:55:19.015] - eth_getBalance
[2021/12/13 20:55:19.016] - eth_getBalance
[2021/12/13 20:55:19.016] - eth_getBalance
[2021/12/13 20:55:19.019] - eth_getBalance
[2021/12/13 20:55:19.036] - eth_getBalance
[2021/12/13 20:55:19.037] - eth_getBalance
[2021/12/13 20:55:19.047] - eth_getBalance
[2021/12/13 20:55:19.053] - eth_getBalance
[2021/12/13 20:55:19.057] - eth_getBalance
[2021/12/13 20:55:19.059] - eth_getBalance
[2021/12/13 20:55:19.070] - eth_getBalance
[2021/12/13 20:55:19.071] - eth_getBalance
[2021/12/13 20:55:19.097] - eth_getBalance
[2021/12/13 20:55:19.681] - eth_call
[2021/12/13 20:55:30.428] - eth_blockNumber
[2021/12/13 20:55:31.314] - eth_blockNumber
[2021/12/13 20:55:36.384] - eth_call
[2021/12/13 20:55:36.390] - eth_call
[2021/12/13 20:56:18.222] - eth_blockNumber
[2021/12/13 20:56:18.244] - eth_getCode
[2021/12/13 20:56:18.272] - eth_gasPrice
[2021/12/13 20:56:19.105] - eth_blockNumber
[2021/12/13 20:56:19.459] - eth_call
[2021/12/13 20:56:19.535] - eth_getTransactionCount
[2021/12/13 20:56:21.487] - eth_sendRawTransaction
[2021/12/13 20:56:22.029] - 
[2021/12/13 20:56:22.029] -   Transaction: 0xcaaa29715ee940a255d254772e17f89c88fcf5273aa187a006b4ea67e9935359
[2021/12/13 20:56:22.030] -   Gas usage: 202162
[2021/12/13 20:56:22.031] -   Block Number: 119
[2021/12/13 20:56:22.031] -   Block Time: Mon Dec 13 2021 20:56:21 GMT+0100 (Central European Standard Time)
[2021/12/13 20:56:22.031] - 
[2021/12/13 20:56:22.033] - eth_getBlockByNumber
[2021/12/13 20:56:22.037] - eth_blockNumber
[2021/12/13 20:56:22.047] - eth_getTransactionReceipt
[2021/12/13 20:56:22.055] - eth_getBlockByHash
[2021/12/13 20:56:22.081] - eth_getBalance
[2021/12/13 20:56:22.104] - eth_getTransactionCount
[2021/12/13 20:56:22.126] - eth_getBalance
[2021/12/13 20:56:22.133] - eth_getTransactionCount
[2021/12/13 20:56:22.140] - eth_getBalance
[2021/12/13 20:56:22.150] - eth_getTransactionCount
[2021/12/13 20:56:22.157] - eth_getBalance
[2021/12/13 20:56:22.164] - eth_getTransactionCount
[2021/12/13 20:56:22.172] - eth_getBalance
[2021/12/13 20:56:22.179] - eth_getTransactionCount
[2021/12/13 20:56:22.184] - eth_getBalance
[2021/12/13 20:56:22.193] - eth_getTransactionCount
[2021/12/13 20:56:22.200] - eth_getBalance
[2021/12/13 20:56:22.207] - eth_getTransactionCount
[2021/12/13 20:56:22.224] - eth_getBalance
[2021/12/13 20:56:22.261] - eth_getTransactionCount
[2021/12/13 20:56:22.270] - eth_getBalance
[2021/12/13 20:56:22.280] - eth_getTransactionCount
[2021/12/13 20:56:22.293] - eth_getBalance
[2021/12/13 20:56:22.298] - eth_getTransactionCount
[2021/12/13 20:56:29.752] - eth_blockNumber
[2021/12/13 20:56:29.774] - eth_getBalance
[2021/12/13 20:56:29.775] - eth_getBalance
[2021/12/13 20:56:29.777] - eth_getBalance
[2021/12/13 20:56:29.780] - eth_getBalance
[2021/12/13 20:56:29.781] - eth_getBalance
[2021/12/13 20:56:29.782] - eth_getBalance
[2021/12/13 20:56:29.783] - eth_getBalance
[2021/12/13 20:56:29.783] - eth_getBalance
[2021/12/13 20:56:29.803] - eth_getBalance
[2021/12/13 20:56:29.805] - eth_getBalance
[2021/12/13 20:56:29.807] - eth_getBalance
[2021/12/13 20:56:29.814] - eth_getBalance
[2021/12/13 20:56:29.818] - eth_getBalance
[2021/12/13 20:56:29.819] - eth_getBalance
[2021/12/13 20:56:29.831] - eth_getBalance
[2021/12/13 20:56:29.833] - eth_getBalance
[2021/12/13 20:56:29.844] - eth_getBalance
[2021/12/13 20:56:29.850] - eth_getBalance
[2021/12/13 20:56:38.248] - eth_blockNumber
[2021/12/13 20:56:39.135] - eth_blockNumber
[2021/12/13 20:57:00.048] - eth_call
[2021/12/13 20:57:00.052] - eth_call
[2021/12/13 20:57:00.351] - eth_call
[2021/12/13 20:57:00.358] - eth_call
[2021/12/13 20:57:27.857] - eth_blockNumber
[2021/12/13 20:57:27.860] - eth_call
[2021/12/13 20:57:27.944] - eth_call
[2021/12/13 20:57:29.440] - eth_call
[2021/12/13 20:57:29.441] - eth_call
[2021/12/13 21:05:22.931] - eth_blockNumber
[2021/12/13 21:05:22.954] - net_version
[2021/12/13 21:05:22.956] - net_version
[2021/12/13 21:05:24.034] - eth_blockNumber
[2021/12/13 21:05:41.514] - eth_blockNumber
[2021/12/13 21:05:41.517] - eth_getBalance
[2021/12/13 21:05:41.519] - eth_getBalance
[2021/12/13 21:05:41.523] - eth_getBalance
[2021/12/13 21:05:41.525] - eth_getBalance
[2021/12/13 21:05:41.526] - eth_getBalance
[2021/12/13 21:05:41.527] - eth_getBalance
[2021/12/13 21:05:41.528] - eth_getBalance
[2021/12/13 21:05:41.529] - eth_getBalance
[2021/12/13 21:05:41.534] - eth_getBalance
[2021/12/13 21:05:41.535] - eth_getBalance
[2021/12/13 21:05:41.538] - eth_getBalance
[2021/12/13 21:05:41.543] - eth_getBalance
[2021/12/13 21:05:41.544] - eth_getBalance
[2021/12/13 21:05:41.549] - eth_getBalance
[2021/12/13 21:05:41.550] - eth_getBalance
[2021/12/13 21:05:41.554] - eth_getBalance
[2021/12/13 21:05:41.557] - eth_getBalance
[2021/12/13 21:05:41.563] - eth_getBalance
[2021/12/13 21:05:43.639] - eth_blockNumber
[2021/12/13 21:05:44.064] - eth_blockNumber
[2021/12/13 21:07:28.020] - eth_blockNumber
[2021/12/13 21:07:28.037] - eth_call
[2021/12/13 21:07:28.038] - eth_call
[2021/12/13 21:07:28.318] - eth_call
[2021/12/13 21:07:28.319] - eth_call
[2021/12/13 21:08:07.508] - eth_call
[2021/12/13 21:08:07.509] - eth_blockNumber
[2021/12/13 21:08:07.619] - eth_call
[2021/12/13 21:08:07.622] - eth_call
[2021/12/13 21:24:00.600] - eth_blockNumber
[2021/12/13 21:24:00.614] - net_version
[2021/12/13 21:24:00.615] - net_version
[2021/12/13 21:24:02.135] - eth_blockNumber
[2021/12/13 21:24:17.100] - eth_blockNumber
[2021/12/13 21:24:17.104] - eth_getBalance
[2021/12/13 21:24:17.107] - eth_getBalance
[2021/12/13 21:24:17.108] - eth_getBalance
[2021/12/13 21:24:17.109] - eth_getBalance
[2021/12/13 21:24:17.112] - eth_getBalance
[2021/12/13 21:24:17.114] - eth_getBalance
[2021/12/13 21:24:17.115] - eth_getBalance
[2021/12/13 21:24:17.116] - eth_getBalance
[2021/12/13 21:24:17.117] - eth_getBalance
[2021/12/13 21:24:17.120] - eth_getBalance
[2021/12/13 21:24:17.123] - eth_getBalance
[2021/12/13 21:24:17.126] - eth_getBalance
[2021/12/13 21:24:17.131] - eth_getBalance
[2021/12/13 21:24:17.132] - eth_getBalance
[2021/12/13 21:24:17.144] - eth_getBalance
[2021/12/13 21:24:17.145] - eth_getBalance
[2021/12/13 21:24:17.150] - eth_getBalance
[2021/12/13 21:24:17.151] - eth_getBalance
[2021/12/13 21:24:20.627] - eth_blockNumber
[2021/12/13 21:28:34.342] - eth_blockNumber
[2021/12/13 21:28:34.379] - eth_getBlockByNumber
[2021/12/13 21:53:22.090] - eth_blockNumber
[2021/12/13 21:54:01.698] - eth_blockNumber
[2021/12/13 21:54:21.745] - eth_blockNumber
[2021/12/13 21:54:41.759] - eth_blockNumber
[2021/12/13 21:55:01.791] - eth_blockNumber
[2021/12/13 22:02:10.467] - eth_blockNumber
[2021/12/13 22:10:42.255] - eth_blockNumber
[2021/12/13 22:10:42.268] - eth_call
[2021/12/13 22:10:55.772] - eth_blockNumber
[2021/12/13 22:11:02.281] - eth_blockNumber
[2021/12/13 22:45:50.582] - eth_unsubscribe
[2021/12/13 22:45:50.583] - eth_unsubscribe
