[2021/12/23 13:15:11.807] - Starting server with initial configuration: {"gasLimit":6721975,"gasPrice":20000000000,"hardfork":"muirGlacier","hostname":"127.0.0.1","port":8545,"network_id":5777,"default_balance_ether":100,"total_accounts":10,"unlocked_accounts":[],"locked":false,"vmErrorsOnRPCResponse":true,"verbose":false,"db_path":"C:\\Users\\wassi\\AppData\\Roaming\\Ganache\\workspaces\\agrochainbackup\\chaindata","logDirectory":"C:\\Users\\wassi\\Documents\\Blockchain\\AgroChainbackup\\Logs"}
[2021/12/23 13:15:11.993] - eth_blockNumber
[2021/12/23 13:15:11.997] - eth_getCode
[2021/12/23 13:15:11.999] - eth_subscribe
[2021/12/23 13:15:12.007] - eth_getLogs
[2021/12/23 13:15:12.009] - eth_subscribe
[2021/12/23 13:15:12.029] - eth_getBlockByNumber
[2021/12/23 13:15:12.089] - eth_getCode
[2021/12/23 13:15:12.134] - eth_getCode
[2021/12/23 13:15:12.135] - eth_subscribe
[2021/12/23 13:15:12.136] - eth_getLogs
[2021/12/23 13:15:12.137] - eth_subscribe
[2021/12/23 13:15:12.147] - eth_getCode
[2021/12/23 13:15:12.172] - eth_getCode
[2021/12/23 13:15:12.242] - eth_getCode
[2021/12/23 13:15:12.347] - eth_blockNumber
[2021/12/23 13:15:12.349] - eth_accounts
[2021/12/23 13:15:12.350] - eth_gasPrice
[2021/12/23 13:15:12.351] - eth_getBlockByNumber
[2021/12/23 13:15:12.352] - eth_subscribe
[2021/12/23 13:15:12.416] - eth_getBalance
[2021/12/23 13:15:12.426] - eth_getTransactionCount
[2021/12/23 13:15:12.436] - eth_getBalance
[2021/12/23 13:15:12.446] - eth_getTransactionCount
[2021/12/23 13:15:12.456] - eth_getBalance
[2021/12/23 13:15:12.467] - eth_getTransactionCount
[2021/12/23 13:15:12.479] - eth_getBalance
[2021/12/23 13:15:12.488] - eth_getTransactionCount
[2021/12/23 13:15:12.498] - eth_getBalance
[2021/12/23 13:15:12.505] - eth_getTransactionCount
[2021/12/23 13:15:12.515] - eth_getBalance
[2021/12/23 13:15:12.520] - eth_getTransactionCount
[2021/12/23 13:15:12.529] - eth_getBalance
[2021/12/23 13:15:12.535] - eth_getTransactionCount
[2021/12/23 13:15:12.544] - eth_getBalance
[2021/12/23 13:15:12.551] - eth_getTransactionCount
[2021/12/23 13:15:12.560] - eth_getBalance
[2021/12/23 13:15:12.564] - eth_getTransactionCount
[2021/12/23 13:15:12.576] - eth_getBalance
[2021/12/23 13:15:12.585] - eth_getTransactionCount
[2021/12/23 13:15:12.592] - eth_getBalance
[2021/12/23 13:15:12.600] - eth_getTransactionCount
[2021/12/23 13:15:12.606] - eth_getBalance
[2021/12/23 13:15:12.617] - eth_getTransactionCount
[2021/12/23 13:15:12.628] - eth_getBalance
[2021/12/23 13:15:12.637] - eth_getTransactionCount
[2021/12/23 13:15:12.646] - eth_getBalance
[2021/12/23 13:15:12.653] - eth_getTransactionCount
[2021/12/23 13:15:12.663] - eth_getBalance
[2021/12/23 13:15:12.669] - eth_getTransactionCount
[2021/12/23 13:15:12.679] - eth_getBalance
[2021/12/23 13:15:12.684] - eth_getTransactionCount
[2021/12/23 13:15:12.692] - eth_getBalance
[2021/12/23 13:15:12.700] - eth_getTransactionCount
[2021/12/23 13:15:12.708] - eth_getBalance
[2021/12/23 13:15:12.714] - eth_getTransactionCount
[2021/12/23 13:15:12.720] - eth_getBalance
[2021/12/23 13:15:12.726] - eth_getTransactionCount
[2021/12/23 13:15:12.732] - eth_getBalance
[2021/12/23 13:15:12.739] - eth_getTransactionCount
[2021/12/23 13:15:12.792] - eth_blockNumber
[2021/12/23 13:15:12.793] - eth_accounts
[2021/12/23 13:15:12.794] - eth_gasPrice
[2021/12/23 13:15:12.795] - eth_getBlockByNumber
[2021/12/23 13:15:12.796] - eth_subscribe
[2021/12/23 13:15:13.543] - eth_getBalance
[2021/12/23 13:15:13.552] - eth_getTransactionCount
[2021/12/23 13:15:13.559] - eth_getBalance
[2021/12/23 13:15:13.567] - eth_getTransactionCount
[2021/12/23 13:15:13.573] - eth_getBalance
[2021/12/23 13:15:13.581] - eth_getTransactionCount
[2021/12/23 13:15:13.587] - eth_getBalance
[2021/12/23 13:15:13.593] - eth_getTransactionCount
[2021/12/23 13:15:13.603] - eth_getBalance
[2021/12/23 13:15:13.611] - eth_getTransactionCount
[2021/12/23 13:15:13.619] - eth_getBalance
[2021/12/23 13:15:13.626] - eth_getTransactionCount
[2021/12/23 13:15:13.634] - eth_getBalance
[2021/12/23 13:15:13.642] - eth_getTransactionCount
[2021/12/23 13:15:13.661] - eth_getBalance
[2021/12/23 13:15:13.662] - eth_getTransactionCount
[2021/12/23 13:15:13.663] - eth_getBalance
[2021/12/23 13:15:13.665] - eth_getTransactionCount
[2021/12/23 13:15:13.674] - eth_getBalance
[2021/12/23 13:15:13.680] - eth_getTransactionCount
[2021/12/23 13:15:13.717] - eth_getBalance
[2021/12/23 13:15:13.737] - eth_getTransactionCount
[2021/12/23 13:15:13.739] - eth_getBalance
[2021/12/23 13:15:13.758] - eth_getTransactionCount
[2021/12/23 13:15:13.764] - eth_getBalance
[2021/12/23 13:15:13.772] - eth_getTransactionCount
[2021/12/23 13:15:13.779] - eth_getBalance
[2021/12/23 13:15:13.787] - eth_getTransactionCount
[2021/12/23 13:15:13.794] - eth_getBalance
[2021/12/23 13:15:13.801] - eth_getTransactionCount
[2021/12/23 13:15:13.807] - eth_getBalance
[2021/12/23 13:15:13.817] - eth_getTransactionCount
[2021/12/23 13:15:13.822] - eth_getBalance
[2021/12/23 13:15:13.828] - eth_getTransactionCount
[2021/12/23 13:15:13.837] - eth_getBalance
[2021/12/23 13:15:13.843] - eth_getTransactionCount
[2021/12/23 13:15:13.850] - eth_getBalance
[2021/12/23 13:15:13.859] - eth_getTransactionCount
[2021/12/23 13:15:13.863] - eth_getBalance
[2021/12/23 13:15:13.870] - eth_getTransactionCount
[2021/12/23 13:15:16.910] - eth_blockNumber
[2021/12/23 13:15:33.271] - eth_blockNumber
[2021/12/23 13:15:40.539] - eth_blockNumber
[2021/12/23 13:15:53.353] - eth_blockNumber
[2021/12/23 13:16:00.578] - eth_blockNumber
[2021/12/23 13:16:11.732] - eth_blockNumber
[2021/12/23 13:16:11.739] - net_version
[2021/12/23 13:16:11.748] - eth_getBlockByNumber
[2021/12/23 13:16:23.702] - eth_blockNumber
[2021/12/23 13:16:23.712] - eth_getBalance
[2021/12/23 13:16:23.714] - eth_getBalance
[2021/12/23 13:16:23.719] - eth_getBalance
[2021/12/23 13:16:23.723] - eth_getBalance
[2021/12/23 13:16:23.728] - eth_getBalance
[2021/12/23 13:16:23.729] - eth_getBalance
[2021/12/23 13:16:23.731] - eth_getBalance
[2021/12/23 13:16:23.732] - eth_getBalance
[2021/12/23 13:16:23.733] - eth_getBalance
[2021/12/23 13:16:23.777] - eth_getBalance
[2021/12/23 13:16:23.780] - eth_getBalance
[2021/12/23 13:16:23.781] - eth_getBalance
[2021/12/23 13:16:23.792] - eth_getBalance
[2021/12/23 13:16:23.795] - eth_getBalance
[2021/12/23 13:16:23.805] - eth_getBalance
[2021/12/23 13:16:23.810] - eth_getBalance
[2021/12/23 13:16:23.813] - eth_getBalance
[2021/12/23 13:16:23.832] - eth_getBalance
[2021/12/23 13:17:14.118] - eth_blockNumber
[2021/12/23 13:17:32.356] - eth_call
[2021/12/23 13:17:39.713] - eth_call
[2021/12/23 13:17:44.631] - eth_blockNumber
[2021/12/23 13:17:44.644] - eth_call
[2021/12/23 13:17:53.874] - eth_call
[2021/12/23 13:20:43.507] - eth_blockNumber
[2021/12/23 13:23:21.765] - eth_blockNumber
[2021/12/23 13:23:51.898] - eth_blockNumber
[2021/12/23 13:23:51.914] - eth_getCode
[2021/12/23 13:23:51.957] - eth_gasPrice
[2021/12/23 13:23:53.500] - eth_blockNumber
[2021/12/23 13:23:54.046] - eth_call
[2021/12/23 13:23:54.160] - eth_getTransactionCount
[2021/12/23 13:23:55.826] - eth_sendRawTransaction
[2021/12/23 13:23:56.677] - 
[2021/12/23 13:23:56.677] -   Transaction: 0x2ea1d79ff7b99ccc9e5482a7641bcde43a53e6e7d2a6d885de985995394491d4
[2021/12/23 13:23:56.678] -   Gas usage: 240481
[2021/12/23 13:23:56.679] -   Block Number: 125
[2021/12/23 13:23:56.682] -   Block Time: Thu Dec 23 2021 13:23:55 GMT+0100 (Central European Standard Time)
[2021/12/23 13:23:56.683] - 
[2021/12/23 13:23:56.684] - eth_getBlockByNumber
[2021/12/23 13:23:56.692] - eth_blockNumber
[2021/12/23 13:23:56.700] - eth_getBalance
[2021/12/23 13:23:56.708] - eth_getTransactionReceipt
[2021/12/23 13:23:56.717] - eth_getTransactionCount
[2021/12/23 13:23:56.725] - eth_getBlockByHash
[2021/12/23 13:23:56.726] - eth_getBalance
[2021/12/23 13:23:56.739] - eth_getTransactionCount
[2021/12/23 13:23:56.748] - eth_getBalance
[2021/12/23 13:23:56.765] - eth_getTransactionCount
[2021/12/23 13:23:56.778] - eth_getBalance
[2021/12/23 13:23:56.798] - eth_getTransactionCount
[2021/12/23 13:23:56.808] - eth_getBalance
[2021/12/23 13:23:56.816] - eth_getTransactionCount
[2021/12/23 13:23:56.826] - eth_getBalance
[2021/12/23 13:23:56.834] - eth_getTransactionCount
[2021/12/23 13:23:56.843] - eth_getBalance
[2021/12/23 13:23:56.851] - eth_getTransactionCount
[2021/12/23 13:23:56.862] - eth_getBalance
[2021/12/23 13:23:56.874] - eth_getTransactionCount
[2021/12/23 13:23:56.883] - eth_getBalance
[2021/12/23 13:23:56.897] - eth_getTransactionCount
[2021/12/23 13:23:56.904] - eth_getBalance
[2021/12/23 13:23:56.913] - eth_getTransactionCount
[2021/12/23 13:24:03.947] - eth_blockNumber
[2021/12/23 13:24:03.982] - eth_getBalance
[2021/12/23 13:24:03.984] - eth_getBalance
[2021/12/23 13:24:03.988] - eth_getBalance
[2021/12/23 13:24:03.989] - eth_getBalance
[2021/12/23 13:24:03.991] - eth_getBalance
[2021/12/23 13:24:03.996] - eth_getBalance
[2021/12/23 13:24:03.998] - eth_getBalance
[2021/12/23 13:24:04.021] - eth_getBalance
[2021/12/23 13:24:04.023] - eth_getBalance
[2021/12/23 13:24:04.030] - eth_getBalance
[2021/12/23 13:24:04.041] - eth_getBalance
[2021/12/23 13:24:04.044] - eth_getBalance
[2021/12/23 13:24:04.070] - eth_getBalance
[2021/12/23 13:24:04.072] - eth_getBalance
[2021/12/23 13:24:04.079] - eth_getBalance
[2021/12/23 13:24:04.081] - eth_getBalance
[2021/12/23 13:24:04.090] - eth_getBalance
[2021/12/23 13:24:04.096] - eth_getBalance
[2021/12/23 13:24:11.925] - eth_blockNumber
[2021/12/23 13:27:21.375] - eth_blockNumber
[2021/12/23 13:27:21.467] - eth_getBlockByNumber
[2021/12/23 13:32:39.291] - eth_blockNumber
[2021/12/23 13:32:39.303] - eth_call
[2021/12/23 13:45:32.213] - eth_blockNumber
[2021/12/23 13:47:49.103] - eth_blockNumber
[2021/12/23 13:51:21.680] - eth_blockNumber
[2021/12/23 13:51:38.514] - eth_blockNumber
[2021/12/23 13:51:43.829] - eth_blockNumber
[2021/12/23 13:51:46.414] - eth_blockNumber
[2021/12/23 13:51:48.787] - eth_blockNumber
[2021/12/23 13:55:33.255] - eth_blockNumber
[2021/12/23 13:56:01.379] - eth_blockNumber
[2021/12/23 13:56:01.390] - eth_getCode
[2021/12/23 13:56:01.412] - eth_gasPrice
[2021/12/23 13:56:02.969] - eth_blockNumber
[2021/12/23 13:56:03.481] - eth_call
[2021/12/23 13:56:03.592] - eth_getTransactionCount
[2021/12/23 13:56:09.649] - eth_sendRawTransaction
[2021/12/23 13:56:10.335] - 
[2021/12/23 13:56:10.335] -   Transaction: 0x756a8a90fd66d354e4fa7dc00a7a1c3bd897544c1839538f83e6ec9dd1172693
[2021/12/23 13:56:10.336] -   Gas usage: 240493
[2021/12/23 13:56:10.337] -   Block Number: 126
[2021/12/23 13:56:10.338] -   Block Time: Thu Dec 23 2021 13:56:09 GMT+0100 (Central European Standard Time)
[2021/12/23 13:56:10.339] - 
[2021/12/23 13:56:10.340] - eth_getBlockByNumber
[2021/12/23 13:56:10.346] - eth_blockNumber
[2021/12/23 13:56:10.359] - eth_getBalance
[2021/12/23 13:56:10.361] - eth_getTransactionReceipt
[2021/12/23 13:56:10.375] - eth_getTransactionCount
[2021/12/23 13:56:10.455] - eth_getBlockByHash
[2021/12/23 13:56:10.456] - eth_getBalance
[2021/12/23 13:56:10.457] - eth_getTransactionCount
[2021/12/23 13:56:10.466] - eth_getBalance
[2021/12/23 13:56:10.471] - eth_getTransactionCount
[2021/12/23 13:56:10.472] - eth_getBalance
[2021/12/23 13:56:10.473] - eth_getTransactionCount
[2021/12/23 13:56:10.485] - eth_getBalance
[2021/12/23 13:56:10.498] - eth_getTransactionCount
[2021/12/23 13:56:10.515] - eth_getBalance
[2021/12/23 13:56:10.526] - eth_getTransactionCount
[2021/12/23 13:56:10.535] - eth_getBalance
[2021/12/23 13:56:10.545] - eth_getTransactionCount
[2021/12/23 13:56:10.551] - eth_getBalance
[2021/12/23 13:56:10.561] - eth_getTransactionCount
[2021/12/23 13:56:10.568] - eth_getBalance
[2021/12/23 13:56:10.578] - eth_getTransactionCount
[2021/12/23 13:56:10.587] - eth_getBalance
[2021/12/23 13:56:10.593] - eth_getTransactionCount
[2021/12/23 13:56:15.920] - eth_blockNumber
[2021/12/23 13:56:15.947] - eth_getBalance
[2021/12/23 13:56:15.952] - eth_getBalance
[2021/12/23 13:56:15.953] - eth_getBalance
[2021/12/23 13:56:15.957] - eth_getBalance
[2021/12/23 13:56:15.959] - eth_getBalance
[2021/12/23 13:56:15.960] - eth_getBalance
[2021/12/23 13:56:15.961] - eth_getBalance
[2021/12/23 13:56:15.962] - eth_getBalance
[2021/12/23 13:56:15.988] - eth_getBalance
[2021/12/23 13:56:15.989] - eth_getBalance
[2021/12/23 13:56:15.995] - eth_getBalance
[2021/12/23 13:56:15.997] - eth_getBalance
[2021/12/23 13:56:16.023] - eth_getBalance
[2021/12/23 13:56:16.039] - eth_getBalance
[2021/12/23 13:56:16.044] - eth_getBalance
[2021/12/23 13:56:16.045] - eth_getBalance
[2021/12/23 13:56:16.053] - eth_getBalance
[2021/12/23 13:56:16.060] - eth_getBalance
[2021/12/23 13:56:21.406] - eth_blockNumber
[2021/12/23 13:57:30.575] - eth_blockNumber
[2021/12/23 13:57:30.635] - eth_getBlockByNumber
[2021/12/23 13:57:41.174] - eth_call
[2021/12/23 13:57:58.481] - eth_getCode
[2021/12/23 13:57:58.510] - eth_gasPrice
[2021/12/23 13:57:59.812] - eth_blockNumber
[2021/12/23 13:58:00.359] - eth_call
[2021/12/23 13:58:00.497] - eth_getTransactionCount
[2021/12/23 13:58:01.758] - eth_sendRawTransaction
[2021/12/23 13:58:02.477] - 
[2021/12/23 13:58:02.477] -   Transaction: 0x74ce762b46905e41646353dccb38bbafec94c2b8bfdc4dfddf82d960e26eace4
[2021/12/23 13:58:02.478] -   Gas usage: 138747
[2021/12/23 13:58:02.478] -   Block Number: 127
[2021/12/23 13:58:02.479] -   Block Time: Thu Dec 23 2021 13:58:01 GMT+0100 (Central European Standard Time)
[2021/12/23 13:58:02.480] - 
[2021/12/23 13:58:02.482] - eth_getBlockByNumber
[2021/12/23 13:58:02.486] - eth_blockNumber
[2021/12/23 13:58:02.500] - eth_getBalance
[2021/12/23 13:58:02.505] - eth_getTransactionReceipt
[2021/12/23 13:58:02.516] - eth_getTransactionCount
[2021/12/23 13:58:02.522] - eth_getBlockByHash
[2021/12/23 13:58:02.523] - eth_getBalance
[2021/12/23 13:58:02.535] - eth_getTransactionCount
[2021/12/23 13:58:02.547] - eth_getBalance
[2021/12/23 13:58:02.559] - eth_getTransactionCount
[2021/12/23 13:58:02.574] - eth_getBalance
[2021/12/23 13:58:02.605] - eth_getTransactionCount
[2021/12/23 13:58:02.617] - eth_getBalance
[2021/12/23 13:58:02.627] - eth_getTransactionCount
[2021/12/23 13:58:02.639] - eth_getBalance
[2021/12/23 13:58:02.649] - eth_getTransactionCount
[2021/12/23 13:58:02.661] - eth_getBalance
[2021/12/23 13:58:02.669] - eth_getTransactionCount
[2021/12/23 13:58:02.676] - eth_getBalance
[2021/12/23 13:58:02.683] - eth_getTransactionCount
[2021/12/23 13:58:02.692] - eth_getBalance
[2021/12/23 13:58:02.699] - eth_getTransactionCount
[2021/12/23 13:58:02.708] - eth_getBalance
[2021/12/23 13:58:02.717] - eth_getTransactionCount
[2021/12/23 13:58:07.737] - eth_blockNumber
[2021/12/23 13:58:07.773] - eth_getBalance
[2021/12/23 13:58:07.774] - eth_getBalance
[2021/12/23 13:58:07.778] - eth_getBalance
[2021/12/23 13:58:07.779] - eth_getBalance
[2021/12/23 13:58:07.781] - eth_getBalance
[2021/12/23 13:58:07.782] - eth_getBalance
[2021/12/23 13:58:07.786] - eth_getBalance
[2021/12/23 13:58:07.791] - eth_getBalance
[2021/12/23 13:58:07.824] - eth_getBalance
[2021/12/23 13:58:07.833] - eth_getBalance
[2021/12/23 13:58:07.835] - eth_getBalance
[2021/12/23 13:58:07.836] - eth_getBalance
[2021/12/23 13:58:07.845] - eth_getBalance
[2021/12/23 13:58:07.846] - eth_getBalance
[2021/12/23 13:58:07.858] - eth_getBalance
[2021/12/23 13:58:07.859] - eth_getBalance
[2021/12/23 13:58:07.866] - eth_getBalance
[2021/12/23 13:58:07.871] - eth_getBalance
[2021/12/23 14:04:14.228] - eth_blockNumber
[2021/12/23 14:04:14.279] - eth_getBlockByNumber
[2021/12/23 14:04:26.908] - eth_blockNumber
[2021/12/23 14:04:34.350] - eth_blockNumber
[2021/12/23 14:04:38.557] - eth_call
[2021/12/23 14:04:55.802] - eth_getCode
[2021/12/23 14:04:55.839] - eth_gasPrice
[2021/12/23 14:04:57.278] - eth_blockNumber
[2021/12/23 14:04:57.752] - eth_call
[2021/12/23 14:04:57.848] - eth_getTransactionCount
[2021/12/23 14:04:59.041] - eth_sendRawTransaction
[2021/12/23 14:04:59.578] - 
[2021/12/23 14:04:59.579] -   Transaction: 0x0d0ab9fca59c603f67019a9b9a4bde9f720af5bdf2a9719185bb1be877deb08e
[2021/12/23 14:04:59.581] -   Gas usage: 134571
[2021/12/23 14:04:59.581] -   Block Number: 128
[2021/12/23 14:04:59.583] -   Block Time: Thu Dec 23 2021 14:04:59 GMT+0100 (Central European Standard Time)
[2021/12/23 14:04:59.588] - 
[2021/12/23 14:04:59.591] - eth_getBlockByNumber
[2021/12/23 14:04:59.593] - eth_blockNumber
[2021/12/23 14:04:59.599] - eth_getBalance
[2021/12/23 14:04:59.612] - eth_getTransactionReceipt
[2021/12/23 14:04:59.621] - eth_getTransactionCount
[2021/12/23 14:04:59.632] - eth_getBalance
[2021/12/23 14:04:59.640] - eth_getBlockByHash
[2021/12/23 14:04:59.648] - eth_getTransactionCount
[2021/12/23 14:04:59.680] - eth_getBalance
[2021/12/23 14:04:59.693] - eth_getTransactionCount
[2021/12/23 14:04:59.708] - eth_getBalance
[2021/12/23 14:04:59.732] - eth_getTransactionCount
[2021/12/23 14:04:59.746] - eth_getBalance
[2021/12/23 14:04:59.762] - eth_getTransactionCount
[2021/12/23 14:04:59.774] - eth_getBalance
[2021/12/23 14:04:59.786] - eth_getTransactionCount
[2021/12/23 14:04:59.802] - eth_getBalance
[2021/12/23 14:04:59.820] - eth_getTransactionCount
[2021/12/23 14:04:59.850] - eth_getBalance
[2021/12/23 14:04:59.861] - eth_getTransactionCount
[2021/12/23 14:04:59.874] - eth_getBalance
[2021/12/23 14:04:59.896] - eth_getTransactionCount
[2021/12/23 14:04:59.912] - eth_getBalance
[2021/12/23 14:04:59.925] - eth_getTransactionCount
[2021/12/23 14:05:05.480] - eth_blockNumber
[2021/12/23 14:05:05.515] - eth_getBalance
[2021/12/23 14:05:05.520] - eth_getBalance
[2021/12/23 14:05:05.522] - eth_getBalance
[2021/12/23 14:05:05.523] - eth_getBalance
[2021/12/23 14:05:05.526] - eth_getBalance
[2021/12/23 14:05:05.527] - eth_getBalance
[2021/12/23 14:05:05.544] - eth_getBalance
[2021/12/23 14:05:05.547] - eth_getBalance
[2021/12/23 14:05:05.549] - eth_getBalance
[2021/12/23 14:05:05.561] - eth_getBalance
[2021/12/23 14:05:05.562] - eth_getBalance
[2021/12/23 14:05:05.569] - eth_getBalance
[2021/12/23 14:05:05.574] - eth_getBalance
[2021/12/23 14:05:05.577] - eth_getBalance
[2021/12/23 14:05:05.578] - eth_getBalance
[2021/12/23 14:05:05.585] - eth_getBalance
[2021/12/23 14:05:05.587] - eth_getBalance
[2021/12/23 14:05:05.596] - eth_getBalance
[2021/12/23 14:06:46.742] - eth_blockNumber
[2021/12/23 14:06:46.796] - eth_getBlockByNumber
[2021/12/23 14:07:01.127] - eth_call
[2021/12/23 14:07:43.801] - eth_blockNumber
[2021/12/23 14:07:51.780] - eth_call
[2021/12/23 14:08:23.920] - eth_blockNumber
[2021/12/23 14:09:01.248] - eth_blockNumber
[2021/12/23 14:09:22.578] - eth_blockNumber
[2021/12/23 14:12:29.130] - eth_blockNumber
[2021/12/23 14:13:02.923] - eth_blockNumber
[2021/12/23 14:13:41.618] - eth_blockNumber
[2021/12/23 14:14:34.609] - eth_blockNumber
[2021/12/23 14:15:46.523] - eth_blockNumber
[2021/12/23 14:16:39.962] - eth_blockNumber
[2021/12/23 14:17:21.529] - eth_blockNumber
[2021/12/23 14:17:57.643] - eth_blockNumber
[2021/12/23 14:21:57.467] - eth_blockNumber
[2021/12/23 14:25:18.061] - eth_blockNumber
[2021/12/23 14:25:38.396] - eth_blockNumber
[2021/12/23 14:26:08.075] - eth_blockNumber
[2021/12/23 14:26:43.589] - eth_blockNumber
[2021/12/23 14:27:31.080] - eth_blockNumber
[2021/12/23 14:28:01.248] - eth_blockNumber
[2021/12/23 14:28:25.969] - eth_blockNumber
[2021/12/23 14:29:38.516] - eth_blockNumber
[2021/12/23 14:30:10.642] - eth_blockNumber
[2021/12/23 14:30:58.089] - eth_blockNumber
[2021/12/23 14:31:59.708] - eth_blockNumber
[2021/12/23 14:32:23.863] - eth_blockNumber
[2021/12/23 14:32:58.164] - eth_blockNumber
[2021/12/23 14:33:23.244] - eth_blockNumber
[2021/12/23 14:34:41.912] - eth_blockNumber
[2021/12/23 14:35:51.589] - eth_blockNumber
[2021/12/23 14:37:00.759] - eth_blockNumber
[2021/12/23 14:37:34.048] - eth_blockNumber
[2021/12/23 14:38:05.061] - eth_blockNumber
[2021/12/23 14:39:44.788] - eth_blockNumber
[2021/12/23 14:41:33.971] - eth_blockNumber
[2021/12/23 14:42:01.308] - eth_blockNumber
[2021/12/23 14:42:38.618] - eth_blockNumber
[2021/12/23 14:42:47.573] - eth_blockNumber
[2021/12/23 14:43:23.203] - eth_blockNumber
[2021/12/23 14:44:48.534] - eth_blockNumber
[2021/12/23 14:44:48.546] - eth_getCode
[2021/12/23 14:44:48.591] - eth_gasPrice
[2021/12/23 14:44:50.113] - eth_blockNumber
[2021/12/23 14:44:50.527] - eth_call
[2021/12/23 14:44:50.626] - eth_getTransactionCount
[2021/12/23 14:44:51.690] - eth_sendRawTransaction
[2021/12/23 14:44:52.296] - 
[2021/12/23 14:44:52.297] -   Transaction: 0x695f0f5734d74af8dd3efea4395427b088b32087c825fe153745bc97c3673bfc
[2021/12/23 14:44:52.298] -   Gas usage: 126171
[2021/12/23 14:44:52.298] -   Block Number: 129
[2021/12/23 14:44:52.299] -   Block Time: Thu Dec 23 2021 14:44:51 GMT+0100 (Central European Standard Time)
[2021/12/23 14:44:52.300] - 
[2021/12/23 14:44:52.301] - eth_getBlockByNumber
[2021/12/23 14:44:52.302] - eth_blockNumber
[2021/12/23 14:44:52.319] - eth_getBalance
[2021/12/23 14:44:52.324] - eth_getTransactionReceipt
[2021/12/23 14:44:52.336] - eth_getTransactionCount
[2021/12/23 14:44:52.344] - eth_getBlockByHash
[2021/12/23 14:44:52.345] - eth_getBalance
[2021/12/23 14:44:52.356] - eth_getTransactionCount
[2021/12/23 14:44:52.369] - eth_getBalance
[2021/12/23 14:44:52.383] - eth_getTransactionCount
[2021/12/23 14:44:52.395] - eth_getBalance
[2021/12/23 14:44:52.409] - eth_getTransactionCount
[2021/12/23 14:44:52.421] - eth_getBalance
[2021/12/23 14:44:52.431] - eth_getTransactionCount
[2021/12/23 14:44:52.440] - eth_getBalance
[2021/12/23 14:44:52.454] - eth_getTransactionCount
[2021/12/23 14:44:52.466] - eth_getBalance
[2021/12/23 14:44:52.479] - eth_getTransactionCount
[2021/12/23 14:44:52.490] - eth_getBalance
[2021/12/23 14:44:52.502] - eth_getTransactionCount
[2021/12/23 14:44:52.510] - eth_getBalance
[2021/12/23 14:44:52.522] - eth_getTransactionCount
[2021/12/23 14:44:52.533] - eth_getBalance
[2021/12/23 14:44:52.546] - eth_getTransactionCount
[2021/12/23 14:44:57.607] - eth_blockNumber
[2021/12/23 14:44:57.641] - eth_getBalance
[2021/12/23 14:44:57.642] - eth_getBalance
[2021/12/23 14:44:57.648] - eth_getBalance
[2021/12/23 14:44:57.652] - eth_getBalance
[2021/12/23 14:44:57.653] - eth_getBalance
[2021/12/23 14:44:57.654] - eth_getBalance
[2021/12/23 14:44:57.678] - eth_getBalance
[2021/12/23 14:44:57.680] - eth_getBalance
[2021/12/23 14:44:57.681] - eth_getBalance
[2021/12/23 14:44:57.683] - eth_getBalance
[2021/12/23 14:44:57.684] - eth_getBalance
[2021/12/23 14:44:57.694] - eth_getBalance
[2021/12/23 14:44:57.696] - eth_getBalance
[2021/12/23 14:44:57.709] - eth_getBalance
[2021/12/23 14:44:57.710] - eth_getBalance
[2021/12/23 14:44:57.721] - eth_getBalance
[2021/12/23 14:44:57.723] - eth_getBalance
[2021/12/23 14:44:57.730] - eth_getBalance
[2021/12/23 14:46:08.915] - eth_blockNumber
[2021/12/23 14:46:08.977] - eth_getBlockByNumber
[2021/12/23 14:46:26.962] - eth_call
[2021/12/23 14:50:58.372] - eth_blockNumber
[2021/12/23 14:53:08.297] - eth_blockNumber
[2021/12/23 14:54:02.273] - eth_blockNumber
[2021/12/23 14:54:02.280] - eth_getCode
[2021/12/23 14:54:02.313] - eth_gasPrice
[2021/12/23 14:54:03.882] - eth_blockNumber
[2021/12/23 14:54:04.455] - eth_call
[2021/12/23 14:54:04.579] - eth_getTransactionCount
[2021/12/23 14:54:05.610] - eth_sendRawTransaction
[2021/12/23 14:54:06.289] - 
[2021/12/23 14:54:06.289] -   Transaction: 0x0be0d20e5f54bd3d70b96b5af65dde60f16f3e84fa59164d9676f31cb78d660d
[2021/12/23 14:54:06.290] -   Gas usage: 130383
[2021/12/23 14:54:06.290] -   Block Number: 130
[2021/12/23 14:54:06.291] -   Block Time: Thu Dec 23 2021 14:54:05 GMT+0100 (Central European Standard Time)
[2021/12/23 14:54:06.292] - 
[2021/12/23 14:54:06.293] - eth_getBlockByNumber
[2021/12/23 14:54:06.295] - eth_blockNumber
[2021/12/23 14:54:06.306] - eth_getBalance
[2021/12/23 14:54:06.318] - eth_getTransactionReceipt
[2021/12/23 14:54:06.319] - eth_getTransactionCount
[2021/12/23 14:54:06.330] - eth_getBlockByHash
[2021/12/23 14:54:06.346] - eth_getBalance
[2021/12/23 14:54:06.359] - eth_getTransactionCount
[2021/12/23 14:54:06.374] - eth_getBalance
[2021/12/23 14:54:06.406] - eth_getTransactionCount
[2021/12/23 14:54:06.420] - eth_getBalance
[2021/12/23 14:54:06.439] - eth_getTransactionCount
[2021/12/23 14:54:06.452] - eth_getBalance
[2021/12/23 14:54:06.466] - eth_getTransactionCount
[2021/12/23 14:54:06.495] - eth_getBalance
[2021/12/23 14:54:06.514] - eth_getTransactionCount
[2021/12/23 14:54:06.525] - eth_getBalance
[2021/12/23 14:54:06.538] - eth_getTransactionCount
[2021/12/23 14:54:06.546] - eth_getBalance
[2021/12/23 14:54:06.555] - eth_getTransactionCount
[2021/12/23 14:54:06.568] - eth_getBalance
[2021/12/23 14:54:06.580] - eth_getTransactionCount
[2021/12/23 14:54:06.592] - eth_getBalance
[2021/12/23 14:54:06.609] - eth_getTransactionCount
[2021/12/23 14:54:11.694] - eth_blockNumber
[2021/12/23 14:54:11.733] - eth_getBalance
[2021/12/23 14:54:11.734] - eth_getBalance
[2021/12/23 14:54:11.739] - eth_getBalance
[2021/12/23 14:54:11.740] - eth_getBalance
[2021/12/23 14:54:11.742] - eth_getBalance
[2021/12/23 14:54:11.745] - eth_getBalance
[2021/12/23 14:54:11.746] - eth_getBalance
[2021/12/23 14:54:11.747] - eth_getBalance
[2021/12/23 14:54:11.754] - eth_getBalance
[2021/12/23 14:54:11.775] - eth_getBalance
[2021/12/23 14:54:11.776] - eth_getBalance
[2021/12/23 14:54:11.782] - eth_getBalance
[2021/12/23 14:54:11.788] - eth_getBalance
[2021/12/23 14:54:11.790] - eth_getBalance
[2021/12/23 14:54:11.798] - eth_getBalance
[2021/12/23 14:54:11.805] - eth_getBalance
[2021/12/23 14:54:11.806] - eth_getBalance
[2021/12/23 14:54:11.824] - eth_getBalance
[2021/12/23 14:54:22.303] - eth_blockNumber
[2021/12/23 14:54:23.922] - eth_blockNumber
[2021/12/23 14:54:26.320] - eth_blockNumber
[2021/12/23 14:54:31.817] - eth_blockNumber
[2021/12/23 14:54:42.325] - eth_blockNumber
[2021/12/23 14:54:43.946] - eth_blockNumber
[2021/12/23 14:54:46.348] - eth_blockNumber
[2021/12/23 14:54:51.834] - eth_blockNumber
[2021/12/23 14:55:29.815] - eth_blockNumber
[2021/12/23 14:55:29.852] - eth_getBlockByNumber
[2021/12/23 14:55:39.976] - eth_call
[2021/12/23 14:55:45.260] - eth_blockNumber
[2021/12/23 14:55:49.852] - eth_blockNumber
[2021/12/23 14:57:58.917] - eth_blockNumber
[2021/12/23 14:57:58.930] - eth_call
[2021/12/23 14:57:58.931] - eth_call
[2021/12/23 14:58:20.614] - eth_blockNumber
[2021/12/23 15:15:27.359] - eth_blockNumber
[2021/12/23 15:15:51.719] - eth_blockNumber
[2021/12/23 15:15:51.722] - eth_getCode
[2021/12/23 15:15:51.751] - eth_gasPrice
[2021/12/23 15:15:52.783] - eth_blockNumber
[2021/12/23 15:15:53.114] - eth_call
[2021/12/23 15:15:53.193] - eth_getTransactionCount
[2021/12/23 15:15:55.617] - eth_sendRawTransaction
[2021/12/23 15:15:56.130] - 
[2021/12/23 15:15:56.131] -   Transaction: 0xe173446b1df33d998883b7e23d53f556ebcbdbe722baa5183af0648acf37d641
[2021/12/23 15:15:56.131] -   Gas usage: 240589
[2021/12/23 15:15:56.132] -   Block Number: 131
[2021/12/23 15:15:56.132] -   Block Time: Thu Dec 23 2021 15:15:55 GMT+0100 (Central European Standard Time)
[2021/12/23 15:15:56.133] - 
[2021/12/23 15:15:56.134] - eth_getBlockByNumber
[2021/12/23 15:15:56.140] - eth_blockNumber
[2021/12/23 15:15:56.149] - eth_getTransactionReceipt
[2021/12/23 15:15:56.154] - eth_getBalance
[2021/12/23 15:15:56.162] - eth_getBlockByHash
[2021/12/23 15:15:56.162] - eth_getTransactionCount
[2021/12/23 15:15:56.172] - eth_getBalance
[2021/12/23 15:15:56.188] - eth_getTransactionCount
[2021/12/23 15:15:56.208] - eth_getBalance
[2021/12/23 15:15:56.222] - eth_getTransactionCount
[2021/12/23 15:15:56.235] - eth_getBalance
[2021/12/23 15:15:56.243] - eth_getTransactionCount
[2021/12/23 15:15:56.251] - eth_getBalance
[2021/12/23 15:15:56.259] - eth_getTransactionCount
[2021/12/23 15:15:56.268] - eth_getBalance
[2021/12/23 15:15:56.276] - eth_getTransactionCount
[2021/12/23 15:15:56.284] - eth_getBalance
[2021/12/23 15:15:56.289] - eth_getTransactionCount
[2021/12/23 15:15:56.299] - eth_getBalance
[2021/12/23 15:15:56.305] - eth_getTransactionCount
[2021/12/23 15:15:56.325] - eth_getBalance
[2021/12/23 15:15:56.325] - eth_getTransactionCount
[2021/12/23 15:15:56.331] - eth_getBalance
[2021/12/23 15:15:56.335] - eth_getTransactionCount
[2021/12/23 15:16:05.870] - eth_blockNumber
[2021/12/23 15:16:05.897] - eth_getBalance
[2021/12/23 15:16:05.898] - eth_getBalance
[2021/12/23 15:16:05.900] - eth_getBalance
[2021/12/23 15:16:05.901] - eth_getBalance
[2021/12/23 15:16:05.901] - eth_getBalance
[2021/12/23 15:16:05.903] - eth_getBalance
[2021/12/23 15:16:05.904] - eth_getBalance
[2021/12/23 15:16:05.908] - eth_getBalance
[2021/12/23 15:16:05.917] - eth_getBalance
[2021/12/23 15:16:05.931] - eth_getBalance
[2021/12/23 15:16:05.934] - eth_getBalance
[2021/12/23 15:16:05.939] - eth_getBalance
[2021/12/23 15:16:05.940] - eth_getBalance
[2021/12/23 15:16:05.945] - eth_getBalance
[2021/12/23 15:16:05.946] - eth_getBalance
[2021/12/23 15:16:05.950] - eth_getBalance
[2021/12/23 15:16:05.952] - eth_getBalance
[2021/12/23 15:16:05.957] - eth_getBalance
[2021/12/23 15:16:11.733] - eth_blockNumber
[2021/12/23 15:18:00.118] - eth_blockNumber
[2021/12/23 15:18:00.183] - eth_getBlockByNumber
[2021/12/23 15:18:07.572] - eth_call
[2021/12/23 15:18:49.243] - eth_blockNumber
[2021/12/23 15:18:49.261] - eth_getCode
[2021/12/23 15:18:49.287] - eth_gasPrice
[2021/12/23 15:18:50.264] - eth_blockNumber
[2021/12/23 15:18:50.571] - eth_call
[2021/12/23 15:18:50.640] - eth_getTransactionCount
[2021/12/23 15:18:52.810] - eth_sendRawTransaction
[2021/12/23 15:18:53.319] - 
[2021/12/23 15:18:53.320] -   Transaction: 0x2948caa9fc49c008d3a26fd44d753a2a84d09b3e870a4889f0ebbc0239a0a35d
[2021/12/23 15:18:53.320] -   Gas usage: 158903
[2021/12/23 15:18:53.321] -   Block Number: 132
[2021/12/23 15:18:53.321] -   Block Time: Thu Dec 23 2021 15:18:52 GMT+0100 (Central European Standard Time)
[2021/12/23 15:18:53.322] - 
[2021/12/23 15:18:53.323] - eth_getBlockByNumber
[2021/12/23 15:18:53.326] - eth_blockNumber
[2021/12/23 15:18:53.339] - eth_getTransactionReceipt
[2021/12/23 15:18:53.352] - eth_getBalance
[2021/12/23 15:18:53.373] - eth_getBlockByHash
[2021/12/23 15:18:53.373] - eth_getTransactionCount
[2021/12/23 15:18:53.377] - eth_getBalance
[2021/12/23 15:18:53.399] - eth_getTransactionCount
[2021/12/23 15:18:53.412] - eth_getBalance
[2021/12/23 15:18:53.419] - eth_getTransactionCount
[2021/12/23 15:18:53.440] - eth_getBalance
[2021/12/23 15:18:53.447] - eth_getTransactionCount
[2021/12/23 15:18:53.453] - eth_getBalance
[2021/12/23 15:18:53.460] - eth_getTransactionCount
[2021/12/23 15:18:53.468] - eth_getBalance
[2021/12/23 15:18:53.473] - eth_getTransactionCount
[2021/12/23 15:18:53.480] - eth_getBalance
[2021/12/23 15:18:53.484] - eth_getTransactionCount
[2021/12/23 15:18:53.492] - eth_getBalance
[2021/12/23 15:18:53.498] - eth_getTransactionCount
[2021/12/23 15:18:53.506] - eth_getBalance
[2021/12/23 15:18:53.513] - eth_getTransactionCount
[2021/12/23 15:18:53.522] - eth_getBalance
[2021/12/23 15:18:53.527] - eth_getTransactionCount
[2021/12/23 15:19:25.539] - eth_blockNumber
[2021/12/23 15:19:25.550] - eth_call
[2021/12/23 15:19:42.072] - eth_getCode
[2021/12/23 15:19:42.098] - eth_gasPrice
[2021/12/23 15:19:43.090] - eth_blockNumber
[2021/12/23 15:19:43.115] - eth_getBalance
[2021/12/23 15:19:43.117] - eth_getBalance
[2021/12/23 15:19:43.118] - eth_getBalance
[2021/12/23 15:19:43.120] - eth_getBalance
[2021/12/23 15:19:43.121] - eth_getBalance
[2021/12/23 15:19:43.122] - eth_getBalance
[2021/12/23 15:19:43.124] - eth_getBalance
[2021/12/23 15:19:43.124] - eth_getBalance
[2021/12/23 15:19:43.126] - eth_getBalance
[2021/12/23 15:19:43.130] - eth_getBalance
[2021/12/23 15:19:43.131] - eth_getBalance
[2021/12/23 15:19:43.134] - eth_getBalance
[2021/12/23 15:19:43.138] - eth_getBalance
[2021/12/23 15:19:43.143] - eth_getBalance
[2021/12/23 15:19:43.144] - eth_getBalance
[2021/12/23 15:19:43.147] - eth_getBalance
[2021/12/23 15:19:43.150] - eth_getBalance
[2021/12/23 15:19:43.157] - eth_getBalance
[2021/12/23 15:19:43.547] - eth_call
[2021/12/23 15:19:43.626] - eth_getTransactionCount
[2021/12/23 15:19:45.566] - eth_blockNumber
[2021/12/23 15:19:50.677] - eth_sendRawTransaction
[2021/12/23 15:19:51.264] - 
[2021/12/23 15:19:51.264] -   Transaction: 0x820917fd7656f5b09587e7c991a6ca18c913c0e91e6a4ad88f48d9ce1c572b16
[2021/12/23 15:19:51.265] -   Gas usage: 158903
[2021/12/23 15:19:51.265] -   Block Number: 133
[2021/12/23 15:19:51.265] -   Block Time: Thu Dec 23 2021 15:19:50 GMT+0100 (Central European Standard Time)
[2021/12/23 15:19:51.266] - 
[2021/12/23 15:19:51.267] - eth_getBlockByNumber
[2021/12/23 15:19:51.271] - eth_blockNumber
[2021/12/23 15:19:51.279] - eth_getBalance
[2021/12/23 15:19:51.281] - eth_getTransactionReceipt
[2021/12/23 15:19:51.287] - eth_getTransactionCount
[2021/12/23 15:19:51.294] - eth_getBlockByHash
[2021/12/23 15:19:51.295] - eth_getBalance
[2021/12/23 15:19:51.301] - eth_getTransactionCount
[2021/12/23 15:19:51.316] - eth_getBalance
[2021/12/23 15:19:51.322] - eth_getTransactionCount
[2021/12/23 15:19:51.331] - eth_getBalance
[2021/12/23 15:19:51.336] - eth_getTransactionCount
[2021/12/23 15:19:51.343] - eth_getBalance
[2021/12/23 15:19:51.349] - eth_getTransactionCount
[2021/12/23 15:19:51.357] - eth_getBalance
[2021/12/23 15:19:51.362] - eth_getTransactionCount
[2021/12/23 15:19:51.367] - eth_getBalance
[2021/12/23 15:19:51.376] - eth_getTransactionCount
[2021/12/23 15:19:51.381] - eth_getBalance
[2021/12/23 15:19:51.388] - eth_getTransactionCount
[2021/12/23 15:19:51.394] - eth_getBalance
[2021/12/23 15:19:51.398] - eth_getTransactionCount
[2021/12/23 15:19:51.407] - eth_getBalance
[2021/12/23 15:19:51.413] - eth_getTransactionCount
[2021/12/23 15:19:57.392] - eth_blockNumber
[2021/12/23 15:19:57.418] - eth_getBalance
[2021/12/23 15:19:57.420] - eth_getBalance
[2021/12/23 15:19:57.421] - eth_getBalance
[2021/12/23 15:19:57.423] - eth_getBalance
[2021/12/23 15:19:57.424] - eth_getBalance
[2021/12/23 15:19:57.425] - eth_getBalance
[2021/12/23 15:19:57.425] - eth_getBalance
[2021/12/23 15:19:57.426] - eth_getBalance
[2021/12/23 15:19:57.430] - eth_getBalance
[2021/12/23 15:19:57.437] - eth_getBalance
[2021/12/23 15:19:57.454] - eth_getBalance
[2021/12/23 15:19:57.459] - eth_getBalance
[2021/12/23 15:19:57.462] - eth_getBalance
[2021/12/23 15:19:57.471] - eth_getBalance
[2021/12/23 15:19:57.473] - eth_getBalance
[2021/12/23 15:19:57.473] - eth_getBalance
[2021/12/23 15:19:57.477] - eth_getBalance
[2021/12/23 15:19:57.486] - eth_getBalance
[2021/12/23 15:20:03.180] - eth_blockNumber
[2021/12/23 15:21:33.886] - eth_blockNumber
[2021/12/23 15:21:33.951] - eth_getBlockByNumber
[2021/12/23 15:21:41.945] - eth_call
[2021/12/23 15:22:15.377] - eth_blockNumber
[2021/12/23 15:22:15.389] - eth_getCode
[2021/12/23 15:22:15.414] - eth_gasPrice
[2021/12/23 15:22:16.394] - eth_blockNumber
[2021/12/23 15:22:16.729] - eth_call
[2021/12/23 15:22:16.798] - eth_getTransactionCount
[2021/12/23 15:22:21.082] - eth_sendRawTransaction
[2021/12/23 15:22:21.617] - 
[2021/12/23 15:22:21.617] -   Transaction: 0x6119f7ca36e2afd8ce4a522cc135bba2b2d285ae67a46b25be5ccbba1885fe11
[2021/12/23 15:22:21.618] -   Gas usage: 163103
[2021/12/23 15:22:21.618] -   Block Number: 134
[2021/12/23 15:22:21.618] -   Block Time: Thu Dec 23 2021 15:22:21 GMT+0100 (Central European Standard Time)
[2021/12/23 15:22:21.619] - 
[2021/12/23 15:22:21.619] - eth_getBlockByNumber
[2021/12/23 15:22:21.628] - eth_blockNumber
[2021/12/23 15:22:21.636] - eth_getBalance
[2021/12/23 15:22:21.644] - eth_getTransactionReceipt
[2021/12/23 15:22:21.645] - eth_getTransactionCount
[2021/12/23 15:22:21.653] - eth_getBlockByHash
[2021/12/23 15:22:21.681] - eth_getBalance
[2021/12/23 15:22:21.696] - eth_getTransactionCount
[2021/12/23 15:22:21.708] - eth_getBalance
[2021/12/23 15:22:21.718] - eth_getTransactionCount
[2021/12/23 15:22:21.726] - eth_getBalance
[2021/12/23 15:22:21.732] - eth_getTransactionCount
[2021/12/23 15:22:21.740] - eth_getBalance
[2021/12/23 15:22:21.761] - eth_getTransactionCount
[2021/12/23 15:22:21.761] - eth_getBalance
[2021/12/23 15:22:21.767] - eth_getTransactionCount
[2021/12/23 15:22:21.768] - eth_getBalance
[2021/12/23 15:22:21.775] - eth_getTransactionCount
[2021/12/23 15:22:21.782] - eth_getBalance
[2021/12/23 15:22:21.790] - eth_getTransactionCount
[2021/12/23 15:22:21.797] - eth_getBalance
[2021/12/23 15:22:21.804] - eth_getTransactionCount
[2021/12/23 15:22:21.816] - eth_getBalance
[2021/12/23 15:22:21.823] - eth_getTransactionCount
[2021/12/23 15:22:25.933] - eth_blockNumber
[2021/12/23 15:22:25.955] - eth_getBalance
[2021/12/23 15:22:25.958] - eth_getBalance
[2021/12/23 15:22:25.959] - eth_getBalance
[2021/12/23 15:22:25.961] - eth_getBalance
[2021/12/23 15:22:25.962] - eth_getBalance
[2021/12/23 15:22:25.962] - eth_getBalance
[2021/12/23 15:22:25.963] - eth_getBalance
[2021/12/23 15:22:25.965] - eth_getBalance
[2021/12/23 15:22:25.966] - eth_getBalance
[2021/12/23 15:22:25.969] - eth_getBalance
[2021/12/23 15:22:25.972] - eth_getBalance
[2021/12/23 15:22:25.974] - eth_getBalance
[2021/12/23 15:22:25.976] - eth_getBalance
[2021/12/23 15:22:25.980] - eth_getBalance
[2021/12/23 15:22:25.981] - eth_getBalance
[2021/12/23 15:22:25.988] - eth_getBalance
[2021/12/23 15:22:26.001] - eth_getBalance
[2021/12/23 15:22:26.002] - eth_getBalance
[2021/12/23 15:24:25.006] - eth_blockNumber
[2021/12/23 15:24:25.047] - eth_getBlockByNumber
[2021/12/23 15:24:32.443] - eth_call
[2021/12/23 15:24:59.679] - eth_blockNumber
[2021/12/23 15:24:59.684] - eth_getCode
[2021/12/23 15:24:59.711] - eth_gasPrice
[2021/12/23 15:25:00.691] - eth_blockNumber
[2021/12/23 15:25:01.031] - eth_call
[2021/12/23 15:25:01.107] - eth_getTransactionCount
[2021/12/23 15:25:02.751] - eth_sendRawTransaction
[2021/12/23 15:25:03.286] - 
[2021/12/23 15:25:03.286] -   Transaction: 0x90521a33efca591f2783410283c4743c7ca59112fdb7ad4bb248f0ee6d8083dd
[2021/12/23 15:25:03.287] -   Gas usage: 240589
[2021/12/23 15:25:03.287] -   Block Number: 135
[2021/12/23 15:25:03.288] -   Block Time: Thu Dec 23 2021 15:25:02 GMT+0100 (Central European Standard Time)
[2021/12/23 15:25:03.288] - 
[2021/12/23 15:25:03.289] - eth_getBlockByNumber
[2021/12/23 15:25:03.294] - eth_blockNumber
[2021/12/23 15:25:03.305] - eth_getBalance
[2021/12/23 15:25:03.310] - eth_getTransactionReceipt
[2021/12/23 15:25:03.314] - eth_getTransactionCount
[2021/12/23 15:25:03.321] - eth_getBlockByHash
[2021/12/23 15:25:03.322] - eth_getBalance
[2021/12/23 15:25:03.331] - eth_getTransactionCount
[2021/12/23 15:25:03.355] - eth_getBalance
[2021/12/23 15:25:03.355] - eth_getTransactionCount
[2021/12/23 15:25:03.376] - eth_getBalance
[2021/12/23 15:25:03.392] - eth_getTransactionCount
[2021/12/23 15:25:03.399] - eth_getBalance
[2021/12/23 15:25:03.406] - eth_getTransactionCount
[2021/12/23 15:25:03.414] - eth_getBalance
[2021/12/23 15:25:03.423] - eth_getTransactionCount
[2021/12/23 15:25:03.431] - eth_getBalance
[2021/12/23 15:25:03.437] - eth_getTransactionCount
[2021/12/23 15:25:03.445] - eth_getBalance
[2021/12/23 15:25:03.451] - eth_getTransactionCount
[2021/12/23 15:25:03.461] - eth_getBalance
[2021/12/23 15:25:03.466] - eth_getTransactionCount
[2021/12/23 15:25:03.473] - eth_getBalance
[2021/12/23 15:25:03.478] - eth_getTransactionCount
[2021/12/23 15:25:14.049] - eth_blockNumber
[2021/12/23 15:25:14.072] - eth_getBalance
[2021/12/23 15:25:14.074] - eth_getBalance
[2021/12/23 15:25:14.075] - eth_getBalance
[2021/12/23 15:25:14.077] - eth_getBalance
[2021/12/23 15:25:14.078] - eth_getBalance
[2021/12/23 15:25:14.079] - eth_getBalance
[2021/12/23 15:25:14.080] - eth_getBalance
[2021/12/23 15:25:14.081] - eth_getBalance
[2021/12/23 15:25:14.083] - eth_getBalance
[2021/12/23 15:25:14.085] - eth_getBalance
[2021/12/23 15:25:14.088] - eth_getBalance
[2021/12/23 15:25:14.090] - eth_getBalance
[2021/12/23 15:25:14.106] - eth_getBalance
[2021/12/23 15:25:14.107] - eth_getBalance
[2021/12/23 15:25:14.108] - eth_getBalance
[2021/12/23 15:25:14.110] - eth_getBalance
[2021/12/23 15:25:14.111] - eth_getBalance
[2021/12/23 15:25:14.117] - eth_getBalance
[2021/12/23 15:25:19.693] - eth_blockNumber
[2021/12/23 15:30:28.892] - eth_blockNumber
[2021/12/23 15:30:28.944] - eth_getBlockByNumber
[2021/12/23 15:31:41.195] - eth_blockNumber
[2021/12/23 15:31:41.200] - eth_getCode
[2021/12/23 15:31:41.234] - eth_gasPrice
[2021/12/23 15:31:42.230] - eth_blockNumber
[2021/12/23 15:31:42.537] - eth_call
[2021/12/23 15:31:42.652] - eth_getTransactionCount
[2021/12/23 15:31:49.180] - eth_call
[2021/12/23 15:31:53.993] - eth_sendRawTransaction
[2021/12/23 15:31:54.728] - 
[2021/12/23 15:31:54.728] -   Transaction: 0x9723b29055f3f3b0b9887d2ecf4e397ddb99effd7e1d1adf6023c8a6aeaad2dc
[2021/12/23 15:31:54.729] -   Gas usage: 318348
[2021/12/23 15:31:54.730] -   Block Number: 136
[2021/12/23 15:31:54.731] -   Block Time: Thu Dec 23 2021 15:31:54 GMT+0100 (Central European Standard Time)
[2021/12/23 15:31:54.732] - 
[2021/12/23 15:31:54.735] - eth_getBlockByNumber
[2021/12/23 15:31:54.768] - eth_blockNumber
[2021/12/23 15:31:54.771] - eth_getBalance
[2021/12/23 15:31:54.772] - eth_getTransactionCount
[2021/12/23 15:31:54.782] - eth_getBalance
[2021/12/23 15:31:54.790] - eth_getTransactionCount
[2021/12/23 15:31:54.798] - eth_getBalance
[2021/12/23 15:31:54.806] - eth_getTransactionCount
[2021/12/23 15:31:54.815] - eth_getBalance
[2021/12/23 15:31:54.820] - eth_getTransactionReceipt
[2021/12/23 15:31:54.828] - eth_getTransactionCount
[2021/12/23 15:31:54.834] - eth_getBalance
[2021/12/23 15:31:54.842] - eth_getTransactionCount
[2021/12/23 15:31:54.851] - eth_getBalance
[2021/12/23 15:31:54.851] - eth_getTransactionReceipt
[2021/12/23 15:31:54.865] - eth_getTransactionCount
[2021/12/23 15:31:54.871] - eth_getBlockByHash
[2021/12/23 15:31:54.874] - eth_getBalance
[2021/12/23 15:31:54.882] - eth_getTransactionCount
[2021/12/23 15:31:54.889] - eth_getBalance
[2021/12/23 15:31:54.916] - eth_getTransactionCount
[2021/12/23 15:31:54.936] - eth_getBalance
[2021/12/23 15:31:54.937] - eth_getTransactionCount
[2021/12/23 15:31:54.947] - eth_getBalance
[2021/12/23 15:31:54.962] - eth_getTransactionCount
[2021/12/23 15:32:13.306] - eth_blockNumber
[2021/12/23 15:32:13.334] - eth_getBalance
[2021/12/23 15:32:13.336] - eth_getBalance
[2021/12/23 15:32:13.337] - eth_getBalance
[2021/12/23 15:32:13.339] - eth_getBalance
[2021/12/23 15:32:13.340] - eth_getBalance
[2021/12/23 15:32:13.340] - eth_getBalance
[2021/12/23 15:32:13.343] - eth_getBalance
[2021/12/23 15:32:13.344] - eth_getBalance
[2021/12/23 15:32:13.345] - eth_getBalance
[2021/12/23 15:32:13.364] - eth_getBalance
[2021/12/23 15:32:13.365] - eth_getBalance
[2021/12/23 15:32:13.368] - eth_getBalance
[2021/12/23 15:32:13.371] - eth_getBalance
[2021/12/23 15:32:13.378] - eth_getBalance
[2021/12/23 15:32:13.379] - eth_getBalance
[2021/12/23 15:32:13.383] - eth_getBalance
[2021/12/23 15:32:13.384] - eth_getBalance
[2021/12/23 15:32:13.392] - eth_getBalance
[2021/12/23 15:32:14.833] - eth_blockNumber
[2021/12/23 15:32:22.374] - eth_call
[2021/12/23 15:32:47.823] - eth_blockNumber
[2021/12/23 15:32:47.838] - eth_getCode
[2021/12/23 15:32:47.855] - eth_gasPrice
[2021/12/23 15:32:48.913] - eth_blockNumber
[2021/12/23 15:32:49.249] - eth_call
[2021/12/23 15:32:49.321] - eth_getTransactionCount
[2021/12/23 15:32:53.281] - eth_sendRawTransaction
[2021/12/23 15:32:53.857] - 
[2021/12/23 15:32:53.858] -   Transaction: 0x67f6b4be69c4bed8616bd81387eaebb7ec4b4e86f3851157a4677754b2ef7eb1
[2021/12/23 15:32:53.858] -   Gas usage: 240577
[2021/12/23 15:32:53.859] -   Block Number: 137
[2021/12/23 15:32:53.860] -   Block Time: Thu Dec 23 2021 15:32:53 GMT+0100 (Central European Standard Time)
[2021/12/23 15:32:53.861] - 
[2021/12/23 15:32:53.862] - eth_getBlockByNumber
[2021/12/23 15:32:53.868] - eth_blockNumber
[2021/12/23 15:32:53.875] - eth_getBalance
[2021/12/23 15:32:53.877] - eth_getTransactionReceipt
[2021/12/23 15:32:53.883] - eth_getTransactionCount
[2021/12/23 15:32:53.884] - eth_getBlockByHash
[2021/12/23 15:32:53.894] - eth_getBalance
[2021/12/23 15:32:53.913] - eth_getTransactionCount
[2021/12/23 15:32:53.917] - eth_getBalance
[2021/12/23 15:32:53.926] - eth_getTransactionCount
[2021/12/23 15:32:53.932] - eth_getBalance
[2021/12/23 15:32:53.944] - eth_getTransactionCount
[2021/12/23 15:32:53.952] - eth_getBalance
[2021/12/23 15:32:53.961] - eth_getTransactionCount
[2021/12/23 15:32:53.969] - eth_getBalance
[2021/12/23 15:32:53.977] - eth_getTransactionCount
[2021/12/23 15:32:53.984] - eth_getBalance
[2021/12/23 15:32:53.992] - eth_getTransactionCount
[2021/12/23 15:32:53.999] - eth_getBalance
[2021/12/23 15:32:54.009] - eth_getTransactionCount
[2021/12/23 15:32:54.021] - eth_getBalance
[2021/12/23 15:32:54.034] - eth_getTransactionCount
[2021/12/23 15:32:54.046] - eth_getBalance
[2021/12/23 15:32:54.056] - eth_getTransactionCount
[2021/12/23 15:33:06.043] - eth_blockNumber
[2021/12/23 15:33:06.063] - eth_getBalance
[2021/12/23 15:33:06.066] - eth_getBalance
[2021/12/23 15:33:06.067] - eth_getBalance
[2021/12/23 15:33:06.070] - eth_getBalance
[2021/12/23 15:33:06.071] - eth_getBalance
[2021/12/23 15:33:06.072] - eth_getBalance
[2021/12/23 15:33:06.073] - eth_getBalance
[2021/12/23 15:33:06.074] - eth_getBalance
[2021/12/23 15:33:06.076] - eth_getBalance
[2021/12/23 15:33:06.079] - eth_getBalance
[2021/12/23 15:33:06.083] - eth_getBalance
[2021/12/23 15:33:06.084] - eth_getBalance
[2021/12/23 15:33:06.088] - eth_getBalance
[2021/12/23 15:33:06.090] - eth_getBalance
[2021/12/23 15:33:06.094] - eth_getBalance
[2021/12/23 15:33:06.100] - eth_getBalance
[2021/12/23 15:33:06.102] - eth_getBalance
[2021/12/23 15:33:06.107] - eth_getBalance
[2021/12/23 15:33:07.839] - eth_blockNumber
[2021/12/23 15:33:08.940] - eth_blockNumber
[2021/12/23 15:34:28.711] - eth_blockNumber
[2021/12/23 15:34:28.720] - eth_call
[2021/12/23 15:34:28.721] - eth_call
[2021/12/23 15:34:46.431] - eth_call
[2021/12/23 15:34:50.774] - eth_blockNumber
[2021/12/23 15:37:15.879] - eth_blockNumber
[2021/12/23 15:38:00.943] - eth_blockNumber
[2021/12/23 15:39:40.358] - eth_blockNumber
[2021/12/23 15:40:06.740] - eth_blockNumber
[2021/12/23 15:40:15.024] - eth_call
[2021/12/23 15:40:27.605] - eth_blockNumber
[2021/12/23 15:40:54.510] - eth_blockNumber
[2021/12/23 15:40:54.518] - eth_call
[2021/12/23 15:41:02.660] - eth_blockNumber
[2021/12/23 15:41:04.148] - eth_blockNumber
[2021/12/23 15:51:59.914] - eth_blockNumber
[2021/12/23 15:51:59.919] - eth_getCode
[2021/12/23 15:51:59.944] - eth_gasPrice
[2021/12/23 15:52:01.100] - eth_blockNumber
[2021/12/23 15:52:01.460] - eth_call
[2021/12/23 15:52:01.559] - eth_getTransactionCount
[2021/12/23 15:52:07.907] - eth_call
[2021/12/23 15:52:08.789] - eth_sendRawTransaction
[2021/12/23 15:52:09.390] - 
[2021/12/23 15:52:09.390] -   Transaction: 0x79cddaf1ab6ba352b818e8afce6d052ea9a7e0c5411efad035fa99a2dd1a6bc5
[2021/12/23 15:52:09.393] -   Gas usage: 318372
[2021/12/23 15:52:09.398] -   Block Number: 138
[2021/12/23 15:52:09.400] -   Block Time: Thu Dec 23 2021 15:52:08 GMT+0100 (Central European Standard Time)
[2021/12/23 15:52:09.400] - 
[2021/12/23 15:52:09.402] - eth_getBlockByNumber
[2021/12/23 15:52:09.402] - eth_blockNumber
[2021/12/23 15:52:09.408] - eth_getTransactionReceipt
[2021/12/23 15:52:09.411] - eth_getBalance
[2021/12/23 15:52:09.419] - eth_getTransactionCount
[2021/12/23 15:52:09.421] - eth_getBlockByHash
[2021/12/23 15:52:09.433] - eth_getBalance
[2021/12/23 15:52:09.453] - eth_getTransactionCount
[2021/12/23 15:52:09.460] - eth_getBalance
[2021/12/23 15:52:09.468] - eth_getTransactionCount
[2021/12/23 15:52:09.487] - eth_getBalance
[2021/12/23 15:52:09.502] - eth_getTransactionCount
[2021/12/23 15:52:09.511] - eth_getBalance
[2021/12/23 15:52:09.518] - eth_getTransactionCount
[2021/12/23 15:52:09.530] - eth_getBalance
[2021/12/23 15:52:09.538] - eth_getTransactionCount
[2021/12/23 15:52:09.546] - eth_getBalance
[2021/12/23 15:52:09.556] - eth_getTransactionCount
[2021/12/23 15:52:09.583] - eth_getBalance
[2021/12/23 15:52:09.600] - eth_getTransactionCount
[2021/12/23 15:52:09.636] - eth_getBalance
[2021/12/23 15:52:09.645] - eth_getTransactionCount
[2021/12/23 15:52:09.653] - eth_getBalance
[2021/12/23 15:52:09.691] - eth_getTransactionCount
[2021/12/23 15:52:28.128] - eth_blockNumber
[2021/12/23 15:52:28.152] - eth_getBalance
[2021/12/23 15:52:28.155] - eth_getBalance
[2021/12/23 15:52:28.156] - eth_getBalance
[2021/12/23 15:52:28.156] - eth_getBalance
[2021/12/23 15:52:28.158] - eth_getBalance
[2021/12/23 15:52:28.160] - eth_getBalance
[2021/12/23 15:52:28.161] - eth_getBalance
[2021/12/23 15:52:28.176] - eth_getBalance
[2021/12/23 15:52:28.177] - eth_getBalance
[2021/12/23 15:52:28.177] - eth_getBalance
[2021/12/23 15:52:28.180] - eth_getBalance
[2021/12/23 15:52:28.185] - eth_getBalance
[2021/12/23 15:52:28.189] - eth_getBalance
[2021/12/23 15:52:28.192] - eth_getBalance
[2021/12/23 15:52:28.197] - eth_getBalance
[2021/12/23 15:52:28.198] - eth_getBalance
[2021/12/23 15:52:28.202] - eth_getBalance
[2021/12/23 15:52:28.213] - eth_getBalance
[2021/12/23 15:52:29.411] - eth_blockNumber
[2021/12/23 15:52:39.662] - eth_call
[2021/12/23 15:53:04.195] - eth_blockNumber
[2021/12/23 15:53:04.201] - eth_getCode
[2021/12/23 15:53:04.225] - eth_gasPrice
[2021/12/23 15:53:05.216] - eth_blockNumber
[2021/12/23 15:53:05.548] - eth_call
[2021/12/23 15:53:05.623] - eth_getTransactionCount
[2021/12/23 15:53:07.876] - eth_sendRawTransaction
[2021/12/23 15:53:08.497] - 
[2021/12/23 15:53:08.497] -   Transaction: 0x0de81e2c6d39108ce4a2eb2e685a1b3e176062fe5b43e406035fe2a1fffe8c85
[2021/12/23 15:53:08.498] -   Gas usage: 240577
[2021/12/23 15:53:08.498] -   Block Number: 139
[2021/12/23 15:53:08.498] -   Block Time: Thu Dec 23 2021 15:53:07 GMT+0100 (Central European Standard Time)
[2021/12/23 15:53:08.499] - 
[2021/12/23 15:53:08.501] - eth_getBlockByNumber
[2021/12/23 15:53:08.517] - eth_blockNumber
[2021/12/23 15:53:08.518] - eth_getBalance
[2021/12/23 15:53:08.523] - eth_getTransactionReceipt
[2021/12/23 15:53:08.528] - eth_getTransactionCount
[2021/12/23 15:53:08.536] - eth_getBalance
[2021/12/23 15:53:08.537] - eth_getBlockByHash
[2021/12/23 15:53:08.550] - eth_getTransactionCount
[2021/12/23 15:53:08.557] - eth_getBalance
[2021/12/23 15:53:08.566] - eth_getTransactionCount
[2021/12/23 15:53:08.574] - eth_getBalance
[2021/12/23 15:53:08.582] - eth_getTransactionCount
[2021/12/23 15:53:08.590] - eth_getBalance
[2021/12/23 15:53:08.596] - eth_getTransactionCount
[2021/12/23 15:53:08.602] - eth_getBalance
[2021/12/23 15:53:08.611] - eth_getTransactionCount
[2021/12/23 15:53:08.617] - eth_getBalance
[2021/12/23 15:53:08.625] - eth_getTransactionCount
[2021/12/23 15:53:08.631] - eth_getBalance
[2021/12/23 15:53:08.639] - eth_getTransactionCount
[2021/12/23 15:53:08.646] - eth_getBalance
[2021/12/23 15:53:08.657] - eth_getTransactionCount
[2021/12/23 15:53:08.665] - eth_getBalance
[2021/12/23 15:53:08.673] - eth_getTransactionCount
[2021/12/23 15:53:19.891] - eth_blockNumber
[2021/12/23 15:53:19.914] - eth_getBalance
[2021/12/23 15:53:19.915] - eth_getBalance
[2021/12/23 15:53:19.917] - eth_getBalance
[2021/12/23 15:53:19.918] - eth_getBalance
[2021/12/23 15:53:19.919] - eth_getBalance
[2021/12/23 15:53:19.920] - eth_getBalance
[2021/12/23 15:53:19.921] - eth_getBalance
[2021/12/23 15:53:19.922] - eth_getBalance
[2021/12/23 15:53:19.923] - eth_getBalance
[2021/12/23 15:53:19.928] - eth_getBalance
[2021/12/23 15:53:19.929] - eth_getBalance
[2021/12/23 15:53:19.933] - eth_getBalance
[2021/12/23 15:53:19.948] - eth_getBalance
[2021/12/23 15:53:19.952] - eth_getBalance
[2021/12/23 15:53:19.953] - eth_getBalance
[2021/12/23 15:53:19.954] - eth_getBalance
[2021/12/23 15:53:19.958] - eth_getBalance
[2021/12/23 15:53:19.963] - eth_getBalance
[2021/12/23 15:53:24.203] - eth_blockNumber
[2021/12/23 15:53:25.424] - eth_blockNumber
[2021/12/23 15:53:58.950] - eth_blockNumber
[2021/12/23 15:53:58.958] - eth_call
[2021/12/23 15:54:05.096] - eth_call
[2021/12/23 15:55:06.978] - eth_blockNumber
[2021/12/23 15:55:06.990] - eth_getCode
[2021/12/23 15:55:07.015] - eth_gasPrice
[2021/12/23 15:55:08.003] - eth_blockNumber
[2021/12/23 15:55:08.395] - eth_getTransactionCount
[2021/12/23 15:55:13.542] - eth_sendRawTransaction
[2021/12/23 15:55:13.719] - 
[2021/12/23 15:55:13.720] -   Transaction: 0x825805fccdc6545910d15a344ef29cacb5437712aea23d1767376e765a1aaf45
[2021/12/23 15:55:13.721] -   Gas usage: 21000
[2021/12/23 15:55:13.724] -   Block Number: 140
[2021/12/23 15:55:13.731] -   Block Time: Thu Dec 23 2021 15:55:13 GMT+0100 (Central European Standard Time)
[2021/12/23 15:55:13.732] - 
[2021/12/23 15:55:13.735] - eth_getBlockByNumber
[2021/12/23 15:55:13.736] - eth_getBalance
[2021/12/23 15:55:13.744] - eth_getTransactionCount
[2021/12/23 15:55:13.752] - eth_getBalance
[2021/12/23 15:55:13.758] - eth_getTransactionCount
[2021/12/23 15:55:13.765] - eth_getBalance
[2021/12/23 15:55:13.772] - eth_getTransactionCount
[2021/12/23 15:55:13.778] - eth_getBalance
[2021/12/23 15:55:13.783] - eth_getTransactionCount
[2021/12/23 15:55:13.791] - eth_getBalance
[2021/12/23 15:55:13.799] - eth_getTransactionCount
[2021/12/23 15:55:13.804] - eth_getBalance
[2021/12/23 15:55:13.811] - eth_getTransactionCount
[2021/12/23 15:55:13.818] - eth_getBalance
[2021/12/23 15:55:13.824] - eth_getTransactionCount
[2021/12/23 15:55:13.829] - eth_getBalance
[2021/12/23 15:55:13.836] - eth_getTransactionCount
[2021/12/23 15:55:13.841] - eth_getBalance
[2021/12/23 15:55:13.848] - eth_getTransactionCount
[2021/12/23 15:55:13.856] - eth_getBalance
[2021/12/23 15:55:13.863] - eth_getTransactionCount
[2021/12/23 15:55:26.999] - eth_blockNumber
[2021/12/23 15:55:27.022] - eth_getTransactionReceipt
[2021/12/23 15:55:27.037] - eth_getBlockByHash
[2021/12/23 15:55:41.328] - eth_getBlockByNumber
[2021/12/23 15:55:41.378] - eth_getTransactionReceipt
[2021/12/23 15:55:41.414] - eth_getBlockByNumber
[2021/12/23 15:55:41.435] - eth_getTransactionReceipt
[2021/12/23 15:55:41.455] - eth_getBlockByNumber
[2021/12/23 15:55:41.481] - eth_getTransactionReceipt
[2021/12/23 15:55:41.504] - eth_getBlockByNumber
[2021/12/23 15:55:41.529] - eth_getTransactionReceipt
[2021/12/23 15:55:41.549] - eth_getBlockByNumber
[2021/12/23 15:55:41.575] - eth_getTransactionReceipt
[2021/12/23 15:55:41.595] - eth_getBlockByNumber
[2021/12/23 15:55:41.621] - eth_getTransactionReceipt
[2021/12/23 15:55:41.651] - eth_getBlockByNumber
[2021/12/23 15:55:41.669] - eth_getTransactionReceipt
[2021/12/23 15:55:41.707] - eth_getBlockByNumber
[2021/12/23 15:55:41.731] - eth_getTransactionReceipt
[2021/12/23 15:55:41.759] - eth_getBlockByNumber
[2021/12/23 15:55:41.779] - eth_getTransactionReceipt
[2021/12/23 15:55:41.800] - eth_getBlockByNumber
[2021/12/23 15:55:41.817] - eth_getTransactionReceipt
[2021/12/23 15:55:41.848] - eth_getBlockByNumber
[2021/12/23 15:55:41.875] - eth_getTransactionReceipt
[2021/12/23 15:56:09.988] - eth_unsubscribe
[2021/12/23 15:56:09.989] - eth_unsubscribe
