[2021/12/12 12:55:57.284] - Starting server with initial configuration: {"gasLimit":6721975,"gasPrice":20000000000,"hardfork":"muirGlacier","hostname":"127.0.0.1","port":8545,"network_id":5777,"default_balance_ether":100,"total_accounts":10,"unlocked_accounts":[],"locked":false,"vmErrorsOnRPCResponse":true,"verbose":false,"db_path":"C:\\Users\\wassi\\AppData\\Roaming\\Ganache\\workspaces\\agrochainbackup\\chaindata","logDirectory":"C:\\Users\\wassi\\Documents\\Blockchain\\AgroChainbackup\\Logs"}
[2021/12/12 12:55:57.359] - eth_getCode
[2021/12/12 12:55:57.360] - eth_subscribe
[2021/12/12 12:55:57.361] - eth_getLogs
[2021/12/12 12:55:57.363] - eth_subscribe
[2021/12/12 12:55:57.406] - eth_getCode
[2021/12/12 12:55:57.407] - eth_subscribe
[2021/12/12 12:55:57.407] - eth_getLogs
[2021/12/12 12:55:57.408] - eth_subscribe
[2021/12/12 12:55:57.468] - eth_blockNumber
[2021/12/12 12:55:57.468] - eth_accounts
[2021/12/12 12:55:57.469] - eth_gasPrice
[2021/12/12 12:55:57.469] - eth_getBlockByNumber
[2021/12/12 12:55:57.470] - eth_subscribe
[2021/12/12 12:55:57.482] - eth_accounts
[2021/12/12 12:55:57.500] - eth_getBalance
[2021/12/12 12:55:57.505] - eth_getTransactionCount
[2021/12/12 12:55:57.511] - eth_getBalance
[2021/12/12 12:55:57.516] - eth_getTransactionCount
[2021/12/12 12:55:57.519] - eth_getBalance
[2021/12/12 12:55:57.522] - eth_getTransactionCount
[2021/12/12 12:55:57.527] - eth_getBalance
[2021/12/12 12:55:57.531] - eth_getTransactionCount
[2021/12/12 12:55:57.535] - eth_getBalance
[2021/12/12 12:55:57.539] - eth_getTransactionCount
[2021/12/12 12:55:57.543] - eth_getBalance
[2021/12/12 12:55:57.546] - eth_getTransactionCount
[2021/12/12 12:55:57.551] - eth_getBalance
[2021/12/12 12:55:57.556] - eth_getTransactionCount
[2021/12/12 12:55:57.559] - eth_getBalance
[2021/12/12 12:55:57.563] - eth_getTransactionCount
[2021/12/12 12:55:57.569] - eth_getBalance
[2021/12/12 12:55:57.573] - eth_getTransactionCount
[2021/12/12 12:55:57.577] - eth_getBalance
[2021/12/12 12:55:57.580] - eth_getTransactionCount
[2021/12/12 12:55:57.589] - eth_blockNumber
[2021/12/12 12:55:57.590] - eth_accounts
[2021/12/12 12:55:57.590] - eth_gasPrice
[2021/12/12 12:55:57.617] - eth_getBalance
[2021/12/12 12:55:57.621] - eth_getTransactionCount
[2021/12/12 12:55:57.626] - eth_getBalance
[2021/12/12 12:55:57.629] - eth_getTransactionCount
[2021/12/12 12:55:57.632] - eth_getBalance
[2021/12/12 12:55:57.636] - eth_getTransactionCount
[2021/12/12 12:55:57.640] - eth_getBalance
[2021/12/12 12:55:57.644] - eth_getTransactionCount
[2021/12/12 12:55:57.647] - eth_getBalance
[2021/12/12 12:55:57.650] - eth_getTransactionCount
[2021/12/12 12:55:57.654] - eth_getBalance
[2021/12/12 12:55:57.657] - eth_getTransactionCount
[2021/12/12 12:55:57.661] - eth_getBalance
[2021/12/12 12:55:57.665] - eth_getTransactionCount
[2021/12/12 12:55:57.668] - eth_getBalance
[2021/12/12 12:55:57.672] - eth_getTransactionCount
[2021/12/12 12:55:57.675] - eth_getBalance
[2021/12/12 12:55:57.681] - eth_getTransactionCount
[2021/12/12 12:55:57.684] - eth_getBalance
[2021/12/12 12:55:57.688] - eth_getTransactionCount
[2021/12/12 12:55:57.688] - eth_getBlockByNumber
[2021/12/12 12:55:57.689] - eth_subscribe
[2021/12/12 12:55:57.770] - eth_getBalance
[2021/12/12 12:55:57.775] - eth_getTransactionCount
[2021/12/12 12:55:57.778] - eth_getBalance
[2021/12/12 12:55:57.781] - eth_getTransactionCount
[2021/12/12 12:55:57.785] - eth_getBalance
[2021/12/12 12:55:57.789] - eth_getTransactionCount
[2021/12/12 12:55:57.793] - eth_getBalance
[2021/12/12 12:55:57.796] - eth_getTransactionCount
[2021/12/12 12:55:57.801] - eth_getBalance
[2021/12/12 12:55:57.804] - eth_getTransactionCount
[2021/12/12 12:55:57.807] - eth_getBalance
[2021/12/12 12:55:57.810] - eth_getTransactionCount
[2021/12/12 12:55:57.814] - eth_getBalance
[2021/12/12 12:55:57.817] - eth_getTransactionCount
[2021/12/12 12:55:57.821] - eth_getBalance
[2021/12/12 12:55:57.824] - eth_getTransactionCount
[2021/12/12 12:55:57.828] - eth_getBalance
[2021/12/12 12:55:57.831] - eth_getTransactionCount
[2021/12/12 12:55:57.835] - eth_getBalance
[2021/12/12 12:55:57.841] - eth_getTransactionCount
[2021/12/12 12:55:57.844] - eth_getBalance
[2021/12/12 12:55:57.848] - eth_getTransactionCount
[2021/12/12 12:55:57.852] - eth_getBalance
[2021/12/12 12:55:57.856] - eth_getTransactionCount
[2021/12/12 12:55:57.860] - eth_getBalance
[2021/12/12 12:55:57.863] - eth_getTransactionCount
[2021/12/12 12:55:57.867] - eth_getBalance
[2021/12/12 12:55:57.872] - eth_getTransactionCount
[2021/12/12 12:55:57.877] - eth_getBalance
[2021/12/12 12:55:57.880] - eth_getTransactionCount
[2021/12/12 12:55:57.885] - eth_getBalance
[2021/12/12 12:55:57.888] - eth_getTransactionCount
[2021/12/12 12:55:57.891] - eth_getBalance
[2021/12/12 12:55:57.894] - eth_getTransactionCount
[2021/12/12 12:55:57.897] - eth_getBalance
[2021/12/12 12:55:57.901] - eth_getTransactionCount
[2021/12/12 12:55:57.904] - eth_getBalance
[2021/12/12 12:55:57.907] - eth_getTransactionCount
[2021/12/12 12:55:57.911] - eth_getBalance
[2021/12/12 12:55:57.914] - eth_getTransactionCount
[2021/12/12 12:56:11.986] - eth_blockNumber
[2021/12/12 12:56:15.414] - eth_blockNumber
[2021/12/12 12:56:32.018] - eth_blockNumber
[2021/12/12 12:56:35.436] - eth_blockNumber
[2021/12/12 12:56:37.927] - eth_getCode
[2021/12/12 12:56:37.949] - eth_gasPrice
[2021/12/12 12:56:39.037] - eth_getTransactionCount
[2021/12/12 12:56:41.819] - eth_sendRawTransaction
[2021/12/12 12:56:41.966] - 
[2021/12/12 12:56:41.967] -   Transaction: 0x88be846c076f50a410d4cd99b88c11ecb41d27b48dbed3cb9fd78effa9ace882
[2021/12/12 12:56:41.967] -   Gas usage: 23247
[2021/12/12 12:56:41.968] -   Block Number: 54
[2021/12/12 12:56:41.968] -   Block Time: Sun Dec 12 2021 12:56:41 GMT+0100 (Central European Standard Time)
[2021/12/12 12:56:41.968] - 
[2021/12/12 12:56:41.973] - eth_getBlockByNumber
[2021/12/12 12:56:41.982] - eth_getBalance
[2021/12/12 12:56:41.988] - eth_getTransactionCount
[2021/12/12 12:56:41.994] - eth_getBalance
[2021/12/12 12:56:42.001] - eth_getTransactionCount
[2021/12/12 12:56:42.005] - eth_getBalance
[2021/12/12 12:56:42.010] - eth_getTransactionCount
[2021/12/12 12:56:42.015] - eth_getBalance
[2021/12/12 12:56:42.022] - eth_getTransactionCount
[2021/12/12 12:56:42.026] - eth_getBalance
[2021/12/12 12:56:42.030] - eth_getTransactionCount
[2021/12/12 12:56:42.034] - eth_getBalance
[2021/12/12 12:56:42.042] - eth_getTransactionCount
[2021/12/12 12:56:42.046] - eth_getBalance
[2021/12/12 12:56:42.050] - eth_getTransactionCount
[2021/12/12 12:56:42.054] - eth_getBalance
[2021/12/12 12:56:42.058] - eth_getTransactionCount
[2021/12/12 12:56:42.062] - eth_getBalance
[2021/12/12 12:56:42.072] - eth_getTransactionCount
[2021/12/12 12:56:42.073] - eth_getBalance
[2021/12/12 12:56:42.078] - eth_getTransactionCount
[2021/12/12 12:56:42.099] - eth_getTransactionReceipt
[2021/12/12 12:56:42.136] - eth_blockNumber
[2021/12/12 12:56:42.178] - eth_getBlockByNumber
[2021/12/12 12:56:42.202] - eth_getTransactionReceipt
[2021/12/12 12:56:42.234] - eth_getBalance
[2021/12/12 12:56:42.235] - eth_getBalance
[2021/12/12 12:56:42.237] - eth_getBalance
[2021/12/12 12:56:42.238] - eth_getBalance
[2021/12/12 12:56:42.241] - eth_getBalance
[2021/12/12 12:56:42.241] - eth_getBalance
[2021/12/12 12:56:42.243] - eth_getBalance
[2021/12/12 12:56:42.244] - eth_getBalance
[2021/12/12 12:56:42.249] - eth_getBalance
[2021/12/12 12:56:42.251] - eth_getBalance
[2021/12/12 12:56:42.252] - eth_getBalance
[2021/12/12 12:56:42.255] - eth_getBalance
[2021/12/12 12:56:42.258] - eth_getBalance
[2021/12/12 12:56:42.259] - eth_getBalance
[2021/12/12 12:56:42.262] - eth_getBalance
[2021/12/12 12:56:42.265] - eth_getBalance
[2021/12/12 12:56:42.269] - eth_getBlockByHash
[2021/12/12 12:56:45.919] - eth_call
[2021/12/12 12:56:52.037] - eth_blockNumber
[2021/12/12 12:56:55.467] - eth_blockNumber
[2021/12/12 12:57:12.067] - eth_blockNumber
[2021/12/12 12:57:15.486] - eth_blockNumber
[2021/12/12 12:57:32.086] - eth_blockNumber
[2021/12/12 12:57:34.803] - eth_getBlockByNumber
[2021/12/12 12:57:34.830] - eth_getTransactionReceipt
[2021/12/12 12:57:34.845] - eth_getBlockByNumber
[2021/12/12 12:57:34.858] - eth_getTransactionReceipt
[2021/12/12 12:57:34.877] - eth_getBlockByNumber
[2021/12/12 12:57:34.891] - eth_getTransactionReceipt
[2021/12/12 12:57:34.909] - eth_getBlockByNumber
[2021/12/12 12:57:34.923] - eth_getTransactionReceipt
[2021/12/12 12:57:34.942] - eth_getBlockByNumber
[2021/12/12 12:57:34.955] - eth_getTransactionReceipt
[2021/12/12 12:57:34.975] - eth_getBlockByNumber
[2021/12/12 12:57:34.987] - eth_getTransactionReceipt
[2021/12/12 12:57:35.006] - eth_getBlockByNumber
[2021/12/12 12:57:35.019] - eth_getTransactionReceipt
[2021/12/12 12:57:35.043] - eth_getBlockByNumber
[2021/12/12 12:57:35.069] - eth_getTransactionReceipt
[2021/12/12 12:57:35.086] - eth_getBlockByNumber
[2021/12/12 12:57:35.100] - eth_getTransactionReceipt
[2021/12/12 12:57:35.118] - eth_getBlockByNumber
[2021/12/12 12:57:35.131] - eth_getTransactionReceipt
[2021/12/12 12:57:35.149] - eth_getBlockByNumber
[2021/12/12 12:57:35.162] - eth_getTransactionReceipt
[2021/12/12 12:57:35.513] - eth_blockNumber
[2021/12/12 12:57:36.676] - eth_getTransactionByHash
[2021/12/12 12:57:36.728] - net_version
[2021/12/12 12:57:36.743] - eth_getCode
[2021/12/12 12:57:52.104] - eth_blockNumber
[2021/12/12 12:57:55.530] - eth_blockNumber
[2021/12/12 12:58:12.128] - eth_blockNumber
[2021/12/12 12:58:15.553] - eth_blockNumber
[2021/12/12 12:58:32.162] - eth_blockNumber
[2021/12/12 12:58:35.573] - eth_blockNumber
[2021/12/12 12:58:52.185] - eth_blockNumber
[2021/12/12 12:58:55.603] - eth_blockNumber
[2021/12/12 12:59:12.216] - eth_blockNumber
[2021/12/12 12:59:15.623] - eth_blockNumber
[2021/12/12 12:59:20.970] - eth_getBlockByNumber
[2021/12/12 12:59:20.989] - eth_getBlockTransactionCountByHash
[2021/12/12 12:59:21.015] - eth_getBlockByNumber
[2021/12/12 12:59:21.030] - eth_getBlockTransactionCountByHash
[2021/12/12 12:59:21.046] - eth_getBlockByNumber
[2021/12/12 12:59:21.061] - eth_getBlockTransactionCountByHash
[2021/12/12 12:59:21.076] - eth_getBlockByNumber
[2021/12/12 12:59:21.092] - eth_getBlockTransactionCountByHash
[2021/12/12 12:59:21.109] - eth_getBlockByNumber
[2021/12/12 12:59:21.124] - eth_getBlockTransactionCountByHash
[2021/12/12 12:59:21.139] - eth_getBlockByNumber
[2021/12/12 12:59:21.154] - eth_getBlockTransactionCountByHash
[2021/12/12 12:59:21.178] - eth_getBlockByNumber
[2021/12/12 12:59:21.200] - eth_getBlockTransactionCountByHash
[2021/12/12 12:59:21.217] - eth_getBlockByNumber
[2021/12/12 12:59:21.231] - eth_getBlockTransactionCountByHash
[2021/12/12 12:59:21.246] - eth_getBlockByNumber
[2021/12/12 12:59:21.264] - eth_getBlockTransactionCountByHash
[2021/12/12 12:59:21.278] - eth_getBlockByNumber
[2021/12/12 12:59:21.296] - eth_getBlockTransactionCountByHash
[2021/12/12 12:59:21.309] - eth_getBlockByNumber
[2021/12/12 12:59:21.327] - eth_getBlockTransactionCountByHash
[2021/12/12 12:59:21.340] - eth_getBlockByNumber
[2021/12/12 12:59:21.357] - eth_getBlockTransactionCountByHash
[2021/12/12 12:59:21.373] - eth_getBlockByNumber
[2021/12/12 12:59:21.389] - eth_getBlockTransactionCountByHash
[2021/12/12 12:59:21.404] - eth_getBlockByNumber
[2021/12/12 12:59:21.421] - eth_getBlockTransactionCountByHash
[2021/12/12 12:59:21.436] - eth_getBlockByNumber
[2021/12/12 12:59:21.451] - eth_getBlockTransactionCountByHash
[2021/12/12 12:59:21.467] - eth_getBlockByNumber
[2021/12/12 12:59:21.484] - eth_getBlockTransactionCountByHash
[2021/12/12 12:59:25.417] - net_version
[2021/12/12 12:59:25.433] - eth_getCode
[2021/12/12 12:59:32.238] - eth_blockNumber
[2021/12/12 12:59:35.646] - eth_blockNumber
[2021/12/12 12:59:41.160] - net_version
[2021/12/12 12:59:41.177] - eth_getCode
[2021/12/12 12:59:52.261] - eth_blockNumber
[2021/12/12 12:59:55.669] - eth_blockNumber
[2021/12/12 13:00:12.279] - eth_blockNumber
[2021/12/12 13:00:15.686] - eth_blockNumber
[2021/12/12 13:00:32.301] - eth_blockNumber
[2021/12/12 13:00:35.715] - eth_blockNumber
[2021/12/12 13:00:52.324] - eth_blockNumber
[2021/12/12 13:00:55.743] - eth_blockNumber
[2021/12/12 13:01:12.355] - eth_blockNumber
[2021/12/12 13:01:15.769] - eth_blockNumber
[2021/12/12 13:01:32.388] - eth_blockNumber
[2021/12/12 13:01:35.795] - eth_blockNumber
[2021/12/12 13:01:52.410] - eth_blockNumber
[2021/12/12 13:01:55.814] - eth_blockNumber
[2021/12/12 13:02:12.432] - eth_blockNumber
[2021/12/12 13:02:15.833] - eth_blockNumber
[2021/12/12 13:02:32.452] - eth_blockNumber
[2021/12/12 13:02:35.864] - eth_blockNumber
[2021/12/12 13:02:52.485] - eth_blockNumber
[2021/12/12 13:02:55.888] - eth_blockNumber
[2021/12/12 13:03:12.515] - eth_blockNumber
[2021/12/12 13:03:15.920] - eth_blockNumber
[2021/12/12 13:03:32.535] - eth_blockNumber
[2021/12/12 13:03:35.946] - eth_blockNumber
[2021/12/12 13:03:52.568] - eth_blockNumber
[2021/12/12 13:03:55.976] - eth_blockNumber
[2021/12/12 13:04:12.595] - eth_blockNumber
[2021/12/12 13:04:15.999] - eth_blockNumber
[2021/12/12 13:04:32.603] - eth_blockNumber
[2021/12/12 13:04:36.020] - eth_blockNumber
[2021/12/12 13:04:52.635] - eth_blockNumber
[2021/12/12 13:04:56.042] - eth_blockNumber
[2021/12/12 13:05:12.654] - eth_blockNumber
[2021/12/12 13:05:16.074] - eth_blockNumber
[2021/12/12 13:05:32.683] - eth_blockNumber
[2021/12/12 13:05:36.102] - eth_blockNumber
[2021/12/12 13:05:52.715] - eth_blockNumber
[2021/12/12 13:05:56.121] - eth_blockNumber
[2021/12/12 13:06:12.735] - eth_blockNumber
[2021/12/12 13:06:16.142] - eth_blockNumber
[2021/12/12 13:06:32.764] - eth_blockNumber
[2021/12/12 13:06:36.171] - eth_blockNumber
[2021/12/12 13:06:52.781] - eth_blockNumber
[2021/12/12 13:06:56.206] - eth_blockNumber
[2021/12/12 13:07:12.812] - eth_blockNumber
[2021/12/12 13:07:16.234] - eth_blockNumber
[2021/12/12 13:07:32.831] - eth_blockNumber
[2021/12/12 13:07:36.257] - eth_blockNumber
[2021/12/12 13:07:52.852] - eth_blockNumber
[2021/12/12 13:07:56.264] - eth_blockNumber
[2021/12/12 13:08:12.870] - eth_blockNumber
[2021/12/12 13:08:16.295] - eth_blockNumber
[2021/12/12 13:08:32.897] - eth_blockNumber
[2021/12/12 13:08:36.314] - eth_blockNumber
[2021/12/12 13:08:52.922] - eth_blockNumber
[2021/12/12 13:08:56.347] - eth_blockNumber
[2021/12/12 13:09:12.941] - eth_blockNumber
[2021/12/12 13:09:16.380] - eth_blockNumber
[2021/12/12 13:09:32.965] - eth_blockNumber
[2021/12/12 13:09:36.405] - eth_blockNumber
[2021/12/12 13:09:52.984] - eth_blockNumber
[2021/12/12 13:09:56.431] - eth_blockNumber
[2021/12/12 13:10:13.008] - eth_blockNumber
[2021/12/12 13:10:16.455] - eth_blockNumber
[2021/12/12 13:10:33.034] - eth_blockNumber
[2021/12/12 13:10:36.477] - eth_blockNumber
[2021/12/12 13:10:53.057] - eth_blockNumber
[2021/12/12 13:10:56.485] - eth_blockNumber
[2021/12/12 13:11:13.075] - eth_blockNumber
[2021/12/12 13:11:16.517] - eth_blockNumber
[2021/12/12 13:11:33.097] - eth_blockNumber
[2021/12/12 13:11:36.536] - eth_blockNumber
[2021/12/12 13:11:53.146] - eth_blockNumber
[2021/12/12 13:11:56.569] - eth_blockNumber
[2021/12/12 13:12:13.163] - eth_blockNumber
[2021/12/12 13:12:16.601] - eth_blockNumber
[2021/12/12 13:12:33.185] - eth_blockNumber
[2021/12/12 13:12:36.621] - eth_blockNumber
[2021/12/12 13:12:53.214] - eth_blockNumber
[2021/12/12 13:12:56.642] - eth_blockNumber
[2021/12/12 13:13:13.235] - eth_blockNumber
[2021/12/12 13:13:16.668] - eth_blockNumber
[2021/12/12 13:13:33.262] - eth_blockNumber
[2021/12/12 13:13:36.691] - eth_blockNumber
[2021/12/12 13:13:53.280] - eth_blockNumber
[2021/12/12 13:13:56.708] - eth_blockNumber
[2021/12/12 13:14:13.307] - eth_blockNumber
[2021/12/12 13:14:16.727] - eth_blockNumber
[2021/12/12 13:14:33.331] - eth_blockNumber
[2021/12/12 13:14:36.745] - eth_blockNumber
[2021/12/12 13:14:53.364] - eth_blockNumber
[2021/12/12 13:14:56.774] - eth_blockNumber
[2021/12/12 13:15:13.393] - eth_blockNumber
[2021/12/12 13:15:16.806] - eth_blockNumber
[2021/12/12 13:15:33.411] - eth_blockNumber
[2021/12/12 13:15:36.835] - eth_blockNumber
[2021/12/12 13:15:53.438] - eth_blockNumber
[2021/12/12 13:15:56.853] - eth_blockNumber
[2021/12/12 13:16:13.471] - eth_blockNumber
[2021/12/12 13:16:16.880] - eth_blockNumber
[2021/12/12 13:16:33.501] - eth_blockNumber
[2021/12/12 13:16:36.913] - eth_blockNumber
[2021/12/12 13:16:53.522] - eth_blockNumber
[2021/12/12 13:16:56.945] - eth_blockNumber
[2021/12/12 13:17:13.549] - eth_blockNumber
[2021/12/12 13:17:16.968] - eth_blockNumber
[2021/12/12 13:17:33.568] - eth_blockNumber
[2021/12/12 13:17:36.996] - eth_blockNumber
[2021/12/12 13:17:53.586] - eth_blockNumber
[2021/12/12 13:17:57.018] - eth_blockNumber
[2021/12/12 13:18:13.608] - eth_blockNumber
[2021/12/12 13:18:17.043] - eth_blockNumber
[2021/12/12 13:18:33.630] - eth_blockNumber
[2021/12/12 13:18:37.061] - eth_blockNumber
[2021/12/12 13:18:53.661] - eth_blockNumber
[2021/12/12 13:18:57.094] - eth_blockNumber
[2021/12/12 13:19:13.694] - eth_blockNumber
[2021/12/12 13:19:17.117] - eth_blockNumber
[2021/12/12 13:19:33.712] - eth_blockNumber
[2021/12/12 13:19:37.139] - eth_blockNumber
[2021/12/12 13:19:53.738] - eth_blockNumber
[2021/12/12 13:19:57.166] - eth_blockNumber
[2021/12/12 13:20:13.759] - eth_blockNumber
[2021/12/12 13:20:17.197] - eth_blockNumber
[2021/12/12 13:20:33.790] - eth_blockNumber
[2021/12/12 13:20:37.228] - eth_blockNumber
[2021/12/12 13:20:53.822] - eth_blockNumber
[2021/12/12 13:20:57.259] - eth_blockNumber
[2021/12/12 13:21:13.855] - eth_blockNumber
[2021/12/12 13:21:17.287] - eth_blockNumber
[2021/12/12 13:21:33.882] - eth_blockNumber
[2021/12/12 13:21:37.308] - eth_blockNumber
[2021/12/12 13:21:53.913] - eth_blockNumber
[2021/12/12 13:21:57.328] - eth_blockNumber
[2021/12/12 13:22:13.945] - eth_blockNumber
[2021/12/12 13:22:17.348] - eth_blockNumber
[2021/12/12 13:22:33.956] - eth_blockNumber
[2021/12/12 13:22:37.363] - eth_blockNumber
[2021/12/12 13:22:53.977] - eth_blockNumber
[2021/12/12 13:22:57.377] - eth_blockNumber
[2021/12/12 13:23:13.996] - eth_blockNumber
[2021/12/12 13:23:17.386] - eth_blockNumber
[2021/12/12 13:23:34.016] - eth_blockNumber
[2021/12/12 13:23:37.407] - eth_blockNumber
[2021/12/12 13:23:54.041] - eth_blockNumber
[2021/12/12 13:23:57.420] - eth_blockNumber
[2021/12/12 13:24:14.098] - eth_blockNumber
[2021/12/12 13:24:17.433] - eth_blockNumber
[2021/12/12 13:24:34.131] - eth_blockNumber
[2021/12/12 13:24:37.452] - eth_blockNumber
[2021/12/12 13:24:54.154] - eth_blockNumber
[2021/12/12 13:24:57.464] - eth_blockNumber
[2021/12/12 13:25:14.180] - eth_blockNumber
[2021/12/12 13:25:17.477] - eth_blockNumber
[2021/12/12 13:25:34.210] - eth_blockNumber
[2021/12/12 13:25:37.504] - eth_blockNumber
[2021/12/12 13:25:54.239] - eth_blockNumber
[2021/12/12 13:25:57.532] - eth_blockNumber
[2021/12/12 13:26:14.258] - eth_blockNumber
[2021/12/12 13:26:17.554] - eth_blockNumber
[2021/12/12 13:26:34.282] - eth_blockNumber
[2021/12/12 13:26:37.585] - eth_blockNumber
[2021/12/12 13:26:54.314] - eth_blockNumber
[2021/12/12 13:26:57.606] - eth_blockNumber
[2021/12/12 13:27:14.334] - eth_blockNumber
[2021/12/12 13:27:17.624] - eth_blockNumber
[2021/12/12 13:27:34.358] - eth_blockNumber
[2021/12/12 13:27:37.643] - eth_blockNumber
[2021/12/12 13:27:54.382] - eth_blockNumber
[2021/12/12 13:27:57.660] - eth_blockNumber
[2021/12/12 13:28:14.413] - eth_blockNumber
[2021/12/12 13:28:17.691] - eth_blockNumber
[2021/12/12 13:28:34.445] - eth_blockNumber
[2021/12/12 13:28:37.711] - eth_blockNumber
[2021/12/12 13:28:54.477] - eth_blockNumber
[2021/12/12 13:28:57.744] - eth_blockNumber
[2021/12/12 13:29:14.497] - eth_blockNumber
[2021/12/12 13:29:17.771] - eth_blockNumber
[2021/12/12 13:29:34.522] - eth_blockNumber
[2021/12/12 13:29:37.796] - eth_blockNumber
[2021/12/12 13:29:54.550] - eth_blockNumber
[2021/12/12 13:29:57.816] - eth_blockNumber
[2021/12/12 13:30:14.584] - eth_blockNumber
[2021/12/12 13:30:17.850] - eth_blockNumber
[2021/12/12 13:30:34.616] - eth_blockNumber
[2021/12/12 13:30:37.874] - eth_blockNumber
[2021/12/12 13:30:54.648] - eth_blockNumber
[2021/12/12 13:30:57.894] - eth_blockNumber
[2021/12/12 13:31:14.669] - eth_blockNumber
[2021/12/12 13:31:17.917] - eth_blockNumber
[2021/12/12 13:31:34.698] - eth_blockNumber
[2021/12/12 13:31:37.937] - eth_blockNumber
[2021/12/12 13:31:54.728] - eth_blockNumber
[2021/12/12 13:31:57.967] - eth_blockNumber
[2021/12/12 13:32:14.753] - eth_blockNumber
[2021/12/12 13:32:17.996] - eth_blockNumber
[2021/12/12 13:32:34.773] - eth_blockNumber
[2021/12/12 13:32:38.025] - eth_blockNumber
[2021/12/12 13:32:54.806] - eth_blockNumber
[2021/12/12 13:32:58.056] - eth_blockNumber
[2021/12/12 13:33:05.693] - eth_getCode
[2021/12/12 13:33:05.719] - eth_gasPrice
[2021/12/12 13:33:07.381] - eth_getTransactionCount
[2021/12/12 13:33:13.821] - eth_sendRawTransaction
[2021/12/12 13:33:13.993] - 
[2021/12/12 13:33:13.994] -   Transaction: 0xd59d5bc3a2112f56cd1463f48cad3c1de6de84cfad0677bea93b4f6ece294371
[2021/12/12 13:33:13.994] -   Gas usage: 23283
[2021/12/12 13:33:13.995] -   Block Number: 55
[2021/12/12 13:33:13.997] -   Block Time: Sun Dec 12 2021 13:33:13 GMT+0100 (Central European Standard Time)
[2021/12/12 13:33:13.998] - 
[2021/12/12 13:33:13.999] - eth_getBlockByNumber
[2021/12/12 13:33:14.027] - eth_getBalance
[2021/12/12 13:33:14.038] - eth_getTransactionCount
[2021/12/12 13:33:14.049] - eth_getBalance
[2021/12/12 13:33:14.055] - eth_getTransactionCount
[2021/12/12 13:33:14.064] - eth_getBalance
[2021/12/12 13:33:14.071] - eth_getTransactionCount
[2021/12/12 13:33:14.077] - eth_getBalance
[2021/12/12 13:33:14.085] - eth_getTransactionCount
[2021/12/12 13:33:14.090] - eth_getBalance
[2021/12/12 13:33:14.098] - eth_getTransactionCount
[2021/12/12 13:33:14.105] - eth_getBalance
[2021/12/12 13:33:14.112] - eth_getTransactionCount
[2021/12/12 13:33:14.118] - eth_getBalance
[2021/12/12 13:33:14.125] - eth_getTransactionCount
[2021/12/12 13:33:14.134] - eth_getBalance
[2021/12/12 13:33:14.141] - eth_getTransactionCount
[2021/12/12 13:33:14.148] - eth_getBalance
[2021/12/12 13:33:14.156] - eth_getTransactionCount
[2021/12/12 13:33:14.161] - eth_getBalance
[2021/12/12 13:33:14.168] - eth_getTransactionCount
[2021/12/12 13:33:14.264] - eth_getTransactionReceipt
[2021/12/12 13:33:14.421] - eth_blockNumber
[2021/12/12 13:33:14.512] - eth_getBlockByNumber
[2021/12/12 13:33:14.521] - eth_getTransactionReceipt
[2021/12/12 13:33:14.530] - eth_getBalance
[2021/12/12 13:33:14.534] - eth_getBalance
[2021/12/12 13:33:14.535] - eth_getBalance
[2021/12/12 13:33:14.536] - eth_getBalance
[2021/12/12 13:33:14.537] - eth_getBalance
[2021/12/12 13:33:14.540] - eth_getBalance
[2021/12/12 13:33:14.541] - eth_getBalance
[2021/12/12 13:33:14.543] - eth_getBalance
[2021/12/12 13:33:14.544] - eth_getBalance
[2021/12/12 13:33:14.549] - eth_getBalance
[2021/12/12 13:33:14.550] - eth_getBalance
[2021/12/12 13:33:14.556] - eth_getBalance
[2021/12/12 13:33:14.557] - eth_getBalance
[2021/12/12 13:33:14.561] - eth_getBalance
[2021/12/12 13:33:14.564] - eth_getBalance
[2021/12/12 13:33:14.565] - eth_getBalance
[2021/12/12 13:33:14.570] - eth_getBlockByHash
[2021/12/12 13:33:14.834] - eth_blockNumber
[2021/12/12 13:33:18.081] - eth_blockNumber
[2021/12/12 13:33:34.867] - eth_blockNumber
[2021/12/12 13:33:38.100] - eth_blockNumber
[2021/12/12 13:33:54.896] - eth_blockNumber
[2021/12/12 13:33:58.132] - eth_blockNumber
[2021/12/12 13:34:14.918] - eth_blockNumber
[2021/12/12 13:34:18.154] - eth_blockNumber
[2021/12/12 13:34:24.600] - eth_getCode
[2021/12/12 13:34:24.636] - eth_gasPrice
[2021/12/12 13:34:26.246] - eth_getTransactionCount
[2021/12/12 13:34:28.958] - eth_sendRawTransaction
[2021/12/12 13:34:29.094] - 
[2021/12/12 13:34:29.095] -   Transaction: 0x6d8d0e6d4872ac09befb758816d8d8df9ea65f322884a0667256faec1901f458
[2021/12/12 13:34:29.096] -   Gas usage: 23307
[2021/12/12 13:34:29.097] -   Block Number: 56
[2021/12/12 13:34:29.097] -   Block Time: Sun Dec 12 2021 13:34:28 GMT+0100 (Central European Standard Time)
[2021/12/12 13:34:29.098] - 
[2021/12/12 13:34:29.100] - eth_getBlockByNumber
[2021/12/12 13:34:29.119] - eth_getBalance
[2021/12/12 13:34:29.135] - eth_getTransactionCount
[2021/12/12 13:34:29.142] - eth_getBalance
[2021/12/12 13:34:29.152] - eth_getTransactionCount
[2021/12/12 13:34:29.161] - eth_getBalance
[2021/12/12 13:34:29.172] - eth_getTransactionCount
[2021/12/12 13:34:29.182] - eth_getBalance
[2021/12/12 13:34:29.192] - eth_getTransactionCount
[2021/12/12 13:34:29.199] - eth_getBalance
[2021/12/12 13:34:29.210] - eth_getTransactionCount
[2021/12/12 13:34:29.219] - eth_getBalance
[2021/12/12 13:34:29.233] - eth_getTransactionCount
[2021/12/12 13:34:29.257] - eth_getBalance
[2021/12/12 13:34:29.272] - eth_getTransactionCount
[2021/12/12 13:34:29.284] - eth_getBalance
[2021/12/12 13:34:29.293] - eth_getTransactionCount
[2021/12/12 13:34:29.301] - eth_getBalance
[2021/12/12 13:34:29.308] - eth_getTransactionCount
[2021/12/12 13:34:29.318] - eth_getBalance
[2021/12/12 13:34:29.324] - eth_getTransactionCount
[2021/12/12 13:34:29.358] - eth_getTransactionReceipt
[2021/12/12 13:34:29.514] - eth_blockNumber
[2021/12/12 13:34:29.599] - eth_getBlockByNumber
[2021/12/12 13:34:29.606] - eth_getTransactionReceipt
[2021/12/12 13:34:29.617] - eth_getBalance
[2021/12/12 13:34:29.620] - eth_getBalance
[2021/12/12 13:34:29.621] - eth_getBalance
[2021/12/12 13:34:29.621] - eth_getBalance
[2021/12/12 13:34:29.622] - eth_getBalance
[2021/12/12 13:34:29.625] - eth_getBalance
[2021/12/12 13:34:29.626] - eth_getBalance
[2021/12/12 13:34:29.629] - eth_getBalance
[2021/12/12 13:34:29.630] - eth_getBalance
[2021/12/12 13:34:29.636] - eth_getBalance
[2021/12/12 13:34:29.637] - eth_getBalance
[2021/12/12 13:34:29.642] - eth_getBalance
[2021/12/12 13:34:29.644] - eth_getBalance
[2021/12/12 13:34:29.660] - eth_getBalance
[2021/12/12 13:34:29.662] - eth_getBalance
[2021/12/12 13:34:29.667] - eth_getBalance
[2021/12/12 13:34:29.668] - eth_getBlockByHash
[2021/12/12 13:34:32.596] - eth_call
[2021/12/12 13:34:34.928] - eth_blockNumber
[2021/12/12 13:34:38.182] - eth_blockNumber
[2021/12/12 13:34:54.946] - eth_blockNumber
[2021/12/12 13:34:58.206] - eth_blockNumber
[2021/12/12 13:35:00.172] - eth_getBlockByNumber
[2021/12/12 13:35:00.206] - eth_getTransactionReceipt
[2021/12/12 13:35:00.228] - eth_getBlockByNumber
[2021/12/12 13:35:00.249] - eth_getTransactionReceipt
[2021/12/12 13:35:00.278] - eth_getTransactionReceipt
[2021/12/12 13:35:00.313] - eth_getTransactionReceipt
[2021/12/12 13:35:00.345] - eth_getTransactionReceipt
[2021/12/12 13:35:00.382] - eth_getTransactionReceipt
[2021/12/12 13:35:00.413] - eth_getTransactionReceipt
[2021/12/12 13:35:00.442] - eth_getTransactionReceipt
[2021/12/12 13:35:00.473] - eth_getTransactionReceipt
[2021/12/12 13:35:00.502] - eth_getTransactionReceipt
[2021/12/12 13:35:00.533] - eth_getTransactionReceipt
[2021/12/12 13:35:01.569] - eth_getTransactionByHash
[2021/12/12 13:35:01.625] - net_version
[2021/12/12 13:35:01.636] - eth_getCode
[2021/12/12 13:35:14.974] - eth_blockNumber
[2021/12/12 13:35:18.233] - eth_blockNumber
[2021/12/12 13:35:35.004] - eth_blockNumber
[2021/12/12 13:35:38.256] - eth_blockNumber
[2021/12/12 13:35:55.030] - eth_blockNumber
[2021/12/12 13:35:58.279] - eth_blockNumber
[2021/12/12 13:36:15.051] - eth_blockNumber
[2021/12/12 13:36:18.311] - eth_blockNumber
[2021/12/12 13:36:35.077] - eth_blockNumber
[2021/12/12 13:36:38.343] - eth_blockNumber
[2021/12/12 13:36:55.103] - eth_blockNumber
[2021/12/12 13:36:58.370] - eth_blockNumber
[2021/12/12 13:37:15.119] - eth_blockNumber
[2021/12/12 13:37:18.404] - eth_blockNumber
[2021/12/12 13:37:32.372] - eth_getCode
[2021/12/12 13:37:32.406] - eth_gasPrice
[2021/12/12 13:37:34.103] - eth_call
[2021/12/12 13:37:34.195] - eth_getTransactionCount
[2021/12/12 13:37:35.140] - eth_blockNumber
[2021/12/12 13:37:37.397] - eth_sendRawTransaction
[2021/12/12 13:37:37.840] - 
[2021/12/12 13:37:37.841] -   Transaction: 0x37bbbf9c964ba42c11cd030d68cecc1d424ad7d20b7f913c8599613e7b96db10
[2021/12/12 13:37:37.842] -   Gas usage: 37215
[2021/12/12 13:37:37.843] -   Block Number: 57
[2021/12/12 13:37:37.844] -   Block Time: Sun Dec 12 2021 13:37:37 GMT+0100 (Central European Standard Time)
[2021/12/12 13:37:37.845] - 
[2021/12/12 13:37:37.847] - eth_getBlockByNumber
[2021/12/12 13:37:37.864] - eth_getBalance
[2021/12/12 13:37:37.878] - eth_getTransactionCount
[2021/12/12 13:37:37.887] - eth_getTransactionReceipt
[2021/12/12 13:37:37.898] - eth_getBalance
[2021/12/12 13:37:37.904] - eth_blockNumber
[2021/12/12 13:37:37.905] - eth_getTransactionCount
[2021/12/12 13:37:37.912] - eth_getBalance
[2021/12/12 13:37:37.919] - eth_getBlockByNumber
[2021/12/12 13:37:37.927] - eth_getTransactionCount
[2021/12/12 13:37:37.928] - eth_getTransactionReceipt
[2021/12/12 13:37:37.938] - eth_getBalance
[2021/12/12 13:37:37.940] - eth_getBalance
[2021/12/12 13:37:37.941] - eth_getBalance
[2021/12/12 13:37:37.943] - eth_getBalance
[2021/12/12 13:37:37.945] - eth_getBalance
[2021/12/12 13:37:37.947] - eth_getBalance
[2021/12/12 13:37:37.950] - eth_getBalance
[2021/12/12 13:37:37.953] - eth_getBalance
[2021/12/12 13:37:37.955] - eth_getBalance
[2021/12/12 13:37:37.959] - eth_getBalance
[2021/12/12 13:37:37.961] - eth_getBalance
[2021/12/12 13:37:37.970] - eth_getBalance
[2021/12/12 13:37:37.971] - eth_getBalance
[2021/12/12 13:37:37.973] - eth_getBalance
[2021/12/12 13:37:37.974] - eth_getBalance
[2021/12/12 13:37:37.980] - eth_getBalance
[2021/12/12 13:37:37.981] - eth_getBalance
[2021/12/12 13:37:38.006] - eth_getBlockByHash
[2021/12/12 13:37:38.007] - eth_getTransactionCount
[2021/12/12 13:37:38.008] - eth_getBalance
[2021/12/12 13:37:38.036] - eth_getTransactionCount
[2021/12/12 13:37:38.063] - eth_getBalance
[2021/12/12 13:37:38.083] - eth_getTransactionCount
[2021/12/12 13:37:38.091] - eth_getBalance
[2021/12/12 13:37:38.097] - eth_getTransactionCount
[2021/12/12 13:37:38.105] - eth_getBalance
[2021/12/12 13:37:38.111] - eth_getTransactionCount
[2021/12/12 13:37:38.117] - eth_getBalance
[2021/12/12 13:37:38.124] - eth_getTransactionCount
[2021/12/12 13:37:38.132] - eth_getBalance
[2021/12/12 13:37:38.138] - eth_getTransactionCount
[2021/12/12 13:37:38.483] - eth_blockNumber
[2021/12/12 13:37:40.471] - eth_call
[2021/12/12 13:37:55.159] - eth_blockNumber
[2021/12/12 13:37:58.499] - eth_blockNumber
[2021/12/12 13:38:14.370] - eth_getCode
[2021/12/12 13:38:14.412] - eth_gasPrice
[2021/12/12 13:38:15.554] - eth_blockNumber
[2021/12/12 13:38:15.985] - eth_call
[2021/12/12 13:38:16.153] - eth_getTransactionCount
[2021/12/12 13:38:18.684] - eth_sendRawTransaction
[2021/12/12 13:38:18.713] - eth_blockNumber
[2021/12/12 13:38:18.850] - 
[2021/12/12 13:38:18.850] -   Transaction: 0x92ba6e8e48231eff3656597e81bf447bb3ad812cd2bebdc4cfb4003ed03bcfb4
[2021/12/12 13:38:18.851] -   Gas usage: 49229
[2021/12/12 13:38:18.852] -   Block Number: 58
[2021/12/12 13:38:18.853] -   Block Time: Sun Dec 12 2021 13:38:18 GMT+0100 (Central European Standard Time)
[2021/12/12 13:38:18.853] - 
[2021/12/12 13:38:18.856] - eth_getBlockByNumber
[2021/12/12 13:38:18.871] - eth_getBalance
[2021/12/12 13:38:18.883] - eth_getTransactionCount
[2021/12/12 13:38:18.897] - eth_getBalance
[2021/12/12 13:38:18.906] - eth_getTransactionCount
[2021/12/12 13:38:18.914] - eth_getBalance
[2021/12/12 13:38:18.921] - eth_getTransactionCount
[2021/12/12 13:38:18.931] - eth_getBalance
[2021/12/12 13:38:18.939] - eth_getTransactionCount
[2021/12/12 13:38:18.945] - eth_getBalance
[2021/12/12 13:38:18.953] - eth_getTransactionCount
[2021/12/12 13:38:18.960] - eth_getBalance
[2021/12/12 13:38:18.968] - eth_getTransactionCount
[2021/12/12 13:38:18.974] - eth_getBalance
[2021/12/12 13:38:18.981] - eth_getTransactionCount
[2021/12/12 13:38:18.991] - eth_getBalance
[2021/12/12 13:38:18.999] - eth_getTransactionCount
[2021/12/12 13:38:19.008] - eth_getBalance
[2021/12/12 13:38:19.017] - eth_getTransactionCount
[2021/12/12 13:38:19.024] - eth_getBalance
[2021/12/12 13:38:19.030] - eth_getTransactionCount
[2021/12/12 13:38:19.152] - eth_getBlockByNumber
[2021/12/12 13:38:19.155] - eth_getTransactionReceipt
[2021/12/12 13:38:19.282] - eth_getBalance
[2021/12/12 13:38:19.283] - eth_getBalance
[2021/12/12 13:38:19.286] - eth_getBalance
[2021/12/12 13:38:19.288] - eth_getBalance
[2021/12/12 13:38:19.289] - eth_getBalance
[2021/12/12 13:38:19.291] - eth_getBalance
[2021/12/12 13:38:19.293] - eth_getBalance
[2021/12/12 13:38:19.294] - eth_getBalance
[2021/12/12 13:38:19.301] - eth_getBalance
[2021/12/12 13:38:19.306] - eth_getBalance
[2021/12/12 13:38:19.307] - eth_getBalance
[2021/12/12 13:38:19.314] - eth_getBalance
[2021/12/12 13:38:19.319] - eth_getBalance
[2021/12/12 13:38:19.335] - eth_getBalance
[2021/12/12 13:38:19.341] - eth_getBalance
[2021/12/12 13:38:19.342] - eth_getBalance
[2021/12/12 13:38:19.361] - eth_getBlockByHash
[2021/12/12 13:38:22.365] - eth_call
[2021/12/12 13:38:28.642] - eth_getTransactionReceipt
[2021/12/12 13:38:28.717] - net_version
[2021/12/12 13:38:28.734] - eth_getCode
[2021/12/12 13:38:35.597] - eth_blockNumber
[2021/12/12 13:38:39.156] - eth_blockNumber
[2021/12/12 13:38:55.621] - eth_blockNumber
[2021/12/12 13:38:59.182] - eth_blockNumber
[2021/12/12 13:39:15.647] - eth_blockNumber
[2021/12/12 13:39:19.209] - eth_blockNumber
[2021/12/12 13:39:35.669] - eth_blockNumber
[2021/12/12 13:39:39.240] - eth_blockNumber
[2021/12/12 13:39:55.687] - eth_blockNumber
[2021/12/12 13:39:59.262] - eth_blockNumber
[2021/12/12 13:40:15.721] - eth_blockNumber
[2021/12/12 13:40:19.281] - eth_blockNumber
[2021/12/12 13:40:35.750] - eth_blockNumber
[2021/12/12 13:40:39.306] - eth_blockNumber
[2021/12/12 13:40:55.768] - eth_blockNumber
[2021/12/12 13:40:59.335] - eth_blockNumber
[2021/12/12 13:41:15.815] - eth_blockNumber
[2021/12/12 13:41:19.357] - eth_blockNumber
[2021/12/12 13:41:35.843] - eth_blockNumber
[2021/12/12 13:41:39.390] - eth_blockNumber
[2021/12/12 13:41:55.863] - eth_blockNumber
[2021/12/12 13:41:59.405] - eth_blockNumber
[2021/12/12 13:42:15.898] - eth_blockNumber
[2021/12/12 13:42:19.435] - eth_blockNumber
[2021/12/12 13:42:35.918] - eth_blockNumber
[2021/12/12 13:42:39.451] - eth_blockNumber
[2021/12/12 13:42:55.949] - eth_blockNumber
[2021/12/12 13:42:59.477] - eth_blockNumber
[2021/12/12 13:43:15.971] - eth_blockNumber
[2021/12/12 13:43:19.499] - eth_blockNumber
[2021/12/12 13:43:35.982] - eth_blockNumber
[2021/12/12 13:43:39.519] - eth_blockNumber
[2021/12/12 13:43:56.004] - eth_blockNumber
[2021/12/12 13:43:59.548] - eth_blockNumber
[2021/12/12 13:44:16.033] - eth_blockNumber
[2021/12/12 13:44:19.571] - eth_blockNumber
[2021/12/12 13:44:36.064] - eth_blockNumber
[2021/12/12 13:44:39.592] - eth_blockNumber
[2021/12/12 13:44:56.092] - eth_blockNumber
[2021/12/12 13:44:59.617] - eth_blockNumber
[2021/12/12 13:45:16.117] - eth_blockNumber
[2021/12/12 13:45:19.643] - eth_blockNumber
[2021/12/12 13:45:36.138] - eth_blockNumber
[2021/12/12 13:45:39.675] - eth_blockNumber
[2021/12/12 13:45:56.161] - eth_blockNumber
[2021/12/12 13:45:59.699] - eth_blockNumber
[2021/12/12 13:46:16.193] - eth_blockNumber
[2021/12/12 13:46:19.720] - eth_blockNumber
[2021/12/12 13:46:36.223] - eth_blockNumber
[2021/12/12 13:46:39.745] - eth_blockNumber
[2021/12/12 13:46:56.246] - eth_blockNumber
[2021/12/12 13:46:59.767] - eth_blockNumber
[2021/12/12 13:47:16.267] - eth_blockNumber
[2021/12/12 13:47:19.794] - eth_blockNumber
[2021/12/12 13:47:36.290] - eth_blockNumber
[2021/12/12 13:47:39.814] - eth_blockNumber
[2021/12/12 13:47:56.320] - eth_blockNumber
[2021/12/12 13:47:59.846] - eth_blockNumber
[2021/12/12 13:48:16.341] - eth_blockNumber
[2021/12/12 13:48:19.878] - eth_blockNumber
[2021/12/12 13:48:36.361] - eth_blockNumber
[2021/12/12 13:48:39.911] - eth_blockNumber
[2021/12/12 13:48:56.389] - eth_blockNumber
[2021/12/12 13:48:59.943] - eth_blockNumber
[2021/12/12 13:49:16.417] - eth_blockNumber
[2021/12/12 13:49:19.975] - eth_blockNumber
[2021/12/12 13:49:36.438] - eth_blockNumber
[2021/12/12 13:49:39.994] - eth_blockNumber
[2021/12/12 13:49:56.463] - eth_blockNumber
[2021/12/12 13:50:00.015] - eth_blockNumber
[2021/12/12 13:50:16.493] - eth_blockNumber
[2021/12/12 13:50:20.038] - eth_blockNumber
[2021/12/12 13:50:36.511] - eth_blockNumber
[2021/12/12 13:50:40.068] - eth_blockNumber
[2021/12/12 13:50:56.544] - eth_blockNumber
[2021/12/12 13:51:00.101] - eth_blockNumber
[2021/12/12 13:51:16.575] - eth_blockNumber
[2021/12/12 13:51:20.126] - eth_blockNumber
[2021/12/12 13:51:36.603] - eth_blockNumber
[2021/12/12 13:51:40.161] - eth_blockNumber
[2021/12/12 13:51:56.630] - eth_blockNumber
[2021/12/12 13:52:00.175] - eth_blockNumber
[2021/12/12 13:52:16.643] - eth_blockNumber
[2021/12/12 13:52:20.200] - eth_blockNumber
[2021/12/12 13:52:36.661] - eth_blockNumber
[2021/12/12 13:52:40.229] - eth_blockNumber
[2021/12/12 13:52:56.679] - eth_blockNumber
[2021/12/12 13:53:00.253] - eth_blockNumber
[2021/12/12 13:53:16.710] - eth_blockNumber
[2021/12/12 13:53:20.279] - eth_blockNumber
[2021/12/12 13:53:36.738] - eth_blockNumber
[2021/12/12 13:53:40.303] - eth_blockNumber
[2021/12/12 13:53:56.767] - eth_blockNumber
[2021/12/12 13:54:00.328] - eth_blockNumber
[2021/12/12 13:54:16.792] - eth_blockNumber
[2021/12/12 13:54:20.350] - eth_blockNumber
[2021/12/12 13:54:36.821] - eth_blockNumber
[2021/12/12 13:54:40.376] - eth_blockNumber
[2021/12/12 13:54:56.844] - eth_blockNumber
[2021/12/12 13:55:00.399] - eth_blockNumber
[2021/12/12 13:55:16.875] - eth_blockNumber
[2021/12/12 13:55:20.420] - eth_blockNumber
[2021/12/12 13:55:36.906] - eth_blockNumber
[2021/12/12 13:55:40.437] - eth_blockNumber
[2021/12/12 13:55:56.929] - eth_blockNumber
[2021/12/12 13:56:00.459] - eth_blockNumber
[2021/12/12 13:56:16.955] - eth_blockNumber
[2021/12/12 13:56:20.480] - eth_blockNumber
[2021/12/12 13:56:36.990] - eth_blockNumber
[2021/12/12 13:56:40.495] - eth_blockNumber
[2021/12/12 13:56:57.005] - eth_blockNumber
[2021/12/12 13:57:00.518] - eth_blockNumber
[2021/12/12 13:57:17.031] - eth_blockNumber
[2021/12/12 13:57:20.547] - eth_blockNumber
[2021/12/12 13:57:37.057] - eth_blockNumber
[2021/12/12 13:57:40.569] - eth_blockNumber
[2021/12/12 13:57:57.087] - eth_blockNumber
[2021/12/12 13:58:00.586] - eth_blockNumber
[2021/12/12 13:58:17.107] - eth_blockNumber
[2021/12/12 13:58:20.608] - eth_blockNumber
[2021/12/12 13:58:37.128] - eth_blockNumber
[2021/12/12 13:58:40.631] - eth_blockNumber
[2021/12/12 13:58:57.156] - eth_blockNumber
[2021/12/12 13:59:00.657] - eth_blockNumber
[2021/12/12 13:59:17.186] - eth_blockNumber
[2021/12/12 13:59:20.678] - eth_blockNumber
[2021/12/12 13:59:37.211] - eth_blockNumber
[2021/12/12 13:59:40.697] - eth_blockNumber
[2021/12/12 13:59:57.237] - eth_blockNumber
[2021/12/12 14:00:00.709] - eth_blockNumber
[2021/12/12 14:00:17.269] - eth_blockNumber
[2021/12/12 14:00:20.738] - eth_blockNumber
[2021/12/12 14:00:37.297] - eth_blockNumber
[2021/12/12 14:00:40.758] - eth_blockNumber
[2021/12/12 14:00:57.323] - eth_blockNumber
[2021/12/12 14:01:00.781] - eth_blockNumber
[2021/12/12 14:01:17.353] - eth_blockNumber
[2021/12/12 14:01:20.806] - eth_blockNumber
[2021/12/12 14:01:37.380] - eth_blockNumber
[2021/12/12 14:01:40.838] - eth_blockNumber
[2021/12/12 14:01:57.410] - eth_blockNumber
[2021/12/12 14:02:00.868] - eth_blockNumber
[2021/12/12 14:02:17.431] - eth_blockNumber
[2021/12/12 14:02:20.943] - eth_blockNumber
[2021/12/12 14:02:37.453] - eth_blockNumber
[2021/12/12 14:02:40.956] - eth_blockNumber
[2021/12/12 14:02:57.479] - eth_blockNumber
[2021/12/12 14:03:00.977] - eth_blockNumber
[2021/12/12 14:03:17.502] - eth_blockNumber
[2021/12/12 14:03:20.987] - eth_blockNumber
[2021/12/12 14:03:37.522] - eth_blockNumber
[2021/12/12 14:03:41.018] - eth_blockNumber
[2021/12/12 14:03:57.534] - eth_blockNumber
[2021/12/12 14:04:01.045] - eth_blockNumber
[2021/12/12 14:04:17.573] - eth_blockNumber
[2021/12/12 14:04:21.076] - eth_blockNumber
[2021/12/12 14:04:37.592] - eth_blockNumber
[2021/12/12 14:04:41.100] - eth_blockNumber
[2021/12/12 14:04:57.623] - eth_blockNumber
[2021/12/12 14:05:01.123] - eth_blockNumber
[2021/12/12 14:05:17.660] - eth_blockNumber
[2021/12/12 14:05:21.147] - eth_blockNumber
[2021/12/12 14:05:37.687] - eth_blockNumber
[2021/12/12 14:05:41.174] - eth_blockNumber
[2021/12/12 14:05:57.709] - eth_blockNumber
[2021/12/12 14:06:01.204] - eth_blockNumber
[2021/12/12 14:06:17.740] - eth_blockNumber
[2021/12/12 14:06:21.232] - eth_blockNumber
[2021/12/12 14:06:37.758] - eth_blockNumber
[2021/12/12 14:06:41.261] - eth_blockNumber
[2021/12/12 14:06:57.786] - eth_blockNumber
[2021/12/12 14:07:01.283] - eth_blockNumber
[2021/12/12 14:07:17.812] - eth_blockNumber
[2021/12/12 14:07:21.311] - eth_blockNumber
[2021/12/12 14:07:37.871] - eth_blockNumber
[2021/12/12 14:07:41.359] - eth_blockNumber
[2021/12/12 14:07:57.902] - eth_blockNumber
[2021/12/12 14:08:01.380] - eth_blockNumber
[2021/12/12 14:08:17.921] - eth_blockNumber
[2021/12/12 14:08:21.410] - eth_blockNumber
[2021/12/12 14:08:37.952] - eth_blockNumber
[2021/12/12 14:08:41.434] - eth_blockNumber
[2021/12/12 14:08:57.979] - eth_blockNumber
[2021/12/12 14:09:01.459] - eth_blockNumber
[2021/12/12 14:09:17.997] - eth_blockNumber
[2021/12/12 14:09:21.474] - eth_blockNumber
[2021/12/12 14:09:38.021] - eth_blockNumber
[2021/12/12 14:09:41.484] - eth_blockNumber
[2021/12/12 14:09:58.043] - eth_blockNumber
[2021/12/12 14:10:01.511] - eth_blockNumber
[2021/12/12 14:10:18.070] - eth_blockNumber
[2021/12/12 14:10:21.525] - eth_blockNumber
[2021/12/12 14:10:38.101] - eth_blockNumber
[2021/12/12 14:10:41.546] - eth_blockNumber
[2021/12/12 14:10:58.121] - eth_blockNumber
[2021/12/12 14:11:01.584] - eth_blockNumber
[2021/12/12 14:11:18.148] - eth_blockNumber
[2021/12/12 14:11:21.645] - eth_blockNumber
[2021/12/12 14:11:38.171] - eth_blockNumber
[2021/12/12 14:11:41.670] - eth_blockNumber
[2021/12/12 14:11:58.196] - eth_blockNumber
[2021/12/12 14:12:01.691] - eth_blockNumber
[2021/12/12 14:12:18.233] - eth_blockNumber
[2021/12/12 14:12:21.711] - eth_blockNumber
[2021/12/12 14:12:38.251] - eth_blockNumber
[2021/12/12 14:12:41.745] - eth_blockNumber
[2021/12/12 14:12:52.198] - eth_getCode
[2021/12/12 14:12:52.227] - eth_gasPrice
[2021/12/12 14:12:54.075] - eth_getTransactionCount
[2021/12/12 14:12:58.268] - eth_blockNumber
[2021/12/12 14:13:01.810] - eth_blockNumber
[2021/12/12 14:13:06.103] - eth_sendRawTransaction
[2021/12/12 14:13:06.263] - 
[2021/12/12 14:13:06.263] -   Transaction: 0x0fa5cd0998276ceff26a4548645910d64b24fa2445380d0e1500498b43328705
[2021/12/12 14:13:06.264] -   Gas usage: 23271
[2021/12/12 14:13:06.265] -   Block Number: 59
[2021/12/12 14:13:06.266] -   Block Time: Sun Dec 12 2021 14:13:06 GMT+0100 (Central European Standard Time)
[2021/12/12 14:13:06.266] - 
[2021/12/12 14:13:06.268] - eth_getBlockByNumber
[2021/12/12 14:13:06.301] - eth_getBalance
[2021/12/12 14:13:06.309] - eth_getTransactionCount
[2021/12/12 14:13:06.318] - eth_getBalance
[2021/12/12 14:13:06.323] - eth_getTransactionCount
[2021/12/12 14:13:06.331] - eth_getBalance
[2021/12/12 14:13:06.345] - eth_getTransactionCount
[2021/12/12 14:13:06.353] - eth_getBalance
[2021/12/12 14:13:06.362] - eth_getTransactionCount
[2021/12/12 14:13:06.370] - eth_getBalance
[2021/12/12 14:13:06.382] - eth_getTransactionCount
[2021/12/12 14:13:06.389] - eth_getBalance
[2021/12/12 14:13:06.399] - eth_getTransactionCount
[2021/12/12 14:13:06.410] - eth_getBalance
[2021/12/12 14:13:06.416] - eth_getTransactionCount
[2021/12/12 14:13:06.424] - eth_getBalance
[2021/12/12 14:13:06.433] - eth_getTransactionCount
[2021/12/12 14:13:06.438] - eth_getBalance
[2021/12/12 14:13:06.445] - eth_getTransactionCount
[2021/12/12 14:13:06.451] - eth_getBalance
[2021/12/12 14:13:06.458] - eth_getTransactionCount
[2021/12/12 14:13:06.560] - eth_getTransactionReceipt
[2021/12/12 14:13:06.757] - eth_blockNumber
[2021/12/12 14:13:06.867] - eth_getBlockByNumber
[2021/12/12 14:13:06.872] - eth_getTransactionReceipt
[2021/12/12 14:13:06.883] - eth_getBalance
[2021/12/12 14:13:06.884] - eth_getBalance
[2021/12/12 14:13:06.887] - eth_getBalance
[2021/12/12 14:13:06.888] - eth_getBalance
[2021/12/12 14:13:06.889] - eth_getBalance
[2021/12/12 14:13:06.890] - eth_getBalance
[2021/12/12 14:13:06.891] - eth_getBalance
[2021/12/12 14:13:06.897] - eth_getBalance
[2021/12/12 14:13:06.898] - eth_getBalance
[2021/12/12 14:13:06.906] - eth_getBalance
[2021/12/12 14:13:06.907] - eth_getBalance
[2021/12/12 14:13:06.913] - eth_getBalance
[2021/12/12 14:13:06.915] - eth_getBalance
[2021/12/12 14:13:06.918] - eth_getBalance
[2021/12/12 14:13:06.923] - eth_getBalance
[2021/12/12 14:13:06.924] - eth_getBalance
[2021/12/12 14:13:06.931] - eth_getBlockByHash
[2021/12/12 14:13:18.302] - eth_blockNumber
[2021/12/12 14:13:21.831] - eth_blockNumber
[2021/12/12 14:13:38.320] - eth_blockNumber
[2021/12/12 14:13:41.850] - eth_blockNumber
[2021/12/12 14:13:58.184] - eth_getCode
[2021/12/12 14:13:58.223] - eth_gasPrice
[2021/12/12 14:13:58.356] - eth_blockNumber
[2021/12/12 14:14:00.629] - eth_getTransactionCount
[2021/12/12 14:14:01.871] - eth_blockNumber
[2021/12/12 14:14:06.174] - eth_call
[2021/12/12 14:14:18.402] - eth_blockNumber
[2021/12/12 14:14:21.890] - eth_blockNumber
[2021/12/12 14:14:38.420] - eth_blockNumber
[2021/12/12 14:14:41.909] - eth_blockNumber
[2021/12/12 14:14:55.645] - eth_sendRawTransaction
[2021/12/12 14:14:55.795] - 
[2021/12/12 14:14:55.796] -   Transaction: 0xf1ca5b30931d31256441202bac71f300f1eb0daccf843359643b318134d60368
[2021/12/12 14:14:55.796] -   Gas usage: 26455
[2021/12/12 14:14:55.797] -   Block Number: 60
[2021/12/12 14:14:55.798] -   Block Time: Sun Dec 12 2021 14:14:55 GMT+0100 (Central European Standard Time)
[2021/12/12 14:14:55.799] - 
[2021/12/12 14:14:55.801] - eth_getBlockByNumber
[2021/12/12 14:14:55.815] - eth_getBalance
[2021/12/12 14:14:55.824] - eth_getTransactionCount
[2021/12/12 14:14:55.835] - eth_getBalance
[2021/12/12 14:14:55.843] - eth_getTransactionCount
[2021/12/12 14:14:55.852] - eth_getBalance
[2021/12/12 14:14:55.861] - eth_getTransactionCount
[2021/12/12 14:14:55.870] - eth_getBalance
[2021/12/12 14:14:55.875] - eth_getTransactionCount
[2021/12/12 14:14:55.883] - eth_getBalance
[2021/12/12 14:14:55.890] - eth_getTransactionCount
[2021/12/12 14:14:55.899] - eth_getBalance
[2021/12/12 14:14:55.908] - eth_getTransactionCount
[2021/12/12 14:14:55.915] - eth_getBalance
[2021/12/12 14:14:55.923] - eth_getTransactionCount
[2021/12/12 14:14:55.930] - eth_getBalance
[2021/12/12 14:14:55.941] - eth_getTransactionCount
[2021/12/12 14:14:55.948] - eth_getBalance
[2021/12/12 14:14:55.954] - eth_getTransactionCount
[2021/12/12 14:14:55.963] - eth_getBalance
[2021/12/12 14:14:55.968] - eth_getTransactionCount
[2021/12/12 14:14:58.432] - eth_blockNumber
[2021/12/12 14:14:58.448] - eth_getBlockByNumber
[2021/12/12 14:14:58.453] - eth_getTransactionReceipt
[2021/12/12 14:14:58.464] - eth_getBalance
[2021/12/12 14:14:58.465] - eth_getBalance
[2021/12/12 14:14:58.469] - eth_getBalance
[2021/12/12 14:14:58.471] - eth_getBalance
[2021/12/12 14:14:58.472] - eth_getBalance
[2021/12/12 14:14:58.473] - eth_getBalance
[2021/12/12 14:14:58.475] - eth_getBalance
[2021/12/12 14:14:58.476] - eth_getBalance
[2021/12/12 14:14:58.481] - eth_getBalance
[2021/12/12 14:14:58.482] - eth_getBalance
[2021/12/12 14:14:58.487] - eth_getBalance
[2021/12/12 14:14:58.489] - eth_getBalance
[2021/12/12 14:14:58.507] - eth_getBalance
[2021/12/12 14:14:58.508] - eth_getBalance
[2021/12/12 14:14:58.510] - eth_getBalance
[2021/12/12 14:14:58.516] - eth_getBalance
[2021/12/12 14:14:58.517] - eth_getBlockByHash
[2021/12/12 14:15:00.774] - eth_call
[2021/12/12 14:15:01.929] - eth_blockNumber
[2021/12/12 14:15:07.212] - eth_gasPrice
[2021/12/12 14:15:18.449] - eth_blockNumber
[2021/12/12 14:15:21.956] - eth_blockNumber
[2021/12/12 14:15:38.480] - eth_blockNumber
[2021/12/12 14:15:41.987] - eth_blockNumber
[2021/12/12 14:15:58.521] - eth_blockNumber
[2021/12/12 14:16:02.020] - eth_blockNumber
[2021/12/12 14:16:18.540] - eth_blockNumber
[2021/12/12 14:16:22.048] - eth_blockNumber
[2021/12/12 14:16:38.570] - eth_blockNumber
[2021/12/12 14:16:42.079] - eth_blockNumber
[2021/12/12 14:16:58.599] - eth_blockNumber
[2021/12/12 14:17:02.119] - eth_blockNumber
[2021/12/12 14:17:18.623] - eth_blockNumber
[2021/12/12 14:17:22.160] - eth_blockNumber
[2021/12/12 14:17:38.661] - eth_blockNumber
[2021/12/12 14:17:42.182] - eth_blockNumber
[2021/12/12 14:17:58.690] - eth_blockNumber
[2021/12/12 14:18:02.193] - eth_blockNumber
[2021/12/12 14:18:18.712] - eth_blockNumber
[2021/12/12 14:18:22.213] - eth_blockNumber
[2021/12/12 14:18:38.743] - eth_blockNumber
[2021/12/12 14:18:42.246] - eth_blockNumber
[2021/12/12 14:18:58.773] - eth_blockNumber
[2021/12/12 14:19:02.268] - eth_blockNumber
[2021/12/12 14:19:18.794] - eth_blockNumber
[2021/12/12 14:19:22.286] - eth_blockNumber
[2021/12/12 14:19:38.825] - eth_blockNumber
[2021/12/12 14:19:42.305] - eth_blockNumber
[2021/12/12 14:19:58.843] - eth_blockNumber
[2021/12/12 14:20:02.326] - eth_blockNumber
[2021/12/12 14:20:18.869] - eth_blockNumber
[2021/12/12 14:20:22.346] - eth_blockNumber
[2021/12/12 14:20:38.890] - eth_blockNumber
[2021/12/12 14:20:42.376] - eth_blockNumber
[2021/12/12 14:20:58.908] - eth_blockNumber
[2021/12/12 14:21:02.408] - eth_blockNumber
[2021/12/12 14:21:18.933] - eth_blockNumber
[2021/12/12 14:21:22.430] - eth_blockNumber
[2021/12/12 14:21:38.958] - eth_blockNumber
[2021/12/12 14:21:42.460] - eth_blockNumber
[2021/12/12 14:21:58.982] - eth_blockNumber
[2021/12/12 14:22:02.485] - eth_blockNumber
[2021/12/12 14:22:19.029] - eth_blockNumber
[2021/12/12 14:22:22.516] - eth_blockNumber
[2021/12/12 14:22:39.051] - eth_blockNumber
[2021/12/12 14:22:42.538] - eth_blockNumber
[2021/12/12 14:22:59.083] - eth_blockNumber
[2021/12/12 14:23:02.565] - eth_blockNumber
[2021/12/12 14:23:19.111] - eth_blockNumber
[2021/12/12 14:23:22.591] - eth_blockNumber
[2021/12/12 14:23:39.144] - eth_blockNumber
[2021/12/12 14:23:42.624] - eth_blockNumber
[2021/12/12 14:23:59.173] - eth_blockNumber
[2021/12/12 14:24:02.647] - eth_blockNumber
[2021/12/12 14:24:19.192] - eth_blockNumber
[2021/12/12 14:24:22.672] - eth_blockNumber
[2021/12/12 14:24:39.215] - eth_blockNumber
[2021/12/12 14:24:42.697] - eth_blockNumber
[2021/12/12 14:24:59.248] - eth_blockNumber
[2021/12/12 14:25:02.714] - eth_blockNumber
[2021/12/12 14:25:19.267] - eth_blockNumber
[2021/12/12 14:25:22.741] - eth_blockNumber
[2021/12/12 14:25:39.293] - eth_blockNumber
[2021/12/12 14:25:42.763] - eth_blockNumber
[2021/12/12 14:25:59.319] - eth_blockNumber
[2021/12/12 14:26:02.783] - eth_blockNumber
[2021/12/12 14:26:19.347] - eth_blockNumber
[2021/12/12 14:26:22.804] - eth_blockNumber
[2021/12/12 14:26:39.372] - eth_blockNumber
[2021/12/12 14:26:42.827] - eth_blockNumber
[2021/12/12 14:26:59.396] - eth_blockNumber
[2021/12/12 14:27:02.858] - eth_blockNumber
[2021/12/12 14:27:19.425] - eth_blockNumber
[2021/12/12 14:27:22.889] - eth_blockNumber
[2021/12/12 14:27:39.450] - eth_blockNumber
[2021/12/12 14:27:42.919] - eth_blockNumber
[2021/12/12 14:27:59.478] - eth_blockNumber
[2021/12/12 14:28:02.946] - eth_blockNumber
[2021/12/12 14:28:19.504] - eth_blockNumber
[2021/12/12 14:28:22.974] - eth_blockNumber
[2021/12/12 14:28:39.535] - eth_blockNumber
[2021/12/12 14:28:43.002] - eth_blockNumber
[2021/12/12 14:28:48.444] - eth_getCode
[2021/12/12 14:28:59.554] - eth_blockNumber
[2021/12/12 14:29:03.035] - eth_blockNumber
[2021/12/12 14:29:04.382] - eth_getTransactionCount
[2021/12/12 14:29:04.574] - eth_sendRawTransaction
[2021/12/12 14:29:04.695] - 
[2021/12/12 14:29:04.696] -   Transaction: 0xaba504fcc20cda7be0fe405ace107f53966ab045d6e4f1b4aa22823fad7d42d9
[2021/12/12 14:29:04.696] -   Gas usage: 26455
[2021/12/12 14:29:04.696] -   Block Number: 61
[2021/12/12 14:29:04.697] -   Block Time: Sun Dec 12 2021 14:29:04 GMT+0100 (Central European Standard Time)
[2021/12/12 14:29:04.697] - 
[2021/12/12 14:29:04.698] - eth_getBlockByNumber
[2021/12/12 14:29:04.709] - eth_getBalance
[2021/12/12 14:29:04.715] - eth_getTransactionCount
[2021/12/12 14:29:04.722] - eth_getBalance
[2021/12/12 14:29:04.728] - eth_getTransactionCount
[2021/12/12 14:29:04.735] - eth_getBalance
[2021/12/12 14:29:04.739] - eth_getTransactionCount
[2021/12/12 14:29:04.745] - eth_getBalance
[2021/12/12 14:29:04.752] - eth_getTransactionCount
[2021/12/12 14:29:04.756] - eth_getBalance
[2021/12/12 14:29:04.762] - eth_getTransactionCount
[2021/12/12 14:29:04.767] - eth_getBalance
[2021/12/12 14:29:04.772] - eth_getTransactionCount
[2021/12/12 14:29:04.778] - eth_getBalance
[2021/12/12 14:29:04.783] - eth_getTransactionCount
[2021/12/12 14:29:04.787] - eth_getBalance
[2021/12/12 14:29:04.792] - eth_getTransactionCount
[2021/12/12 14:29:04.798] - eth_getBalance
[2021/12/12 14:29:04.804] - eth_getTransactionCount
[2021/12/12 14:29:04.811] - eth_getBalance
[2021/12/12 14:29:04.816] - eth_getTransactionCount
[2021/12/12 14:29:09.190] - eth_sendRawTransaction
[2021/12/12 14:29:09.358] - 
[2021/12/12 14:29:09.358] -   Transaction: 0x08236466d5c5e5da3a756d8efb3be4c80a17aa812ee15b63ab739b74dd315299
[2021/12/12 14:29:09.359] -   Gas usage: 23271
[2021/12/12 14:29:09.359] -   Block Number: 62
[2021/12/12 14:29:09.360] -   Block Time: Sun Dec 12 2021 14:29:09 GMT+0100 (Central European Standard Time)
[2021/12/12 14:29:09.360] - 
[2021/12/12 14:29:09.373] - eth_getBlockByNumber
[2021/12/12 14:29:09.374] - eth_getBalance
[2021/12/12 14:29:09.376] - eth_getTransactionCount
[2021/12/12 14:29:09.381] - eth_getBalance
[2021/12/12 14:29:09.387] - eth_getTransactionCount
[2021/12/12 14:29:09.395] - eth_getBalance
[2021/12/12 14:29:09.399] - eth_getTransactionCount
[2021/12/12 14:29:09.404] - eth_getBalance
[2021/12/12 14:29:09.408] - eth_getTransactionCount
[2021/12/12 14:29:09.415] - eth_getBalance
[2021/12/12 14:29:09.420] - eth_getTransactionCount
[2021/12/12 14:29:09.425] - eth_getBalance
[2021/12/12 14:29:09.430] - eth_getTransactionCount
[2021/12/12 14:29:09.437] - eth_getBalance
[2021/12/12 14:29:09.443] - eth_getTransactionCount
[2021/12/12 14:29:09.446] - eth_getBalance
[2021/12/12 14:29:09.451] - eth_getTransactionCount
[2021/12/12 14:29:09.455] - eth_getBalance
[2021/12/12 14:29:09.464] - eth_getTransactionCount
[2021/12/12 14:29:09.469] - eth_getBalance
[2021/12/12 14:29:09.474] - eth_getTransactionCount
[2021/12/12 14:29:09.506] - eth_getTransactionReceipt
[2021/12/12 14:29:09.526] - eth_blockNumber
[2021/12/12 14:29:09.554] - eth_getBlockByNumber
[2021/12/12 14:29:09.577] - eth_getTransactionReceipt
[2021/12/12 14:29:09.585] - eth_getTransactionReceipt
[2021/12/12 14:29:09.632] - eth_getBalance
[2021/12/12 14:29:09.632] - eth_getBalance
[2021/12/12 14:29:09.644] - eth_getBalance
[2021/12/12 14:29:09.645] - eth_getBalance
[2021/12/12 14:29:09.646] - eth_getBalance
[2021/12/12 14:29:09.648] - eth_getBalance
[2021/12/12 14:29:09.648] - eth_getBalance
[2021/12/12 14:29:09.649] - eth_getBalance
[2021/12/12 14:29:09.650] - eth_getBalance
[2021/12/12 14:29:09.654] - eth_getBalance
[2021/12/12 14:29:09.656] - eth_getBalance
[2021/12/12 14:29:09.658] - eth_getBalance
[2021/12/12 14:29:09.662] - eth_getBalance
[2021/12/12 14:29:09.666] - eth_getBalance
[2021/12/12 14:29:09.667] - eth_getBalance
[2021/12/12 14:29:09.673] - eth_getBalance
[2021/12/12 14:29:09.674] - eth_getBlockByHash
[2021/12/12 14:29:09.686] - eth_getBlockByHash
[2021/12/12 14:29:19.574] - eth_blockNumber
[2021/12/12 14:29:23.061] - eth_blockNumber
[2021/12/12 14:29:39.594] - eth_blockNumber
[2021/12/12 14:29:43.093] - eth_blockNumber
[2021/12/12 14:29:47.823] - eth_getCode
[2021/12/12 14:29:47.852] - eth_gasPrice
[2021/12/12 14:29:50.564] - eth_getTransactionCount
[2021/12/12 14:29:55.845] - eth_sendRawTransaction
[2021/12/12 14:29:55.851] - eth_call
[2021/12/12 14:29:55.980] - 
[2021/12/12 14:29:55.980] -   Transaction: 0xdf83a5113129a5ed51460f2c5f00bd5d4c0bae9f6fc462a87a04536f643cb76b
[2021/12/12 14:29:55.981] -   Gas usage: 23271
[2021/12/12 14:29:55.981] -   Block Number: 63
[2021/12/12 14:29:55.982] -   Block Time: Sun Dec 12 2021 14:29:55 GMT+0100 (Central European Standard Time)
[2021/12/12 14:29:55.982] - 
[2021/12/12 14:29:55.985] - eth_getBlockByNumber
[2021/12/12 14:29:55.996] - eth_getBalance
[2021/12/12 14:29:56.002] - eth_getTransactionCount
[2021/12/12 14:29:56.009] - eth_getBalance
[2021/12/12 14:29:56.015] - eth_getTransactionCount
[2021/12/12 14:29:56.030] - eth_getBalance
[2021/12/12 14:29:56.037] - eth_getTransactionCount
[2021/12/12 14:29:56.044] - eth_getBalance
[2021/12/12 14:29:56.051] - eth_getTransactionCount
[2021/12/12 14:29:56.080] - eth_getBalance
[2021/12/12 14:29:56.092] - eth_getTransactionCount
[2021/12/12 14:29:56.098] - eth_getBalance
[2021/12/12 14:29:56.105] - eth_getTransactionCount
[2021/12/12 14:29:56.116] - eth_getBalance
[2021/12/12 14:29:56.122] - eth_getTransactionCount
[2021/12/12 14:29:56.127] - eth_getBalance
[2021/12/12 14:29:56.132] - eth_getTransactionCount
[2021/12/12 14:29:56.138] - eth_getBalance
[2021/12/12 14:29:56.143] - eth_getTransactionCount
[2021/12/12 14:29:56.150] - eth_getBalance
[2021/12/12 14:29:56.155] - eth_getTransactionCount
[2021/12/12 14:29:56.174] - eth_getTransactionReceipt
[2021/12/12 14:29:56.310] - eth_blockNumber
[2021/12/12 14:29:56.391] - eth_getBlockByNumber
[2021/12/12 14:29:56.396] - eth_getTransactionReceipt
[2021/12/12 14:29:56.403] - eth_getBalance
[2021/12/12 14:29:56.405] - eth_getBalance
[2021/12/12 14:29:56.406] - eth_getBalance
[2021/12/12 14:29:56.408] - eth_getBalance
[2021/12/12 14:29:56.409] - eth_getBalance
[2021/12/12 14:29:56.410] - eth_getBalance
[2021/12/12 14:29:56.411] - eth_getBalance
[2021/12/12 14:29:56.412] - eth_getBalance
[2021/12/12 14:29:56.416] - eth_getBalance
[2021/12/12 14:29:56.418] - eth_getBalance
[2021/12/12 14:29:56.422] - eth_getBalance
[2021/12/12 14:29:56.423] - eth_getBalance
[2021/12/12 14:29:56.426] - eth_getBalance
[2021/12/12 14:29:56.430] - eth_getBalance
[2021/12/12 14:29:56.431] - eth_getBalance
[2021/12/12 14:29:56.439] - eth_getBalance
[2021/12/12 14:29:56.439] - eth_getBlockByHash
[2021/12/12 14:29:57.457] - eth_call
[2021/12/12 14:29:59.612] - eth_blockNumber
[2021/12/12 14:30:03.123] - eth_blockNumber
[2021/12/12 14:30:19.639] - eth_blockNumber
[2021/12/12 14:30:23.141] - eth_blockNumber
[2021/12/12 14:30:33.830] - eth_getCode
[2021/12/12 14:30:33.853] - eth_gasPrice
[2021/12/12 14:30:35.007] - eth_getTransactionCount
[2021/12/12 14:30:37.011] - eth_sendRawTransaction
[2021/12/12 14:30:37.143] - 
[2021/12/12 14:30:37.143] -   Transaction: 0x811b6bb96de4c2c4a0059c51d2bf53b3a67890dd00bec1037372853ca6f2a25b
[2021/12/12 14:30:37.144] -   Gas usage: 23271
[2021/12/12 14:30:37.144] -   Block Number: 64
[2021/12/12 14:30:37.145] -   Block Time: Sun Dec 12 2021 14:30:37 GMT+0100 (Central European Standard Time)
[2021/12/12 14:30:37.146] - 
[2021/12/12 14:30:37.148] - eth_getBlockByNumber
[2021/12/12 14:30:37.162] - eth_getBalance
[2021/12/12 14:30:37.170] - eth_getTransactionCount
[2021/12/12 14:30:37.177] - eth_getBalance
[2021/12/12 14:30:37.184] - eth_getTransactionCount
[2021/12/12 14:30:37.189] - eth_getBalance
[2021/12/12 14:30:37.195] - eth_getTransactionCount
[2021/12/12 14:30:37.201] - eth_getBalance
[2021/12/12 14:30:37.207] - eth_getTransactionCount
[2021/12/12 14:30:37.211] - eth_getBalance
[2021/12/12 14:30:37.217] - eth_getTransactionCount
[2021/12/12 14:30:37.222] - eth_getBalance
[2021/12/12 14:30:37.226] - eth_getTransactionCount
[2021/12/12 14:30:37.234] - eth_getBalance
[2021/12/12 14:30:37.239] - eth_getTransactionCount
[2021/12/12 14:30:37.247] - eth_getBalance
[2021/12/12 14:30:37.252] - eth_getTransactionCount
[2021/12/12 14:30:37.256] - eth_getBalance
[2021/12/12 14:30:37.263] - eth_getTransactionCount
[2021/12/12 14:30:37.268] - eth_getBalance
[2021/12/12 14:30:37.272] - eth_getTransactionCount
[2021/12/12 14:30:37.318] - eth_getTransactionReceipt
[2021/12/12 14:30:37.366] - eth_blockNumber
[2021/12/12 14:30:37.442] - eth_getBlockByNumber
[2021/12/12 14:30:37.448] - eth_getTransactionReceipt
[2021/12/12 14:30:37.454] - eth_getBalance
[2021/12/12 14:30:37.456] - eth_getBalance
[2021/12/12 14:30:37.457] - eth_getBalance
[2021/12/12 14:30:37.458] - eth_getBalance
[2021/12/12 14:30:37.460] - eth_getBalance
[2021/12/12 14:30:37.461] - eth_getBalance
[2021/12/12 14:30:37.463] - eth_getBalance
[2021/12/12 14:30:37.464] - eth_getBalance
[2021/12/12 14:30:37.466] - eth_getBalance
[2021/12/12 14:30:37.471] - eth_getBalance
[2021/12/12 14:30:37.471] - eth_getBalance
[2021/12/12 14:30:37.478] - eth_getBalance
[2021/12/12 14:30:37.478] - eth_getBalance
[2021/12/12 14:30:37.482] - eth_getBalance
[2021/12/12 14:30:37.483] - eth_getBalance
[2021/12/12 14:30:37.488] - eth_getBalance
[2021/12/12 14:30:37.491] - eth_getBlockByHash
[2021/12/12 14:30:39.658] - eth_blockNumber
[2021/12/12 14:30:41.826] - eth_call
[2021/12/12 14:30:43.158] - eth_blockNumber
[2021/12/12 14:30:59.665] - eth_blockNumber
[2021/12/12 14:31:03.170] - eth_blockNumber
[2021/12/12 14:31:09.240] - eth_getCode
[2021/12/12 14:31:09.272] - eth_gasPrice
[2021/12/12 14:31:10.320] - eth_call
[2021/12/12 14:31:10.406] - eth_getTransactionCount
[2021/12/12 14:31:19.689] - eth_blockNumber
[2021/12/12 14:31:23.180] - eth_blockNumber
[2021/12/12 14:31:39.706] - eth_blockNumber
[2021/12/12 14:31:40.896] - eth_sendRawTransaction
[2021/12/12 14:31:41.121] - 
[2021/12/12 14:31:41.121] -   Transaction: 0x0f48a306506f3aee36fc53c6359eda19d7258494a0ee57fb4d0b49ced78afb34
[2021/12/12 14:31:41.122] -   Gas usage: 49229
[2021/12/12 14:31:41.122] -   Block Number: 65
[2021/12/12 14:31:41.123] -   Block Time: Sun Dec 12 2021 14:31:40 GMT+0100 (Central European Standard Time)
[2021/12/12 14:31:41.123] - 
[2021/12/12 14:31:41.124] - eth_getBlockByNumber
[2021/12/12 14:31:41.134] - eth_getBalance
[2021/12/12 14:31:41.140] - eth_getTransactionCount
[2021/12/12 14:31:41.147] - eth_getBalance
[2021/12/12 14:31:41.155] - eth_getTransactionCount
[2021/12/12 14:31:41.162] - eth_getBalance
[2021/12/12 14:31:41.167] - eth_getTransactionCount
[2021/12/12 14:31:41.174] - eth_getBalance
[2021/12/12 14:31:41.179] - eth_getTransactionCount
[2021/12/12 14:31:41.184] - eth_getBalance
[2021/12/12 14:31:41.198] - eth_getTransactionCount
[2021/12/12 14:31:41.203] - eth_getBalance
[2021/12/12 14:31:41.210] - eth_getTransactionCount
[2021/12/12 14:31:41.216] - eth_getBalance
[2021/12/12 14:31:41.224] - eth_getTransactionCount
[2021/12/12 14:31:41.232] - eth_getBalance
[2021/12/12 14:31:41.239] - eth_getTransactionCount
[2021/12/12 14:31:41.246] - eth_getBalance
[2021/12/12 14:31:41.252] - eth_getTransactionCount
[2021/12/12 14:31:41.255] - eth_getTransactionReceipt
[2021/12/12 14:31:41.259] - eth_getBalance
[2021/12/12 14:31:41.262] - eth_getTransactionCount
[2021/12/12 14:31:41.316] - eth_blockNumber
[2021/12/12 14:31:41.371] - eth_getBlockByNumber
[2021/12/12 14:31:41.377] - eth_getTransactionReceipt
[2021/12/12 14:31:41.400] - eth_getBalance
[2021/12/12 14:31:41.403] - eth_getBalance
[2021/12/12 14:31:41.407] - eth_getBalance
[2021/12/12 14:31:41.408] - eth_getBalance
[2021/12/12 14:31:41.413] - eth_getBalance
[2021/12/12 14:31:41.414] - eth_getBalance
[2021/12/12 14:31:41.417] - eth_getBalance
[2021/12/12 14:31:41.420] - eth_getBalance
[2021/12/12 14:31:41.423] - eth_getBalance
[2021/12/12 14:31:41.423] - eth_getBalance
[2021/12/12 14:31:41.427] - eth_getBalance
[2021/12/12 14:31:41.429] - eth_getBalance
[2021/12/12 14:31:41.431] - eth_getBalance
[2021/12/12 14:31:41.432] - eth_getBalance
[2021/12/12 14:31:41.434] - eth_getBalance
[2021/12/12 14:31:41.438] - eth_getBalance
[2021/12/12 14:31:41.460] - eth_getBlockByHash
[2021/12/12 14:31:43.197] - eth_blockNumber
[2021/12/12 14:31:43.841] - eth_call
[2021/12/12 14:31:59.723] - eth_blockNumber
[2021/12/12 14:32:03.224] - eth_blockNumber
[2021/12/12 14:32:19.739] - eth_blockNumber
[2021/12/12 14:32:23.256] - eth_blockNumber
[2021/12/12 14:32:39.759] - eth_blockNumber
[2021/12/12 14:32:43.287] - eth_blockNumber
[2021/12/12 14:32:59.782] - eth_blockNumber
[2021/12/12 14:33:03.305] - eth_blockNumber
[2021/12/12 14:33:19.806] - eth_blockNumber
[2021/12/12 14:33:23.336] - eth_blockNumber
[2021/12/12 14:33:39.835] - eth_blockNumber
[2021/12/12 14:33:43.356] - eth_blockNumber
[2021/12/12 14:33:59.862] - eth_blockNumber
[2021/12/12 14:34:03.378] - eth_blockNumber
[2021/12/12 14:34:19.883] - eth_blockNumber
[2021/12/12 14:34:23.402] - eth_blockNumber
[2021/12/12 14:34:39.906] - eth_blockNumber
[2021/12/12 14:34:43.420] - eth_blockNumber
[2021/12/12 14:34:58.270] - eth_unsubscribe
[2021/12/12 14:34:58.271] - eth_unsubscribe
