[2021/12/12 15:16:12.237] - Starting server with initial configuration: {"gasLimit":6721975,"gasPrice":20000000000,"hardfork":"muirGlacier","hostname":"127.0.0.1","port":8545,"network_id":5777,"default_balance_ether":100,"total_accounts":10,"unlocked_accounts":[],"locked":false,"vmErrorsOnRPCResponse":true,"verbose":false,"db_path":"C:\\Users\\wassi\\AppData\\Roaming\\Ganache\\workspaces\\agrochainbackup\\chaindata","logDirectory":"C:\\Users\\wassi\\Documents\\Blockchain\\AgroChainbackup\\Logs"}
[2021/12/12 15:16:12.329] - eth_subscribe
[2021/12/12 15:16:12.330] - eth_getLogs
[2021/12/12 15:16:12.331] - eth_subscribe
[2021/12/12 15:16:12.345] - eth_getCode
[2021/12/12 15:16:12.400] - eth_getCode
[2021/12/12 15:16:12.401] - eth_subscribe
[2021/12/12 15:16:12.402] - eth_getLogs
[2021/12/12 15:16:12.404] - eth_subscribe
[2021/12/12 15:16:12.417] - eth_blockNumber
[2021/12/12 15:16:12.419] - eth_blockNumber
[2021/12/12 15:16:12.472] - eth_blockNumber
[2021/12/12 15:16:12.473] - eth_accounts
[2021/12/12 15:16:12.474] - eth_gasPrice
[2021/12/12 15:16:12.474] - eth_blockNumber
[2021/12/12 15:16:12.475] - eth_getBlockByNumber
[2021/12/12 15:16:12.475] - eth_accounts
[2021/12/12 15:16:12.475] - eth_subscribe
[2021/12/12 15:16:12.475] - eth_gasPrice
[2021/12/12 15:16:12.476] - eth_getBlockByNumber
[2021/12/12 15:16:12.476] - eth_subscribe
[2021/12/12 15:16:12.485] - eth_accounts
[2021/12/12 15:16:12.507] - eth_getBalance
[2021/12/12 15:16:12.510] - eth_getTransactionCount
[2021/12/12 15:16:12.515] - eth_getBalance
[2021/12/12 15:16:12.518] - eth_getTransactionCount
[2021/12/12 15:16:12.521] - eth_getBalance
[2021/12/12 15:16:12.525] - eth_getTransactionCount
[2021/12/12 15:16:12.528] - eth_getBalance
[2021/12/12 15:16:12.532] - eth_getTransactionCount
[2021/12/12 15:16:12.535] - eth_getBalance
[2021/12/12 15:16:12.538] - eth_getTransactionCount
[2021/12/12 15:16:12.542] - eth_getBalance
[2021/12/12 15:16:12.546] - eth_getTransactionCount
[2021/12/12 15:16:12.549] - eth_getBalance
[2021/12/12 15:16:12.554] - eth_getTransactionCount
[2021/12/12 15:16:12.558] - eth_getBalance
[2021/12/12 15:16:12.562] - eth_getTransactionCount
[2021/12/12 15:16:12.567] - eth_getBalance
[2021/12/12 15:16:12.572] - eth_getTransactionCount
[2021/12/12 15:16:12.579] - eth_getBalance
[2021/12/12 15:16:12.582] - eth_getTransactionCount
[2021/12/12 15:16:12.616] - eth_getBalance
[2021/12/12 15:16:12.620] - eth_getTransactionCount
[2021/12/12 15:16:12.623] - eth_getBalance
[2021/12/12 15:16:12.627] - eth_getTransactionCount
[2021/12/12 15:16:12.630] - eth_getBalance
[2021/12/12 15:16:12.634] - eth_getTransactionCount
[2021/12/12 15:16:12.638] - eth_getBalance
[2021/12/12 15:16:12.642] - eth_getTransactionCount
[2021/12/12 15:16:12.646] - eth_getBalance
[2021/12/12 15:16:12.647] - eth_getTransactionCount
[2021/12/12 15:16:12.660] - eth_getBalance
[2021/12/12 15:16:12.661] - eth_getTransactionCount
[2021/12/12 15:16:12.661] - eth_getBalance
[2021/12/12 15:16:12.662] - eth_getTransactionCount
[2021/12/12 15:16:12.665] - eth_getBalance
[2021/12/12 15:16:12.668] - eth_getTransactionCount
[2021/12/12 15:16:12.672] - eth_getBalance
[2021/12/12 15:16:12.675] - eth_getTransactionCount
[2021/12/12 15:16:12.679] - eth_getBalance
[2021/12/12 15:16:12.683] - eth_getTransactionCount
[2021/12/12 15:16:12.687] - eth_getBalance
[2021/12/12 15:16:12.690] - eth_getTransactionCount
[2021/12/12 15:16:12.693] - eth_getBalance
[2021/12/12 15:16:12.696] - eth_getTransactionCount
[2021/12/12 15:16:12.699] - eth_getBalance
[2021/12/12 15:16:12.703] - eth_getTransactionCount
[2021/12/12 15:16:12.708] - eth_getBalance
[2021/12/12 15:16:12.711] - eth_getTransactionCount
[2021/12/12 15:16:12.713] - eth_getBalance
[2021/12/12 15:16:12.716] - eth_getTransactionCount
[2021/12/12 15:16:12.722] - eth_getBalance
[2021/12/12 15:16:12.725] - eth_getTransactionCount
[2021/12/12 15:16:12.729] - eth_getBalance
[2021/12/12 15:16:12.732] - eth_getTransactionCount
[2021/12/12 15:16:12.735] - eth_getBalance
[2021/12/12 15:16:12.738] - eth_getTransactionCount
[2021/12/12 15:16:12.742] - eth_getBalance
[2021/12/12 15:16:12.745] - eth_getTransactionCount
[2021/12/12 15:16:12.748] - eth_getBalance
[2021/12/12 15:16:12.752] - eth_getTransactionCount
[2021/12/12 15:16:12.801] - eth_getBalance
[2021/12/12 15:16:12.805] - eth_getTransactionCount
[2021/12/12 15:16:12.808] - eth_getBalance
[2021/12/12 15:16:12.812] - eth_getTransactionCount
[2021/12/12 15:16:12.816] - eth_getBalance
[2021/12/12 15:16:12.820] - eth_getTransactionCount
[2021/12/12 15:16:12.823] - eth_getBalance
[2021/12/12 15:16:12.826] - eth_getTransactionCount
[2021/12/12 15:16:12.831] - eth_getBalance
[2021/12/12 15:16:12.835] - eth_getTransactionCount
[2021/12/12 15:16:12.837] - eth_getBalance
[2021/12/12 15:16:12.840] - eth_getTransactionCount
[2021/12/12 15:16:12.843] - eth_getBalance
[2021/12/12 15:16:12.846] - eth_getTransactionCount
[2021/12/12 15:16:12.850] - eth_getBalance
[2021/12/12 15:16:12.853] - eth_getTransactionCount
[2021/12/12 15:16:12.856] - eth_getBalance
[2021/12/12 15:16:12.861] - eth_getTransactionCount
[2021/12/12 15:16:12.864] - eth_getBalance
[2021/12/12 15:16:12.867] - eth_getTransactionCount
[2021/12/12 15:16:32.434] - eth_blockNumber
[2021/12/12 15:16:32.435] - eth_blockNumber
[2021/12/12 15:16:52.455] - eth_blockNumber
[2021/12/12 15:16:52.456] - eth_blockNumber
[2021/12/12 15:17:12.476] - eth_blockNumber
[2021/12/12 15:17:12.508] - eth_blockNumber
[2021/12/12 15:17:32.495] - eth_blockNumber
[2021/12/12 15:17:32.534] - eth_blockNumber
[2021/12/12 15:17:52.505] - eth_blockNumber
[2021/12/12 15:17:52.568] - eth_blockNumber
[2021/12/12 15:18:12.533] - eth_blockNumber
[2021/12/12 15:18:12.593] - eth_blockNumber
[2021/12/12 15:18:32.564] - eth_blockNumber
[2021/12/12 15:18:32.629] - eth_blockNumber
[2021/12/12 15:18:52.593] - eth_blockNumber
[2021/12/12 15:18:52.653] - eth_blockNumber
[2021/12/12 15:19:12.623] - eth_blockNumber
[2021/12/12 15:19:12.682] - eth_blockNumber
[2021/12/12 15:19:32.656] - eth_blockNumber
[2021/12/12 15:19:32.716] - eth_blockNumber
[2021/12/12 15:19:52.681] - eth_blockNumber
[2021/12/12 15:19:52.745] - eth_blockNumber
[2021/12/12 15:20:12.702] - eth_blockNumber
[2021/12/12 15:20:12.766] - eth_blockNumber
[2021/12/12 15:20:22.990] - eth_gasPrice
[2021/12/12 15:20:32.728] - eth_blockNumber
[2021/12/12 15:20:32.784] - eth_blockNumber
[2021/12/12 15:20:44.400] - eth_getCode
[2021/12/12 15:20:52.742] - eth_blockNumber
[2021/12/12 15:20:52.793] - eth_blockNumber
[2021/12/12 15:21:12.752] - eth_blockNumber
[2021/12/12 15:21:12.812] - eth_blockNumber
[2021/12/12 15:21:16.496] - eth_getCode
[2021/12/12 15:21:23.560] - eth_getTransactionCount
[2021/12/12 15:21:32.796] - eth_blockNumber
[2021/12/12 15:21:32.849] - eth_blockNumber
[2021/12/12 15:21:35.933] - eth_sendRawTransaction
[2021/12/12 15:21:36.041] - 
[2021/12/12 15:21:36.042] -   Transaction: 0x1ee74cbd433b4144c4354b9118babb310af34d9deabbc8190f4033eb28ac32e1
[2021/12/12 15:21:36.043] -   Gas usage: 21000
[2021/12/12 15:21:36.043] -   Block Number: 66
[2021/12/12 15:21:36.043] -   Block Time: Sun Dec 12 2021 15:21:35 GMT+0100 (Central European Standard Time)
[2021/12/12 15:21:36.044] - 
[2021/12/12 15:21:36.045] - eth_getBlockByNumber
[2021/12/12 15:21:36.057] - eth_getBalance
[2021/12/12 15:21:36.062] - eth_getTransactionCount
[2021/12/12 15:21:36.067] - eth_getBalance
[2021/12/12 15:21:36.072] - eth_getTransactionCount
[2021/12/12 15:21:36.078] - eth_getBalance
[2021/12/12 15:21:36.082] - eth_getTransactionCount
[2021/12/12 15:21:36.089] - eth_getBalance
[2021/12/12 15:21:36.093] - eth_getTransactionCount
[2021/12/12 15:21:36.099] - eth_getBalance
[2021/12/12 15:21:36.103] - eth_getTransactionCount
[2021/12/12 15:21:36.110] - eth_getBalance
[2021/12/12 15:21:36.119] - eth_getTransactionCount
[2021/12/12 15:21:36.126] - eth_getBalance
[2021/12/12 15:21:36.132] - eth_getTransactionCount
[2021/12/12 15:21:36.137] - eth_getBalance
[2021/12/12 15:21:36.140] - eth_getTransactionCount
[2021/12/12 15:21:36.144] - eth_getBalance
[2021/12/12 15:21:36.165] - eth_getTransactionCount
[2021/12/12 15:21:36.169] - eth_getBalance
[2021/12/12 15:21:36.173] - eth_getTransactionCount
[2021/12/12 15:21:45.282] - eth_sendRawTransaction
[2021/12/12 15:21:52.826] - eth_blockNumber
[2021/12/12 15:21:52.844] - eth_getBlockByNumber
[2021/12/12 15:21:52.853] - eth_getTransactionReceipt
[2021/12/12 15:21:52.863] - eth_getBalance
[2021/12/12 15:21:52.864] - eth_getBalance
[2021/12/12 15:21:52.865] - eth_getBalance
[2021/12/12 15:21:52.867] - eth_getBalance
[2021/12/12 15:21:52.871] - eth_getBalance
[2021/12/12 15:21:52.871] - eth_getBalance
[2021/12/12 15:21:52.872] - eth_getBalance
[2021/12/12 15:21:52.875] - eth_getBalance
[2021/12/12 15:21:52.880] - eth_getBalance
[2021/12/12 15:21:52.880] - eth_getBalance
[2021/12/12 15:21:52.885] - eth_getBalance
[2021/12/12 15:21:52.886] - eth_getBalance
[2021/12/12 15:21:52.890] - eth_getBalance
[2021/12/12 15:21:52.891] - eth_getBalance
[2021/12/12 15:21:52.900] - eth_getBalance
[2021/12/12 15:21:52.901] - eth_getBalance
[2021/12/12 15:21:52.903] - eth_blockNumber
[2021/12/12 15:21:52.905] - eth_getBlockByHash
[2021/12/12 15:22:12.852] - eth_blockNumber
[2021/12/12 15:22:12.966] - eth_blockNumber
[2021/12/12 15:22:32.873] - eth_blockNumber
[2021/12/12 15:22:32.992] - eth_blockNumber
[2021/12/12 15:22:52.902] - eth_blockNumber
[2021/12/12 15:22:53.013] - eth_blockNumber
[2021/12/12 15:23:12.932] - eth_blockNumber
[2021/12/12 15:23:13.031] - eth_blockNumber
[2021/12/12 15:23:32.973] - eth_blockNumber
[2021/12/12 15:23:33.071] - eth_blockNumber
[2021/12/12 15:23:53.012] - eth_blockNumber
[2021/12/12 15:23:53.107] - eth_blockNumber
[2021/12/12 15:24:13.040] - eth_blockNumber
[2021/12/12 15:24:13.134] - eth_blockNumber
[2021/12/12 15:24:33.058] - eth_blockNumber
[2021/12/12 15:24:33.158] - eth_blockNumber
[2021/12/12 15:24:53.094] - eth_blockNumber
[2021/12/12 15:24:53.174] - eth_blockNumber
[2021/12/12 15:25:11.016] - eth_unsubscribe
[2021/12/12 15:25:11.017] - eth_unsubscribe
