[2021/12/13 12:06:18.794] - Starting server with initial configuration: {"gasLimit":6721975,"gasPrice":20000000000,"hardfork":"muirGlacier","hostname":"127.0.0.1","port":8545,"network_id":5777,"default_balance_ether":100,"total_accounts":10,"unlocked_accounts":[],"locked":false,"vmErrorsOnRPCResponse":true,"verbose":false,"db_path":"C:\\Users\\wassi\\AppData\\Roaming\\Ganache\\workspaces\\agrochainbackup\\chaindata","logDirectory":"C:\\Users\\wassi\\Documents\\Blockchain\\AgroChainbackup\\Logs"}
[2021/12/13 12:06:18.883] - eth_blockNumber
[2021/12/13 12:06:18.891] - net_version
[2021/12/13 12:06:18.941] - net_version
[2021/12/13 12:06:18.950] - eth_getBlockByNumber
[2021/12/13 12:06:19.133] - eth_subscribe
[2021/12/13 12:06:19.138] - eth_getLogs
[2021/12/13 12:06:19.140] - eth_subscribe
[2021/12/13 12:06:19.154] - eth_getCode
[2021/12/13 12:06:19.284] - eth_getCode
[2021/12/13 12:06:19.345] - eth_getCode
[2021/12/13 12:06:19.358] - eth_getCode
[2021/12/13 12:06:19.360] - eth_subscribe
[2021/12/13 12:06:19.361] - eth_getLogs
[2021/12/13 12:06:19.362] - eth_subscribe
[2021/12/13 12:06:19.427] - eth_getCode
[2021/12/13 12:06:19.442] - eth_getCode
[2021/12/13 12:06:19.649] - eth_blockNumber
[2021/12/13 12:06:19.650] - eth_accounts
[2021/12/13 12:06:19.652] - eth_blockNumber
[2021/12/13 12:06:19.653] - eth_gasPrice
[2021/12/13 12:06:19.654] - eth_accounts
[2021/12/13 12:06:19.656] - eth_getBlockByNumber
[2021/12/13 12:06:19.658] - eth_gasPrice
[2021/12/13 12:06:19.661] - eth_subscribe
[2021/12/13 12:06:19.662] - eth_getBlockByNumber
[2021/12/13 12:06:19.664] - eth_subscribe
[2021/12/13 12:06:19.811] - eth_getBalance
[2021/12/13 12:06:19.825] - eth_getTransactionCount
[2021/12/13 12:06:19.835] - eth_getBalance
[2021/12/13 12:06:19.849] - eth_getTransactionCount
[2021/12/13 12:06:19.872] - eth_getBalance
[2021/12/13 12:06:19.888] - eth_getTransactionCount
[2021/12/13 12:06:19.907] - eth_getBalance
[2021/12/13 12:06:19.924] - eth_getTransactionCount
[2021/12/13 12:06:19.937] - eth_getBalance
[2021/12/13 12:06:19.947] - eth_getTransactionCount
[2021/12/13 12:06:19.956] - eth_getBalance
[2021/12/13 12:06:19.965] - eth_getTransactionCount
[2021/12/13 12:06:19.973] - eth_getBalance
[2021/12/13 12:06:19.981] - eth_getTransactionCount
[2021/12/13 12:06:19.989] - eth_getBalance
[2021/12/13 12:06:20.000] - eth_getTransactionCount
[2021/12/13 12:06:20.008] - eth_getBalance
[2021/12/13 12:06:20.014] - eth_getTransactionCount
[2021/12/13 12:06:20.022] - eth_getBalance
[2021/12/13 12:06:20.031] - eth_getTransactionCount
[2021/12/13 12:06:20.038] - eth_getBalance
[2021/12/13 12:06:20.043] - eth_getTransactionCount
[2021/12/13 12:06:20.050] - eth_getBalance
[2021/12/13 12:06:20.059] - eth_getTransactionCount
[2021/12/13 12:06:20.065] - eth_getBalance
[2021/12/13 12:06:20.073] - eth_getTransactionCount
[2021/12/13 12:06:20.079] - eth_getBalance
[2021/12/13 12:06:20.085] - eth_getTransactionCount
[2021/12/13 12:06:20.092] - eth_getBalance
[2021/12/13 12:06:20.099] - eth_getTransactionCount
[2021/12/13 12:06:20.106] - eth_getBalance
[2021/12/13 12:06:20.118] - eth_getTransactionCount
[2021/12/13 12:06:20.125] - eth_getBalance
[2021/12/13 12:06:20.131] - eth_getTransactionCount
[2021/12/13 12:06:20.136] - eth_getBalance
[2021/12/13 12:06:20.143] - eth_getTransactionCount
[2021/12/13 12:06:20.153] - eth_getBalance
[2021/12/13 12:06:20.158] - eth_getTransactionCount
[2021/12/13 12:06:20.167] - eth_getBalance
[2021/12/13 12:06:20.181] - eth_getTransactionCount
[2021/12/13 12:06:20.192] - eth_getBalance
[2021/12/13 12:06:20.202] - eth_getTransactionCount
[2021/12/13 12:06:20.213] - eth_getBalance
[2021/12/13 12:06:20.225] - eth_getTransactionCount
[2021/12/13 12:06:20.235] - eth_getBalance
[2021/12/13 12:06:20.243] - eth_getTransactionCount
[2021/12/13 12:06:20.252] - eth_getBalance
[2021/12/13 12:06:20.265] - eth_getTransactionCount
[2021/12/13 12:06:20.272] - eth_getBalance
[2021/12/13 12:06:20.282] - eth_getTransactionCount
[2021/12/13 12:06:20.292] - eth_getBalance
[2021/12/13 12:06:20.299] - eth_getTransactionCount
[2021/12/13 12:06:20.309] - eth_getBalance
[2021/12/13 12:06:20.318] - eth_getTransactionCount
[2021/12/13 12:06:20.331] - eth_getBalance
[2021/12/13 12:06:20.366] - eth_getTransactionCount
[2021/12/13 12:06:20.367] - eth_getBalance
[2021/12/13 12:06:20.370] - eth_getTransactionCount
[2021/12/13 12:06:20.371] - eth_getBalance
[2021/12/13 12:06:20.379] - eth_getTransactionCount
[2021/12/13 12:06:20.387] - eth_getBalance
[2021/12/13 12:06:20.408] - eth_getTransactionCount
[2021/12/13 12:06:20.409] - eth_getBalance
[2021/12/13 12:06:20.410] - eth_getTransactionCount
[2021/12/13 12:06:20.422] - eth_getBalance
[2021/12/13 12:06:20.427] - eth_getTransactionCount
[2021/12/13 12:06:20.433] - eth_getBalance
[2021/12/13 12:06:20.439] - eth_getTransactionCount
[2021/12/13 12:06:20.445] - eth_getBalance
[2021/12/13 12:06:20.452] - eth_getTransactionCount
[2021/12/13 12:06:20.458] - eth_getBalance
[2021/12/13 12:06:20.466] - eth_getTransactionCount
[2021/12/13 12:06:20.475] - eth_getBalance
[2021/12/13 12:06:20.481] - eth_getTransactionCount
[2021/12/13 12:06:20.491] - eth_getBalance
[2021/12/13 12:06:20.497] - eth_getTransactionCount
[2021/12/13 12:06:20.505] - eth_getBalance
[2021/12/13 12:06:20.511] - eth_getTransactionCount
[2021/12/13 12:06:20.521] - eth_getBalance
[2021/12/13 12:06:20.524] - eth_getTransactionCount
[2021/12/13 12:06:23.519] - eth_blockNumber
[2021/12/13 12:06:42.342] - eth_blockNumber
[2021/12/13 12:06:42.351] - eth_getBalance
[2021/12/13 12:06:42.353] - eth_getBalance
[2021/12/13 12:06:42.358] - eth_getBalance
[2021/12/13 12:06:42.360] - eth_getBalance
[2021/12/13 12:06:42.362] - eth_getBalance
[2021/12/13 12:06:42.366] - eth_getBalance
[2021/12/13 12:06:42.367] - eth_getBalance
[2021/12/13 12:06:42.369] - eth_getBalance
[2021/12/13 12:06:42.374] - eth_getBalance
[2021/12/13 12:06:42.383] - eth_getBalance
[2021/12/13 12:06:42.431] - eth_getBalance
[2021/12/13 12:06:42.432] - eth_getBalance
[2021/12/13 12:06:42.456] - eth_getBalance
[2021/12/13 12:06:42.457] - eth_getBalance
[2021/12/13 12:06:42.464] - eth_getBalance
[2021/12/13 12:06:42.466] - eth_getBalance
[2021/12/13 12:06:42.480] - eth_getBalance
[2021/12/13 12:06:42.499] - eth_blockNumber
[2021/12/13 12:06:45.031] - eth_blockNumber
[2021/12/13 12:06:54.372] - eth_blockNumber
[2021/12/13 12:07:06.005] - eth_blockNumber
[2021/12/13 12:07:14.423] - eth_blockNumber
[2021/12/13 12:07:26.096] - eth_blockNumber
[2021/12/13 12:07:32.809] - eth_getCode
[2021/12/13 12:07:32.836] - eth_gasPrice
[2021/12/13 12:07:33.899] - eth_blockNumber
[2021/12/13 12:07:34.418] - eth_getTransactionCount
[2021/12/13 12:07:34.438] - eth_blockNumber
[2021/12/13 12:07:46.129] - eth_blockNumber
[2021/12/13 12:07:53.946] - eth_blockNumber
[2021/12/13 12:07:54.629] - eth_blockNumber
[2021/12/13 12:08:06.153] - eth_blockNumber
[2021/12/13 12:08:13.978] - eth_blockNumber
[2021/12/13 12:08:14.654] - eth_blockNumber
[2021/12/13 12:08:26.183] - eth_blockNumber
[2021/12/13 12:08:34.005] - eth_blockNumber
[2021/12/13 12:08:34.678] - eth_blockNumber
[2021/12/13 12:08:41.041] - eth_sendRawTransaction
[2021/12/13 12:08:41.255] - 
[2021/12/13 12:08:41.256] -   Transaction: 0x401a2d8378f663346f7728b8c53c27fa6887fba4095a1ca6eae5025b36f63ab7
[2021/12/13 12:08:41.256] -   Gas usage: 21000
[2021/12/13 12:08:41.257] -   Block Number: 115
[2021/12/13 12:08:41.260] -   Block Time: Mon Dec 13 2021 12:08:41 GMT+0100 (Central European Standard Time)
[2021/12/13 12:08:41.260] - 
[2021/12/13 12:08:41.265] - eth_getBlockByNumber
[2021/12/13 12:08:41.282] - eth_getBalance
[2021/12/13 12:08:41.291] - eth_getTransactionCount
[2021/12/13 12:08:41.301] - eth_getBalance
[2021/12/13 12:08:41.312] - eth_getTransactionCount
[2021/12/13 12:08:41.320] - eth_getBalance
[2021/12/13 12:08:41.341] - eth_getTransactionCount
[2021/12/13 12:08:41.342] - eth_getBalance
[2021/12/13 12:08:41.342] - eth_getTransactionCount
[2021/12/13 12:08:41.356] - eth_getBalance
[2021/12/13 12:08:41.364] - eth_getTransactionCount
[2021/12/13 12:08:41.373] - eth_getBalance
[2021/12/13 12:08:41.382] - eth_getTransactionCount
[2021/12/13 12:08:41.393] - eth_getBalance
[2021/12/13 12:08:41.408] - eth_getTransactionCount
[2021/12/13 12:08:41.426] - eth_getBalance
[2021/12/13 12:08:41.470] - eth_getTransactionCount
[2021/12/13 12:08:41.473] - eth_getBalance
[2021/12/13 12:08:41.506] - eth_getTransactionCount
[2021/12/13 12:08:41.512] - eth_getBalance
[2021/12/13 12:08:41.538] - eth_getTransactionCount
[2021/12/13 12:08:46.209] - eth_blockNumber
[2021/12/13 12:08:46.240] - eth_getTransactionReceipt
[2021/12/13 12:08:46.264] - eth_getBlockByHash
[2021/12/13 12:09:01.807] - eth_blockNumber
[2021/12/13 12:09:01.838] - eth_getBalance
[2021/12/13 12:09:01.842] - eth_getBalance
[2021/12/13 12:09:01.843] - eth_getBalance
[2021/12/13 12:09:01.848] - eth_getBalance
[2021/12/13 12:09:01.850] - eth_getBalance
[2021/12/13 12:09:01.851] - eth_getBalance
[2021/12/13 12:09:01.853] - eth_getBalance
[2021/12/13 12:09:01.854] - eth_getBalance
[2021/12/13 12:09:01.876] - eth_getBalance
[2021/12/13 12:09:01.878] - eth_getBalance
[2021/12/13 12:09:01.882] - eth_getBalance
[2021/12/13 12:09:01.884] - eth_getBalance
[2021/12/13 12:09:01.891] - eth_getBalance
[2021/12/13 12:09:01.899] - eth_getBalance
[2021/12/13 12:09:01.901] - eth_getBalance
[2021/12/13 12:09:01.910] - eth_getBalance
[2021/12/13 12:09:01.917] - eth_getBalance
[2021/12/13 12:09:06.236] - eth_blockNumber
[2021/12/13 12:09:15.215] - eth_blockNumber
[2021/12/13 12:09:21.881] - eth_blockNumber
[2021/12/13 12:09:26.252] - eth_blockNumber
[2021/12/13 12:09:35.254] - eth_blockNumber
[2021/12/13 12:09:39.587] - eth_blockNumber
[2021/12/13 12:09:41.904] - eth_blockNumber
[2021/12/13 12:09:46.170] - eth_getBalance
[2021/12/13 12:09:46.270] - eth_blockNumber
[2021/12/13 12:09:52.846] - eth_blockNumber
[2021/12/13 12:10:44.542] - eth_blockNumber
[2021/12/13 12:10:44.632] - eth_getBlockByNumber
[2021/12/13 12:13:05.287] - eth_blockNumber
[2021/12/13 12:16:40.029] - eth_blockNumber
[2021/12/13 12:16:55.900] - eth_blockNumber
[2021/12/13 12:17:00.081] - eth_blockNumber
[2021/12/13 12:17:19.257] - eth_call
[2021/12/13 12:18:25.992] - eth_blockNumber
[2021/12/13 12:20:06.708] - eth_blockNumber
[2021/12/13 16:41:18.049] - eth_blockNumber
[2021/12/13 16:41:28.600] - eth_blockNumber
[2021/12/13 16:41:47.474] - eth_blockNumber
[2021/12/13 16:41:48.630] - eth_blockNumber
[2021/12/13 17:05:45.348] - eth_blockNumber
[2021/12/13 17:05:45.366] - net_version
[2021/12/13 17:05:45.368] - net_version
[2021/12/13 17:07:16.829] - eth_unsubscribe
[2021/12/13 17:07:16.830] - eth_unsubscribe
