[2021/12/23 16:02:30.258] - Starting server with initial configuration: {"gasLimit":6721975,"gasPrice":20000000000,"hardfork":"muirGlacier","hostname":"127.0.0.1","port":8545,"network_id":5777,"default_balance_ether":100,"total_accounts":10,"unlocked_accounts":[],"locked":false,"vmErrorsOnRPCResponse":true,"verbose":false,"db_path":"C:\\Users\\wassi\\AppData\\Roaming\\Ganache\\workspaces\\agrochainbackup\\chaindata","logDirectory":"C:\\Users\\wassi\\Documents\\Blockchain\\AgroChainbackup\\Logs"}
[2021/12/23 16:02:30.388] - eth_getCode
[2021/12/23 16:02:30.389] - eth_subscribe
[2021/12/23 16:02:30.390] - eth_getLogs
[2021/12/23 16:02:30.393] - eth_subscribe
[2021/12/23 16:02:30.455] - eth_getCode
[2021/12/23 16:02:30.456] - eth_getCode
[2021/12/23 16:02:30.457] - eth_subscribe
[2021/12/23 16:02:30.459] - eth_getLogs
[2021/12/23 16:02:30.460] - eth_subscribe
[2021/12/23 16:02:30.480] - eth_getCode
[2021/12/23 16:02:30.490] - eth_getCode
[2021/12/23 16:02:30.534] - eth_blockNumber
[2021/12/23 16:02:30.535] - eth_accounts
[2021/12/23 16:02:30.536] - eth_gasPrice
[2021/12/23 16:02:30.537] - eth_getBlockByNumber
[2021/12/23 16:02:30.537] - eth_subscribe
[2021/12/23 16:02:30.538] - eth_getCode
[2021/12/23 16:02:30.564] - eth_blockNumber
[2021/12/23 16:02:30.564] - eth_accounts
[2021/12/23 16:02:30.565] - eth_gasPrice
[2021/12/23 16:02:30.566] - eth_getBlockByNumber
[2021/12/23 16:02:30.566] - eth_subscribe
[2021/12/23 16:02:30.605] - eth_getBalance
[2021/12/23 16:02:30.612] - eth_getTransactionCount
[2021/12/23 16:02:30.617] - eth_getBalance
[2021/12/23 16:02:30.621] - eth_getTransactionCount
[2021/12/23 16:02:30.626] - eth_getBalance
[2021/12/23 16:02:30.632] - eth_getTransactionCount
[2021/12/23 16:02:30.640] - eth_getBalance
[2021/12/23 16:02:30.642] - eth_getTransactionCount
[2021/12/23 16:02:30.648] - eth_getBalance
[2021/12/23 16:02:30.654] - eth_getTransactionCount
[2021/12/23 16:02:30.658] - eth_getBalance
[2021/12/23 16:02:30.663] - eth_getTransactionCount
[2021/12/23 16:02:30.667] - eth_getBalance
[2021/12/23 16:02:30.670] - eth_getTransactionCount
[2021/12/23 16:02:30.675] - eth_getBalance
[2021/12/23 16:02:30.679] - eth_getTransactionCount
[2021/12/23 16:02:30.683] - eth_getBalance
[2021/12/23 16:02:30.687] - eth_getTransactionCount
[2021/12/23 16:02:30.691] - eth_getBalance
[2021/12/23 16:02:30.695] - eth_getTransactionCount
[2021/12/23 16:02:30.699] - eth_getBalance
[2021/12/23 16:02:30.703] - eth_getTransactionCount
[2021/12/23 16:02:30.706] - eth_getBalance
[2021/12/23 16:02:30.712] - eth_getTransactionCount
[2021/12/23 16:02:30.717] - eth_getBalance
[2021/12/23 16:02:30.721] - eth_getTransactionCount
[2021/12/23 16:02:30.725] - eth_getBalance
[2021/12/23 16:02:30.729] - eth_getTransactionCount
[2021/12/23 16:02:30.733] - eth_getBalance
[2021/12/23 16:02:30.737] - eth_getTransactionCount
[2021/12/23 16:02:30.743] - eth_getBalance
[2021/12/23 16:02:30.747] - eth_getTransactionCount
[2021/12/23 16:02:30.752] - eth_getBalance
[2021/12/23 16:02:30.756] - eth_getTransactionCount
[2021/12/23 16:02:30.760] - eth_getBalance
[2021/12/23 16:02:30.764] - eth_getTransactionCount
[2021/12/23 16:02:30.768] - eth_getBalance
[2021/12/23 16:02:30.773] - eth_getTransactionCount
[2021/12/23 16:02:30.778] - eth_getBalance
[2021/12/23 16:02:30.782] - eth_getTransactionCount
[2021/12/23 16:02:30.837] - eth_getBalance
[2021/12/23 16:02:30.842] - eth_getTransactionCount
[2021/12/23 16:02:30.847] - eth_getBalance
[2021/12/23 16:02:30.854] - eth_getTransactionCount
[2021/12/23 16:02:30.858] - eth_getBalance
[2021/12/23 16:02:30.864] - eth_getTransactionCount
[2021/12/23 16:02:30.868] - eth_getBalance
[2021/12/23 16:02:30.874] - eth_getTransactionCount
[2021/12/23 16:02:30.879] - eth_getBalance
[2021/12/23 16:02:30.885] - eth_getTransactionCount
[2021/12/23 16:02:30.890] - eth_getBalance
[2021/12/23 16:02:30.896] - eth_getTransactionCount
[2021/12/23 16:02:30.902] - eth_getBalance
[2021/12/23 16:02:30.907] - eth_getTransactionCount
[2021/12/23 16:02:30.920] - eth_getBalance
[2021/12/23 16:02:30.920] - eth_getTransactionCount
[2021/12/23 16:02:30.921] - eth_getBalance
[2021/12/23 16:02:30.926] - eth_getTransactionCount
[2021/12/23 16:02:30.930] - eth_getBalance
[2021/12/23 16:02:30.934] - eth_getTransactionCount
[2021/12/23 16:02:30.942] - eth_getBalance
[2021/12/23 16:02:30.947] - eth_getTransactionCount
[2021/12/23 16:02:30.958] - eth_getBalance
[2021/12/23 16:02:30.959] - eth_getTransactionCount
[2021/12/23 16:02:30.960] - eth_getBalance
[2021/12/23 16:02:30.964] - eth_getTransactionCount
[2021/12/23 16:02:30.970] - eth_getBalance
[2021/12/23 16:02:30.972] - eth_getTransactionCount
[2021/12/23 16:02:30.978] - eth_getBalance
[2021/12/23 16:02:30.982] - eth_getTransactionCount
[2021/12/23 16:02:30.986] - eth_getBalance
[2021/12/23 16:02:30.990] - eth_getTransactionCount
[2021/12/23 16:02:30.994] - eth_getBalance
[2021/12/23 16:02:30.999] - eth_getTransactionCount
[2021/12/23 16:02:31.002] - eth_getBalance
[2021/12/23 16:02:31.006] - eth_getTransactionCount
[2021/12/23 16:02:31.010] - eth_getBalance
[2021/12/23 16:02:31.014] - eth_getTransactionCount
[2021/12/23 16:02:31.017] - eth_getBalance
[2021/12/23 16:02:31.023] - eth_getTransactionCount
[2021/12/23 16:03:02.036] - eth_blockNumber
[2021/12/23 16:03:02.052] - net_version
[2021/12/23 16:03:02.053] - net_version
[2021/12/23 16:03:05.860] - eth_blockNumber
[2021/12/23 16:03:16.499] - eth_blockNumber
[2021/12/23 16:03:16.503] - eth_getBalance
[2021/12/23 16:03:16.508] - eth_getBalance
[2021/12/23 16:03:16.509] - eth_getBalance
[2021/12/23 16:03:16.510] - eth_getBalance
[2021/12/23 16:03:16.511] - eth_getBalance
[2021/12/23 16:03:16.513] - eth_getBalance
[2021/12/23 16:03:16.514] - eth_getBalance
[2021/12/23 16:03:16.520] - eth_getBalance
[2021/12/23 16:03:16.521] - eth_getBalance
[2021/12/23 16:03:16.527] - eth_getBalance
[2021/12/23 16:03:16.528] - eth_getBalance
[2021/12/23 16:03:16.531] - eth_getBalance
[2021/12/23 16:03:16.537] - eth_getBalance
[2021/12/23 16:03:16.539] - eth_getBalance
[2021/12/23 16:03:16.554] - eth_getBalance
[2021/12/23 16:03:16.555] - eth_getBalance
[2021/12/23 16:03:16.562] - eth_getBalance
[2021/12/23 16:03:16.572] - eth_getBalance
[2021/12/23 16:07:28.823] - eth_blockNumber
[2021/12/23 16:07:28.857] - eth_getBlockByNumber
[2021/12/23 16:07:53.542] - eth_blockNumber
[2021/12/23 16:08:13.582] - eth_blockNumber
[2021/12/23 16:08:33.614] - eth_blockNumber
[2021/12/23 16:08:53.636] - eth_blockNumber
[2021/12/23 16:09:13.663] - eth_blockNumber
[2021/12/23 16:09:33.685] - eth_blockNumber
[2021/12/23 16:09:53.702] - eth_blockNumber
[2021/12/23 16:10:13.731] - eth_blockNumber
[2021/12/23 16:10:33.737] - eth_blockNumber
[2021/12/23 16:10:53.775] - eth_blockNumber
[2021/12/23 16:11:13.805] - eth_blockNumber
[2021/12/23 16:11:33.845] - eth_blockNumber
[2021/12/23 16:11:51.846] - eth_blockNumber
[2021/12/23 16:11:53.690] - eth_blockNumber
[2021/12/23 16:11:53.868] - eth_blockNumber
[2021/12/23 16:32:39.634] - eth_blockNumber
[2021/12/23 16:32:59.682] - eth_blockNumber
[2021/12/23 16:33:19.716] - eth_blockNumber
[2021/12/23 16:33:39.741] - eth_blockNumber
[2021/12/23 16:33:59.762] - eth_blockNumber
[2021/12/23 16:34:19.787] - eth_blockNumber
[2021/12/23 16:35:43.051] - eth_blockNumber
[2021/12/23 16:35:46.386] - eth_blockNumber
[2021/12/23 16:44:25.508] - eth_blockNumber
[2021/12/23 16:46:47.856] - eth_blockNumber
[2021/12/23 16:46:47.870] - eth_getCode
[2021/12/23 16:46:47.905] - eth_gasPrice
[2021/12/23 16:46:48.952] - eth_blockNumber
[2021/12/23 16:46:49.274] - eth_call
[2021/12/23 16:46:49.341] - eth_getTransactionCount
[2021/12/23 16:46:53.353] - eth_sendRawTransaction
[2021/12/23 16:46:54.073] - 
[2021/12/23 16:46:54.074] -   Transaction: 0x94ce88f7cf7b7d9d6e8ec679f1d75013128520060edde75317215bd74591f4fd
[2021/12/23 16:46:54.075] -   Gas usage: 318348
[2021/12/23 16:46:54.075] -   Block Number: 141
[2021/12/23 16:46:54.077] -   Block Time: Thu Dec 23 2021 16:46:53 GMT+0100 (Central European Standard Time)
[2021/12/23 16:46:54.077] - 
[2021/12/23 16:46:54.078] - eth_getBlockByNumber
[2021/12/23 16:46:54.099] - eth_getBalance
[2021/12/23 16:46:54.115] - eth_getTransactionCount
[2021/12/23 16:46:54.125] - eth_getBalance
[2021/12/23 16:46:54.138] - eth_getTransactionCount
[2021/12/23 16:46:54.144] - eth_getBalance
[2021/12/23 16:46:54.161] - eth_getTransactionCount
[2021/12/23 16:46:54.176] - eth_getBalance
[2021/12/23 16:46:54.183] - eth_getTransactionCount
[2021/12/23 16:46:54.193] - eth_getBalance
[2021/12/23 16:46:54.201] - eth_getTransactionCount
[2021/12/23 16:46:54.209] - eth_getBalance
[2021/12/23 16:46:54.218] - eth_getTransactionCount
[2021/12/23 16:46:54.229] - eth_getBalance
[2021/12/23 16:46:54.241] - eth_getTransactionCount
[2021/12/23 16:46:54.253] - eth_getBalance
[2021/12/23 16:46:54.259] - eth_getTransactionCount
[2021/12/23 16:46:54.266] - eth_getBalance
[2021/12/23 16:46:54.273] - eth_getTransactionCount
[2021/12/23 16:46:54.282] - eth_getBalance
[2021/12/23 16:46:54.288] - eth_getTransactionCount
[2021/12/23 16:46:54.307] - eth_getTransactionReceipt
[2021/12/23 16:46:54.411] - eth_blockNumber
[2021/12/23 16:46:54.424] - eth_getBlockByNumber
[2021/12/23 16:46:54.431] - eth_getTransactionReceipt
[2021/12/23 16:46:54.441] - eth_getBalance
[2021/12/23 16:46:54.443] - eth_getBalance
[2021/12/23 16:46:54.444] - eth_getBalance
[2021/12/23 16:46:54.445] - eth_getBalance
[2021/12/23 16:46:54.446] - eth_getBalance
[2021/12/23 16:46:54.452] - eth_getBalance
[2021/12/23 16:46:54.453] - eth_getBalance
[2021/12/23 16:46:54.472] - eth_getBalance
[2021/12/23 16:46:54.472] - eth_getBalance
[2021/12/23 16:46:54.476] - eth_getBalance
[2021/12/23 16:46:54.479] - eth_getBalance
[2021/12/23 16:46:54.482] - eth_getBalance
[2021/12/23 16:46:54.486] - eth_getBalance
[2021/12/23 16:46:54.487] - eth_getBalance
[2021/12/23 16:46:54.492] - eth_getBalance
[2021/12/23 16:46:54.494] - eth_getBalance
[2021/12/23 16:46:54.499] - eth_getBalance
[2021/12/23 16:46:54.503] - eth_getBalance
[2021/12/23 16:46:54.505] - eth_getBlockByHash
[2021/12/23 16:46:55.830] - eth_call
[2021/12/23 16:49:04.526] - eth_blockNumber
[2021/12/23 16:49:04.544] - eth_getCode
[2021/12/23 16:49:04.568] - eth_gasPrice
[2021/12/23 16:49:05.546] - eth_blockNumber
[2021/12/23 16:49:05.843] - eth_call
[2021/12/23 16:49:05.915] - eth_getTransactionCount
[2021/12/23 16:49:07.164] - eth_sendRawTransaction
[2021/12/23 16:49:08.014] - 
[2021/12/23 16:49:08.015] -   Transaction: 0x02d08cd13515977193a6d3f049a105d233b994eacbea6be894497355fb69f47c
[2021/12/23 16:49:08.015] -   Gas usage: 318360
[2021/12/23 16:49:08.016] -   Block Number: 142
[2021/12/23 16:49:08.016] -   Block Time: Thu Dec 23 2021 16:49:07 GMT+0100 (Central European Standard Time)
[2021/12/23 16:49:08.017] - 
[2021/12/23 16:49:08.018] - eth_getBlockByNumber
[2021/12/23 16:49:08.021] - eth_blockNumber
[2021/12/23 16:49:08.032] - eth_getBalance
[2021/12/23 16:49:08.033] - eth_getTransactionReceipt
[2021/12/23 16:49:08.041] - eth_getTransactionCount
[2021/12/23 16:49:08.075] - eth_getBalance
[2021/12/23 16:49:08.086] - eth_getTransactionCount
[2021/12/23 16:49:08.094] - eth_getBalance
[2021/12/23 16:49:08.102] - eth_getTransactionCount
[2021/12/23 16:49:08.114] - eth_getBalance
[2021/12/23 16:49:08.119] - eth_getBlockByHash
[2021/12/23 16:49:08.123] - eth_getTransactionCount
[2021/12/23 16:49:08.130] - eth_getBalance
[2021/12/23 16:49:08.144] - eth_getTransactionCount
[2021/12/23 16:49:08.158] - eth_getBalance
[2021/12/23 16:49:08.168] - eth_getTransactionCount
[2021/12/23 16:49:08.177] - eth_getBalance
[2021/12/23 16:49:08.188] - eth_getTransactionCount
[2021/12/23 16:49:08.206] - eth_getBalance
[2021/12/23 16:49:08.220] - eth_getTransactionCount
[2021/12/23 16:49:08.229] - eth_getBalance
[2021/12/23 16:49:08.242] - eth_getTransactionCount
[2021/12/23 16:49:08.250] - eth_getBalance
[2021/12/23 16:49:08.259] - eth_getTransactionCount
[2021/12/23 16:50:37.034] - eth_blockNumber
[2021/12/23 16:50:37.051] - eth_getCode
[2021/12/23 16:50:37.074] - eth_gasPrice
[2021/12/23 16:50:38.096] - eth_blockNumber
[2021/12/23 16:50:38.115] - eth_getBalance
[2021/12/23 16:50:38.118] - eth_getBalance
[2021/12/23 16:50:38.119] - eth_getBalance
[2021/12/23 16:50:38.120] - eth_getBalance
[2021/12/23 16:50:38.121] - eth_getBalance
[2021/12/23 16:50:38.123] - eth_getBalance
[2021/12/23 16:50:38.126] - eth_getBalance
[2021/12/23 16:50:38.126] - eth_getBalance
[2021/12/23 16:50:38.145] - eth_getBalance
[2021/12/23 16:50:38.148] - eth_getBalance
[2021/12/23 16:50:38.153] - eth_getBalance
[2021/12/23 16:50:38.155] - eth_getBalance
[2021/12/23 16:50:38.161] - eth_getBalance
[2021/12/23 16:50:38.169] - eth_getBalance
[2021/12/23 16:50:38.170] - eth_getBalance
[2021/12/23 16:50:38.174] - eth_getBalance
[2021/12/23 16:50:38.175] - eth_getBalance
[2021/12/23 16:50:38.179] - eth_getBalance
[2021/12/23 16:50:38.482] - eth_call
[2021/12/23 16:50:38.562] - eth_getTransactionCount
[2021/12/23 16:50:39.427] - eth_sendRawTransaction
[2021/12/23 16:50:40.205] - 
[2021/12/23 16:50:40.206] -   Transaction: 0x38d3dc02bb51c56fa9e557ffde5336e1136350e469cf4377a7aaf5fb41069af7
[2021/12/23 16:50:40.206] -   Gas usage: 318312
[2021/12/23 16:50:40.207] -   Block Number: 143
[2021/12/23 16:50:40.208] -   Block Time: Thu Dec 23 2021 16:50:39 GMT+0100 (Central European Standard Time)
[2021/12/23 16:50:40.208] - 
[2021/12/23 16:50:40.210] - eth_getBlockByNumber
[2021/12/23 16:50:40.210] - eth_blockNumber
[2021/12/23 16:50:40.218] - eth_getBalance
[2021/12/23 16:50:40.222] - eth_getTransactionReceipt
[2021/12/23 16:50:40.231] - eth_getTransactionCount
[2021/12/23 16:50:40.235] - eth_getBalance
[2021/12/23 16:50:40.237] - eth_getBlockByHash
[2021/12/23 16:50:40.249] - eth_getTransactionCount
[2021/12/23 16:50:40.270] - eth_getBalance
[2021/12/23 16:50:40.304] - eth_getTransactionCount
[2021/12/23 16:50:40.320] - eth_getBalance
[2021/12/23 16:50:40.328] - eth_getTransactionCount
[2021/12/23 16:50:40.338] - eth_getBalance
[2021/12/23 16:50:40.346] - eth_getTransactionCount
[2021/12/23 16:50:40.352] - eth_getBalance
[2021/12/23 16:50:40.362] - eth_getTransactionCount
[2021/12/23 16:50:40.369] - eth_getBalance
[2021/12/23 16:50:40.377] - eth_getTransactionCount
[2021/12/23 16:50:40.388] - eth_getBalance
[2021/12/23 16:50:40.391] - eth_getTransactionCount
[2021/12/23 16:50:40.398] - eth_getBalance
[2021/12/23 16:50:40.406] - eth_getTransactionCount
[2021/12/23 16:50:40.413] - eth_getBalance
[2021/12/23 16:50:40.420] - eth_getTransactionCount
[2021/12/23 16:51:41.219] - eth_blockNumber
[2021/12/23 16:51:41.254] - eth_getBalance
[2021/12/23 16:51:41.257] - eth_getBalance
[2021/12/23 16:51:41.261] - eth_getBalance
[2021/12/23 16:51:41.262] - eth_getBalance
[2021/12/23 16:51:41.263] - eth_getBalance
[2021/12/23 16:51:41.264] - eth_getBalance
[2021/12/23 16:51:41.267] - eth_getBalance
[2021/12/23 16:51:41.267] - eth_getBalance
[2021/12/23 16:51:41.271] - eth_getBalance
[2021/12/23 16:51:41.274] - eth_getBalance
[2021/12/23 16:51:41.299] - eth_getBalance
[2021/12/23 16:51:41.315] - eth_getBalance
[2021/12/23 16:51:41.319] - eth_getBalance
[2021/12/23 16:51:41.320] - eth_getBalance
[2021/12/23 16:51:41.324] - eth_getBalance
[2021/12/23 16:51:41.328] - eth_getBalance
[2021/12/23 16:51:41.329] - eth_getBalance
[2021/12/23 16:51:41.334] - eth_getBalance
[2021/12/23 16:51:41.337] - eth_getBlockByNumber
[2021/12/23 16:51:52.825] - eth_call
[2021/12/23 16:52:12.525] - eth_blockNumber
[2021/12/23 16:52:12.534] - eth_getCode
[2021/12/23 16:52:12.561] - eth_gasPrice
[2021/12/23 16:52:13.583] - eth_blockNumber
[2021/12/23 16:52:13.853] - eth_call
[2021/12/23 16:52:13.917] - eth_getTransactionCount
[2021/12/23 16:52:20.025] - eth_sendRawTransaction
[2021/12/23 16:52:20.592] - 
[2021/12/23 16:52:20.593] -   Transaction: 0xed13a983bc6335580b844939bffa2bb388fdd0d8f8b8285995460595d570de14
[2021/12/23 16:52:20.594] -   Gas usage: 158903
[2021/12/23 16:52:20.595] -   Block Number: 144
[2021/12/23 16:52:20.596] -   Block Time: Thu Dec 23 2021 16:52:20 GMT+0100 (Central European Standard Time)
[2021/12/23 16:52:20.596] - 
[2021/12/23 16:52:20.597] - eth_getBlockByNumber
[2021/12/23 16:52:20.598] - eth_blockNumber
[2021/12/23 16:52:20.614] - eth_getBalance
[2021/12/23 16:52:20.616] - eth_getTransactionReceipt
[2021/12/23 16:52:20.619] - eth_getTransactionCount
[2021/12/23 16:52:20.628] - eth_getBalance
[2021/12/23 16:52:20.634] - eth_getBlockByHash
[2021/12/23 16:52:20.641] - eth_getTransactionCount
[2021/12/23 16:52:20.648] - eth_getBalance
[2021/12/23 16:52:20.658] - eth_getTransactionCount
[2021/12/23 16:52:20.671] - eth_getBalance
[2021/12/23 16:52:20.705] - eth_getTransactionCount
[2021/12/23 16:52:20.716] - eth_getBalance
[2021/12/23 16:52:20.724] - eth_getTransactionCount
[2021/12/23 16:52:20.734] - eth_getBalance
[2021/12/23 16:52:20.743] - eth_getTransactionCount
[2021/12/23 16:52:20.753] - eth_getBalance
[2021/12/23 16:52:20.759] - eth_getTransactionCount
[2021/12/23 16:52:20.770] - eth_getBalance
[2021/12/23 16:52:20.781] - eth_getTransactionCount
[2021/12/23 16:52:20.793] - eth_getBalance
[2021/12/23 16:52:20.805] - eth_getTransactionCount
[2021/12/23 16:52:20.813] - eth_getBalance
[2021/12/23 16:52:20.820] - eth_getTransactionCount
[2021/12/23 16:52:32.936] - eth_blockNumber
[2021/12/23 16:52:32.958] - eth_getBalance
[2021/12/23 16:52:32.975] - eth_getBalance
[2021/12/23 16:52:32.975] - eth_getBalance
[2021/12/23 16:52:32.977] - eth_getBalance
[2021/12/23 16:52:32.978] - eth_getBalance
[2021/12/23 16:52:32.978] - eth_getBalance
[2021/12/23 16:52:32.979] - eth_getBalance
[2021/12/23 16:52:32.982] - eth_getBalance
[2021/12/23 16:52:32.987] - eth_getBalance
[2021/12/23 16:52:32.989] - eth_getBalance
[2021/12/23 16:52:32.995] - eth_getBalance
[2021/12/23 16:52:33.001] - eth_getBalance
[2021/12/23 16:52:33.007] - eth_getBalance
[2021/12/23 16:52:33.007] - eth_getBalance
[2021/12/23 16:52:33.022] - eth_getBalance
[2021/12/23 16:52:33.024] - eth_getBalance
[2021/12/23 16:52:33.030] - eth_getBalance
[2021/12/23 16:52:33.033] - eth_getBalance
[2021/12/23 16:52:33.038] - eth_blockNumber
[2021/12/23 16:52:33.606] - eth_blockNumber
[2021/12/23 16:53:03.231] - eth_blockNumber
[2021/12/23 16:53:03.237] - eth_call
[2021/12/23 16:53:10.137] - eth_call
[2021/12/23 17:11:28.650] - eth_blockNumber
[2021/12/23 17:11:28.684] - eth_getBlockByNumber
[2021/12/23 17:11:48.685] - eth_blockNumber
[2021/12/23 17:12:08.717] - eth_blockNumber
[2021/12/23 17:19:54.119] - eth_blockNumber
[2021/12/23 17:20:18.333] - eth_getCode
[2021/12/23 17:20:18.348] - eth_gasPrice
[2021/12/23 17:20:19.352] - eth_blockNumber
[2021/12/23 17:20:19.639] - eth_call
[2021/12/23 17:20:19.716] - eth_getTransactionCount
[2021/12/23 17:20:21.075] - eth_sendRawTransaction
[2021/12/23 17:20:21.740] - 
[2021/12/23 17:20:21.741] -   Transaction: 0x8d4eb866dc649ab4223ebeec2f7a870d7e86586973b274fc7fee797131d36871
[2021/12/23 17:20:21.742] -   Gas usage: 318204
[2021/12/23 17:20:21.743] -   Block Number: 145
[2021/12/23 17:20:21.745] -   Block Time: Thu Dec 23 2021 17:20:21 GMT+0100 (Central European Standard Time)
[2021/12/23 17:20:21.748] - 
[2021/12/23 17:20:21.749] - eth_getBlockByNumber
[2021/12/23 17:20:21.750] - eth_blockNumber
[2021/12/23 17:20:21.755] - eth_getBalance
[2021/12/23 17:20:21.765] - eth_getTransactionCount
[2021/12/23 17:20:21.769] - eth_getTransactionReceipt
[2021/12/23 17:20:21.775] - eth_getBalance
[2021/12/23 17:20:21.783] - eth_getBlockByHash
[2021/12/23 17:20:21.789] - eth_getTransactionCount
[2021/12/23 17:20:21.797] - eth_getBalance
[2021/12/23 17:20:21.806] - eth_getTransactionCount
[2021/12/23 17:20:21.815] - eth_getBalance
[2021/12/23 17:20:21.827] - eth_getTransactionCount
[2021/12/23 17:20:21.835] - eth_getBalance
[2021/12/23 17:20:21.843] - eth_getTransactionCount
[2021/12/23 17:20:21.849] - eth_getBalance
[2021/12/23 17:20:21.863] - eth_getTransactionCount
[2021/12/23 17:20:21.872] - eth_getBalance
[2021/12/23 17:20:21.877] - eth_getTransactionCount
[2021/12/23 17:20:21.885] - eth_getBalance
[2021/12/23 17:20:21.895] - eth_getTransactionCount
[2021/12/23 17:20:21.904] - eth_getBalance
[2021/12/23 17:20:21.913] - eth_getTransactionCount
[2021/12/23 17:20:21.934] - eth_getBalance
[2021/12/23 17:20:21.948] - eth_getTransactionCount
[2021/12/23 17:20:34.194] - eth_blockNumber
[2021/12/23 17:20:34.214] - eth_getBalance
[2021/12/23 17:20:34.217] - eth_getBalance
[2021/12/23 17:20:34.218] - eth_getBalance
[2021/12/23 17:20:34.220] - eth_getBalance
[2021/12/23 17:20:34.221] - eth_getBalance
[2021/12/23 17:20:34.222] - eth_getBalance
[2021/12/23 17:20:34.222] - eth_getBalance
[2021/12/23 17:20:34.223] - eth_getBalance
[2021/12/23 17:20:34.228] - eth_getBalance
[2021/12/23 17:20:34.229] - eth_getBalance
[2021/12/23 17:20:34.243] - eth_getBalance
[2021/12/23 17:20:34.247] - eth_getBalance
[2021/12/23 17:20:34.255] - eth_getBalance
[2021/12/23 17:20:34.257] - eth_getBalance
[2021/12/23 17:20:34.264] - eth_getBalance
[2021/12/23 17:20:34.266] - eth_getBalance
[2021/12/23 17:20:34.271] - eth_getBalance
[2021/12/23 17:20:34.276] - eth_getBalance
[2021/12/23 17:20:39.378] - eth_blockNumber
[2021/12/23 17:20:41.775] - eth_blockNumber
[2021/12/23 17:20:45.443] - eth_call
[2021/12/23 17:21:01.707] - eth_getCode
[2021/12/23 17:21:01.733] - eth_gasPrice
[2021/12/23 17:21:02.681] - eth_blockNumber
[2021/12/23 17:21:03.012] - eth_call
[2021/12/23 17:21:03.086] - eth_getTransactionCount
[2021/12/23 17:21:04.566] - eth_sendRawTransaction
[2021/12/23 17:21:05.167] - 
[2021/12/23 17:21:05.168] -   Transaction: 0x3a4d5d47e7c436082574d74f7821f5b0e378b5372bacf10e85869d27272ba509
[2021/12/23 17:21:05.171] -   Gas usage: 240613
[2021/12/23 17:21:05.172] -   Block Number: 146
[2021/12/23 17:21:05.174] -   Block Time: Thu Dec 23 2021 17:21:04 GMT+0100 (Central European Standard Time)
[2021/12/23 17:21:05.175] - 
[2021/12/23 17:21:05.176] - eth_getBlockByNumber
[2021/12/23 17:21:05.177] - eth_blockNumber
[2021/12/23 17:21:05.185] - eth_getTransactionReceipt
[2021/12/23 17:21:05.191] - eth_getBalance
[2021/12/23 17:21:05.199] - eth_getBlockByHash
[2021/12/23 17:21:05.200] - eth_getTransactionCount
[2021/12/23 17:21:05.216] - eth_getBalance
[2021/12/23 17:21:05.246] - eth_getTransactionCount
[2021/12/23 17:21:05.247] - eth_getBalance
[2021/12/23 17:21:05.247] - eth_getTransactionCount
[2021/12/23 17:21:05.254] - eth_getBalance
[2021/12/23 17:21:05.265] - eth_getTransactionCount
[2021/12/23 17:21:05.273] - eth_getBalance
[2021/12/23 17:21:05.282] - eth_getTransactionCount
[2021/12/23 17:21:05.294] - eth_getBalance
[2021/12/23 17:21:05.304] - eth_getTransactionCount
[2021/12/23 17:21:05.311] - eth_getBalance
[2021/12/23 17:21:05.331] - eth_getTransactionCount
[2021/12/23 17:21:05.352] - eth_getBalance
[2021/12/23 17:21:05.354] - eth_getTransactionCount
[2021/12/23 17:21:05.363] - eth_getBalance
[2021/12/23 17:21:05.381] - eth_getTransactionCount
[2021/12/23 17:21:05.393] - eth_getBalance
[2021/12/23 17:21:05.410] - eth_getTransactionCount
[2021/12/23 17:21:23.008] - eth_blockNumber
[2021/12/23 17:21:23.029] - eth_getBalance
[2021/12/23 17:21:23.030] - eth_getBalance
[2021/12/23 17:21:23.033] - eth_getBalance
[2021/12/23 17:21:23.035] - eth_getBalance
[2021/12/23 17:21:23.036] - eth_getBalance
[2021/12/23 17:21:23.037] - eth_getBalance
[2021/12/23 17:21:23.038] - eth_getBalance
[2021/12/23 17:21:23.039] - eth_getBalance
[2021/12/23 17:21:23.043] - eth_getBalance
[2021/12/23 17:21:23.047] - eth_getBalance
[2021/12/23 17:21:23.061] - eth_getBalance
[2021/12/23 17:21:23.067] - eth_getBalance
[2021/12/23 17:21:23.073] - eth_getBalance
[2021/12/23 17:21:23.074] - eth_getBalance
[2021/12/23 17:21:23.083] - eth_getBalance
[2021/12/23 17:21:23.084] - eth_getBalance
[2021/12/23 17:21:23.090] - eth_getBalance
[2021/12/23 17:21:23.095] - eth_getBalance
[2021/12/23 17:21:23.096] - eth_blockNumber
[2021/12/23 17:21:27.678] - eth_blockNumber
[2021/12/23 17:21:49.460] - eth_call
[2021/12/23 17:21:52.438] - eth_call
[2021/12/23 17:24:30.016] - eth_blockNumber
[2021/12/23 17:24:30.107] - eth_getBlockByNumber
[2021/12/23 17:26:12.296] - eth_blockNumber
[2021/12/23 17:26:40.922] - eth_blockNumber
[2021/12/23 17:26:53.974] - eth_blockNumber
[2021/12/23 17:28:12.362] - eth_blockNumber
[2021/12/23 17:28:19.291] - eth_blockNumber
[2021/12/23 17:28:43.551] - eth_blockNumber
[2021/12/23 17:28:43.568] - eth_getCode
[2021/12/23 17:28:43.592] - eth_gasPrice
[2021/12/23 17:28:44.542] - eth_blockNumber
[2021/12/23 17:28:44.854] - eth_call
[2021/12/23 17:28:44.924] - eth_getTransactionCount
[2021/12/23 17:28:46.161] - eth_sendRawTransaction
[2021/12/23 17:28:46.519] - 
[2021/12/23 17:28:46.520] -   Transaction: 0x9cb96b89e911151f61c158c7a3af21e7e7e64d0c0aab3afd4d67ae40994ab058
[2021/12/23 17:28:46.521] -   Gas usage: 37193
[2021/12/23 17:28:46.522] -   Block Number: 147
[2021/12/23 17:28:46.522] -   Block Time: Thu Dec 23 2021 17:28:46 GMT+0100 (Central European Standard Time)
[2021/12/23 17:28:46.523] - 
[2021/12/23 17:28:46.536] - eth_getBlockByNumber
[2021/12/23 17:28:46.551] - eth_blockNumber
[2021/12/23 17:28:46.552] - eth_getBalance
[2021/12/23 17:28:46.553] - eth_getTransactionReceipt
[2021/12/23 17:28:46.555] - eth_getTransactionCount
[2021/12/23 17:28:46.573] - eth_getBlockByHash
[2021/12/23 17:28:46.596] - eth_getBalance
[2021/12/23 17:28:46.616] - eth_getTransactionCount
[2021/12/23 17:28:46.631] - eth_getBalance
[2021/12/23 17:28:46.657] - eth_getTransactionCount
[2021/12/23 17:28:46.672] - eth_getBalance
[2021/12/23 17:28:46.678] - eth_getTransactionCount
[2021/12/23 17:28:46.689] - eth_getBalance
[2021/12/23 17:28:46.697] - eth_getTransactionCount
[2021/12/23 17:28:46.704] - eth_getBalance
[2021/12/23 17:28:46.712] - eth_getTransactionCount
[2021/12/23 17:28:46.720] - eth_getBalance
[2021/12/23 17:28:46.728] - eth_getTransactionCount
[2021/12/23 17:28:46.738] - eth_getBalance
[2021/12/23 17:28:46.745] - eth_getTransactionCount
[2021/12/23 17:28:46.752] - eth_getBalance
[2021/12/23 17:28:46.760] - eth_getTransactionCount
[2021/12/23 17:28:46.769] - eth_getBalance
[2021/12/23 17:28:46.779] - eth_getTransactionCount
[2021/12/23 17:29:11.382] - eth_blockNumber
[2021/12/23 17:29:11.401] - eth_getCode
[2021/12/23 17:29:11.424] - eth_gasPrice
[2021/12/23 17:29:12.360] - eth_blockNumber
[2021/12/23 17:29:12.399] - eth_getBalance
[2021/12/23 17:29:12.400] - eth_getBalance
[2021/12/23 17:29:12.401] - eth_getBalance
[2021/12/23 17:29:12.402] - eth_getBalance
[2021/12/23 17:29:12.404] - eth_getBalance
[2021/12/23 17:29:12.405] - eth_getBalance
[2021/12/23 17:29:12.408] - eth_getBalance
[2021/12/23 17:29:12.412] - eth_getBalance
[2021/12/23 17:29:12.413] - eth_getBalance
[2021/12/23 17:29:12.418] - eth_getBalance
[2021/12/23 17:29:12.419] - eth_getBalance
[2021/12/23 17:29:12.426] - eth_getBalance
[2021/12/23 17:29:12.426] - eth_getBalance
[2021/12/23 17:29:12.429] - eth_getBalance
[2021/12/23 17:29:12.432] - eth_getBalance
[2021/12/23 17:29:12.435] - eth_getBalance
[2021/12/23 17:29:12.437] - eth_getBalance
[2021/12/23 17:29:12.440] - eth_getBalance
[2021/12/23 17:29:12.804] - eth_call
[2021/12/23 17:29:12.878] - eth_getTransactionCount
[2021/12/23 17:29:14.404] - eth_sendRawTransaction
[2021/12/23 17:29:14.537] - 
[2021/12/23 17:29:14.537] -   Transaction: 0x587756a01fc9bc6df141462da762694e050c6ee3ea26e0d6147f2ab6b75487bc
[2021/12/23 17:29:14.538] -   Gas usage: 49185
[2021/12/23 17:29:14.538] -   Block Number: 148
[2021/12/23 17:29:14.539] -   Block Time: Thu Dec 23 2021 17:29:14 GMT+0100 (Central European Standard Time)
[2021/12/23 17:29:14.539] - 
[2021/12/23 17:29:14.541] - eth_getBlockByNumber
[2021/12/23 17:29:14.552] - eth_getBalance
[2021/12/23 17:29:14.562] - eth_getTransactionCount
[2021/12/23 17:29:14.569] - eth_getBalance
[2021/12/23 17:29:14.576] - eth_getTransactionCount
[2021/12/23 17:29:14.588] - eth_getBalance
[2021/12/23 17:29:14.600] - eth_getTransactionCount
[2021/12/23 17:29:14.607] - eth_getBalance
[2021/12/23 17:29:14.615] - eth_getTransactionCount
[2021/12/23 17:29:14.624] - eth_getBalance
[2021/12/23 17:29:14.633] - eth_getTransactionCount
[2021/12/23 17:29:14.638] - eth_getBalance
[2021/12/23 17:29:14.647] - eth_getTransactionCount
[2021/12/23 17:29:14.655] - eth_getBalance
[2021/12/23 17:29:14.665] - eth_getTransactionCount
[2021/12/23 17:29:14.671] - eth_getBalance
[2021/12/23 17:29:14.677] - eth_getTransactionCount
[2021/12/23 17:29:14.682] - eth_getBalance
[2021/12/23 17:29:14.690] - eth_getTransactionCount
[2021/12/23 17:29:14.695] - eth_getBalance
[2021/12/23 17:29:14.700] - eth_getTransactionReceipt
[2021/12/23 17:29:14.703] - eth_getTransactionCount
[2021/12/23 17:29:14.738] - eth_blockNumber
[2021/12/23 17:29:14.838] - eth_getTransactionReceipt
[2021/12/23 17:29:14.909] - eth_getBlockByHash
[2021/12/23 17:29:32.756] - eth_blockNumber
[2021/12/23 17:29:32.802] - eth_getBalance
[2021/12/23 17:29:32.805] - eth_getBalance
[2021/12/23 17:29:32.806] - eth_getBalance
[2021/12/23 17:29:32.808] - eth_getBalance
[2021/12/23 17:29:32.810] - eth_getBalance
[2021/12/23 17:29:32.811] - eth_getBalance
[2021/12/23 17:29:32.811] - eth_getBalance
[2021/12/23 17:29:32.812] - eth_getBalance
[2021/12/23 17:29:32.813] - eth_getBalance
[2021/12/23 17:29:32.816] - eth_getBalance
[2021/12/23 17:29:32.821] - eth_getBalance
[2021/12/23 17:29:32.822] - eth_getBalance
[2021/12/23 17:29:32.825] - eth_getBalance
[2021/12/23 17:29:32.826] - eth_getBalance
[2021/12/23 17:29:32.850] - eth_getBalance
[2021/12/23 17:29:32.858] - eth_getBalance
[2021/12/23 17:29:32.862] - eth_getBalance
[2021/12/23 17:29:32.863] - eth_getBalance
[2021/12/23 17:29:32.867] - eth_blockNumber
[2021/12/23 17:29:58.895] - eth_blockNumber
[2021/12/23 17:30:43.821] - eth_blockNumber
[2021/12/23 17:30:43.842] - eth_getCode
[2021/12/23 17:30:43.863] - eth_gasPrice
[2021/12/23 17:30:44.819] - eth_blockNumber
[2021/12/23 17:30:45.134] - eth_call
[2021/12/23 17:30:45.208] - eth_getTransactionCount
[2021/12/23 17:30:46.870] - eth_sendRawTransaction
[2021/12/23 17:30:47.384] - 
[2021/12/23 17:30:47.384] -   Transaction: 0x676726b27d5a9baf2aab67fd5605c0d8c2b165954a0947838053522d1f7c7ecf
[2021/12/23 17:30:47.386] -   Gas usage: 318444
[2021/12/23 17:30:47.388] -   Block Number: 149
[2021/12/23 17:30:47.391] -   Block Time: Thu Dec 23 2021 17:30:46 GMT+0100 (Central European Standard Time)
[2021/12/23 17:30:47.392] - 
[2021/12/23 17:30:47.393] - eth_getBlockByNumber
[2021/12/23 17:30:47.395] - eth_blockNumber
[2021/12/23 17:30:47.399] - eth_getTransactionReceipt
[2021/12/23 17:30:47.400] - eth_getBalance
[2021/12/23 17:30:47.409] - eth_getTransactionCount
[2021/12/23 17:30:47.412] - eth_getBlockByHash
[2021/12/23 17:30:47.418] - eth_getBalance
[2021/12/23 17:30:47.439] - eth_getTransactionCount
[2021/12/23 17:30:47.446] - eth_getBalance
[2021/12/23 17:30:47.458] - eth_getTransactionCount
[2021/12/23 17:30:47.465] - eth_getBalance
[2021/12/23 17:30:47.479] - eth_getTransactionCount
[2021/12/23 17:30:47.494] - eth_getBalance
[2021/12/23 17:30:47.522] - eth_getTransactionCount
[2021/12/23 17:30:47.530] - eth_getBalance
[2021/12/23 17:30:47.538] - eth_getTransactionCount
[2021/12/23 17:30:47.544] - eth_getBalance
[2021/12/23 17:30:47.552] - eth_getTransactionCount
[2021/12/23 17:30:47.560] - eth_getBalance
[2021/12/23 17:30:47.569] - eth_getTransactionCount
[2021/12/23 17:30:47.575] - eth_getBalance
[2021/12/23 17:30:47.583] - eth_getTransactionCount
[2021/12/23 17:30:47.590] - eth_getBalance
[2021/12/23 17:30:47.600] - eth_getTransactionCount
[2021/12/23 17:30:59.748] - eth_blockNumber
[2021/12/23 17:30:59.764] - eth_getBalance
[2021/12/23 17:30:59.765] - eth_getBalance
[2021/12/23 17:30:59.767] - eth_getBalance
[2021/12/23 17:30:59.768] - eth_getBalance
[2021/12/23 17:30:59.769] - eth_getBalance
[2021/12/23 17:30:59.770] - eth_getBalance
[2021/12/23 17:30:59.771] - eth_getBalance
[2021/12/23 17:30:59.772] - eth_getBalance
[2021/12/23 17:30:59.774] - eth_getBalance
[2021/12/23 17:30:59.778] - eth_getBalance
[2021/12/23 17:30:59.778] - eth_getBalance
[2021/12/23 17:30:59.793] - eth_getBalance
[2021/12/23 17:30:59.794] - eth_getBalance
[2021/12/23 17:30:59.798] - eth_getBalance
[2021/12/23 17:30:59.802] - eth_getBalance
[2021/12/23 17:30:59.803] - eth_getBalance
[2021/12/23 17:30:59.812] - eth_getBalance
[2021/12/23 17:30:59.820] - eth_getBalance
[2021/12/23 17:31:03.864] - eth_blockNumber
[2021/12/23 17:31:04.896] - eth_blockNumber
[2021/12/23 17:31:07.410] - eth_blockNumber
[2021/12/23 17:31:12.627] - eth_call
[2021/12/23 17:31:29.470] - eth_getCode
[2021/12/23 17:31:29.494] - eth_gasPrice
[2021/12/23 17:31:30.501] - eth_blockNumber
[2021/12/23 17:31:30.816] - eth_call
[2021/12/23 17:31:30.891] - eth_getTransactionCount
[2021/12/23 17:31:32.865] - eth_sendRawTransaction
[2021/12/23 17:31:33.440] - 
[2021/12/23 17:31:33.441] -   Transaction: 0x7483e2d6d08514badd3dac4c5bad045fec0a93a05f19f05edc48d43f764ee2fd
[2021/12/23 17:31:33.441] -   Gas usage: 154715
[2021/12/23 17:31:33.442] -   Block Number: 150
[2021/12/23 17:31:33.443] -   Block Time: Thu Dec 23 2021 17:31:32 GMT+0100 (Central European Standard Time)
[2021/12/23 17:31:33.443] - 
[2021/12/23 17:31:33.444] - eth_getBlockByNumber
[2021/12/23 17:31:33.448] - eth_blockNumber
[2021/12/23 17:31:33.458] - eth_getBalance
[2021/12/23 17:31:33.462] - eth_getTransactionReceipt
[2021/12/23 17:31:33.468] - eth_getTransactionCount
[2021/12/23 17:31:33.476] - eth_getBlockByHash
[2021/12/23 17:31:33.477] - eth_getBalance
[2021/12/23 17:31:33.488] - eth_getTransactionCount
[2021/12/23 17:31:33.498] - eth_getBalance
[2021/12/23 17:31:33.519] - eth_getTransactionCount
[2021/12/23 17:31:33.525] - eth_getBalance
[2021/12/23 17:31:33.538] - eth_getTransactionCount
[2021/12/23 17:31:33.546] - eth_getBalance
[2021/12/23 17:31:33.554] - eth_getTransactionCount
[2021/12/23 17:31:33.560] - eth_getBalance
[2021/12/23 17:31:33.574] - eth_getTransactionCount
[2021/12/23 17:31:33.581] - eth_getBalance
[2021/12/23 17:31:33.588] - eth_getTransactionCount
[2021/12/23 17:31:33.594] - eth_getBalance
[2021/12/23 17:31:33.600] - eth_getTransactionCount
[2021/12/23 17:31:33.609] - eth_getBalance
[2021/12/23 17:31:33.615] - eth_getTransactionCount
[2021/12/23 17:31:33.623] - eth_getBalance
[2021/12/23 17:31:33.628] - eth_getTransactionCount
[2021/12/23 17:31:44.898] - eth_blockNumber
[2021/12/23 17:31:44.922] - eth_getBalance
[2021/12/23 17:31:44.924] - eth_getBalance
[2021/12/23 17:31:44.925] - eth_getBalance
[2021/12/23 17:31:44.926] - eth_getBalance
[2021/12/23 17:31:44.927] - eth_getBalance
[2021/12/23 17:31:44.928] - eth_getBalance
[2021/12/23 17:31:44.941] - eth_getBalance
[2021/12/23 17:31:44.941] - eth_getBalance
[2021/12/23 17:31:44.945] - eth_getBalance
[2021/12/23 17:31:44.946] - eth_getBalance
[2021/12/23 17:31:44.947] - eth_getBalance
[2021/12/23 17:31:44.953] - eth_getBalance
[2021/12/23 17:31:44.957] - eth_getBalance
[2021/12/23 17:31:44.958] - eth_getBalance
[2021/12/23 17:31:44.962] - eth_getBalance
[2021/12/23 17:31:44.966] - eth_getBalance
[2021/12/23 17:31:44.966] - eth_getBalance
[2021/12/23 17:31:44.980] - eth_getBalance
[2021/12/23 17:31:50.554] - eth_blockNumber
[2021/12/23 17:31:53.477] - eth_blockNumber
[2021/12/23 17:32:22.581] - eth_blockNumber
[2021/12/23 17:32:22.590] - eth_call
[2021/12/23 17:32:26.886] - eth_call
[2021/12/23 17:33:11.755] - eth_blockNumber
[2021/12/23 17:33:11.791] - eth_getBlockByNumber
[2021/12/23 17:33:20.967] - eth_getCode
[2021/12/23 17:33:20.993] - eth_gasPrice
[2021/12/23 17:33:24.941] - eth_blockNumber
[2021/12/23 17:33:25.313] - eth_getTransactionCount
[2021/12/23 17:33:26.559] - eth_sendRawTransaction
[2021/12/23 17:33:26.735] - 
[2021/12/23 17:33:26.736] -   Transaction: 0x35dbd75f296bec00728967ce499da4b3c013376e8863265258a5f2a74b727188
[2021/12/23 17:33:26.736] -   Gas usage: 21000
[2021/12/23 17:33:26.737] -   Block Number: 151
[2021/12/23 17:33:26.737] -   Block Time: Thu Dec 23 2021 17:33:26 GMT+0100 (Central European Standard Time)
[2021/12/23 17:33:26.738] - 
[2021/12/23 17:33:26.740] - eth_getBlockByNumber
[2021/12/23 17:33:26.753] - eth_getBalance
[2021/12/23 17:33:26.760] - eth_getTransactionCount
[2021/12/23 17:33:26.767] - eth_getBalance
[2021/12/23 17:33:26.773] - eth_getTransactionCount
[2021/12/23 17:33:26.780] - eth_getBalance
[2021/12/23 17:33:26.786] - eth_getTransactionCount
[2021/12/23 17:33:26.794] - eth_getBalance
[2021/12/23 17:33:26.799] - eth_getTransactionCount
[2021/12/23 17:33:26.804] - eth_getBalance
[2021/12/23 17:33:26.811] - eth_getTransactionCount
[2021/12/23 17:33:26.817] - eth_getBalance
[2021/12/23 17:33:26.822] - eth_getTransactionCount
[2021/12/23 17:33:26.828] - eth_getBalance
[2021/12/23 17:33:26.835] - eth_getTransactionCount
[2021/12/23 17:33:26.844] - eth_getBalance
[2021/12/23 17:33:26.848] - eth_getTransactionCount
[2021/12/23 17:33:26.856] - eth_getBalance
[2021/12/23 17:33:26.861] - eth_getTransactionCount
[2021/12/23 17:33:26.867] - eth_getBalance
[2021/12/23 17:33:26.875] - eth_getTransactionCount
[2021/12/23 17:33:31.796] - eth_blockNumber
[2021/12/23 17:33:31.956] - eth_sendRawTransaction
[2021/12/23 17:33:31.966] - eth_getBlockByNumber
[2021/12/23 17:33:31.971] - eth_getTransactionReceipt
[2021/12/23 17:33:32.078] - 
[2021/12/23 17:33:32.079] -   Transaction: 0xecbe14a3eac9782e57c6202b82952090ecd810498ffdd1aa46dc7e924ffd7f7a
[2021/12/23 17:33:32.079] -   Gas usage: 21000
[2021/12/23 17:33:32.080] -   Block Number: 152
[2021/12/23 17:33:32.080] -   Block Time: Thu Dec 23 2021 17:33:31 GMT+0100 (Central European Standard Time)
[2021/12/23 17:33:32.081] - 
[2021/12/23 17:33:32.084] - eth_getBlockByNumber
[2021/12/23 17:33:32.092] - eth_getBalance
[2021/12/23 17:33:32.099] - eth_getTransactionCount
[2021/12/23 17:33:32.106] - eth_getBalance
[2021/12/23 17:33:32.136] - eth_getTransactionCount
[2021/12/23 17:33:32.150] - eth_getBalance
[2021/12/23 17:33:32.157] - eth_getTransactionCount
[2021/12/23 17:33:32.175] - eth_getBalance
[2021/12/23 17:33:32.186] - eth_getTransactionCount
[2021/12/23 17:33:32.191] - eth_getBalance
[2021/12/23 17:33:32.198] - eth_getTransactionCount
[2021/12/23 17:33:32.205] - eth_getBalance
[2021/12/23 17:33:32.209] - eth_getTransactionCount
[2021/12/23 17:33:32.218] - eth_getBalance
[2021/12/23 17:33:32.228] - eth_getTransactionCount
[2021/12/23 17:33:32.237] - eth_getBalance
[2021/12/23 17:33:32.249] - eth_getTransactionCount
[2021/12/23 17:33:32.256] - eth_getBalance
[2021/12/23 17:33:32.263] - eth_getTransactionCount
[2021/12/23 17:33:32.269] - eth_getBalance
[2021/12/23 17:33:32.276] - eth_getTransactionCount
[2021/12/23 17:33:32.305] - eth_getBalance
[2021/12/23 17:33:32.306] - eth_getBalance
[2021/12/23 17:33:32.307] - eth_getBalance
[2021/12/23 17:33:32.309] - eth_getBalance
[2021/12/23 17:33:32.310] - eth_getBalance
[2021/12/23 17:33:32.312] - eth_getBalance
[2021/12/23 17:33:32.313] - eth_getBalance
[2021/12/23 17:33:32.314] - eth_getBalance
[2021/12/23 17:33:32.318] - eth_getBalance
[2021/12/23 17:33:32.318] - eth_getBalance
[2021/12/23 17:33:32.321] - eth_getBalance
[2021/12/23 17:33:32.325] - eth_getBalance
[2021/12/23 17:33:32.326] - eth_getBalance
[2021/12/23 17:33:32.330] - eth_getBalance
[2021/12/23 17:33:32.331] - eth_getBalance
[2021/12/23 17:33:32.334] - eth_getBalance
[2021/12/23 17:33:32.337] - eth_getBalance
[2021/12/23 17:33:32.338] - eth_getBalance
[2021/12/23 17:33:32.350] - eth_getBlockByHash
[2021/12/23 17:33:36.579] - eth_gasPrice
[2021/12/23 17:33:44.968] - eth_blockNumber
[2021/12/23 17:33:44.987] - eth_getBlockByNumber
[2021/12/23 17:33:44.991] - eth_getTransactionReceipt
[2021/12/23 17:33:44.996] - eth_getBalance
[2021/12/23 17:33:44.997] - eth_getBalance
[2021/12/23 17:33:44.998] - eth_getBalance
[2021/12/23 17:33:45.002] - eth_getBalance
[2021/12/23 17:33:45.004] - eth_getBalance
[2021/12/23 17:33:45.004] - eth_getBalance
[2021/12/23 17:33:45.005] - eth_getBalance
[2021/12/23 17:33:45.006] - eth_getBalance
[2021/12/23 17:33:45.008] - eth_getBalance
[2021/12/23 17:33:45.011] - eth_getBalance
[2021/12/23 17:33:45.012] - eth_getBalance
[2021/12/23 17:33:45.014] - eth_getBalance
[2021/12/23 17:33:45.017] - eth_getBalance
[2021/12/23 17:33:45.018] - eth_getBalance
[2021/12/23 17:33:45.038] - eth_getBalance
[2021/12/23 17:33:45.038] - eth_getBalance
[2021/12/23 17:33:45.042] - eth_getBalance
[2021/12/23 17:33:45.045] - eth_getBalance
[2021/12/23 17:33:45.046] - eth_getBlockByHash
[2021/12/23 17:33:51.969] - eth_blockNumber
[2021/12/23 17:34:05.003] - eth_blockNumber
[2021/12/23 17:34:11.993] - eth_blockNumber
[2021/12/23 17:34:25.031] - eth_blockNumber
[2021/12/23 17:34:31.571] - eth_blockNumber
[2021/12/23 17:34:32.017] - eth_blockNumber
[2021/12/23 17:34:35.939] - eth_getCode
[2021/12/23 17:34:35.953] - eth_gasPrice
[2021/12/23 17:34:36.790] - eth_blockNumber
[2021/12/23 17:34:37.151] - eth_getTransactionCount
[2021/12/23 17:34:38.702] - eth_sendRawTransaction
[2021/12/23 17:34:38.881] - 
[2021/12/23 17:34:38.882] -   Transaction: 0xba0159a09022cb2f48c57ef464426aa3c94b5d99da859168abddee831e51b21f
[2021/12/23 17:34:38.882] -   Gas usage: 21000
[2021/12/23 17:34:38.883] -   Block Number: 153
[2021/12/23 17:34:38.883] -   Block Time: Thu Dec 23 2021 17:34:38 GMT+0100 (Central European Standard Time)
[2021/12/23 17:34:38.884] - 
[2021/12/23 17:34:38.885] - eth_getBlockByNumber
[2021/12/23 17:34:38.897] - eth_getBalance
[2021/12/23 17:34:38.904] - eth_getTransactionCount
[2021/12/23 17:34:38.914] - eth_getBalance
[2021/12/23 17:34:38.920] - eth_getTransactionCount
[2021/12/23 17:34:38.927] - eth_getBalance
[2021/12/23 17:34:38.932] - eth_getTransactionCount
[2021/12/23 17:34:38.937] - eth_getBalance
[2021/12/23 17:34:38.944] - eth_getTransactionCount
[2021/12/23 17:34:38.950] - eth_getBalance
[2021/12/23 17:34:38.955] - eth_getTransactionCount
[2021/12/23 17:34:38.962] - eth_getBalance
[2021/12/23 17:34:38.967] - eth_getTransactionCount
[2021/12/23 17:34:38.974] - eth_getBalance
[2021/12/23 17:34:38.980] - eth_getTransactionCount
[2021/12/23 17:34:38.988] - eth_getBalance
[2021/12/23 17:34:38.997] - eth_getTransactionCount
[2021/12/23 17:34:39.009] - eth_getBalance
[2021/12/23 17:34:39.010] - eth_getTransactionCount
[2021/12/23 17:34:39.017] - eth_getBalance
[2021/12/23 17:34:39.023] - eth_getTransactionCount
[2021/12/23 17:34:45.066] - eth_blockNumber
[2021/12/23 17:34:45.086] - eth_getTransactionReceipt
[2021/12/23 17:34:45.105] - eth_getBlockByHash
[2021/12/23 17:34:47.867] - eth_blockNumber
[2021/12/23 17:34:47.890] - eth_getBalance
[2021/12/23 17:34:47.892] - eth_getBalance
[2021/12/23 17:34:47.893] - eth_getBalance
[2021/12/23 17:34:47.895] - eth_getBalance
[2021/12/23 17:34:47.896] - eth_getBalance
[2021/12/23 17:34:47.896] - eth_getBalance
[2021/12/23 17:34:47.897] - eth_getBalance
[2021/12/23 17:34:47.898] - eth_getBalance
[2021/12/23 17:34:47.900] - eth_getBalance
[2021/12/23 17:34:47.903] - eth_getBalance
[2021/12/23 17:34:47.904] - eth_getBalance
[2021/12/23 17:34:47.907] - eth_getBalance
[2021/12/23 17:34:47.910] - eth_getBalance
[2021/12/23 17:34:47.924] - eth_getBalance
[2021/12/23 17:34:47.925] - eth_getBalance
[2021/12/23 17:34:47.929] - eth_getBalance
[2021/12/23 17:34:47.930] - eth_getBalance
[2021/12/23 17:34:47.934] - eth_getBalance
[2021/12/23 17:34:51.602] - eth_blockNumber
[2021/12/23 17:34:52.044] - eth_blockNumber
[2021/12/23 17:34:56.828] - eth_blockNumber
[2021/12/23 17:35:11.167] - eth_getCode
[2021/12/23 17:35:11.182] - eth_gasPrice
[2021/12/23 17:35:12.233] - eth_blockNumber
[2021/12/23 17:35:12.256] - eth_blockNumber
[2021/12/23 17:35:12.611] - eth_getTransactionCount
[2021/12/23 17:35:13.584] - eth_sendRawTransaction
[2021/12/23 17:35:13.704] - 
[2021/12/23 17:35:13.705] -   Transaction: 0x4a7ae3e1959c94214e7e41755b883a69551b7abfa6d71900b7d8ac75acbbbf7e
[2021/12/23 17:35:13.705] -   Gas usage: 21000
[2021/12/23 17:35:13.708] -   Block Number: 154
[2021/12/23 17:35:13.708] -   Block Time: Thu Dec 23 2021 17:35:13 GMT+0100 (Central European Standard Time)
[2021/12/23 17:35:13.709] - 
[2021/12/23 17:35:13.710] - eth_getBlockByNumber
[2021/12/23 17:35:13.725] - eth_getBalance
[2021/12/23 17:35:13.732] - eth_getTransactionCount
[2021/12/23 17:35:13.741] - eth_getBalance
[2021/12/23 17:35:13.749] - eth_getTransactionCount
[2021/12/23 17:35:13.755] - eth_getBalance
[2021/12/23 17:35:13.763] - eth_getTransactionCount
[2021/12/23 17:35:13.770] - eth_getBalance
[2021/12/23 17:35:13.777] - eth_getTransactionCount
[2021/12/23 17:35:13.784] - eth_getBalance
[2021/12/23 17:35:13.790] - eth_getTransactionCount
[2021/12/23 17:35:13.797] - eth_getBalance
[2021/12/23 17:35:13.802] - eth_getTransactionCount
[2021/12/23 17:35:13.812] - eth_getBalance
[2021/12/23 17:35:13.818] - eth_getTransactionCount
[2021/12/23 17:35:13.827] - eth_getBalance
[2021/12/23 17:35:13.832] - eth_getTransactionCount
[2021/12/23 17:35:13.838] - eth_getBalance
[2021/12/23 17:35:13.844] - eth_getTransactionCount
[2021/12/23 17:35:13.851] - eth_getBalance
[2021/12/23 17:35:13.858] - eth_getTransactionCount
[2021/12/23 17:35:16.846] - eth_blockNumber
[2021/12/23 17:35:16.854] - eth_getTransactionReceipt
[2021/12/23 17:35:16.872] - eth_getBlockByHash
[2021/12/23 17:37:43.039] - eth_blockNumber
[2021/12/23 17:37:43.076] - eth_getBalance
[2021/12/23 17:37:43.078] - eth_getBalance
[2021/12/23 17:37:43.081] - eth_getBalance
[2021/12/23 17:37:43.083] - eth_getBalance
[2021/12/23 17:37:43.084] - eth_getBalance
[2021/12/23 17:37:43.085] - eth_getBalance
[2021/12/23 17:37:43.086] - eth_getBalance
[2021/12/23 17:37:43.087] - eth_getBalance
[2021/12/23 17:37:43.091] - eth_getBalance
[2021/12/23 17:37:43.105] - eth_getBalance
[2021/12/23 17:37:43.106] - eth_getBalance
[2021/12/23 17:37:43.110] - eth_getBalance
[2021/12/23 17:37:43.110] - eth_getBalance
[2021/12/23 17:37:43.117] - eth_getBalance
[2021/12/23 17:37:43.117] - eth_getBalance
[2021/12/23 17:37:43.121] - eth_getBalance
[2021/12/23 17:37:43.122] - eth_getBalance
[2021/12/23 17:37:43.141] - eth_getBalance
[2021/12/23 17:37:43.145] - eth_getBlockByNumber
[2021/12/23 17:37:51.095] - eth_blockNumber
[2021/12/23 17:37:58.869] - eth_blockNumber
[2021/12/23 17:38:03.067] - eth_blockNumber
[2021/12/23 17:38:04.895] - eth_blockNumber
[2021/12/23 17:38:28.515] - eth_blockNumber
[2021/12/23 17:38:39.953] - eth_getCode
[2021/12/23 17:38:39.978] - eth_gasPrice
[2021/12/23 17:38:40.927] - eth_blockNumber
[2021/12/23 17:38:41.357] - eth_getTransactionCount
[2021/12/23 17:38:42.908] - eth_sendRawTransaction
[2021/12/23 17:38:43.076] - 
[2021/12/23 17:38:43.077] -   Transaction: 0x0713f46ef34cb945cf3403cb3d05f8cd4ca21f1da1c49501b0d533636753da42
[2021/12/23 17:38:43.077] -   Gas usage: 21000
[2021/12/23 17:38:43.078] -   Block Number: 155
[2021/12/23 17:38:43.078] -   Block Time: Thu Dec 23 2021 17:38:42 GMT+0100 (Central European Standard Time)
[2021/12/23 17:38:43.079] - 
[2021/12/23 17:38:43.080] - eth_getBlockByNumber
[2021/12/23 17:38:43.093] - eth_getBalance
[2021/12/23 17:38:43.100] - eth_getTransactionCount
[2021/12/23 17:38:43.108] - eth_getBalance
[2021/12/23 17:38:43.114] - eth_getTransactionCount
[2021/12/23 17:38:43.121] - eth_getBalance
[2021/12/23 17:38:43.125] - eth_getTransactionCount
[2021/12/23 17:38:43.132] - eth_getBalance
[2021/12/23 17:38:43.138] - eth_getTransactionCount
[2021/12/23 17:38:43.145] - eth_getBalance
[2021/12/23 17:38:43.151] - eth_getTransactionCount
[2021/12/23 17:38:43.159] - eth_getBalance
[2021/12/23 17:38:43.173] - eth_getTransactionCount
[2021/12/23 17:38:43.179] - eth_getBalance
[2021/12/23 17:38:43.189] - eth_getTransactionCount
[2021/12/23 17:38:43.195] - eth_getBalance
[2021/12/23 17:38:43.202] - eth_getTransactionCount
[2021/12/23 17:38:43.210] - eth_getBalance
[2021/12/23 17:38:43.220] - eth_getTransactionCount
[2021/12/23 17:38:43.236] - eth_getBalance
[2021/12/23 17:38:43.236] - eth_getTransactionCount
[2021/12/23 17:38:48.568] - eth_blockNumber
[2021/12/23 17:38:48.589] - eth_getTransactionReceipt
[2021/12/23 17:38:48.609] - eth_getBlockByHash
[2021/12/23 17:38:51.481] - eth_blockNumber
[2021/12/23 17:38:51.501] - eth_getBalance
[2021/12/23 17:38:51.503] - eth_getBalance
[2021/12/23 17:38:51.504] - eth_getBalance
[2021/12/23 17:38:51.506] - eth_getBalance
[2021/12/23 17:38:51.507] - eth_getBalance
[2021/12/23 17:38:51.507] - eth_getBalance
[2021/12/23 17:38:51.508] - eth_getBalance
[2021/12/23 17:38:51.509] - eth_getBalance
[2021/12/23 17:38:51.510] - eth_getBalance
[2021/12/23 17:38:51.513] - eth_getBalance
[2021/12/23 17:38:51.514] - eth_getBalance
[2021/12/23 17:38:51.518] - eth_getBalance
[2021/12/23 17:38:51.519] - eth_getBalance
[2021/12/23 17:38:51.521] - eth_getBalance
[2021/12/23 17:38:51.536] - eth_getBalance
[2021/12/23 17:38:51.537] - eth_getBalance
[2021/12/23 17:38:51.539] - eth_getBalance
[2021/12/23 17:38:51.543] - eth_getBalance
[2021/12/23 17:39:00.965] - eth_blockNumber
[2021/12/23 17:39:08.587] - eth_blockNumber
[2021/12/23 17:39:15.846] - eth_blockNumber
[2021/12/23 17:40:58.309] - eth_blockNumber
[2021/12/23 17:40:58.326] - eth_getCode
[2021/12/23 17:40:58.350] - eth_gasPrice
[2021/12/23 17:40:59.297] - eth_blockNumber
[2021/12/23 17:40:59.614] - eth_call
[2021/12/23 17:40:59.688] - eth_getTransactionCount
[2021/12/23 17:41:18.327] - eth_blockNumber
[2021/12/23 17:41:19.362] - eth_blockNumber
[2021/12/23 17:41:38.345] - eth_blockNumber
[2021/12/23 17:41:39.389] - eth_blockNumber
[2021/12/23 17:41:58.365] - eth_blockNumber
[2021/12/23 17:41:59.412] - eth_blockNumber
[2021/12/23 17:42:18.392] - eth_blockNumber
[2021/12/23 17:42:19.430] - eth_blockNumber
[2021/12/23 17:42:38.411] - eth_blockNumber
[2021/12/23 17:42:39.455] - eth_blockNumber
[2021/12/23 17:42:58.431] - eth_blockNumber
[2021/12/23 17:42:59.487] - eth_blockNumber
[2021/12/23 17:43:18.452] - eth_blockNumber
[2021/12/23 17:43:18.921] - eth_sendRawTransaction
[2021/12/23 17:43:19.508] - eth_blockNumber
[2021/12/23 17:43:19.755] - 
[2021/12/23 17:43:19.755] -   Transaction: 0x347a9f91ab529319adfc5a21ea21137e24d7463826daa2a6674de592db7b55ac
[2021/12/23 17:43:19.756] -   Gas usage: 318348
[2021/12/23 17:43:19.756] -   Block Number: 156
[2021/12/23 17:43:19.758] -   Block Time: Thu Dec 23 2021 17:43:18 GMT+0100 (Central European Standard Time)
[2021/12/23 17:43:19.761] - 
[2021/12/23 17:43:19.762] - eth_getBlockByNumber
[2021/12/23 17:43:19.780] - eth_getBalance
[2021/12/23 17:43:19.787] - eth_getTransactionCount
[2021/12/23 17:43:19.794] - eth_getBalance
[2021/12/23 17:43:19.801] - eth_getTransactionCount
[2021/12/23 17:43:19.807] - eth_getBalance
[2021/12/23 17:43:19.815] - eth_getTransactionCount
[2021/12/23 17:43:19.821] - eth_getBalance
[2021/12/23 17:43:19.830] - eth_getTransactionCount
[2021/12/23 17:43:19.838] - eth_getBalance
[2021/12/23 17:43:19.846] - eth_getTransactionCount
[2021/12/23 17:43:19.853] - eth_getBalance
[2021/12/23 17:43:19.861] - eth_getTransactionCount
[2021/12/23 17:43:19.872] - eth_getBalance
[2021/12/23 17:43:19.882] - eth_getTransactionReceipt
[2021/12/23 17:43:19.888] - eth_getTransactionCount
[2021/12/23 17:43:19.891] - eth_getBlockByNumber
[2021/12/23 17:43:19.897] - eth_getBalance
[2021/12/23 17:43:19.908] - eth_getTransactionCount
[2021/12/23 17:43:19.915] - eth_getBalance
[2021/12/23 17:43:19.921] - eth_getTransactionCount
[2021/12/23 17:43:19.928] - eth_getBalance
[2021/12/23 17:43:19.937] - eth_getTransactionCount
[2021/12/23 17:43:20.005] - eth_gasPrice
[2021/12/23 17:43:20.016] - eth_getBalance
[2021/12/23 17:43:20.017] - eth_getBalance
[2021/12/23 17:43:20.018] - eth_getBalance
[2021/12/23 17:43:20.020] - eth_getBalance
[2021/12/23 17:43:20.021] - eth_getBalance
[2021/12/23 17:43:20.022] - eth_getBalance
[2021/12/23 17:43:20.025] - eth_getBalance
[2021/12/23 17:43:20.026] - eth_getBalance
[2021/12/23 17:43:20.027] - eth_getBalance
[2021/12/23 17:43:20.030] - eth_getBalance
[2021/12/23 17:43:20.031] - eth_getBalance
[2021/12/23 17:43:20.054] - eth_getBalance
[2021/12/23 17:43:20.057] - eth_getBalance
[2021/12/23 17:43:20.058] - eth_getBalance
[2021/12/23 17:43:20.061] - eth_getBalance
[2021/12/23 17:43:20.062] - eth_getBalance
[2021/12/23 17:43:20.065] - eth_getBalance
[2021/12/23 17:43:20.067] - eth_getBalance
[2021/12/23 17:43:20.080] - eth_getBlockByHash
[2021/12/23 17:43:38.477] - eth_blockNumber
[2021/12/23 17:43:39.906] - eth_blockNumber
[2021/12/23 17:43:58.513] - eth_blockNumber
[2021/12/23 17:43:59.933] - eth_blockNumber
[2021/12/23 17:44:18.554] - eth_blockNumber
[2021/12/23 17:44:19.973] - eth_blockNumber
[2021/12/23 17:45:08.483] - eth_blockNumber
[2021/12/23 17:45:54.082] - eth_blockNumber
[2021/12/23 17:45:54.096] - eth_call
[2021/12/23 17:46:02.008] - eth_blockNumber
[2021/12/23 17:46:14.113] - eth_blockNumber
[2021/12/23 17:46:22.055] - eth_blockNumber
[2021/12/23 17:46:34.141] - eth_blockNumber
[2021/12/23 17:46:42.081] - eth_blockNumber
[2021/12/23 17:46:45.937] - eth_getCode
[2021/12/23 17:46:47.085] - eth_blockNumber
[2021/12/23 17:46:47.396] - eth_call
[2021/12/23 17:46:47.471] - eth_getTransactionCount
[2021/12/23 17:47:14.211] - eth_blockNumber
[2021/12/23 17:47:15.266] - eth_blockNumber
[2021/12/23 17:47:34.237] - eth_blockNumber
[2021/12/23 17:47:35.324] - eth_blockNumber
[2021/12/23 17:47:47.626] - eth_sendRawTransaction
[2021/12/23 17:47:48.216] - 
[2021/12/23 17:47:48.217] -   Transaction: 0x23af4b7b713b8759a7c047db0d72574edadefbc179588d684c4cbe9cf686a275
[2021/12/23 17:47:48.218] -   Gas usage: 240649
[2021/12/23 17:47:48.219] -   Block Number: 157
[2021/12/23 17:47:48.219] -   Block Time: Thu Dec 23 2021 17:47:47 GMT+0100 (Central European Standard Time)
[2021/12/23 17:47:48.220] - 
[2021/12/23 17:47:48.221] - eth_getBlockByNumber
[2021/12/23 17:47:48.241] - eth_getBalance
[2021/12/23 17:47:48.255] - eth_getTransactionCount
[2021/12/23 17:47:48.268] - eth_getBalance
[2021/12/23 17:47:48.280] - eth_getTransactionCount
[2021/12/23 17:47:48.288] - eth_getBalance
[2021/12/23 17:47:48.296] - eth_getTransactionCount
[2021/12/23 17:47:48.302] - eth_getBalance
[2021/12/23 17:47:48.310] - eth_getTransactionCount
[2021/12/23 17:47:48.329] - eth_getBalance
[2021/12/23 17:47:48.330] - eth_getTransactionCount
[2021/12/23 17:47:48.338] - eth_getBalance
[2021/12/23 17:47:48.354] - eth_getTransactionCount
[2021/12/23 17:47:48.360] - eth_getBalance
[2021/12/23 17:47:48.375] - eth_getTransactionReceipt
[2021/12/23 17:47:48.393] - eth_getTransactionCount
[2021/12/23 17:47:48.412] - eth_getBalance
[2021/12/23 17:47:48.426] - eth_getTransactionCount
[2021/12/23 17:47:48.435] - eth_getBalance
[2021/12/23 17:47:48.447] - eth_getTransactionCount
[2021/12/23 17:47:48.453] - eth_getBalance
[2021/12/23 17:47:48.460] - eth_getTransactionCount
[2021/12/23 17:47:48.624] - eth_blockNumber
[2021/12/23 17:47:48.658] - eth_getBlockByNumber
[2021/12/23 17:47:48.665] - eth_getTransactionReceipt
[2021/12/23 17:47:48.678] - eth_getBalance
[2021/12/23 17:47:48.679] - eth_getBalance
[2021/12/23 17:47:48.680] - eth_getBalance
[2021/12/23 17:47:48.680] - eth_getBalance
[2021/12/23 17:47:48.683] - eth_getBalance
[2021/12/23 17:47:48.684] - eth_getBalance
[2021/12/23 17:47:48.685] - eth_getBalance
[2021/12/23 17:47:48.688] - eth_getBalance
[2021/12/23 17:47:48.689] - eth_getBalance
[2021/12/23 17:47:48.692] - eth_getBalance
[2021/12/23 17:47:48.693] - eth_getBalance
[2021/12/23 17:47:48.696] - eth_getBalance
[2021/12/23 17:47:48.699] - eth_getBalance
[2021/12/23 17:47:48.702] - eth_getBalance
[2021/12/23 17:47:48.703] - eth_getBalance
[2021/12/23 17:47:48.706] - eth_getBalance
[2021/12/23 17:47:48.707] - eth_getBalance
[2021/12/23 17:47:48.712] - eth_getBalance
[2021/12/23 17:47:48.713] - eth_getBlockByHash
[2021/12/23 17:47:54.264] - eth_blockNumber
[2021/12/23 17:47:55.350] - eth_blockNumber
[2021/12/23 17:48:14.303] - eth_blockNumber
[2021/12/23 17:48:15.361] - eth_blockNumber
[2021/12/23 17:49:00.095] - eth_blockNumber
[2021/12/23 17:49:20.142] - eth_blockNumber
[2021/12/23 17:50:32.214] - eth_blockNumber
[2021/12/23 17:50:42.110] - eth_blockNumber
[2021/12/23 17:50:52.270] - eth_blockNumber
[2021/12/23 17:51:02.155] - eth_blockNumber
[2021/12/23 17:51:12.293] - eth_blockNumber
[2021/12/23 17:51:34.678] - eth_blockNumber
[2021/12/23 17:51:34.689] - eth_call
[2021/12/23 17:52:14.039] - eth_blockNumber
[2021/12/23 17:52:14.054] - eth_call
[2021/12/23 17:53:39.287] - eth_blockNumber
[2021/12/23 17:53:59.387] - eth_blockNumber
[2021/12/23 17:53:59.424] - eth_blockNumber
[2021/12/23 17:54:19.429] - eth_blockNumber
[2021/12/23 17:54:19.453] - eth_blockNumber
[2021/12/23 17:54:28.857] - eth_blockNumber
[2021/12/23 17:54:39.456] - eth_blockNumber
[2021/12/23 17:54:39.472] - eth_blockNumber
[2021/12/23 17:54:48.922] - eth_blockNumber
[2021/12/23 17:54:59.481] - eth_blockNumber
[2021/12/23 17:54:59.500] - eth_blockNumber
[2021/12/23 17:55:08.950] - eth_blockNumber
[2021/12/23 17:55:14.748] - eth_getCode
[2021/12/23 17:55:14.775] - eth_gasPrice
[2021/12/23 17:55:15.871] - eth_blockNumber
[2021/12/23 17:55:16.208] - eth_getTransactionCount
[2021/12/23 17:55:19.510] - eth_blockNumber
[2021/12/23 17:55:19.528] - eth_blockNumber
[2021/12/23 17:55:28.980] - eth_blockNumber
[2021/12/23 17:55:35.910] - eth_blockNumber
[2021/12/23 17:55:39.535] - eth_blockNumber
[2021/12/23 17:55:39.548] - eth_blockNumber
[2021/12/23 17:55:40.858] - eth_sendRawTransaction
[2021/12/23 17:55:41.010] - 
[2021/12/23 17:55:41.010] -   Transaction: 0xa4a4ed185f4ca0f98baa3e38c43f970fac2318313cc986d35a0c0678065a01e3
[2021/12/23 17:55:41.011] -   Gas usage: 21000
[2021/12/23 17:55:41.011] -   Block Number: 158
[2021/12/23 17:55:41.012] -   Block Time: Thu Dec 23 2021 17:55:40 GMT+0100 (Central European Standard Time)
[2021/12/23 17:55:41.012] - 
[2021/12/23 17:55:41.013] - eth_getBlockByNumber
[2021/12/23 17:55:41.029] - eth_getBalance
[2021/12/23 17:55:41.034] - eth_getTransactionCount
[2021/12/23 17:55:41.040] - eth_getBalance
[2021/12/23 17:55:41.047] - eth_getTransactionCount
[2021/12/23 17:55:41.055] - eth_getBalance
[2021/12/23 17:55:41.072] - eth_getTransactionCount
[2021/12/23 17:55:41.073] - eth_getBalance
[2021/12/23 17:55:41.077] - eth_getTransactionCount
[2021/12/23 17:55:41.085] - eth_getBalance
[2021/12/23 17:55:41.094] - eth_getTransactionCount
[2021/12/23 17:55:41.099] - eth_getBalance
[2021/12/23 17:55:41.107] - eth_getTransactionCount
[2021/12/23 17:55:41.113] - eth_getBalance
[2021/12/23 17:55:41.122] - eth_getTransactionCount
[2021/12/23 17:55:41.128] - eth_getBalance
[2021/12/23 17:55:41.137] - eth_getTransactionCount
[2021/12/23 17:55:41.142] - eth_getBalance
[2021/12/23 17:55:41.151] - eth_getTransactionCount
[2021/12/23 17:55:41.156] - eth_getBalance
[2021/12/23 17:55:41.164] - eth_getTransactionCount
[2021/12/23 17:55:49.013] - eth_blockNumber
[2021/12/23 17:55:49.036] - eth_getBlockByNumber
[2021/12/23 17:55:49.038] - eth_getTransactionReceipt
[2021/12/23 17:55:49.045] - eth_getBalance
[2021/12/23 17:55:49.046] - eth_getBalance
[2021/12/23 17:55:49.046] - eth_getBalance
[2021/12/23 17:55:49.048] - eth_getBalance
[2021/12/23 17:55:49.049] - eth_getBalance
[2021/12/23 17:55:49.050] - eth_getBalance
[2021/12/23 17:55:49.053] - eth_getBalance
[2021/12/23 17:55:49.054] - eth_getBalance
[2021/12/23 17:55:49.057] - eth_getBalance
[2021/12/23 17:55:49.057] - eth_getBalance
[2021/12/23 17:55:49.066] - eth_getBalance
[2021/12/23 17:55:49.078] - eth_getBalance
[2021/12/23 17:55:49.078] - eth_getBalance
[2021/12/23 17:55:49.082] - eth_getBalance
[2021/12/23 17:55:49.083] - eth_getBalance
[2021/12/23 17:55:49.098] - eth_getBalance
[2021/12/23 17:55:49.099] - eth_getBalance
[2021/12/23 17:55:49.103] - eth_getBalance
[2021/12/23 17:55:49.103] - eth_getBlockByHash
[2021/12/23 17:55:55.944] - eth_blockNumber
[2021/12/23 17:55:59.553] - eth_blockNumber
[2021/12/23 17:55:59.572] - eth_blockNumber
[2021/12/23 17:56:09.052] - eth_blockNumber
[2021/12/23 17:56:16.820] - eth_blockNumber
[2021/12/23 17:56:19.593] - eth_blockNumber
[2021/12/23 17:56:19.612] - eth_blockNumber
[2021/12/23 17:56:29.083] - eth_blockNumber
[2021/12/23 17:56:36.853] - eth_blockNumber
[2021/12/23 17:56:39.621] - eth_blockNumber
[2021/12/23 17:56:39.640] - eth_blockNumber
[2021/12/23 17:56:49.110] - eth_blockNumber
[2021/12/23 17:56:56.881] - eth_blockNumber
[2021/12/23 17:56:59.650] - eth_blockNumber
[2021/12/23 17:56:59.666] - eth_blockNumber
[2021/12/23 17:57:09.556] - eth_blockNumber
[2021/12/23 17:57:09.588] - eth_blockNumber
[2021/12/23 17:57:16.908] - eth_blockNumber
[2021/12/23 17:57:19.671] - eth_blockNumber
[2021/12/23 17:57:19.689] - eth_blockNumber
[2021/12/23 17:57:26.486] - eth_blockNumber
[2021/12/23 17:57:29.617] - eth_blockNumber
[2021/12/23 17:57:29.618] - eth_blockNumber
[2021/12/23 17:57:36.942] - eth_blockNumber
[2021/12/23 17:57:39.700] - eth_blockNumber
[2021/12/23 17:57:39.719] - eth_blockNumber
[2021/12/23 17:57:46.561] - eth_blockNumber
[2021/12/23 17:57:49.643] - eth_blockNumber
[2021/12/23 17:57:49.657] - eth_blockNumber
[2021/12/23 18:35:13.882] - eth_blockNumber
[2021/12/23 18:35:13.905] - net_version
[2021/12/23 18:35:13.906] - net_version
[2021/12/23 18:35:32.784] - eth_blockNumber
[2021/12/23 18:35:33.911] - eth_blockNumber
[2021/12/23 18:35:43.884] - eth_blockNumber
[2021/12/23 18:35:43.888] - eth_getBalance
[2021/12/23 18:35:43.892] - eth_getBalance
[2021/12/23 18:35:43.899] - eth_getBalance
[2021/12/23 18:35:43.899] - eth_getBalance
[2021/12/23 18:35:43.900] - eth_getBalance
[2021/12/23 18:35:43.906] - eth_getBalance
[2021/12/23 18:35:43.907] - eth_getBalance
[2021/12/23 18:35:43.907] - eth_getBalance
[2021/12/23 18:35:43.908] - eth_getBalance
[2021/12/23 18:35:43.926] - eth_getBalance
[2021/12/23 18:35:43.934] - eth_getBalance
[2021/12/23 18:35:43.936] - eth_getBalance
[2021/12/23 18:35:43.937] - eth_getBalance
[2021/12/23 18:35:43.941] - eth_getBalance
[2021/12/23 18:35:43.942] - eth_getBalance
[2021/12/23 18:35:43.945] - eth_getBalance
[2021/12/23 18:35:43.949] - eth_getBalance
[2021/12/23 18:35:43.949] - eth_getBalance
[2021/12/23 18:35:52.818] - eth_blockNumber
[2021/12/23 18:36:07.666] - eth_getCode
[2021/12/23 18:36:07.691] - eth_gasPrice
[2021/12/23 18:36:08.735] - eth_blockNumber
[2021/12/23 18:36:09.064] - eth_call
[2021/12/23 18:36:09.140] - eth_getTransactionCount
[2021/12/23 18:36:10.241] - eth_sendRawTransaction
[2021/12/23 18:36:10.961] - 
[2021/12/23 18:36:10.961] -   Transaction: 0xe049f58901d8c0419447b6e1786bbc44152e71c1a5f8984bdc83352d8be36c5c
[2021/12/23 18:36:10.961] -   Gas usage: 318168
[2021/12/23 18:36:10.962] -   Block Number: 159
[2021/12/23 18:36:10.962] -   Block Time: Thu Dec 23 2021 18:36:10 GMT+0100 (Central European Standard Time)
[2021/12/23 18:36:10.963] - 
[2021/12/23 18:36:10.964] - eth_getBlockByNumber
[2021/12/23 18:36:10.968] - eth_blockNumber
[2021/12/23 18:36:10.982] - eth_getTransactionReceipt
[2021/12/23 18:36:10.991] - eth_getBlockByHash
[2021/12/23 18:36:11.003] - eth_getBalance
[2021/12/23 18:36:11.019] - eth_getTransactionCount
[2021/12/23 18:36:11.027] - eth_getBalance
[2021/12/23 18:36:11.035] - eth_getTransactionCount
[2021/12/23 18:36:11.043] - eth_getBalance
[2021/12/23 18:36:11.051] - eth_getTransactionCount
[2021/12/23 18:36:11.058] - eth_getBalance
[2021/12/23 18:36:11.065] - eth_getTransactionCount
[2021/12/23 18:36:11.072] - eth_getBalance
[2021/12/23 18:36:11.079] - eth_getTransactionCount
[2021/12/23 18:36:11.085] - eth_getBalance
[2021/12/23 18:36:11.094] - eth_getTransactionCount
[2021/12/23 18:36:11.095] - eth_getBalance
[2021/12/23 18:36:11.105] - eth_getTransactionCount
[2021/12/23 18:36:11.111] - eth_getBalance
[2021/12/23 18:36:11.119] - eth_getTransactionCount
[2021/12/23 18:36:11.124] - eth_getBalance
[2021/12/23 18:36:11.130] - eth_getTransactionCount
[2021/12/23 18:36:11.137] - eth_getBalance
[2021/12/23 18:36:11.144] - eth_getTransactionCount
[2021/12/23 18:37:03.907] - eth_blockNumber
[2021/12/23 18:37:03.917] - eth_getCode
[2021/12/23 18:37:03.942] - eth_gasPrice
[2021/12/23 18:37:04.958] - eth_blockNumber
[2021/12/23 18:37:04.975] - eth_getBalance
[2021/12/23 18:37:04.976] - eth_getBalance
[2021/12/23 18:37:04.982] - eth_getBalance
[2021/12/23 18:37:04.983] - eth_getBalance
[2021/12/23 18:37:04.986] - eth_getBalance
[2021/12/23 18:37:04.988] - eth_getBalance
[2021/12/23 18:37:04.988] - eth_getBalance
[2021/12/23 18:37:04.989] - eth_getBalance
[2021/12/23 18:37:04.993] - eth_getBalance
[2021/12/23 18:37:04.997] - eth_getBalance
[2021/12/23 18:37:05.000] - eth_getBalance
[2021/12/23 18:37:05.001] - eth_getBalance
[2021/12/23 18:37:05.008] - eth_getBalance
[2021/12/23 18:37:05.011] - eth_getBalance
[2021/12/23 18:37:05.012] - eth_getBalance
[2021/12/23 18:37:05.019] - eth_getBalance
[2021/12/23 18:37:05.020] - eth_getBalance
[2021/12/23 18:37:05.023] - eth_getBalance
[2021/12/23 18:37:05.330] - eth_call
[2021/12/23 18:37:05.402] - eth_getTransactionCount
[2021/12/23 18:37:06.316] - eth_sendRawTransaction
[2021/12/23 18:37:06.997] - 
[2021/12/23 18:37:06.998] -   Transaction: 0x1601cf733493944970e3d62c730a057ce72c15da4b68bc7231587a3d4aaaf896
[2021/12/23 18:37:06.999] -   Gas usage: 318168
[2021/12/23 18:37:06.999] -   Block Number: 160
[2021/12/23 18:37:07.000] -   Block Time: Thu Dec 23 2021 18:37:06 GMT+0100 (Central European Standard Time)
[2021/12/23 18:37:07.000] - 
[2021/12/23 18:37:07.002] - eth_getBlockByNumber
[2021/12/23 18:37:07.006] - eth_blockNumber
[2021/12/23 18:37:07.014] - eth_getTransactionReceipt
[2021/12/23 18:37:07.020] - eth_getBalance
[2021/12/23 18:37:07.025] - eth_getBlockByHash
[2021/12/23 18:37:07.027] - eth_getTransactionCount
[2021/12/23 18:37:07.037] - eth_getBalance
[2021/12/23 18:37:07.050] - eth_getTransactionCount
[2021/12/23 18:37:07.059] - eth_getBalance
[2021/12/23 18:37:07.068] - eth_getTransactionCount
[2021/12/23 18:37:07.078] - eth_getBalance
[2021/12/23 18:37:07.085] - eth_getTransactionCount
[2021/12/23 18:37:07.093] - eth_getBalance
[2021/12/23 18:37:07.100] - eth_getTransactionCount
[2021/12/23 18:37:07.110] - eth_getBalance
[2021/12/23 18:37:07.116] - eth_getTransactionCount
[2021/12/23 18:37:07.125] - eth_getBalance
[2021/12/23 18:37:07.136] - eth_getTransactionCount
[2021/12/23 18:37:07.140] - eth_getBalance
[2021/12/23 18:37:07.147] - eth_getTransactionCount
[2021/12/23 18:37:07.153] - eth_getBalance
[2021/12/23 18:37:07.158] - eth_getTransactionCount
[2021/12/23 18:37:07.166] - eth_getBalance
[2021/12/23 18:37:07.172] - eth_getTransactionCount
[2021/12/23 18:37:17.959] - eth_blockNumber
[2021/12/23 18:37:17.983] - eth_getBalance
[2021/12/23 18:37:17.986] - eth_getBalance
[2021/12/23 18:37:17.987] - eth_getBalance
[2021/12/23 18:37:17.989] - eth_getBalance
[2021/12/23 18:37:17.990] - eth_getBalance
[2021/12/23 18:37:17.990] - eth_getBalance
[2021/12/23 18:37:17.992] - eth_getBalance
[2021/12/23 18:37:17.993] - eth_getBalance
[2021/12/23 18:37:17.994] - eth_getBalance
[2021/12/23 18:37:17.998] - eth_getBalance
[2021/12/23 18:37:18.014] - eth_getBalance
[2021/12/23 18:37:18.017] - eth_getBalance
[2021/12/23 18:37:18.019] - eth_getBalance
[2021/12/23 18:37:18.020] - eth_getBalance
[2021/12/23 18:37:18.023] - eth_getBalance
[2021/12/23 18:37:18.027] - eth_getBalance
[2021/12/23 18:37:18.029] - eth_getBalance
[2021/12/23 18:37:18.038] - eth_getBalance
[2021/12/23 18:37:29.854] - eth_call
[2021/12/23 18:37:30.154] - eth_call
[2021/12/23 18:37:45.664] - eth_blockNumber
[2021/12/23 18:37:45.680] - eth_getCode
[2021/12/23 18:37:45.715] - eth_gasPrice
[2021/12/23 18:37:46.835] - eth_blockNumber
[2021/12/23 18:37:47.195] - eth_call
[2021/12/23 18:37:47.264] - eth_getTransactionCount
[2021/12/23 18:37:48.521] - eth_sendRawTransaction
[2021/12/23 18:37:49.100] - 
[2021/12/23 18:37:49.100] -   Transaction: 0xb026af20dcf00270a57a217e98671d2e5ade71a9e80284ceef440a7579103fa7
[2021/12/23 18:37:49.102] -   Gas usage: 240493
[2021/12/23 18:37:49.104] -   Block Number: 161
[2021/12/23 18:37:49.105] -   Block Time: Thu Dec 23 2021 18:37:48 GMT+0100 (Central European Standard Time)
[2021/12/23 18:37:49.105] - 
[2021/12/23 18:37:49.106] - eth_getBlockByNumber
[2021/12/23 18:37:49.107] - eth_blockNumber
[2021/12/23 18:37:49.117] - eth_getTransactionReceipt
[2021/12/23 18:37:49.119] - eth_getBalance
[2021/12/23 18:37:49.124] - eth_getBlockByHash
[2021/12/23 18:37:49.126] - eth_getTransactionCount
[2021/12/23 18:37:49.134] - eth_getBalance
[2021/12/23 18:37:49.141] - eth_getTransactionCount
[2021/12/23 18:37:49.147] - eth_getBalance
[2021/12/23 18:37:49.154] - eth_getTransactionCount
[2021/12/23 18:37:49.159] - eth_getBalance
[2021/12/23 18:37:49.166] - eth_getTransactionCount
[2021/12/23 18:37:49.172] - eth_getBalance
[2021/12/23 18:37:49.176] - eth_getTransactionCount
[2021/12/23 18:37:49.182] - eth_getBalance
[2021/12/23 18:37:49.188] - eth_getTransactionCount
[2021/12/23 18:37:49.192] - eth_getBalance
[2021/12/23 18:37:49.198] - eth_getTransactionCount
[2021/12/23 18:37:49.203] - eth_getBalance
[2021/12/23 18:37:49.209] - eth_getTransactionCount
[2021/12/23 18:37:49.215] - eth_getBalance
[2021/12/23 18:37:49.220] - eth_getTransactionCount
[2021/12/23 18:37:49.226] - eth_getBalance
[2021/12/23 18:37:49.233] - eth_getTransactionCount
[2021/12/23 18:37:58.326] - eth_blockNumber
[2021/12/23 18:37:58.346] - eth_getBalance
[2021/12/23 18:37:58.348] - eth_getBalance
[2021/12/23 18:37:58.349] - eth_getBalance
[2021/12/23 18:37:58.353] - eth_getBalance
[2021/12/23 18:37:58.354] - eth_getBalance
[2021/12/23 18:37:58.354] - eth_getBalance
[2021/12/23 18:37:58.355] - eth_getBalance
[2021/12/23 18:37:58.356] - eth_getBalance
[2021/12/23 18:37:58.359] - eth_getBalance
[2021/12/23 18:37:58.377] - eth_getBalance
[2021/12/23 18:37:58.378] - eth_getBalance
[2021/12/23 18:37:58.383] - eth_getBalance
[2021/12/23 18:37:58.387] - eth_getBalance
[2021/12/23 18:37:58.392] - eth_getBalance
[2021/12/23 18:37:58.394] - eth_getBalance
[2021/12/23 18:37:58.400] - eth_getBalance
[2021/12/23 18:37:58.401] - eth_getBalance
[2021/12/23 18:37:58.404] - eth_getBalance
[2021/12/23 18:38:34.332] - eth_blockNumber
[2021/12/23 18:38:34.346] - eth_call
[2021/12/23 18:38:34.347] - eth_call
[2021/12/23 18:38:34.622] - eth_call
[2021/12/23 18:38:34.623] - eth_call
[2021/12/23 18:40:26.840] - eth_blockNumber
[2021/12/23 18:40:26.872] - eth_getBlockByNumber
[2021/12/23 18:40:42.015] - eth_call
[2021/12/23 18:40:42.320] - eth_call
[2021/12/23 18:41:06.768] - eth_blockNumber
[2021/12/23 18:41:06.785] - eth_getCode
[2021/12/23 18:41:06.809] - eth_gasPrice
[2021/12/23 18:41:07.930] - eth_blockNumber
[2021/12/23 18:41:08.237] - eth_call
[2021/12/23 18:41:08.306] - eth_getTransactionCount
[2021/12/23 18:41:09.839] - eth_sendRawTransaction
[2021/12/23 18:41:10.369] - 
[2021/12/23 18:41:10.369] -   Transaction: 0x9fd24de4b5e09ca8a05ee53ce8de3b891d406c8f51e700db7c9e4bf43d82edf5
[2021/12/23 18:41:10.369] -   Gas usage: 240589
[2021/12/23 18:41:10.370] -   Block Number: 162
[2021/12/23 18:41:10.370] -   Block Time: Thu Dec 23 2021 18:41:09 GMT+0100 (Central European Standard Time)
[2021/12/23 18:41:10.371] - 
[2021/12/23 18:41:10.372] - eth_getBlockByNumber
[2021/12/23 18:41:10.377] - eth_blockNumber
[2021/12/23 18:41:10.386] - eth_getTransactionReceipt
[2021/12/23 18:41:10.387] - eth_getBalance
[2021/12/23 18:41:10.395] - eth_getTransactionCount
[2021/12/23 18:41:10.400] - eth_getBlockByHash
[2021/12/23 18:41:10.423] - eth_getBalance
[2021/12/23 18:41:10.434] - eth_getTransactionCount
[2021/12/23 18:41:10.441] - eth_getBalance
[2021/12/23 18:41:10.449] - eth_getTransactionCount
[2021/12/23 18:41:10.457] - eth_getBalance
[2021/12/23 18:41:10.462] - eth_getTransactionCount
[2021/12/23 18:41:10.468] - eth_getBalance
[2021/12/23 18:41:10.472] - eth_getTransactionCount
[2021/12/23 18:41:10.478] - eth_getBalance
[2021/12/23 18:41:10.482] - eth_getTransactionCount
[2021/12/23 18:41:10.488] - eth_getBalance
[2021/12/23 18:41:10.494] - eth_getTransactionCount
[2021/12/23 18:41:10.500] - eth_getBalance
[2021/12/23 18:41:10.504] - eth_getTransactionCount
[2021/12/23 18:41:10.509] - eth_getBalance
[2021/12/23 18:41:10.515] - eth_getTransactionCount
[2021/12/23 18:41:10.521] - eth_getBalance
[2021/12/23 18:41:10.526] - eth_getTransactionCount
[2021/12/23 18:41:21.257] - eth_blockNumber
[2021/12/23 18:41:21.277] - eth_getBalance
[2021/12/23 18:41:21.279] - eth_getBalance
[2021/12/23 18:41:21.280] - eth_getBalance
[2021/12/23 18:41:21.284] - eth_getBalance
[2021/12/23 18:41:21.284] - eth_getBalance
[2021/12/23 18:41:21.285] - eth_getBalance
[2021/12/23 18:41:21.286] - eth_getBalance
[2021/12/23 18:41:21.287] - eth_getBalance
[2021/12/23 18:41:21.288] - eth_getBalance
[2021/12/23 18:41:21.306] - eth_getBalance
[2021/12/23 18:41:21.307] - eth_getBalance
[2021/12/23 18:41:21.310] - eth_getBalance
[2021/12/23 18:41:21.317] - eth_getBalance
[2021/12/23 18:41:21.318] - eth_getBalance
[2021/12/23 18:41:21.323] - eth_getBalance
[2021/12/23 18:41:21.325] - eth_getBalance
[2021/12/23 18:41:21.329] - eth_getBalance
[2021/12/23 18:41:21.332] - eth_getBalance
[2021/12/23 18:41:26.798] - eth_blockNumber
[2021/12/23 18:48:23.355] - eth_blockNumber
[2021/12/23 18:48:23.395] - eth_getBlockByNumber
[2021/12/23 18:48:38.895] - eth_call
[2021/12/23 18:48:59.328] - eth_blockNumber
[2021/12/23 18:48:59.342] - eth_getCode
[2021/12/23 18:48:59.361] - eth_gasPrice
[2021/12/23 18:49:00.380] - eth_blockNumber
[2021/12/23 18:49:00.719] - eth_call
[2021/12/23 18:49:00.792] - eth_getTransactionCount
[2021/12/23 18:49:02.241] - eth_sendRawTransaction
[2021/12/23 18:49:02.697] - 
[2021/12/23 18:49:02.698] -   Transaction: 0x2776d18a43977ea835e0706a73c125c73b0b704df99d94409cbbd15c72e8b6b4
[2021/12/23 18:49:02.699] -   Gas usage: 202165
[2021/12/23 18:49:02.701] -   Block Number: 163
[2021/12/23 18:49:02.705] -   Block Time: Thu Dec 23 2021 18:49:02 GMT+0100 (Central European Standard Time)
[2021/12/23 18:49:02.705] - 
[2021/12/23 18:49:02.706] - eth_getBlockByNumber
[2021/12/23 18:49:02.707] - eth_blockNumber
[2021/12/23 18:49:02.717] - eth_getBalance
[2021/12/23 18:49:02.718] - eth_getTransactionReceipt
[2021/12/23 18:49:02.732] - eth_getTransactionCount
[2021/12/23 18:49:02.743] - eth_getBlockByHash
[2021/12/23 18:49:02.754] - eth_getBalance
[2021/12/23 18:49:02.778] - eth_getTransactionCount
[2021/12/23 18:49:02.786] - eth_getBalance
[2021/12/23 18:49:02.794] - eth_getTransactionCount
[2021/12/23 18:49:02.799] - eth_getBalance
[2021/12/23 18:49:02.806] - eth_getTransactionCount
[2021/12/23 18:49:02.811] - eth_getBalance
[2021/12/23 18:49:02.821] - eth_getTransactionCount
[2021/12/23 18:49:02.830] - eth_getBalance
[2021/12/23 18:49:02.843] - eth_getTransactionCount
[2021/12/23 18:49:02.852] - eth_getBalance
[2021/12/23 18:49:02.865] - eth_getTransactionCount
[2021/12/23 18:49:02.882] - eth_getBalance
[2021/12/23 18:49:02.893] - eth_getTransactionCount
[2021/12/23 18:49:02.906] - eth_getBalance
[2021/12/23 18:49:02.920] - eth_getTransactionCount
[2021/12/23 18:49:02.929] - eth_getBalance
[2021/12/23 18:49:02.941] - eth_getTransactionCount
[2021/12/23 18:49:12.549] - eth_blockNumber
[2021/12/23 18:49:12.575] - eth_getBalance
[2021/12/23 18:49:12.576] - eth_getBalance
[2021/12/23 18:49:12.578] - eth_getBalance
[2021/12/23 18:49:12.579] - eth_getBalance
[2021/12/23 18:49:12.580] - eth_getBalance
[2021/12/23 18:49:12.581] - eth_getBalance
[2021/12/23 18:49:12.583] - eth_getBalance
[2021/12/23 18:49:12.597] - eth_getBalance
[2021/12/23 18:49:12.598] - eth_getBalance
[2021/12/23 18:49:12.601] - eth_getBalance
[2021/12/23 18:49:12.603] - eth_getBalance
[2021/12/23 18:49:12.608] - eth_getBalance
[2021/12/23 18:49:12.615] - eth_getBalance
[2021/12/23 18:49:12.619] - eth_getBalance
[2021/12/23 18:49:12.625] - eth_getBalance
[2021/12/23 18:49:12.627] - eth_getBalance
[2021/12/23 18:49:12.641] - eth_getBalance
[2021/12/23 18:49:12.644] - eth_getBalance
[2021/12/23 18:49:19.353] - eth_blockNumber
[2021/12/23 18:49:20.405] - eth_blockNumber
[2021/12/23 18:50:33.470] - eth_unsubscribe
[2021/12/23 18:50:33.470] - eth_unsubscribe
